#
# A fatal error has been detected by the Java Runtime Environment:
#
#  SIGSEGV (0xb) at pc=0x00007f462975dbc9, pid=9939, tid=0x00007f4605c08700
#
# JRE version: Java(TM) SE Runtime Environment (8.0_141-b15) (build 1.8.0_141-b15)
# Java VM: Java HotSpot(TM) 64-Bit Server VM (25.141-b15 mixed mode linux-amd64 compressed oops)
# Problematic frame:
# C  [libGL.so.1+0xd7bc9]
#
# Failed to write core dump. Core dumps have been disabled. To enable core dumping, try "ulimit -c unlimited" before starting Java again
#
# If you would like to submit a bug report, please visit:
#   http://bugreport.java.com/bugreport/crash.jsp
# The crash happened outside the Java Virtual Machine in native code.
# See problematic frame for where to report the bug.
#

---------------  T H R E A D  ---------------

Current thread (0x00007f4634d15800):  JavaThread "Thread-3" [_thread_in_native, id=9990, stack(0x00007f4605b08000,0x00007f4605c09000)]

siginfo: si_signo: 11 (SIGSEGV), si_code: 1 (SEGV_MAPERR), si_addr: 0x00000000000008b8

Registers:
RAX=0x0000000000000000, RBX=0x00007f4629be9438, RCX=0x00000000ee20d6c8, RDX=0x0000000000000001
RSP=0x00007f4605c071e8, RBP=0x00007f4605c07230, RSI=0x00000000ee20d6c8, RDI=0x0000000000000001
R8 =0x0000000000000001, R9 =0x0000000000000000, R10=0x00007f465d015548, R11=0x00007f46730c3fa0
R12=0x0000000000000000, R13=0x00007f4629be9438, R14=0x00007f4605c07308, R15=0x00007f4634d15800
RIP=0x00007f462975dbc9, EFLAGS=0x0000000000010246, CSGSFS=0x0000000000000033, ERR=0x0000000000000004
  TRAPNO=0x000000000000000e

Top of Stack: (sp=0x00007f4605c071e8)
0x00007f4605c071e8:   00007f46292291fd 00007f4634d15800
0x00007f4605c071f8:   00007f0034d15800 00007f4605c072f8
0x00007f4605c07208:   0000000100000000 00007f4605c07308
0x00007f4605c07218:   00007f4634d159f8 00007f462975dbc0
0x00007f4605c07228:   00000000ee20d6c8 00007f4605c072b8
0x00007f4605c07238:   00007f465d015574 00007f462975dbc0
0x00007f4605c07248:   00007f4634d15800 00007f4629be9438
0x00007f4605c07258:   0000000000000000 00007f4605c072b8
0x00007f4605c07268:   00007f465d015307 00007f465d0152c2
0x00007f4605c07278:   00007f4605c07278 00007f4629be9438
0x00007f4605c07288:   00007f4605c07308 00007f4629ce2028
0x00007f4605c07298:   0000000000000000 00007f4629be9438
0x00007f4605c072a8:   0000000000000000 00007f4605c072d8
0x00007f4605c072b8:   00007f4605c07350 00007f465d007ffd
0x00007f4605c072c8:   0000000000000000 00007f465d011278
0x00007f4605c072d8:   00007f462975dbc0 00007f4605c07388
0x00007f4605c072e8:   0000000000000000 0000000000000000
0x00007f4605c072f8:   00000000ee20d6b8 0000000000000001
0x00007f4605c07308:   00000000c282d420 00007f4605c07310
0x00007f4605c07318:   00007f4629be953b 00007f4605c07388
0x00007f4605c07328:   00007f4629ce2028 0000000000000000
0x00007f4605c07338:   00007f4629be9550 00007f4605c072d8
0x00007f4605c07348:   00007f4605c07370 00007f4605c073d0
0x00007f4605c07358:   00007f465d008042 00007f462975dbc0
0x00007f4605c07368:   0000000000000000 0000000000000000
0x00007f4605c07378:   00000000ee20d6b8 0000000000000001
0x00007f4605c07388:   00000000c282d420 00007f4605c07390
0x00007f4605c07398:   00007f460634456d 00007f4605c073e8
0x00007f4605c073a8:   00007f4606346968 00007f4604c19060
0x00007f4605c073b8:   00007f4606344588 00007f4605c07370
0x00007f4605c073c8:   00007f4605c073e0 00007f4605c07430
0x00007f4605c073d8:   00007f465d007ffd 00000000c282d420 

Instructions: (pc=0x00007f462975dbc9)
0x00007f462975dba9:   00 0f 1f 80 00 00 00 00 66 66 66 66 66 66 2e 0f
0x00007f462975dbb9:   1f 84 00 00 00 00 00 64 48 8b 04 25 78 ff ff ff
0x00007f462975dbc9:   ff a0 b8 08 00 00 cc cc cc cc cc cc cc cc cc cc
0x00007f462975dbd9:   cc cc cc cc cc cc cc 1b 4c 01 d8 ff a0 b8 08 00 

Register to memory mapping:

RAX=0x0000000000000000 is an unknown value
RBX={method} {0x00007f4629be9438} 'dispatch_glDeleteTextures1' '(ILjava/lang/Object;IZJ)V' in 'jogamp/opengl/gl4/GL4bcImpl'
RCX=0x00000000ee20d6c8 is an oop

[error occurred during error reporting (printing register info), id 0xb]

Stack: [0x00007f4605b08000,0x00007f4605c09000],  sp=0x00007f4605c071e8,  free space=1020k
Native frames: (J=compiled Java code, j=interpreted, Vv=VM code, C=native code)
C  [libGL.so.1+0xd7bc9]
j  jogamp.opengl.gl4.GL4bcImpl.dispatch_glDeleteTextures1(ILjava/lang/Object;IZJ)V+0
j  jogamp.opengl.gl4.GL4bcImpl.glDeleteTextures(I[II)V+107
j  com.jogamp.opengl.util.texture.Texture.destroy(Lcom/jogamp/opengl/GL;)V+21
j  jot.manager.SceneManager.lambda$dispose$0(Lcom/jogamp/opengl/GL2;Lcom/jogamp/opengl/util/texture/Texture;)V+2
j  jot.manager.SceneManager$$Lambda$37.accept(Ljava/lang/Object;)V+8
j  java.util.concurrent.ConcurrentHashMap$ValueSpliterator.forEachRemaining(Ljava/util/function/Consumer;)V+26
J 2880 C1 java.util.stream.ReferencePipeline$Head.forEach(Ljava/util/function/Consumer;)V (26 bytes) @ 0x00007f465d9d7a14 [0x00007f465d9d78e0+0x134]
j  jot.manager.SceneManager.dispose(Lcom/jogamp/opengl/GL2;)V+17
j  jot.gui.Game.lambda$gameShutdown$0()V+29
j  jot.gui.Game$$Lambda$36.run()V+4
j  java.lang.Thread.run()V+11
v  ~StubRoutines::call_stub
V  [libjvm.so+0x693e96]  JavaCalls::call_helper(JavaValue*, methodHandle*, JavaCallArguments*, Thread*)+0x1056
V  [libjvm.so+0x6943a1]  JavaCalls::call_virtual(JavaValue*, KlassHandle, Symbol*, Symbol*, JavaCallArguments*, Thread*)+0x321
V  [libjvm.so+0x694847]  JavaCalls::call_virtual(JavaValue*, Handle, KlassHandle, Symbol*, Symbol*, Thread*)+0x47
V  [libjvm.so+0x72fbd0]  thread_entry(JavaThread*, Thread*)+0xa0
V  [libjvm.so+0xa79753]  JavaThread::thread_main_inner()+0x103
V  [libjvm.so+0xa7989c]  JavaThread::run()+0x11c
V  [libjvm.so+0x92a338]  java_start(Thread*)+0x108
C  [libpthread.so.0+0x76ba]  start_thread+0xca

Java frames: (J=compiled Java code, j=interpreted, Vv=VM code)
j  jogamp.opengl.gl4.GL4bcImpl.dispatch_glDeleteTextures1(ILjava/lang/Object;IZJ)V+0
j  jogamp.opengl.gl4.GL4bcImpl.glDeleteTextures(I[II)V+107
j  com.jogamp.opengl.util.texture.Texture.destroy(Lcom/jogamp/opengl/GL;)V+21
j  jot.manager.SceneManager.lambda$dispose$0(Lcom/jogamp/opengl/GL2;Lcom/jogamp/opengl/util/texture/Texture;)V+2
j  jot.manager.SceneManager$$Lambda$37.accept(Ljava/lang/Object;)V+8
j  java.util.concurrent.ConcurrentHashMap$ValueSpliterator.forEachRemaining(Ljava/util/function/Consumer;)V+26
J 2880 C1 java.util.stream.ReferencePipeline$Head.forEach(Ljava/util/function/Consumer;)V (26 bytes) @ 0x00007f465d9d7a14 [0x00007f465d9d78e0+0x134]
j  jot.manager.SceneManager.dispose(Lcom/jogamp/opengl/GL2;)V+17
j  jot.gui.Game.lambda$gameShutdown$0()V+29
j  jot.gui.Game$$Lambda$36.run()V+4
j  java.lang.Thread.run()V+11
v  ~StubRoutines::call_stub

---------------  P R O C E S S  ---------------

Java Threads: ( => current thread )
=>0x00007f4634d15800 JavaThread "Thread-3" [_thread_in_native, id=9990, stack(0x00007f4605b08000,0x00007f4605c09000)]
  0x00007f466c00c000 JavaThread "DestroyJavaVM" [_thread_blocked, id=9941, stack(0x00007f46741c4000,0x00007f46742c5000)]
  0x00007f466c8fa000 JavaThread "main-Display-.x11_:0-1-EDT-1" daemon [_thread_blocked, id=9976, stack(0x00007f46113da000,0x00007f46114db000)]
  0x00007f466c6e0800 JavaThread "main-SharedResourceRunner" daemon [_thread_blocked, id=9965, stack(0x00007f461c017000,0x00007f461c118000)]
  0x00007f466c756800 JavaThread "main-SharedResourceRunner" daemon [_thread_blocked, id=9964, stack(0x00007f46290c9000,0x00007f46291ca000)]
  0x00007f466c67f800 JavaThread "AWT-XAWT" daemon [_thread_in_native, id=9961, stack(0x00007f4658009000,0x00007f465810a000)]
  0x00007f466c662800 JavaThread "Java2D Disposer" daemon [_thread_blocked, id=9960, stack(0x00007f4658ca1000,0x00007f4658da2000)]
  0x00007f466c5dc800 JavaThread "process reaper" daemon [_thread_blocked, id=9956, stack(0x00007f46594cb000,0x00007f4659504000)]
  0x00007f466c0bd000 JavaThread "Service Thread" daemon [_thread_blocked, id=9952, stack(0x00007f4659be6000,0x00007f4659ce7000)]
  0x00007f466c0ba800 JavaThread "C1 CompilerThread1" daemon [_thread_blocked, id=9951, stack(0x00007f4659ce7000,0x00007f4659de8000)]
  0x00007f466c0b7800 JavaThread "C2 CompilerThread0" daemon [_thread_blocked, id=9950, stack(0x00007f4659de8000,0x00007f4659ee9000)]
  0x00007f466c0b3800 JavaThread "Signal Dispatcher" daemon [_thread_blocked, id=9949, stack(0x00007f4659ee9000,0x00007f4659fea000)]
  0x00007f466c081800 JavaThread "Finalizer" daemon [_thread_blocked, id=9948, stack(0x00007f465a2c4000,0x00007f465a3c5000)]
  0x00007f466c07d000 JavaThread "Reference Handler" daemon [_thread_blocked, id=9947, stack(0x00007f465a3c5000,0x00007f465a4c6000)]

Other Threads:
  0x00007f466c075800 VMThread [stack: 0x00007f465a4c6000,0x00007f465a5c7000] [id=9946]
  0x00007f466c0c0000 WatcherThread [stack: 0x00007f4659ae5000,0x00007f4659be6000] [id=9953]

VM state:not at safepoint (normal execution)

VM Mutex/Monitor currently owned by a thread: None

Heap:
 PSYoungGen      total 140800K, used 57693K [0x00000000eb700000, 0x00000000f8700000, 0x0000000100000000)
  eden space 128000K, 35% used [0x00000000eb700000,0x00000000ee2df618,0x00000000f3400000)
  from space 12800K, 99% used [0x00000000f3400000,0x00000000f4078040,0x00000000f4080000)
  to   space 16896K, 0% used [0x00000000f7680000,0x00000000f7680000,0x00000000f8700000)
 ParOldGen       total 56320K, used 22511K [0x00000000c2400000, 0x00000000c5b00000, 0x00000000eb700000)
  object space 56320K, 39% used [0x00000000c2400000,0x00000000c39fbc38,0x00000000c5b00000)
 Metaspace       used 27616K, capacity 28372K, committed 28672K, reserved 1075200K
  class space    used 2976K, capacity 3293K, committed 3328K, reserved 1048576K

Card table byte_map: [0x00007f4670da6000,0x00007f4670f95000] byte_map_base: 0x00007f4670794000

Marking Bits: (ParMarkBitMap*) 0x00007f46736c5dc0
 Begin Bits: [0x00007f465b120000, 0x00007f465c090000)
 End Bits:   [0x00007f465c090000, 0x00007f465d000000)

Polling page: 0x00007f4674316000

CodeCache: size=245760Kb used=10599Kb max_used=10599Kb free=235160Kb
 bounds [0x00007f465d000000, 0x00007f465da70000, 0x00007f466c000000]
 total_blobs=4072 nmethods=3005 adapters=981
 compilation: enabled

Compilation events (10 events):
Event: 12,124 Thread 0x00007f466c0ba800 nmethod 3023 0x00007f465da58690 code [0x00007f465da58800, 0x00007f465da58bb0]
Event: 12,127 Thread 0x00007f466c0b7800 nmethod 3022 0x00007f465da5df10 code [0x00007f465da5e0c0, 0x00007f465da5e9b8]
Event: 12,128 Thread 0x00007f466c0ba800 3024       3       jot.io.device.handlers.KeyBoard::isDetecting (124 bytes)
Event: 12,130 Thread 0x00007f466c0ba800 nmethod 3024 0x00007f465da5b4d0 code [0x00007f465da5b7e0, 0x00007f465da5d3a8]
Event: 12,143 Thread 0x00007f466c0ba800 3025       3       java.util.concurrent.CopyOnWriteArrayList::get (4 bytes)
Event: 12,148 Thread 0x00007f466c0ba800 nmethod 3025 0x00007f465da53cd0 code [0x00007f465da53e40, 0x00007f465da53fb0]
Event: 12,148 Thread 0x00007f466c0ba800 3026       3       jot.math.geometry.Transformations::rotateY (134 bytes)
Event: 12,150 Thread 0x00007f466c0ba800 nmethod 3026 0x00007f465da5f290 code [0x00007f465da5f4e0, 0x00007f465da608d8]
Event: 12,242 Thread 0x00007f466c0ba800 3027       1       jot.ai.Agent::getPosition (5 bytes)
Event: 12,242 Thread 0x00007f466c0ba800 nmethod 3027 0x00007f465da5b210 code [0x00007f465da5b360, 0x00007f465da5b470]

GC Heap History (10 events):
Event: 6,696 GC heap before
{Heap before GC invocations=11 (full 1):
 PSYoungGen      total 77312K, used 68846K [0x00000000eb700000, 0x00000000f2880000, 0x0000000100000000)
  eden space 64512K, 100% used [0x00000000eb700000,0x00000000ef600000,0x00000000ef600000)
  from space 12800K, 33% used [0x00000000ef600000,0x00000000efa3b988,0x00000000f0280000)
  to   space 12800K, 0% used [0x00000000f1c00000,0x00000000f1c00000,0x00000000f2880000)
 ParOldGen       total 34816K, used 21734K [0x00000000c2400000, 0x00000000c4600000, 0x00000000eb700000)
  object space 34816K, 62% used [0x00000000c2400000,0x00000000c3939ab8,0x00000000c4600000)
 Metaspace       used 27097K, capacity 27702K, committed 28160K, reserved 1075200K
  class space    used 2932K, capacity 3238K, committed 3328K, reserved 1048576K
Event: 6,714 GC heap after
Heap after GC invocations=11 (full 1):
 PSYoungGen      total 103424K, used 2624K [0x00000000eb700000, 0x00000000f2900000, 0x0000000100000000)
  eden space 90624K, 0% used [0x00000000eb700000,0x00000000eb700000,0x00000000f0f80000)
  from space 12800K, 20% used [0x00000000f1c00000,0x00000000f1e90388,0x00000000f2880000)
  to   space 12800K, 0% used [0x00000000f0f80000,0x00000000f0f80000,0x00000000f1c00000)
 ParOldGen       total 34816K, used 24671K [0x00000000c2400000, 0x00000000c4600000, 0x00000000eb700000)
  object space 34816K, 70% used [0x00000000c2400000,0x00000000c3c17c80,0x00000000c4600000)
 Metaspace       used 27097K, capacity 27702K, committed 28160K, reserved 1075200K
  class space    used 2932K, capacity 3238K, committed 3328K, reserved 1048576K
}
Event: 6,937 GC heap before
{Heap before GC invocations=12 (full 1):
 PSYoungGen      total 103424K, used 93248K [0x00000000eb700000, 0x00000000f2900000, 0x0000000100000000)
  eden space 90624K, 100% used [0x00000000eb700000,0x00000000f0f80000,0x00000000f0f80000)
  from space 12800K, 20% used [0x00000000f1c00000,0x00000000f1e90388,0x00000000f2880000)
  to   space 12800K, 0% used [0x00000000f0f80000,0x00000000f0f80000,0x00000000f1c00000)
 ParOldGen       total 34816K, used 24671K [0x00000000c2400000, 0x00000000c4600000, 0x00000000eb700000)
  object space 34816K, 70% used [0x00000000c2400000,0x00000000c3c17c80,0x00000000c4600000)
 Metaspace       used 27100K, capacity 27702K, committed 28160K, reserved 1075200K
  class space    used 2933K, capacity 3238K, committed 3328K, reserved 1048576K
Event: 6,957 GC heap after
Heap after GC invocations=12 (full 1):
 PSYoungGen      total 103424K, used 2385K [0x00000000eb700000, 0x00000000f4d80000, 0x0000000100000000)
  eden space 90624K, 0% used [0x00000000eb700000,0x00000000eb700000,0x00000000f0f80000)
  from space 12800K, 18% used [0x00000000f0f80000,0x00000000f11d4538,0x00000000f1c00000)
  to   space 12800K, 0% used [0x00000000f4100000,0x00000000f4100000,0x00000000f4d80000)
 ParOldGen       total 34816K, used 26711K [0x00000000c2400000, 0x00000000c4600000, 0x00000000eb700000)
  object space 34816K, 76% used [0x00000000c2400000,0x00000000c3e15c80,0x00000000c4600000)
 Metaspace       used 27100K, capacity 27702K, committed 28160K, reserved 1075200K
  class space    used 2933K, capacity 3238K, committed 3328K, reserved 1048576K
}
Event: 7,172 GC heap before
{Heap before GC invocations=13 (full 1):
 PSYoungGen      total 103424K, used 93009K [0x00000000eb700000, 0x00000000f4d80000, 0x0000000100000000)
  eden space 90624K, 100% used [0x00000000eb700000,0x00000000f0f80000,0x00000000f0f80000)
  from space 12800K, 18% used [0x00000000f0f80000,0x00000000f11d4538,0x00000000f1c00000)
  to   space 12800K, 0% used [0x00000000f4100000,0x00000000f4100000,0x00000000f4d80000)
 ParOldGen       total 34816K, used 26711K [0x00000000c2400000, 0x00000000c4600000, 0x00000000eb700000)
  object space 34816K, 76% used [0x00000000c2400000,0x00000000c3e15c80,0x00000000c4600000)
 Metaspace       used 27102K, capacity 27702K, committed 28160K, reserved 1075200K
  class space    used 2933K, capacity 3238K, committed 3328K, reserved 1048576K
Event: 7,186 GC heap after
Heap after GC invocations=13 (full 1):
 PSYoungGen      total 140288K, used 1472K [0x00000000eb700000, 0x00000000f4d00000, 0x0000000100000000)
  eden space 128000K, 0% used [0x00000000eb700000,0x00000000eb700000,0x00000000f3400000)
  from space 12288K, 11% used [0x00000000f4100000,0x00000000f4270000,0x00000000f4d00000)
  to   space 12800K, 0% used [0x00000000f3400000,0x00000000f3400000,0x00000000f4080000)
 ParOldGen       total 34816K, used 29040K [0x00000000c2400000, 0x00000000c4600000, 0x00000000eb700000)
  object space 34816K, 83% used [0x00000000c2400000,0x00000000c405c1b8,0x00000000c4600000)
 Metaspace       used 27102K, capacity 27702K, committed 28160K, reserved 1075200K
  class space    used 2933K, capacity 3238K, committed 3328K, reserved 1048576K
}
Event: 7,186 GC heap before
{Heap before GC invocations=14 (full 2):
 PSYoungGen      total 140288K, used 1472K [0x00000000eb700000, 0x00000000f4d00000, 0x0000000100000000)
  eden space 128000K, 0% used [0x00000000eb700000,0x00000000eb700000,0x00000000f3400000)
  from space 12288K, 11% used [0x00000000f4100000,0x00000000f4270000,0x00000000f4d00000)
  to   space 12800K, 0% used [0x00000000f3400000,0x00000000f3400000,0x00000000f4080000)
 ParOldGen       total 34816K, used 29040K [0x00000000c2400000, 0x00000000c4600000, 0x00000000eb700000)
  object space 34816K, 83% used [0x00000000c2400000,0x00000000c405c1b8,0x00000000c4600000)
 Metaspace       used 27102K, capacity 27702K, committed 28160K, reserved 1075200K
  class space    used 2933K, capacity 3238K, committed 3328K, reserved 1048576K
Event: 7,332 GC heap after
Heap after GC invocations=14 (full 2):
 PSYoungGen      total 140288K, used 0K [0x00000000eb700000, 0x00000000f4d00000, 0x0000000100000000)
  eden space 128000K, 0% used [0x00000000eb700000,0x00000000eb700000,0x00000000f3400000)
  from space 12288K, 0% used [0x00000000f4100000,0x00000000f4100000,0x00000000f4d00000)
  to   space 12800K, 0% used [0x00000000f3400000,0x00000000f3400000,0x00000000f4080000)
 ParOldGen       total 56320K, used 17647K [0x00000000c2400000, 0x00000000c5b00000, 0x00000000eb700000)
  object space 56320K, 31% used [0x00000000c2400000,0x00000000c353bcb0,0x00000000c5b00000)
 Metaspace       used 27102K, capacity 27702K, committed 28160K, reserved 1075200K
  class space    used 2933K, capacity 3238K, committed 3328K, reserved 1048576K
}
Event: 8,416 GC heap before
{Heap before GC invocations=15 (full 2):
 PSYoungGen      total 140288K, used 128000K [0x00000000eb700000, 0x00000000f4d00000, 0x0000000100000000)
  eden space 128000K, 100% used [0x00000000eb700000,0x00000000f3400000,0x00000000f3400000)
  from space 12288K, 0% used [0x00000000f4100000,0x00000000f4100000,0x00000000f4d00000)
  to   space 12800K, 0% used [0x00000000f3400000,0x00000000f3400000,0x00000000f4080000)
 ParOldGen       total 56320K, used 17647K [0x00000000c2400000, 0x00000000c5b00000, 0x00000000eb700000)
  object space 56320K, 31% used [0x00000000c2400000,0x00000000c353bcb0,0x00000000c5b00000)
 Metaspace       used 27425K, capacity 28114K, committed 28416K, reserved 1075200K
  class space    used 2956K, capacity 3244K, committed 3328K, reserved 1048576K
Event: 8,492 GC heap after
Heap after GC invocations=15 (full 2):
 PSYoungGen      total 140800K, used 12768K [0x00000000eb700000, 0x00000000f8700000, 0x0000000100000000)
  eden space 128000K, 0% used [0x00000000eb700000,0x00000000eb700000,0x00000000f3400000)
  from space 12800K, 99% used [0x00000000f3400000,0x00000000f4078040,0x00000000f4080000)
  to   space 16896K, 0% used [0x00000000f7680000,0x00000000f7680000,0x00000000f8700000)
 ParOldGen       total 56320K, used 22511K [0x00000000c2400000, 0x00000000c5b00000, 0x00000000eb700000)
  object space 56320K, 39% used [0x00000000c2400000,0x00000000c39fbc38,0x00000000c5b00000)
 Metaspace       used 27425K, capacity 28114K, committed 28416K, reserved 1075200K
  class space    used 2956K, capacity 3244K, committed 3328K, reserved 1048576K
}

Deoptimization events (10 events):
Event: 8,715 Thread 0x00007f46347aa000 Uncommon trap: reason=unstable_if action=reinterpret pc=0x00007f465d9711fc method=java.io.ObjectInputStream$HandleTable.markDependency(II)V @ 2
Event: 8,726 Thread 0x00007f46347aa000 Uncommon trap: reason=unstable_if action=reinterpret pc=0x00007f465d9a659c method=java.util.Arrays.fill([BIIB)V @ 13
Event: 8,737 Thread 0x00007f46347aa000 Uncommon trap: reason=unstable_if action=reinterpret pc=0x00007f465d8fe3f8 method=sun.misc.FloatingDecimal$BinaryToASCIIBuffer.dtoa(IJIZ)V @ 1056
Event: 8,761 Thread 0x00007f466c8e1800 Uncommon trap: reason=unstable_if action=reinterpret pc=0x00007f465d89f880 method=sun.misc.FloatingDecimal$BinaryToASCIIBuffer.getChars([C)I @ 150
Event: 9,420 Thread 0x00007f46347aa000 Uncommon trap: reason=unstable_if action=reinterpret pc=0x00007f465d8f08cc method=sun.misc.FloatingDecimal$BinaryToASCIIBuffer.estimateDecExp(JI)I @ 117
Event: 9,752 Thread 0x00007f466c8e1800 Uncommon trap: reason=class_check action=maybe_recompile pc=0x00007f465d9e14d8 method=java.util.stream.StreamOpFlag.fromCharacteristics(Ljava/util/Spliterator;)I @ 1
Event: 9,758 Thread 0x00007f466c8e1800 Uncommon trap: reason=unstable_if action=reinterpret pc=0x00007f465d3eb734 method=sun.invoke.util.VerifyAccess.isSamePackage(Ljava/lang/Class;Ljava/lang/Class;)Z @ 101
Event: 9,761 Thread 0x00007f466c8e1800 Uncommon trap: reason=class_check action=maybe_recompile pc=0x00007f465d9e14d8 method=java.util.stream.StreamOpFlag.fromCharacteristics(Ljava/util/Spliterator;)I @ 1
Event: 9,761 Thread 0x00007f466c8e1800 Uncommon trap: reason=class_check action=maybe_recompile pc=0x00007f465d9e14d8 method=java.util.stream.StreamOpFlag.fromCharacteristics(Ljava/util/Spliterator;)I @ 1
Event: 9,761 Thread 0x00007f466c8e1800 Uncommon trap: reason=class_check action=maybe_recompile pc=0x00007f465d9e14d8 method=java.util.stream.StreamOpFlag.fromCharacteristics(Ljava/util/Spliterator;)I @ 1

Internal exceptions (10 events):
Event: 0,259 Thread 0x00007f466c00c000 Exception <a 'java/security/PrivilegedActionException'> (0x00000000eba2a180) thrown at [/HUDSON3/workspace/8-2-build-linux-amd64/jdk8u141/9370/hotspot/src/share/vm/prims/jvm.cpp, line 1390]
Event: 0,259 Thread 0x00007f466c00c000 Exception <a 'java/security/PrivilegedActionException'> (0x00000000eba2c6a8) thrown at [/HUDSON3/workspace/8-2-build-linux-amd64/jdk8u141/9370/hotspot/src/share/vm/prims/jvm.cpp, line 1390]
Event: 0,259 Thread 0x00007f466c00c000 Exception <a 'java/security/PrivilegedActionException'> (0x00000000eba2c8b8) thrown at [/HUDSON3/workspace/8-2-build-linux-amd64/jdk8u141/9370/hotspot/src/share/vm/prims/jvm.cpp, line 1390]
Event: 0,348 Thread 0x00007f466c00c000 Exception <a 'java/lang/NoSuchFieldError': method resolution failed> (0x00000000ebb58d40) thrown at [/HUDSON3/workspace/8-2-build-linux-amd64/jdk8u141/9370/hotspot/src/share/vm/prims/methodHandles.cpp, line 1146]
Event: 0,351 Thread 0x00007f466c00c000 Exception <a 'java/lang/NoSuchFieldError': method resolution failed> (0x00000000ebb66140) thrown at [/HUDSON3/workspace/8-2-build-linux-amd64/jdk8u141/9370/hotspot/src/share/vm/prims/methodHandles.cpp, line 1146]
Event: 1,686 Thread 0x00007f466c00c000 Exception <a 'java/io/FileNotFoundException'> (0x00000000eb74dc98) thrown at [/HUDSON3/workspace/8-2-build-linux-amd64/jdk8u141/9370/hotspot/src/share/vm/prims/jni.cpp, line 709]
Event: 1,686 Thread 0x00007f466c00c000 Exception <a 'java/io/FileNotFoundException'> (0x00000000eb74e658) thrown at [/HUDSON3/workspace/8-2-build-linux-amd64/jdk8u141/9370/hotspot/src/share/vm/prims/jni.cpp, line 709]
Event: 3,993 Thread 0x00007f466c8e1800 Implicit null exception at 0x00007f465d53b1db to 0x00007f465d53b7e9
Event: 8,404 Thread 0x00007f46347aa000 Implicit null exception at 0x00007f465d97d358 to 0x00007f465d97e565
Event: 8,404 Thread 0x00007f46347aa000 Implicit null exception at 0x00007f465d9737f0 to 0x00007f465d973e09

Events (10 events):
Event: 12,242 Thread 0x00007f4634d15800 Thread added: 0x00007f4634d15800
Event: 12,259 Thread 0x00007f466c8e1800 Thread exited: 0x00007f466c8e1800
Event: 12,259 loading class java/util/concurrent/ConcurrentHashMap$ValueSpliterator
Event: 12,259 loading class java/util/concurrent/ConcurrentHashMap$ValueSpliterator done
Event: 12,260 loading class com/jogamp/opengl/GL2
Event: 12,260 loading class com/jogamp/opengl/GL2 done
Event: 12,260 loading class com/jogamp/opengl/util/texture/Texture
Event: 12,260 loading class com/jogamp/opengl/util/texture/Texture done
Event: 12,260 loading class com/jogamp/opengl/GL2
Event: 12,260 loading class com/jogamp/opengl/GL2 done


Dynamic libraries:
00400000-00401000 r-xp 00000000 08:05 1705414                            /usr/local/java/jdk1.8.0_141/bin/java
00600000-00601000 rw-p 00000000 08:05 1705414                            /usr/local/java/jdk1.8.0_141/bin/java
019b8000-019d9000 rw-p 00000000 00:00 0                                  [heap]
408ad000-40949000 rw-p 00000000 00:00 0 
41589000-41625000 rw-p 00000000 00:00 0 
41fbf000-41fc1000 r-xs 00000000 08:05 11272415                           /tmp/.gluCRx4N (deleted)
c2400000-c5b00000 rw-p 00000000 00:00 0 
c5b00000-eb700000 ---p 00000000 00:00 0 
eb700000-f8700000 rw-p 00000000 00:00 0 
f8700000-100000000 ---p 00000000 00:00 0 
100000000-100340000 rw-p 00000000 00:00 0 
100340000-140000000 ---p 00000000 00:00 0 
7f4604017000-7f4604417000 rw-s 03c6e000 00:06 523                        /dev/nvidiactl
7f4604417000-7f4604817000 rw-s 210bf000 00:06 523                        /dev/nvidiactl
7f4604817000-7f4604c17000 rw-s 07004000 00:06 523                        /dev/nvidiactl
7f4604c17000-7f4604cd7000 rw-p 00000000 00:00 0 
7f4604cd7000-7f4604e17000 ---p 00000000 00:00 0 
7f4604e17000-7f4605017000 rw-s 03a0f000 00:06 523                        /dev/nvidiactl
7f4605017000-7f4605217000 rw-p 00000000 00:00 0 
7f4605217000-7f4605617000 rw-s 1202c5000 00:06 523                       /dev/nvidiactl
7f4605617000-7f4605817000 rw-s b6727000 00:06 523                        /dev/nvidiactl
7f4605817000-7f4605a58000 rw-p 00000000 00:00 0 
7f4605b08000-7f4605b0b000 ---p 00000000 00:00 0 
7f4605b0b000-7f4605e09000 rw-p 00000000 00:00 0 
7f4605e09000-7f4605e72000 r-xp 00000000 08:05 2098515                    /usr/local/java/jdk1.8.0_141/jre/lib/amd64/libt2k.so
7f4605e72000-7f4606072000 ---p 00069000 08:05 2098515                    /usr/local/java/jdk1.8.0_141/jre/lib/amd64/libt2k.so
7f4606072000-7f4606079000 rw-p 00069000 08:05 2098515                    /usr/local/java/jdk1.8.0_141/jre/lib/amd64/libt2k.so
7f4606079000-7f4606089000 rw-p 00000000 00:00 0 
7f4606189000-7f4606389000 rw-p 00000000 00:00 0 
7f4606389000-7f460a38a000 rw-s 00000000 00:13 7                          /dev/shm/pulse-shm-3767823904
7f460a38a000-7f460e38b000 rw-s 00000000 00:13 32                         /dev/shm/pulse-shm-2768279798
7f460e38b000-7f460e38c000 ---p 00000000 00:00 0 
7f460e38c000-7f460eb8c000 rw-p 00000000 00:00 0 
7f460eb8c000-7f460ebb6000 r-xp 00000000 08:05 11414085                   /usr/lib/x86_64-linux-gnu/libvorbis.so.0.4.8
7f460ebb6000-7f460edb6000 ---p 0002a000 08:05 11414085                   /usr/lib/x86_64-linux-gnu/libvorbis.so.0.4.8
7f460edb6000-7f460edb7000 r--p 0002a000 08:05 11414085                   /usr/lib/x86_64-linux-gnu/libvorbis.so.0.4.8
7f460edb7000-7f460edb8000 rw-p 0002b000 08:05 11414085                   /usr/lib/x86_64-linux-gnu/libvorbis.so.0.4.8
7f460edb8000-7f460edbf000 r-xp 00000000 08:05 11413751                   /usr/lib/x86_64-linux-gnu/libogg.so.0.8.2
7f460edbf000-7f460efbf000 ---p 00007000 08:05 11413751                   /usr/lib/x86_64-linux-gnu/libogg.so.0.8.2
7f460efbf000-7f460efc0000 r--p 00007000 08:05 11413751                   /usr/lib/x86_64-linux-gnu/libogg.so.0.8.2
7f460efc0000-7f460efc1000 rw-p 00008000 08:05 11413751                   /usr/lib/x86_64-linux-gnu/libogg.so.0.8.2
7f460efc1000-7f460f02f000 r-xp 00000000 08:05 1839749                    /lib/x86_64-linux-gnu/libpcre.so.3.13.2
7f460f02f000-7f460f22f000 ---p 0006e000 08:05 1839749                    /lib/x86_64-linux-gnu/libpcre.so.3.13.2
7f460f22f000-7f460f230000 r--p 0006e000 08:05 1839749                    /lib/x86_64-linux-gnu/libpcre.so.3.13.2
7f460f230000-7f460f231000 rw-p 0006f000 08:05 1839749                    /lib/x86_64-linux-gnu/libpcre.so.3.13.2
7f460f231000-7f460f248000 r-xp 00000000 08:05 1836653                    /lib/x86_64-linux-gnu/libresolv-2.23.so
7f460f248000-7f460f448000 ---p 00017000 08:05 1836653                    /lib/x86_64-linux-gnu/libresolv-2.23.so
7f460f448000-7f460f449000 r--p 00017000 08:05 1836653                    /lib/x86_64-linux-gnu/libresolv-2.23.so
7f460f449000-7f460f44a000 rw-p 00018000 08:05 1836653                    /lib/x86_64-linux-gnu/libresolv-2.23.so
7f460f44a000-7f460f44c000 rw-p 00000000 00:00 0 
7f460f44c000-7f460f4d9000 r-xp 00000000 08:05 11414087                   /usr/lib/x86_64-linux-gnu/libvorbisenc.so.2.0.11
7f460f4d9000-7f460f6d8000 ---p 0008d000 08:05 11414087                   /usr/lib/x86_64-linux-gnu/libvorbisenc.so.2.0.11
7f460f6d8000-7f460f6f4000 r--p 0008c000 08:05 11414087                   /usr/lib/x86_64-linux-gnu/libvorbisenc.so.2.0.11
7f460f6f4000-7f460f6f5000 rw-p 000a8000 08:05 11414087                   /usr/lib/x86_64-linux-gnu/libvorbisenc.so.2.0.11
7f460f6f5000-7f460f768000 r-xp 00000000 08:05 11412614                   /usr/lib/x86_64-linux-gnu/libFLAC.so.8.3.0
7f460f768000-7f460f968000 ---p 00073000 08:05 11412614                   /usr/lib/x86_64-linux-gnu/libFLAC.so.8.3.0
7f460f968000-7f460f969000 r--p 00073000 08:05 11412614                   /usr/lib/x86_64-linux-gnu/libFLAC.so.8.3.0
7f460f969000-7f460f96a000 rw-p 00074000 08:05 11412614                   /usr/lib/x86_64-linux-gnu/libFLAC.so.8.3.0
7f460f96a000-7f460f98b000 r-xp 00000000 08:05 1839687                    /lib/x86_64-linux-gnu/liblzma.so.5.0.0
7f460f98b000-7f460fb8a000 ---p 00021000 08:05 1839687                    /lib/x86_64-linux-gnu/liblzma.so.5.0.0
7f460fb8a000-7f460fb8b000 r--p 00020000 08:05 1839687                    /lib/x86_64-linux-gnu/liblzma.so.5.0.0
7f460fb8b000-7f460fb8c000 rw-p 00021000 08:05 1839687                    /lib/x86_64-linux-gnu/liblzma.so.5.0.0
7f460fb8c000-7f460fbab000 r-xp 00000000 08:05 1839778                    /lib/x86_64-linux-gnu/libselinux.so.1
7f460fbab000-7f460fdaa000 ---p 0001f000 08:05 1839778                    /lib/x86_64-linux-gnu/libselinux.so.1
7f460fdaa000-7f460fdab000 r--p 0001e000 08:05 1839778                    /lib/x86_64-linux-gnu/libselinux.so.1
7f460fdab000-7f460fdac000 rw-p 0001f000 08:05 1839778                    /lib/x86_64-linux-gnu/libselinux.so.1
7f460fdac000-7f460fdae000 rw-p 00000000 00:00 0 
7f460fdae000-7f460fdb3000 r-xp 00000000 08:05 11412867                   /usr/lib/x86_64-linux-gnu/libasyncns.so.0.3.1
7f460fdb3000-7f460ffb2000 ---p 00005000 08:05 11412867                   /usr/lib/x86_64-linux-gnu/libasyncns.so.0.3.1
7f460ffb2000-7f460ffb3000 r--p 00004000 08:05 11412867                   /usr/lib/x86_64-linux-gnu/libasyncns.so.0.3.1
7f460ffb3000-7f460ffb4000 rw-p 00005000 08:05 11412867                   /usr/lib/x86_64-linux-gnu/libasyncns.so.0.3.1
7f460ffb4000-7f4610016000 r-xp 00000000 08:05 11409293                   /usr/lib/x86_64-linux-gnu/libsndfile.so.1.0.25
7f4610016000-7f4610216000 ---p 00062000 08:05 11409293                   /usr/lib/x86_64-linux-gnu/libsndfile.so.1.0.25
7f4610216000-7f4610218000 r--p 00062000 08:05 11409293                   /usr/lib/x86_64-linux-gnu/libsndfile.so.1.0.25
7f4610218000-7f4610219000 rw-p 00064000 08:05 11409293                   /usr/lib/x86_64-linux-gnu/libsndfile.so.1.0.25
7f4610219000-7f461021d000 rw-p 00000000 00:00 0 
7f461021d000-7f4610225000 r-xp 00000000 08:05 1839806                    /lib/x86_64-linux-gnu/libwrap.so.0.7.6
7f4610225000-7f4610424000 ---p 00008000 08:05 1839806                    /lib/x86_64-linux-gnu/libwrap.so.0.7.6
7f4610424000-7f4610425000 r--p 00007000 08:05 1839806                    /lib/x86_64-linux-gnu/libwrap.so.0.7.6
7f4610425000-7f4610426000 rw-p 00008000 08:05 1839806                    /lib/x86_64-linux-gnu/libwrap.so.0.7.6
7f4610426000-7f4610427000 rw-p 00000000 00:00 0 
7f4610427000-7f46104a7000 r-xp 00000000 08:05 1840664                    /lib/x86_64-linux-gnu/libsystemd.so.0.14.0
7f46104a7000-7f46104aa000 r--p 0007f000 08:05 1840664                    /lib/x86_64-linux-gnu/libsystemd.so.0.14.0
7f46104aa000-7f46104ab000 rw-p 00082000 08:05 1840664                    /lib/x86_64-linux-gnu/libsystemd.so.0.14.0
7f46104ab000-7f46104ac000 rw-p 00000000 00:00 0 
7f46104ac000-7f46104f6000 r-xp 00000000 08:05 1836611                    /lib/x86_64-linux-gnu/libdbus-1.so.3.14.6
7f46104f6000-7f46106f6000 ---p 0004a000 08:05 1836611                    /lib/x86_64-linux-gnu/libdbus-1.so.3.14.6
7f46106f6000-7f46106f7000 r--p 0004a000 08:05 1836611                    /lib/x86_64-linux-gnu/libdbus-1.so.3.14.6
7f46106f7000-7f46106f8000 rw-p 0004b000 08:05 1836611                    /lib/x86_64-linux-gnu/libdbus-1.so.3.14.6
7f46106f8000-7f4610772000 r-xp 00000000 08:05 11798505                   /usr/lib/x86_64-linux-gnu/pulseaudio/libpulsecommon-8.0.so
7f4610772000-7f4610971000 ---p 0007a000 08:05 11798505                   /usr/lib/x86_64-linux-gnu/pulseaudio/libpulsecommon-8.0.so
7f4610971000-7f4610972000 r--p 00079000 08:05 11798505                   /usr/lib/x86_64-linux-gnu/pulseaudio/libpulsecommon-8.0.so
7f4610972000-7f4610973000 rw-p 0007a000 08:05 11798505                   /usr/lib/x86_64-linux-gnu/pulseaudio/libpulsecommon-8.0.so
7f4610973000-7f461097d000 r-xp 00000000 08:05 1839679                    /lib/x86_64-linux-gnu/libjson-c.so.2.0.0
7f461097d000-7f4610b7c000 ---p 0000a000 08:05 1839679                    /lib/x86_64-linux-gnu/libjson-c.so.2.0.0
7f4610b7c000-7f4610b7d000 r--p 00009000 08:05 1839679                    /lib/x86_64-linux-gnu/libjson-c.so.2.0.0
7f4610b7d000-7f4610b7e000 rw-p 0000a000 08:05 1839679                    /lib/x86_64-linux-gnu/libjson-c.so.2.0.0
7f4610b7e000-7f4610bcc000 r-xp 00000000 08:05 11405634                   /usr/lib/x86_64-linux-gnu/libpulse.so.0.19.0
7f4610bcc000-7f4610dcc000 ---p 0004e000 08:05 11405634                   /usr/lib/x86_64-linux-gnu/libpulse.so.0.19.0
7f4610dcc000-7f4610dcd000 r--p 0004e000 08:05 11405634                   /usr/lib/x86_64-linux-gnu/libpulse.so.0.19.0
7f4610dcd000-7f4610dce000 rw-p 0004f000 08:05 11405634                   /usr/lib/x86_64-linux-gnu/libpulse.so.0.19.0
7f4610dce000-7f4610ddc000 r-xp 00000000 08:05 11272416                   /tmp/jogamp_0000/file_cache/jln8258882607043059630/jln9079063797888825999/natives/linux-amd64/libjoal.so
7f4610ddc000-7f4610fdb000 ---p 0000e000 08:05 11272416                   /tmp/jogamp_0000/file_cache/jln8258882607043059630/jln9079063797888825999/natives/linux-amd64/libjoal.so
7f4610fdb000-7f4610fdc000 rw-p 0000d000 08:05 11272416                   /tmp/jogamp_0000/file_cache/jln8258882607043059630/jln9079063797888825999/natives/linux-amd64/libjoal.so
7f4610fdc000-7f4611045000 r-xp 00000000 08:05 11414836                   /usr/lib/x86_64-linux-gnu/libopenal.so.1.16.0
7f4611045000-7f4611244000 ---p 00069000 08:05 11414836                   /usr/lib/x86_64-linux-gnu/libopenal.so.1.16.0
7f4611244000-7f4611248000 r--p 00068000 08:05 11414836                   /usr/lib/x86_64-linux-gnu/libopenal.so.1.16.0
7f4611248000-7f4611249000 rw-p 0006c000 08:05 11414836                   /usr/lib/x86_64-linux-gnu/libopenal.so.1.16.0
7f4611249000-7f461124c000 rw-p 00000000 00:00 0 
7f461129a000-7f461139a000 rw-s 101ed000 00:06 523                        /dev/nvidiactl
7f461139a000-7f46113da000 rw-s 29ee4000 00:06 523                        /dev/nvidiactl
7f46113da000-7f46113dd000 ---p 00000000 00:00 0 
7f46113dd000-7f46114db000 rw-p 00000000 00:00 0 
7f46114db000-7f46114e5000 r-xp 00000000 08:05 11412801                   /usr/lib/x86_64-linux-gnu/libXrandr.so.2.2.0
7f46114e5000-7f46116e4000 ---p 0000a000 08:05 11412801                   /usr/lib/x86_64-linux-gnu/libXrandr.so.2.2.0
7f46116e4000-7f46116e5000 r--p 00009000 08:05 11412801                   /usr/lib/x86_64-linux-gnu/libXrandr.so.2.2.0
7f46116e5000-7f46116e6000 rw-p 0000a000 08:05 11412801                   /usr/lib/x86_64-linux-gnu/libXrandr.so.2.2.0
7f46116e6000-7f46116f7000 r-xp 00000000 08:05 11272412                   /tmp/jogamp_0000/file_cache/jln8258882607043059630/jln9079063797888825999/natives/linux-amd64/libnewt.so
7f46116f7000-7f46118f6000 ---p 00011000 08:05 11272412                   /tmp/jogamp_0000/file_cache/jln8258882607043059630/jln9079063797888825999/natives/linux-amd64/libnewt.so
7f46118f6000-7f46118f7000 rw-p 00010000 08:05 11272412                   /tmp/jogamp_0000/file_cache/jln8258882607043059630/jln9079063797888825999/natives/linux-amd64/libnewt.so
7f46118f7000-7f4611977000 rw-s 0ad92000 00:06 523                        /dev/nvidiactl
7f4611977000-7f4611a77000 rw-s 1bd31000 00:06 523                        /dev/nvidiactl
7f4611a77000-7f4611b2b000 rw-s b9432000 00:06 523                        /dev/nvidiactl
7f4611b2b000-7f4611b2d000 r-xp 00000000 08:05 11412793                   /usr/lib/x86_64-linux-gnu/libXinerama.so.1.0.0
7f4611b2d000-7f4611d2c000 ---p 00002000 08:05 11412793                   /usr/lib/x86_64-linux-gnu/libXinerama.so.1.0.0
7f4611d2c000-7f4611d2d000 r--p 00001000 08:05 11412793                   /usr/lib/x86_64-linux-gnu/libXinerama.so.1.0.0
7f4611d2d000-7f4611d2e000 rw-p 00002000 08:05 11412793                   /usr/lib/x86_64-linux-gnu/libXinerama.so.1.0.0
7f4611d5c000-7f4611d7c000 rw-s 11fb4000 00:06 523                        /dev/nvidiactl
7f4611d7c000-7f4611db3000 r-xp 00000000 08:05 11414039                   /usr/lib/x86_64-linux-gnu/libtxc_dxtn_s2tc.so.0.0.0
7f4611db3000-7f4611fb2000 ---p 00037000 08:05 11414039                   /usr/lib/x86_64-linux-gnu/libtxc_dxtn_s2tc.so.0.0.0
7f4611fb2000-7f4611fb3000 r--p 00036000 08:05 11414039                   /usr/lib/x86_64-linux-gnu/libtxc_dxtn_s2tc.so.0.0.0
7f4611fb3000-7f4611fb4000 rw-p 00037000 08:05 11414039                   /usr/lib/x86_64-linux-gnu/libtxc_dxtn_s2tc.so.0.0.0
7f4611fb4000-7f4611fb5000 ---p 00000000 00:00 0 
7f4611fb5000-7f46127b5000 rw-p 00000000 00:00 0 
7f46127b5000-7f46127b6000 ---p 00000000 00:00 0 
7f46127b6000-7f4612fb6000 rw-p 00000000 00:00 0 
7f4612fb6000-7f4612fc9000 r-xp 00000000 08:05 1839616                    /lib/x86_64-linux-gnu/libbsd.so.0.8.2
7f4612fc9000-7f46131c8000 ---p 00013000 08:05 1839616                    /lib/x86_64-linux-gnu/libbsd.so.0.8.2
7f46131c8000-7f46131c9000 r--p 00012000 08:05 1839616                    /lib/x86_64-linux-gnu/libbsd.so.0.8.2
7f46131c9000-7f46131ca000 rw-p 00013000 08:05 1839616                    /lib/x86_64-linux-gnu/libbsd.so.0.8.2
7f46131ca000-7f46131cb000 rw-p 00000000 00:00 0 
7f46131cb000-7f46131f0000 r-xp 00000000 08:05 1839792                    /lib/x86_64-linux-gnu/libtinfo.so.5.9
7f46131f0000-7f46133ef000 ---p 00025000 08:05 1839792                    /lib/x86_64-linux-gnu/libtinfo.so.5.9
7f46133ef000-7f46133f3000 r--p 00024000 08:05 1839792                    /lib/x86_64-linux-gnu/libtinfo.so.5.9
7f46133f3000-7f46133f4000 rw-p 00028000 08:05 1839792                    /lib/x86_64-linux-gnu/libtinfo.so.5.9
7f46133f4000-7f4613425000 r-xp 00000000 08:05 11413116                   /usr/lib/x86_64-linux-gnu/libedit.so.2.0.53
7f4613425000-7f4613625000 ---p 00031000 08:05 11413116                   /usr/lib/x86_64-linux-gnu/libedit.so.2.0.53
7f4613625000-7f4613627000 r--p 00031000 08:05 11413116                   /usr/lib/x86_64-linux-gnu/libedit.so.2.0.53
7f4613627000-7f4613628000 rw-p 00033000 08:05 11413116                   /usr/lib/x86_64-linux-gnu/libedit.so.2.0.53
7f4613628000-7f461362c000 rw-p 00000000 00:00 0 
7f461362c000-7f4613645000 r-xp 00000000 08:05 1836596                    /lib/x86_64-linux-gnu/libz.so.1.2.8
7f4613645000-7f4613844000 ---p 00019000 08:05 1836596                    /lib/x86_64-linux-gnu/libz.so.1.2.8
7f4613844000-7f4613845000 r--p 00018000 08:05 1836596                    /lib/x86_64-linux-gnu/libz.so.1.2.8
7f4613845000-7f4613846000 rw-p 00019000 08:05 1836596                    /lib/x86_64-linux-gnu/libz.so.1.2.8
7f4613846000-7f4613858000 r-xp 00000000 08:05 1839664                    /lib/x86_64-linux-gnu/libgpg-error.so.0.17.0
7f4613858000-7f4613a58000 ---p 00012000 08:05 1839664                    /lib/x86_64-linux-gnu/libgpg-error.so.0.17.0
7f4613a58000-7f4613a59000 r--p 00012000 08:05 1839664                    /lib/x86_64-linux-gnu/libgpg-error.so.0.17.0
7f4613a59000-7f4613a5a000 rw-p 00013000 08:05 1839664                    /lib/x86_64-linux-gnu/libgpg-error.so.0.17.0
7f4613a5a000-7f4613bd4000 r-xp 00000000 08:05 11413561                   /usr/lib/x86_64-linux-gnu/libstdc++.so.6.0.23
7f4613bd4000-7f4613dd4000 ---p 0017a000 08:05 11413561                   /usr/lib/x86_64-linux-gnu/libstdc++.so.6.0.23
7f4613dd4000-7f4613dde000 r--p 0017a000 08:05 11413561                   /usr/lib/x86_64-linux-gnu/libstdc++.so.6.0.23
7f4613dde000-7f4613de0000 rw-p 00184000 08:05 11413561                   /usr/lib/x86_64-linux-gnu/libstdc++.so.6.0.23
7f4613de0000-7f4613de4000 rw-p 00000000 00:00 0 
7f4613de4000-7f46162d6000 r-xp 00000000 08:05 11412646                   /usr/lib/x86_64-linux-gnu/libLLVM-3.8.so.1
7f46162d6000-7f46164d6000 ---p 024f2000 08:05 11412646                   /usr/lib/x86_64-linux-gnu/libLLVM-3.8.so.1
7f46164d6000-7f461678b000 r--p 024f2000 08:05 11412646                   /usr/lib/x86_64-linux-gnu/libLLVM-3.8.so.1
7f461678b000-7f461678d000 rw-p 027a7000 08:05 11412646                   /usr/lib/x86_64-linux-gnu/libLLVM-3.8.so.1
7f461678d000-7f46167b7000 rw-p 00000000 00:00 0 
7f46167b7000-7f46167ce000 r-xp 00000000 08:05 11413121                   /usr/lib/x86_64-linux-gnu/libelf-0.165.so
7f46167ce000-7f46169cd000 ---p 00017000 08:05 11413121                   /usr/lib/x86_64-linux-gnu/libelf-0.165.so
7f46169cd000-7f46169ce000 r--p 00016000 08:05 11413121                   /usr/lib/x86_64-linux-gnu/libelf-0.165.so
7f46169ce000-7f46169cf000 rw-p 00017000 08:05 11413121                   /usr/lib/x86_64-linux-gnu/libelf-0.165.so
7f46169cf000-7f46169d6000 r-xp 00000000 08:05 11408476                   /usr/lib/x86_64-linux-gnu/libdrm_amdgpu.so.1.0.0
7f46169d6000-7f4616bd5000 ---p 00007000 08:05 11408476                   /usr/lib/x86_64-linux-gnu/libdrm_amdgpu.so.1.0.0
7f4616bd5000-7f4616bd6000 r--p 00006000 08:05 11408476                   /usr/lib/x86_64-linux-gnu/libdrm_amdgpu.so.1.0.0
7f4616bd6000-7f4616bd7000 rw-p 00007000 08:05 11408476                   /usr/lib/x86_64-linux-gnu/libdrm_amdgpu.so.1.0.0
7f4616bd7000-7f4616be2000 r-xp 00000000 08:05 11408482                   /usr/lib/x86_64-linux-gnu/libdrm_radeon.so.1.0.1
7f4616be2000-7f4616de1000 ---p 0000b000 08:05 11408482                   /usr/lib/x86_64-linux-gnu/libdrm_radeon.so.1.0.1
7f4616de1000-7f4616de2000 r--p 0000a000 08:05 11408482                   /usr/lib/x86_64-linux-gnu/libdrm_radeon.so.1.0.1
7f4616de2000-7f4616de3000 rw-p 0000b000 08:05 11408482                   /usr/lib/x86_64-linux-gnu/libdrm_radeon.so.1.0.1
7f4616de3000-7f4616dea000 r-xp 00000000 08:05 11408480                   /usr/lib/x86_64-linux-gnu/libdrm_nouveau.so.2.0.0
7f4616dea000-7f4616fe9000 ---p 00007000 08:05 11408480                   /usr/lib/x86_64-linux-gnu/libdrm_nouveau.so.2.0.0
7f4616fe9000-7f4616fea000 r--p 00006000 08:05 11408480                   /usr/lib/x86_64-linux-gnu/libdrm_nouveau.so.2.0.0
7f4616fea000-7f4616feb000 rw-p 00007000 08:05 11408480                   /usr/lib/x86_64-linux-gnu/libdrm_nouveau.so.2.0.0
7f4616feb000-7f46170c3000 r-xp 00000000 08:05 1835377                    /lib/x86_64-linux-gnu/libgcrypt.so.20.0.5
7f46170c3000-7f46172c2000 ---p 000d8000 08:05 1835377                    /lib/x86_64-linux-gnu/libgcrypt.so.20.0.5
7f46172c2000-7f46172c3000 r--p 000d7000 08:05 1835377                    /lib/x86_64-linux-gnu/libgcrypt.so.20.0.5
7f46172c3000-7f46172cb000 rw-p 000d8000 08:05 1835377                    /lib/x86_64-linux-gnu/libgcrypt.so.20.0.5
7f46172cb000-7f46172cc000 rw-p 00000000 00:00 0 
7f46172cc000-7f4617bc4000 r-xp 00000000 08:05 11798821                   /usr/lib/x86_64-linux-gnu/dri/swrast_dri.so
7f4617bc4000-7f4617dc4000 ---p 008f8000 08:05 11798821                   /usr/lib/x86_64-linux-gnu/dri/swrast_dri.so
7f4617dc4000-7f4617dfd000 r--p 008f8000 08:05 11798821                   /usr/lib/x86_64-linux-gnu/dri/swrast_dri.so
7f4617dfd000-7f4617e09000 rw-p 00931000 08:05 11798821                   /usr/lib/x86_64-linux-gnu/dri/swrast_dri.so
7f4617e09000-7f4618000000 rw-p 00000000 00:00 0 
7f4618000000-7f461840b000 rw-p 00000000 00:00 0 
7f461840b000-7f461c000000 ---p 00000000 00:00 0 
7f461c017000-7f461c01a000 ---p 00000000 00:00 0 
7f461c01a000-7f461c118000 rw-p 00000000 00:00 0 
7f461c118000-7f461c174000 r-xp 00000000 08:05 11272407                   /tmp/jogamp_0000/file_cache/jln8258882607043059630/jln9079063797888825999/natives/linux-amd64/libjogl_mobile.so
7f461c174000-7f461c374000 ---p 0005c000 08:05 11272407                   /tmp/jogamp_0000/file_cache/jln8258882607043059630/jln9079063797888825999/natives/linux-amd64/libjogl_mobile.so
7f461c374000-7f461c375000 rw-p 0005c000 08:05 11272407                   /tmp/jogamp_0000/file_cache/jln8258882607043059630/jln9079063797888825999/natives/linux-amd64/libjogl_mobile.so
7f461c375000-7f461c37c000 r-xp 00000000 08:05 11413159                   /usr/lib/x86_64-linux-gnu/libffi.so.6.0.4
7f461c37c000-7f461c57b000 ---p 00007000 08:05 11413159                   /usr/lib/x86_64-linux-gnu/libffi.so.6.0.4
7f461c57b000-7f461c57c000 r--p 00006000 08:05 11413159                   /usr/lib/x86_64-linux-gnu/libffi.so.6.0.4
7f461c57c000-7f461c57d000 rw-p 00007000 08:05 11413159                   /usr/lib/x86_64-linux-gnu/libffi.so.6.0.4
7f461c57d000-7f461c58b000 r-xp 00000000 08:05 11408638                   /usr/lib/x86_64-linux-gnu/libdrm.so.2.4.0
7f461c58b000-7f461c78a000 ---p 0000e000 08:05 11408638                   /usr/lib/x86_64-linux-gnu/libdrm.so.2.4.0
7f461c78a000-7f461c78b000 r--p 0000d000 08:05 11408638                   /usr/lib/x86_64-linux-gnu/libdrm.so.2.4.0
7f461c78b000-7f461c78c000 rw-p 0000e000 08:05 11408638                   /usr/lib/x86_64-linux-gnu/libdrm.so.2.4.0
7f461c78c000-7f461c7b2000 r-xp 00000000 08:05 1839960                    /lib/x86_64-linux-gnu/libexpat.so.1.6.0
7f461c7b2000-7f461c9b2000 ---p 00026000 08:05 1839960                    /lib/x86_64-linux-gnu/libexpat.so.1.6.0
7f461c9b2000-7f461c9b4000 r--p 00026000 08:05 1839960                    /lib/x86_64-linux-gnu/libexpat.so.1.6.0
7f461c9b4000-7f461c9b5000 rw-p 00028000 08:05 1839960                    /lib/x86_64-linux-gnu/libexpat.so.1.6.0
7f461c9b5000-7f461c9c2000 r-xp 00000000 08:05 11407388                   /usr/lib/x86_64-linux-gnu/libgbm.so.1.0.0
7f461c9c2000-7f461cbc1000 ---p 0000d000 08:05 11407388                   /usr/lib/x86_64-linux-gnu/libgbm.so.1.0.0
7f461cbc1000-7f461cbc2000 r--p 0000c000 08:05 11407388                   /usr/lib/x86_64-linux-gnu/libgbm.so.1.0.0
7f461cbc2000-7f461cbc3000 rw-p 0000d000 08:05 11407388                   /usr/lib/x86_64-linux-gnu/libgbm.so.1.0.0
7f461cbc3000-7f461cbd2000 r-xp 00000000 08:05 11414106                   /usr/lib/x86_64-linux-gnu/libwayland-server.so.0.1.0
7f461cbd2000-7f461cdd1000 ---p 0000f000 08:05 11414106                   /usr/lib/x86_64-linux-gnu/libwayland-server.so.0.1.0
7f461cdd1000-7f461cdd3000 r--p 0000e000 08:05 11414106                   /usr/lib/x86_64-linux-gnu/libwayland-server.so.0.1.0
7f461cdd3000-7f461cdd4000 rw-p 00010000 08:05 11414106                   /usr/lib/x86_64-linux-gnu/libwayland-server.so.0.1.0
7f461cdd4000-7f461cde0000 r-xp 00000000 08:05 11414100                   /usr/lib/x86_64-linux-gnu/libwayland-client.so.0.3.0
7f461cde0000-7f461cfdf000 ---p 0000c000 08:05 11414100                   /usr/lib/x86_64-linux-gnu/libwayland-client.so.0.3.0
7f461cfdf000-7f461cfe1000 r--p 0000b000 08:05 11414100                   /usr/lib/x86_64-linux-gnu/libwayland-client.so.0.3.0
7f461cfe1000-7f461cfe2000 rw-p 0000d000 08:05 11414100                   /usr/lib/x86_64-linux-gnu/libwayland-client.so.0.3.0
7f461cfe2000-7f461cfe3000 r-xp 00000000 08:05 11414234                   /usr/lib/x86_64-linux-gnu/libxshmfence.so.1.0.0
7f461cfe3000-7f461d1e3000 ---p 00001000 08:05 11414234                   /usr/lib/x86_64-linux-gnu/libxshmfence.so.1.0.0
7f461d1e3000-7f461d1e4000 r--p 00001000 08:05 11414234                   /usr/lib/x86_64-linux-gnu/libxshmfence.so.1.0.0
7f461d1e4000-7f461d1e5000 rw-p 00002000 08:05 11414234                   /usr/lib/x86_64-linux-gnu/libxshmfence.so.1.0.0
7f461d1e5000-7f461d1ea000 r-xp 00000000 08:05 11414208                   /usr/lib/x86_64-linux-gnu/libxcb-sync.so.1.0.0
7f461d1ea000-7f461d3ea000 ---p 00005000 08:05 11414208                   /usr/lib/x86_64-linux-gnu/libxcb-sync.so.1.0.0
7f461d3ea000-7f461d3eb000 r--p 00005000 08:05 11414208                   /usr/lib/x86_64-linux-gnu/libxcb-sync.so.1.0.0
7f461d3eb000-7f461d3ec000 rw-p 00006000 08:05 11414208                   /usr/lib/x86_64-linux-gnu/libxcb-sync.so.1.0.0
7f461d3ec000-7f461edae000 r-xp 00000000 08:05 11540977                   /usr/lib/nvidia-340/libnvidia-glcore.so.340.102
7f461edae000-7f461edcc000 rwxp 019c2000 08:05 11540977                   /usr/lib/nvidia-340/libnvidia-glcore.so.340.102
7f461edcc000-7f461f24a000 r-xp 019e0000 08:05 11540977                   /usr/lib/nvidia-340/libnvidia-glcore.so.340.102
7f461f24a000-7f461f449000 ---p 01e5e000 08:05 11540977                   /usr/lib/nvidia-340/libnvidia-glcore.so.340.102
7f461f449000-7f461ffe3000 rw-p 01e5d000 08:05 11540977                   /usr/lib/nvidia-340/libnvidia-glcore.so.340.102
7f461ffe3000-7f4620000000 rw-p 00000000 00:00 0 
7f4620000000-7f46203d2000 rw-p 00000000 00:00 0 
7f46203d2000-7f4624000000 ---p 00000000 00:00 0 
7f4624000000-7f46242c4000 rw-p 00000000 00:00 0 
7f46242c4000-7f4628000000 ---p 00000000 00:00 0 
7f4628008000-7f4628048000 rw-s 58726000 00:06 523                        /dev/nvidiactl
7f4628048000-7f462804e000 r-xp 00000000 08:05 11414212                   /usr/lib/x86_64-linux-gnu/libxcb-xfixes.so.0.0.0
7f462804e000-7f462824e000 ---p 00006000 08:05 11414212                   /usr/lib/x86_64-linux-gnu/libxcb-xfixes.so.0.0.0
7f462824e000-7f462824f000 r--p 00006000 08:05 11414212                   /usr/lib/x86_64-linux-gnu/libxcb-xfixes.so.0.0.0
7f462824f000-7f4628250000 rw-p 00007000 08:05 11414212                   /usr/lib/x86_64-linux-gnu/libxcb-xfixes.so.0.0.0
7f4628250000-7f4628252000 r-xp 00000000 08:05 11414196                   /usr/lib/x86_64-linux-gnu/libxcb-present.so.0.0.0
7f4628252000-7f4628451000 ---p 00002000 08:05 11414196                   /usr/lib/x86_64-linux-gnu/libxcb-present.so.0.0.0
7f4628451000-7f4628452000 r--p 00001000 08:05 11414196                   /usr/lib/x86_64-linux-gnu/libxcb-present.so.0.0.0
7f4628452000-7f4628453000 rw-p 00002000 08:05 11414196                   /usr/lib/x86_64-linux-gnu/libxcb-present.so.0.0.0
7f4628453000-7f4628455000 r-xp 00000000 08:05 11414186                   /usr/lib/x86_64-linux-gnu/libxcb-dri3.so.0.0.0
7f4628455000-7f4628654000 ---p 00002000 08:05 11414186                   /usr/lib/x86_64-linux-gnu/libxcb-dri3.so.0.0.0
7f4628654000-7f4628655000 r--p 00001000 08:05 11414186                   /usr/lib/x86_64-linux-gnu/libxcb-dri3.so.0.0.0
7f4628655000-7f4628656000 rw-p 00002000 08:05 11414186                   /usr/lib/x86_64-linux-gnu/libxcb-dri3.so.0.0.0
7f4628656000-7f462865a000 r-xp 00000000 08:05 11414184                   /usr/lib/x86_64-linux-gnu/libxcb-dri2.so.0.0.0
7f462865a000-7f4628859000 ---p 00004000 08:05 11414184                   /usr/lib/x86_64-linux-gnu/libxcb-dri2.so.0.0.0
7f4628859000-7f462885a000 r--p 00003000 08:05 11414184                   /usr/lib/x86_64-linux-gnu/libxcb-dri2.so.0.0.0
7f462885a000-7f462885b000 rw-p 00004000 08:05 11414184                   /usr/lib/x86_64-linux-gnu/libxcb-dri2.so.0.0.0
7f462885b000-7f462885c000 r-xp 00000000 08:05 11412764                   /usr/lib/x86_64-linux-gnu/libX11-xcb.so.1.0.0
7f462885c000-7f4628a5b000 ---p 00001000 08:05 11412764                   /usr/lib/x86_64-linux-gnu/libX11-xcb.so.1.0.0
7f4628a5b000-7f4628a5c000 r--p 00000000 08:05 11412764                   /usr/lib/x86_64-linux-gnu/libX11-xcb.so.1.0.0
7f4628a5c000-7f4628a5d000 rw-p 00001000 08:05 11412764                   /usr/lib/x86_64-linux-gnu/libX11-xcb.so.1.0.0
7f4628a5d000-7f4628a8e000 r-xp 00000000 08:05 11798822                   /usr/lib/x86_64-linux-gnu/mesa-egl/libEGL.so.1.0.0
7f4628a8e000-7f4628c8e000 ---p 00031000 08:05 11798822                   /usr/lib/x86_64-linux-gnu/mesa-egl/libEGL.so.1.0.0
7f4628c8e000-7f4628c8f000 r--p 00031000 08:05 11798822                   /usr/lib/x86_64-linux-gnu/mesa-egl/libEGL.so.1.0.0
7f4628c8f000-7f4628c90000 rw-p 00032000 08:05 11798822                   /usr/lib/x86_64-linux-gnu/mesa-egl/libEGL.so.1.0.0
7f4628c90000-7f4628c91000 rw-p 00000000 00:00 0 
7f4628c91000-7f4628cba000 r-xp 00000000 08:05 11408536                   /usr/lib/x86_64-linux-gnu/libglapi.so.0.0.0
7f4628cba000-7f4628eba000 ---p 00029000 08:05 11408536                   /usr/lib/x86_64-linux-gnu/libglapi.so.0.0.0
7f4628eba000-7f4628ebe000 r--p 00029000 08:05 11408536                   /usr/lib/x86_64-linux-gnu/libglapi.so.0.0.0
7f4628ebe000-7f4628ebf000 rw-p 0002d000 08:05 11408536                   /usr/lib/x86_64-linux-gnu/libglapi.so.0.0.0
7f4628ebf000-7f4628ec0000 rw-p 00000000 00:00 0 
7f4628ec0000-7f4628ec8000 r-xp 00000000 08:05 11798546                   /usr/lib/x86_64-linux-gnu/mesa-egl/libGLESv2.so.2.0.0
7f4628ec8000-7f46290c7000 ---p 00008000 08:05 11798546                   /usr/lib/x86_64-linux-gnu/mesa-egl/libGLESv2.so.2.0.0
7f46290c7000-7f46290c8000 r--p 00007000 08:05 11798546                   /usr/lib/x86_64-linux-gnu/mesa-egl/libGLESv2.so.2.0.0
7f46290c8000-7f46290c9000 rw-p 00008000 08:05 11798546                   /usr/lib/x86_64-linux-gnu/mesa-egl/libGLESv2.so.2.0.0
7f46290c9000-7f46290cc000 ---p 00000000 00:00 0 
7f46290cc000-7f46291ca000 rw-p 00000000 00:00 0 
7f46291ca000-7f4629282000 r-xp 00000000 08:05 11272406                   /tmp/jogamp_0000/file_cache/jln8258882607043059630/jln9079063797888825999/natives/linux-amd64/libjogl_desktop.so
7f4629282000-7f4629482000 ---p 000b8000 08:05 11272406                   /tmp/jogamp_0000/file_cache/jln8258882607043059630/jln9079063797888825999/natives/linux-amd64/libjogl_desktop.so
7f4629482000-7f4629483000 rw-p 000b8000 08:05 11272406                   /tmp/jogamp_0000/file_cache/jln8258882607043059630/jln9079063797888825999/natives/linux-amd64/libjogl_desktop.so
7f4629483000-7f4629486000 r-xp 00000000 08:05 11540978                   /usr/lib/nvidia-340/tls/libnvidia-tls.so.340.102
7f4629486000-7f4629685000 ---p 00003000 08:05 11540978                   /usr/lib/nvidia-340/tls/libnvidia-tls.so.340.102
7f4629685000-7f4629686000 rw-p 00002000 08:05 11540978                   /usr/lib/nvidia-340/tls/libnvidia-tls.so.340.102
7f4629686000-7f462974d000 r-xp 00000000 08:05 11540959                   /usr/lib/nvidia-340/libGL.so.340.102
7f462974d000-7f462977c000 rwxp 000c7000 08:05 11540959                   /usr/lib/nvidia-340/libGL.so.340.102
7f462977c000-7f4629798000 r-xp 000f6000 08:05 11540959                   /usr/lib/nvidia-340/libGL.so.340.102
7f4629798000-7f4629997000 ---p 00112000 08:05 11540959                   /usr/lib/nvidia-340/libGL.so.340.102
7f4629997000-7f46299bc000 rw-p 00111000 08:05 11540959                   /usr/lib/nvidia-340/libGL.so.340.102
7f46299bc000-7f4629bd2000 rw-p 00000000 00:00 0 
7f4629bd2000-7f4629dd2000 rw-p 00000000 00:00 0 
7f4629dd2000-7f4629dd9000 r-xp 00000000 08:05 11272410                   /tmp/jogamp_0000/file_cache/jln8258882607043059630/jln9079063797888825999/natives/linux-amd64/libnativewindow_x11.so
7f4629dd9000-7f4629fd8000 ---p 00007000 08:05 11272410                   /tmp/jogamp_0000/file_cache/jln8258882607043059630/jln9079063797888825999/natives/linux-amd64/libnativewindow_x11.so
7f4629fd8000-7f4629fd9000 rw-p 00006000 08:05 11272410                   /tmp/jogamp_0000/file_cache/jln8258882607043059630/jln9079063797888825999/natives/linux-amd64/libnativewindow_x11.so
7f4629fd9000-7f4629fdc000 ---p 00000000 00:00 0 
7f4629fdc000-7f462a0da000 rw-p 00000000 00:00 0 
7f462a0da000-7f462a0dd000 ---p 00000000 00:00 0 
7f462a0dd000-7f462a1db000 rw-p 00000000 00:00 0 
7f462a1db000-7f462a1e0000 r-xp 00000000 08:05 11412819                   /usr/lib/x86_64-linux-gnu/libXxf86vm.so.1.0.0
7f462a1e0000-7f462a3df000 ---p 00005000 08:05 11412819                   /usr/lib/x86_64-linux-gnu/libXxf86vm.so.1.0.0
7f462a3df000-7f462a3e0000 r--p 00004000 08:05 11412819                   /usr/lib/x86_64-linux-gnu/libXxf86vm.so.1.0.0
7f462a3e0000-7f462a3e1000 rw-p 00005000 08:05 11412819                   /usr/lib/x86_64-linux-gnu/libXxf86vm.so.1.0.0
7f462a3e1000-7f462a3e3000 r-xp 00000000 08:05 11272409                   /tmp/jogamp_0000/file_cache/jln8258882607043059630/jln9079063797888825999/natives/linux-amd64/libnativewindow_awt.so
7f462a3e3000-7f462a5e2000 ---p 00002000 08:05 11272409                   /tmp/jogamp_0000/file_cache/jln8258882607043059630/jln9079063797888825999/natives/linux-amd64/libnativewindow_awt.so
7f462a5e2000-7f462a5e3000 rw-p 00001000 08:05 11272409                   /tmp/jogamp_0000/file_cache/jln8258882607043059630/jln9079063797888825999/natives/linux-amd64/libnativewindow_awt.so
7f462a5e3000-7f462a5e4000 r-xp 00000000 08:05 2098491                    /usr/local/java/jdk1.8.0_141/jre/lib/amd64/libjawt.so
7f462a5e4000-7f462a7e3000 ---p 00001000 08:05 2098491                    /usr/local/java/jdk1.8.0_141/jre/lib/amd64/libjawt.so
7f462a7e3000-7f462a7e4000 rw-p 00000000 08:05 2098491                    /usr/local/java/jdk1.8.0_141/jre/lib/amd64/libjawt.so
7f462a7e4000-7f462a7e9000 r-xp 00000000 08:05 11412785                   /usr/lib/x86_64-linux-gnu/libXfixes.so.3.1.0
7f462a7e9000-7f462a9e8000 ---p 00005000 08:05 11412785                   /usr/lib/x86_64-linux-gnu/libXfixes.so.3.1.0
7f462a9e8000-7f462a9e9000 r--p 00004000 08:05 11412785                   /usr/lib/x86_64-linux-gnu/libXfixes.so.3.1.0
7f462a9e9000-7f462a9ea000 rw-p 00005000 08:05 11412785                   /usr/lib/x86_64-linux-gnu/libXfixes.so.3.1.0
7f462a9ea000-7f462a9f3000 r-xp 00000000 08:05 11412777                   /usr/lib/x86_64-linux-gnu/libXcursor.so.1.0.2
7f462a9f3000-7f462abf2000 ---p 00009000 08:05 11412777                   /usr/lib/x86_64-linux-gnu/libXcursor.so.1.0.2
7f462abf2000-7f462abf3000 r--p 00008000 08:05 11412777                   /usr/lib/x86_64-linux-gnu/libXcursor.so.1.0.2
7f462abf3000-7f462abf4000 rw-p 00009000 08:05 11412777                   /usr/lib/x86_64-linux-gnu/libXcursor.so.1.0.2
7f462abf4000-7f462ac0a000 r-xp 00000000 08:05 1836839                    /lib/x86_64-linux-gnu/libgcc_s.so.1
7f462ac0a000-7f462ae09000 ---p 00016000 08:05 1836839                    /lib/x86_64-linux-gnu/libgcc_s.so.1
7f462ae09000-7f462ae0a000 r--p 00015000 08:05 1836839                    /lib/x86_64-linux-gnu/libgcc_s.so.1
7f462ae0a000-7f462ae0b000 rw-p 00016000 08:05 1836839                    /lib/x86_64-linux-gnu/libgcc_s.so.1
7f462ae0b000-7f462ae70000 r-xp 00000000 08:05 2098429                    /usr/local/java/jdk1.8.0_141/jre/lib/amd64/libfontmanager.so
7f462ae70000-7f462b06f000 ---p 00065000 08:05 2098429                    /usr/local/java/jdk1.8.0_141/jre/lib/amd64/libfontmanager.so
7f462b06f000-7f462b074000 rw-p 00064000 08:05 2098429                    /usr/local/java/jdk1.8.0_141/jre/lib/amd64/libfontmanager.so
7f462b074000-7f462b284000 rw-p 00000000 00:00 0 
7f462b284000-7f462b289000 r-xp 00000000 08:05 11412781                   /usr/lib/x86_64-linux-gnu/libXdmcp.so.6.0.0
7f462b289000-7f462b488000 ---p 00005000 08:05 11412781                   /usr/lib/x86_64-linux-gnu/libXdmcp.so.6.0.0
7f462b488000-7f462b489000 r--p 00004000 08:05 11412781                   /usr/lib/x86_64-linux-gnu/libXdmcp.so.6.0.0
7f462b489000-7f462b48a000 rw-p 00005000 08:05 11412781                   /usr/lib/x86_64-linux-gnu/libXdmcp.so.6.0.0
7f462b48a000-7f462b48c000 r-xp 00000000 08:05 11412770                   /usr/lib/x86_64-linux-gnu/libXau.so.6.0.0
7f462b48c000-7f462b68c000 ---p 00002000 08:05 11412770                   /usr/lib/x86_64-linux-gnu/libXau.so.6.0.0
7f462b68c000-7f462b68d000 r--p 00002000 08:05 11412770                   /usr/lib/x86_64-linux-gnu/libXau.so.6.0.0
7f462b68d000-7f462b68e000 rw-p 00003000 08:05 11412770                   /usr/lib/x86_64-linux-gnu/libXau.so.6.0.0
7f462b68e000-7f462b6af000 r-xp 00000000 08:05 11414216                   /usr/lib/x86_64-linux-gnu/libxcb.so.1.1.0
7f462b6af000-7f462b8ae000 ---p 00021000 08:05 11414216                   /usr/lib/x86_64-linux-gnu/libxcb.so.1.1.0
7f462b8ae000-7f462b8af000 r--p 00020000 08:05 11414216                   /usr/lib/x86_64-linux-gnu/libxcb.so.1.1.0
7f462b8af000-7f462b8b0000 rw-p 00021000 08:05 11414216                   /usr/lib/x86_64-linux-gnu/libxcb.so.1.1.0
7f462b8b0000-7f462b8bf000 r-xp 00000000 08:05 11412791                   /usr/lib/x86_64-linux-gnu/libXi.so.6.1.0
7f462b8bf000-7f462babe000 ---p 0000f000 08:05 11412791                   /usr/lib/x86_64-linux-gnu/libXi.so.6.1.0
7f462babe000-7f462babf000 r--p 0000e000 08:05 11412791                   /usr/lib/x86_64-linux-gnu/libXi.so.6.1.0
7f462babf000-7f462bac0000 rw-p 0000f000 08:05 11412791                   /usr/lib/x86_64-linux-gnu/libXi.so.6.1.0
7f462bac0000-7f462bac5000 r-xp 00000000 08:05 11412809                   /usr/lib/x86_64-linux-gnu/libXtst.so.6.1.0
7f462bac5000-7f462bcc4000 ---p 00005000 08:05 11412809                   /usr/lib/x86_64-linux-gnu/libXtst.so.6.1.0
7f462bcc4000-7f462bcc5000 r--p 00004000 08:05 11412809                   /usr/lib/x86_64-linux-gnu/libXtst.so.6.1.0
7f462bcc5000-7f462bcc6000 rw-p 00005000 08:05 11412809                   /usr/lib/x86_64-linux-gnu/libXtst.so.6.1.0
7f462bcc6000-7f462bdfb000 r-xp 00000000 08:05 11412766                   /usr/lib/x86_64-linux-gnu/libX11.so.6.3.0
7f462bdfb000-7f462bffb000 ---p 00135000 08:05 11412766                   /usr/lib/x86_64-linux-gnu/libX11.so.6.3.0
7f462bffb000-7f462bffc000 r--p 00135000 08:05 11412766                   /usr/lib/x86_64-linux-gnu/libX11.so.6.3.0
7f462bffc000-7f462c000000 rw-p 00136000 08:05 11412766                   /usr/lib/x86_64-linux-gnu/libX11.so.6.3.0
7f462c000000-7f462c021000 rw-p 00000000 00:00 0 
7f462c021000-7f4630000000 ---p 00000000 00:00 0 
7f4630000000-7f4630021000 rw-p 00000000 00:00 0 
7f4630021000-7f4634000000 ---p 00000000 00:00 0 
7f4634000000-7f4637a9c000 rw-p 00000000 00:00 0 
7f4637a9c000-7f4638000000 ---p 00000000 00:00 0 
7f4638000000-7f4638021000 rw-p 00000000 00:00 0 
7f4638021000-7f463c000000 ---p 00000000 00:00 0 
7f463c000000-7f463c2b7000 rw-p 00000000 00:00 0 
7f463c2b7000-7f4640000000 ---p 00000000 00:00 0 
7f4640000000-7f4640871000 rw-p 00000000 00:00 0 
7f4640871000-7f4644000000 ---p 00000000 00:00 0 
7f4644000000-7f4644021000 rw-p 00000000 00:00 0 
7f4644021000-7f4648000000 ---p 00000000 00:00 0 
7f4648000000-7f4648021000 rw-p 00000000 00:00 0 
7f4648021000-7f464c000000 ---p 00000000 00:00 0 
7f464c000000-7f464c02f000 rw-p 00000000 00:00 0 
7f464c02f000-7f4650000000 ---p 00000000 00:00 0 
7f4650000000-7f4650021000 rw-p 00000000 00:00 0 
7f4650021000-7f4654000000 ---p 00000000 00:00 0 
7f4654000000-7f4654022000 rw-p 00000000 00:00 0 
7f4654022000-7f4658000000 ---p 00000000 00:00 0 
7f4658009000-7f465800c000 ---p 00000000 00:00 0 
7f465800c000-7f465810a000 rw-p 00000000 00:00 0 
7f465810a000-7f4658113000 r-xp 00000000 08:05 11412803                   /usr/lib/x86_64-linux-gnu/libXrender.so.1.3.0
7f4658113000-7f4658312000 ---p 00009000 08:05 11412803                   /usr/lib/x86_64-linux-gnu/libXrender.so.1.3.0
7f4658312000-7f4658313000 r--p 00008000 08:05 11412803                   /usr/lib/x86_64-linux-gnu/libXrender.so.1.3.0
7f4658313000-7f4658314000 rw-p 00009000 08:05 11412803                   /usr/lib/x86_64-linux-gnu/libXrender.so.1.3.0
7f4658314000-7f4658325000 r-xp 00000000 08:05 11412783                   /usr/lib/x86_64-linux-gnu/libXext.so.6.4.0
7f4658325000-7f4658524000 ---p 00011000 08:05 11412783                   /usr/lib/x86_64-linux-gnu/libXext.so.6.4.0
7f4658524000-7f4658525000 r--p 00010000 08:05 11412783                   /usr/lib/x86_64-linux-gnu/libXext.so.6.4.0
7f4658525000-7f4658526000 rw-p 00011000 08:05 11412783                   /usr/lib/x86_64-linux-gnu/libXext.so.6.4.0
7f465852b000-7f4658532000 r--s 00000000 08:05 11802929                   /usr/lib/x86_64-linux-gnu/gconv/gconv-modules.cache
7f4658532000-7f4658539000 rw-s 2bbfe000 00:06 523                        /dev/nvidiactl
7f4658539000-7f465853a000 rw-s c0021000 00:06 533                        /dev/nvidia1
7f465853a000-7f465853b000 rw-s 06a92000 00:06 523                        /dev/nvidiactl
7f465853b000-7f465853c000 rw-s f3c0e000 00:06 533                        /dev/nvidia1
7f465853c000-7f465853d000 rw-s f3641000 00:06 533                        /dev/nvidia1
7f465853d000-7f465853e000 rw-s b6679000 00:06 523                        /dev/nvidiactl
7f465853e000-7f465853f000 rw-s 67fbc000 00:06 523                        /dev/nvidiactl
7f465853f000-7f4658541000 rw-s 00000000 08:05 11272415                   /tmp/.gluCRx4N (deleted)
7f4658541000-7f4658548000 rw-s 1e26d000 00:06 523                        /dev/nvidiactl
7f4658548000-7f4658549000 rw-s c001e000 00:06 533                        /dev/nvidia1
7f4658549000-7f465854a000 rw-s 2bbf7000 00:06 523                        /dev/nvidiactl
7f465854a000-7f465854e000 rw-s 54ac2000 00:06 523                        /dev/nvidiactl
7f465854e000-7f465854f000 rw-s f3c0c000 00:06 533                        /dev/nvidia1
7f465854f000-7f465856f000 rw-s 17d87000 00:06 523                        /dev/nvidiactl
7f465856f000-7f4658570000 rw-s f3641000 00:06 533                        /dev/nvidia1
7f4658570000-7f4658571000 rw-s b6679000 00:06 523                        /dev/nvidiactl
7f4658571000-7f4658572000 rw-s b660d000 00:06 523                        /dev/nvidiactl
7f4658572000-7f4658573000 rw-s f3060000 00:06 533                        /dev/nvidia1
7f4658573000-7f4658574000 rwxp 00000000 00:00 0 
7f4658574000-7f46585c8000 r-xp 00000000 08:05 2098448                    /usr/local/java/jdk1.8.0_141/jre/lib/amd64/libawt_xawt.so
7f46585c8000-7f46587c8000 ---p 00054000 08:05 2098448                    /usr/local/java/jdk1.8.0_141/jre/lib/amd64/libawt_xawt.so
7f46587c8000-7f46587cc000 rw-p 00054000 08:05 2098448                    /usr/local/java/jdk1.8.0_141/jre/lib/amd64/libawt_xawt.so
7f46587cc000-7f46587cd000 rw-p 00000000 00:00 0 
7f46587cd000-7f465886f000 r-xp 00000000 08:05 2098521                    /usr/local/java/jdk1.8.0_141/jre/lib/amd64/libawt.so
7f465886f000-7f4658a6f000 ---p 000a2000 08:05 2098521                    /usr/local/java/jdk1.8.0_141/jre/lib/amd64/libawt.so
7f4658a6f000-7f4658a7b000 rw-p 000a2000 08:05 2098521                    /usr/local/java/jdk1.8.0_141/jre/lib/amd64/libawt.so
7f4658a7b000-7f4658a9f000 rw-p 00000000 00:00 0 
7f4658a9f000-7f4658aa1000 r-xp 00000000 08:05 11272405                   /tmp/jogamp_0000/file_cache/jln8258882607043059630/jln9079063797888825999/natives/linux-amd64/libgluegen-rt.so
7f4658aa1000-7f4658ca0000 ---p 00002000 08:05 11272405                   /tmp/jogamp_0000/file_cache/jln8258882607043059630/jln9079063797888825999/natives/linux-amd64/libgluegen-rt.so
7f4658ca0000-7f4658ca1000 rw-p 00001000 08:05 11272405                   /tmp/jogamp_0000/file_cache/jln8258882607043059630/jln9079063797888825999/natives/linux-amd64/libgluegen-rt.so
7f4658ca1000-7f4658ca4000 ---p 00000000 00:00 0 
7f4658ca4000-7f4658da2000 rw-p 00000000 00:00 0 
7f4658da2000-7f4658db3000 r-xp 00000000 08:05 2098444                    /usr/local/java/jdk1.8.0_141/jre/lib/amd64/libnio.so
7f4658db3000-7f4658fb2000 ---p 00011000 08:05 2098444                    /usr/local/java/jdk1.8.0_141/jre/lib/amd64/libnio.so
7f4658fb2000-7f4658fb3000 rw-p 00010000 08:05 2098444                    /usr/local/java/jdk1.8.0_141/jre/lib/amd64/libnio.so
7f4658fb3000-7f46592b4000 rw-p 00000000 00:00 0 
7f46592b4000-7f46592ca000 r-xp 00000000 08:05 2097620                    /usr/local/java/jdk1.8.0_141/jre/lib/amd64/libnet.so
7f46592ca000-7f46594ca000 ---p 00016000 08:05 2097620                    /usr/local/java/jdk1.8.0_141/jre/lib/amd64/libnet.so
7f46594ca000-7f46594cb000 rw-p 00016000 08:05 2097620                    /usr/local/java/jdk1.8.0_141/jre/lib/amd64/libnet.so
7f46594cb000-7f46594ce000 ---p 00000000 00:00 0 
7f46594ce000-7f4659504000 rw-p 00000000 00:00 0 
7f4659504000-7f4659505000 r--p 00000000 00:00 0 
7f4659505000-7f465950a000 r--s 0009a000 08:05 1705440                    /usr/local/java/jdk1.8.0_141/jre/lib/jsse.jar
7f465950a000-7f465970a000 rw-p 00000000 00:00 0 
7f465970a000-7f465990a000 rw-p 00000000 00:00 0 
7f465990a000-7f4659925000 r--s 001d3000 08:05 2098552                    /usr/local/java/jdk1.8.0_141/jre/lib/ext/nashorn.jar
7f4659925000-7f4659941000 r--s 00393000 08:05 2098560                    /usr/local/java/jdk1.8.0_141/jre/lib/ext/cldrdata.jar
7f4659941000-7f465994b000 r--s 00116000 08:05 2098554                    /usr/local/java/jdk1.8.0_141/jre/lib/ext/localedata.jar
7f465994b000-7f465994d000 r--s 00015000 00:2b 8912938                    /home/gpaiva/Desktop/projects/code/git/Bitbucket/JOT/lib/Framework-Toolkit-Components-1.0.jar
7f465994d000-7f465994f000 r--s 0000d000 00:2b 8912936                    /home/gpaiva/Desktop/projects/code/git/Bitbucket/JOT/lib/Extension-Toolkit-Component-Physics-1.0.jar
7f465994f000-7f4659951000 r--s 00013000 00:2b 8912935                    /home/gpaiva/Desktop/projects/code/git/Bitbucket/JOT/lib/Extension-Toolkit-Component-Geometry-1.0.jar
7f4659951000-7f4659954000 r--s 0001a000 00:2b 8912937                    /home/gpaiva/Desktop/projects/code/git/Bitbucket/JOT/lib/Extension-Toolkit-Component-AI-1.0.jar
7f4659954000-7f4659956000 r--s 00020000 00:2b 8912928                    /home/gpaiva/Desktop/projects/code/git/Bitbucket/JOT/lib/Core-Toolkit-Components-1.0.jar
7f4659956000-7f4659a17000 r--s 00427000 00:2b 9705236                    /home/gpaiva/Desktop/projects/code/git/Bitbucket/JOT/lib/colladabeans-1.4.1.jar
7f4659a17000-7f4659a55000 r--s 0025d000 00:2b 9705202                    /home/gpaiva/Desktop/projects/code/git/Bitbucket/JOT/lib/xmlbeans-2.6.0/lib/xbean.jar
7f4659a55000-7f4659a79000 r--s 0031e000 00:2b 9702045                    /home/gpaiva/Desktop/projects/code/git/Bitbucket/JOT/lib/jogamp-all-platforms/jar/jogl-all.jar
7f4659a79000-7f4659a99000 r--s 002cd000 00:2b 9702051                    /home/gpaiva/Desktop/projects/code/git/Bitbucket/JOT/lib/jogamp-all-platforms/jar/jogl-all-noawt.jar
7f4659a99000-7f4659a9b000 r--s 00032000 00:2b 9702110                    /home/gpaiva/Desktop/projects/code/git/Bitbucket/JOT/lib/jogamp-all-platforms/jar/jogl-all-noawt-natives-windows-i586.jar
7f4659a9b000-7f4659a9c000 r--s 0003a000 00:2b 9702111                    /home/gpaiva/Desktop/projects/code/git/Bitbucket/JOT/lib/jogamp-all-platforms/jar/jogl-all-noawt-natives-windows-amd64.jar
7f4659a9c000-7f4659a9d000 r--s 0006c000 00:2b 9702161                    /home/gpaiva/Desktop/projects/code/git/Bitbucket/JOT/lib/jogamp-all-platforms/jar/jogl-all-noawt-natives-macosx-universal.jar
7f4659a9d000-7f4659a9f000 r--s 00034000 00:2b 9702083                    /home/gpaiva/Desktop/projects/code/git/Bitbucket/JOT/lib/jogamp-all-platforms/jar/jogl-all-noawt-natives-linux-i586.jar
7f4659a9f000-7f4659aa0000 r--s 00036000 00:2b 9702097                    /home/gpaiva/Desktop/projects/code/git/Bitbucket/JOT/lib/jogamp-all-platforms/jar/jogl-all-noawt-natives-linux-amd64.jar
7f4659aa0000-7f4659aa2000 r--s 00032000 00:2b 9702151                    /home/gpaiva/Desktop/projects/code/git/Bitbucket/JOT/lib/jogamp-all-platforms/jar/jogl-all-natives-windows-i586.jar
7f4659aa2000-7f4659aa3000 r--s 0003a000 00:2b 9702121                    /home/gpaiva/Desktop/projects/code/git/Bitbucket/JOT/lib/jogamp-all-platforms/jar/jogl-all-natives-windows-amd64.jar
7f4659aa3000-7f4659aa4000 r--s 0006c000 00:2b 9702135                    /home/gpaiva/Desktop/projects/code/git/Bitbucket/JOT/lib/jogamp-all-platforms/jar/jogl-all-natives-macosx-universal.jar
7f4659aa4000-7f4659aa6000 r--s 00034000 00:2b 9702071                    /home/gpaiva/Desktop/projects/code/git/Bitbucket/JOT/lib/jogamp-all-platforms/jar/jogl-all-natives-linux-i586.jar
7f4659aa6000-7f4659aa7000 r--s 00036000 00:2b 9702146                    /home/gpaiva/Desktop/projects/code/git/Bitbucket/JOT/lib/jogamp-all-platforms/jar/jogl-all-natives-linux-amd64.jar
7f4659aa7000-7f4659aac000 r--s 00031000 00:2b 9702043                    /home/gpaiva/Desktop/projects/code/git/Bitbucket/JOT/lib/jogamp-all-platforms/jar/jocl.jar
7f4659aac000-7f4659aad000 r--s 00003000 00:2b 9702070                    /home/gpaiva/Desktop/projects/code/git/Bitbucket/JOT/lib/jogamp-all-platforms/jar/jocl-natives-windows-i586.jar
7f4659aad000-7f4659aae000 r--s 00003000 00:2b 9702072                    /home/gpaiva/Desktop/projects/code/git/Bitbucket/JOT/lib/jogamp-all-platforms/jar/jocl-natives-windows-amd64.jar
7f4659aae000-7f4659aaf000 r--s 00005000 00:2b 9702149                    /home/gpaiva/Desktop/projects/code/git/Bitbucket/JOT/lib/jogamp-all-platforms/jar/jocl-natives-macosx-universal.jar
7f4659aaf000-7f4659ab0000 r--s 00002000 00:2b 9702061                    /home/gpaiva/Desktop/projects/code/git/Bitbucket/JOT/lib/jogamp-all-platforms/jar/jocl-natives-linux-i586.jar
7f4659ab0000-7f4659ab1000 r--s 00002000 00:2b 9702064                    /home/gpaiva/Desktop/projects/code/git/Bitbucket/JOT/lib/jogamp-all-platforms/jar/jocl-natives-linux-amd64.jar
7f4659ab1000-7f4659ab3000 r--s 0000f000 00:2b 9702042                    /home/gpaiva/Desktop/projects/code/git/Bitbucket/JOT/lib/jogamp-all-platforms/jar/joal.jar
7f4659ab3000-7f4659ab4000 r--s 0002b000 00:2b 9702068                    /home/gpaiva/Desktop/projects/code/git/Bitbucket/JOT/lib/jogamp-all-platforms/jar/joal-natives-windows-i586.jar
7f4659ab4000-7f4659abe000 r--s 000ca000 00:2b 9702047                    /home/gpaiva/Desktop/projects/code/git/Bitbucket/JOT/lib/jogamp-all-platforms/jar/gluegen.jar
7f4659abe000-7f4659ae5000 r--s 001f6000 00:2b 9705159                    /home/gpaiva/Desktop/projects/code/git/Bitbucket/JOT/lib/commons-math/commons-math3-3.6.1.jar
7f4659ae5000-7f4659ae6000 ---p 00000000 00:00 0 
7f4659ae6000-7f4659be6000 rw-p 00000000 00:00 0 
7f4659be6000-7f4659be9000 ---p 00000000 00:00 0 
7f4659be9000-7f4659ce7000 rw-p 00000000 00:00 0 
7f4659ce7000-7f4659cea000 ---p 00000000 00:00 0 
7f4659cea000-7f4659de8000 rw-p 00000000 00:00 0 
7f4659de8000-7f4659deb000 ---p 00000000 00:00 0 
7f4659deb000-7f4659ee9000 rw-p 00000000 00:00 0 
7f4659ee9000-7f4659eec000 ---p 00000000 00:00 0 
7f4659eec000-7f4659fea000 rw-p 00000000 00:00 0 
7f4659fea000-7f465a2c4000 r--p 00000000 08:05 11403624                   /usr/lib/locale/locale-archive
7f465a2c4000-7f465a2c7000 ---p 00000000 00:00 0 
7f465a2c7000-7f465a3c5000 rw-p 00000000 00:00 0 
7f465a3c5000-7f465a3c8000 ---p 00000000 00:00 0 
7f465a3c8000-7f465a4c6000 rw-p 00000000 00:00 0 
7f465a4c6000-7f465a4c7000 ---p 00000000 00:00 0 
7f465a4c7000-7f465aed0000 rw-p 00000000 00:00 0 
7f465aed0000-7f465b0aa000 r--s 03d4d000 08:05 1705459                    /usr/local/java/jdk1.8.0_141/jre/lib/rt.jar
7f465b0aa000-7f465d000000 rw-p 00000000 00:00 0 
7f465d000000-7f465da70000 rwxp 00000000 00:00 0 
7f465da70000-7f466c000000 ---p 00000000 00:00 0 
7f466c000000-7f466cbdd000 rw-p 00000000 00:00 0 
7f466cbdd000-7f4670000000 ---p 00000000 00:00 0 
7f4670000000-7f4670001000 r--s 0002d000 00:2b 9702077                    /home/gpaiva/Desktop/projects/code/git/Bitbucket/JOT/lib/jogamp-all-platforms/jar/joal-natives-windows-amd64.jar
7f4670001000-7f4670002000 r--s 00057000 00:2b 9702148                    /home/gpaiva/Desktop/projects/code/git/Bitbucket/JOT/lib/jogamp-all-platforms/jar/joal-natives-macosx-universal.jar
7f4670002000-7f4670003000 r--s 00030000 00:2b 9702060                    /home/gpaiva/Desktop/projects/code/git/Bitbucket/JOT/lib/jogamp-all-platforms/jar/joal-natives-linux-i586.jar
7f4670003000-7f4670009000 r--s 0004f000 00:2b 9702044                    /home/gpaiva/Desktop/projects/code/git/Bitbucket/JOT/lib/jogamp-all-platforms/jar/gluegen-rt.jar
7f4670009000-7f4670a5a000 rw-p 00000000 00:00 0 
7f4670a5a000-7f4670a5b000 ---p 00000000 00:00 0 
7f4670a5b000-7f4670b5b000 rw-p 00000000 00:00 0 
7f4670b5b000-7f4670b5c000 ---p 00000000 00:00 0 
7f4670b5c000-7f4670c78000 rw-p 00000000 00:00 0 
7f4670c78000-7f4670da6000 ---p 00000000 00:00 0 
7f4670da6000-7f4670dc2000 rw-p 00000000 00:00 0 
7f4670dc2000-7f4670eef000 ---p 00000000 00:00 0 
7f4670eef000-7f4670f58000 rw-p 00000000 00:00 0 
7f4670f58000-7f4670f94000 ---p 00000000 00:00 0 
7f4670f94000-7f4670fbf000 rw-p 00000000 00:00 0 
7f4670fbf000-7f4671355000 ---p 00000000 00:00 0 
7f4671355000-7f467136f000 r-xp 00000000 08:05 2098437                    /usr/local/java/jdk1.8.0_141/jre/lib/amd64/libzip.so
7f467136f000-7f467156f000 ---p 0001a000 08:05 2098437                    /usr/local/java/jdk1.8.0_141/jre/lib/amd64/libzip.so
7f467156f000-7f4671570000 rw-p 0001a000 08:05 2098437                    /usr/local/java/jdk1.8.0_141/jre/lib/amd64/libzip.so
7f4671570000-7f467157b000 r-xp 00000000 08:05 1836624                    /lib/x86_64-linux-gnu/libnss_files-2.23.so
7f467157b000-7f467177a000 ---p 0000b000 08:05 1836624                    /lib/x86_64-linux-gnu/libnss_files-2.23.so
7f467177a000-7f467177b000 r--p 0000a000 08:05 1836624                    /lib/x86_64-linux-gnu/libnss_files-2.23.so
7f467177b000-7f467177c000 rw-p 0000b000 08:05 1836624                    /lib/x86_64-linux-gnu/libnss_files-2.23.so
7f467177c000-7f4671782000 rw-p 00000000 00:00 0 
7f4671782000-7f467178d000 r-xp 00000000 08:05 1836638                    /lib/x86_64-linux-gnu/libnss_nis-2.23.so
7f467178d000-7f467198c000 ---p 0000b000 08:05 1836638                    /lib/x86_64-linux-gnu/libnss_nis-2.23.so
7f467198c000-7f467198d000 r--p 0000a000 08:05 1836638                    /lib/x86_64-linux-gnu/libnss_nis-2.23.so
7f467198d000-7f467198e000 rw-p 0000b000 08:05 1836638                    /lib/x86_64-linux-gnu/libnss_nis-2.23.so
7f467198e000-7f46719a4000 r-xp 00000000 08:05 1835387                    /lib/x86_64-linux-gnu/libnsl-2.23.so
7f46719a4000-7f4671ba3000 ---p 00016000 08:05 1835387                    /lib/x86_64-linux-gnu/libnsl-2.23.so
7f4671ba3000-7f4671ba4000 r--p 00015000 08:05 1835387                    /lib/x86_64-linux-gnu/libnsl-2.23.so
7f4671ba4000-7f4671ba5000 rw-p 00016000 08:05 1835387                    /lib/x86_64-linux-gnu/libnsl-2.23.so
7f4671ba5000-7f4671ba7000 rw-p 00000000 00:00 0 
7f4671ba7000-7f4671baf000 r-xp 00000000 08:05 1836649                    /lib/x86_64-linux-gnu/libnss_compat-2.23.so
7f4671baf000-7f4671dae000 ---p 00008000 08:05 1836649                    /lib/x86_64-linux-gnu/libnss_compat-2.23.so
7f4671dae000-7f4671daf000 r--p 00007000 08:05 1836649                    /lib/x86_64-linux-gnu/libnss_compat-2.23.so
7f4671daf000-7f4671db0000 rw-p 00008000 08:05 1836649                    /lib/x86_64-linux-gnu/libnss_compat-2.23.so
7f4671db0000-7f4671ddb000 r-xp 00000000 08:05 2098501                    /usr/local/java/jdk1.8.0_141/jre/lib/amd64/libjava.so
7f4671ddb000-7f4671fda000 ---p 0002b000 08:05 2098501                    /usr/local/java/jdk1.8.0_141/jre/lib/amd64/libjava.so
7f4671fda000-7f4671fdc000 rw-p 0002a000 08:05 2098501                    /usr/local/java/jdk1.8.0_141/jre/lib/amd64/libjava.so
7f4671fdc000-7f4671fe9000 r-xp 00000000 08:05 2097831                    /usr/local/java/jdk1.8.0_141/jre/lib/amd64/libverify.so
7f4671fe9000-7f46721e9000 ---p 0000d000 08:05 2097831                    /usr/local/java/jdk1.8.0_141/jre/lib/amd64/libverify.so
7f46721e9000-7f46721eb000 rw-p 0000d000 08:05 2097831                    /usr/local/java/jdk1.8.0_141/jre/lib/amd64/libverify.so
7f46721eb000-7f46721f2000 r-xp 00000000 08:05 1836644                    /lib/x86_64-linux-gnu/librt-2.23.so
7f46721f2000-7f46723f1000 ---p 00007000 08:05 1836644                    /lib/x86_64-linux-gnu/librt-2.23.so
7f46723f1000-7f46723f2000 r--p 00006000 08:05 1836644                    /lib/x86_64-linux-gnu/librt-2.23.so
7f46723f2000-7f46723f3000 rw-p 00007000 08:05 1836644                    /lib/x86_64-linux-gnu/librt-2.23.so
7f46723f3000-7f46724fb000 r-xp 00000000 08:05 1836659                    /lib/x86_64-linux-gnu/libm-2.23.so
7f46724fb000-7f46726fa000 ---p 00108000 08:05 1836659                    /lib/x86_64-linux-gnu/libm-2.23.so
7f46726fa000-7f46726fb000 r--p 00107000 08:05 1836659                    /lib/x86_64-linux-gnu/libm-2.23.so
7f46726fb000-7f46726fc000 rw-p 00108000 08:05 1836659                    /lib/x86_64-linux-gnu/libm-2.23.so
7f46726fc000-7f46733cf000 r-xp 00000000 08:05 2098509                    /usr/local/java/jdk1.8.0_141/jre/lib/amd64/server/libjvm.so
7f46733cf000-7f46735ce000 ---p 00cd3000 08:05 2098509                    /usr/local/java/jdk1.8.0_141/jre/lib/amd64/server/libjvm.so
7f46735ce000-7f46736a8000 rw-p 00cd2000 08:05 2098509                    /usr/local/java/jdk1.8.0_141/jre/lib/amd64/server/libjvm.so
7f46736a8000-7f46736f3000 rw-p 00000000 00:00 0 
7f46736f3000-7f46738b3000 r-xp 00000000 08:05 1836669                    /lib/x86_64-linux-gnu/libc-2.23.so
7f46738b3000-7f4673ab3000 ---p 001c0000 08:05 1836669                    /lib/x86_64-linux-gnu/libc-2.23.so
7f4673ab3000-7f4673ab7000 r--p 001c0000 08:05 1836669                    /lib/x86_64-linux-gnu/libc-2.23.so
7f4673ab7000-7f4673ab9000 rw-p 001c4000 08:05 1836669                    /lib/x86_64-linux-gnu/libc-2.23.so
7f4673ab9000-7f4673abd000 rw-p 00000000 00:00 0 
7f4673abd000-7f4673ac0000 r-xp 00000000 08:05 1836648                    /lib/x86_64-linux-gnu/libdl-2.23.so
7f4673ac0000-7f4673cbf000 ---p 00003000 08:05 1836648                    /lib/x86_64-linux-gnu/libdl-2.23.so
7f4673cbf000-7f4673cc0000 r--p 00002000 08:05 1836648                    /lib/x86_64-linux-gnu/libdl-2.23.so
7f4673cc0000-7f4673cc1000 rw-p 00003000 08:05 1836648                    /lib/x86_64-linux-gnu/libdl-2.23.so
7f4673cc1000-7f4673cd6000 r-xp 00000000 08:05 1584584                    /usr/local/java/jdk1.8.0_141/lib/amd64/jli/libjli.so
7f4673cd6000-7f4673ed6000 ---p 00015000 08:05 1584584                    /usr/local/java/jdk1.8.0_141/lib/amd64/jli/libjli.so
7f4673ed6000-7f4673ed7000 rw-p 00015000 08:05 1584584                    /usr/local/java/jdk1.8.0_141/lib/amd64/jli/libjli.so
7f4673ed7000-7f4673eef000 r-xp 00000000 08:05 1836636                    /lib/x86_64-linux-gnu/libpthread-2.23.so
7f4673eef000-7f46740ee000 ---p 00018000 08:05 1836636                    /lib/x86_64-linux-gnu/libpthread-2.23.so
7f46740ee000-7f46740ef000 r--p 00017000 08:05 1836636                    /lib/x86_64-linux-gnu/libpthread-2.23.so
7f46740ef000-7f46740f0000 rw-p 00018000 08:05 1836636                    /lib/x86_64-linux-gnu/libpthread-2.23.so
7f46740f0000-7f46740f4000 rw-p 00000000 00:00 0 
7f46740f4000-7f467411a000 r-xp 00000000 08:05 1835389                    /lib/x86_64-linux-gnu/ld-2.23.so
7f467411a000-7f46741c4000 rw-p 00000000 00:00 0 
7f46741c4000-7f46741c7000 ---p 00000000 00:00 0 
7f46741c7000-7f46742c9000 rw-p 00000000 00:00 0 
7f46742c9000-7f46742ca000 r--s 0002e000 00:2b 9702062                    /home/gpaiva/Desktop/projects/code/git/Bitbucket/JOT/lib/jogamp-all-platforms/jar/joal-natives-linux-amd64.jar
7f46742ca000-7f46742cb000 r--s 00001000 00:2b 9702125                    /home/gpaiva/Desktop/projects/code/git/Bitbucket/JOT/lib/jogamp-all-platforms/jar/gluegen-rt-natives-windows-i586.jar
7f46742cb000-7f46742cc000 r--s 00001000 00:2b 9702129                    /home/gpaiva/Desktop/projects/code/git/Bitbucket/JOT/lib/jogamp-all-platforms/jar/gluegen-rt-natives-windows-amd64.jar
7f46742cc000-7f46742cd000 r--s 00001000 00:2b 9702099                    /home/gpaiva/Desktop/projects/code/git/Bitbucket/JOT/lib/jogamp-all-platforms/jar/gluegen-rt-natives-macosx-universal.jar
7f46742cd000-7f46742cf000 r--s 00000000 00:2b 9702147                    /home/gpaiva/Desktop/projects/code/git/Bitbucket/JOT/lib/jogamp-all-platforms/jar/gluegen-rt-natives-linux-i586.jar
7f46742cf000-7f46742d1000 r--s 00000000 00:2b 9702116                    /home/gpaiva/Desktop/projects/code/git/Bitbucket/JOT/lib/jogamp-all-platforms/jar/gluegen-rt-natives-linux-amd64.jar
7f46742d1000-7f467430d000 rw-p 00000000 00:00 0 
7f467430d000-7f4674315000 rw-s 00000000 08:05 11272400                   /tmp/hsperfdata_gpaiva/9939
7f4674315000-7f4674316000 rw-p 00000000 00:00 0 
7f4674316000-7f4674317000 r--p 00000000 00:00 0 
7f4674317000-7f4674319000 rw-p 00000000 00:00 0 
7f4674319000-7f467431a000 r--p 00025000 08:05 1835389                    /lib/x86_64-linux-gnu/ld-2.23.so
7f467431a000-7f467431b000 rw-p 00026000 08:05 1835389                    /lib/x86_64-linux-gnu/ld-2.23.so
7f467431b000-7f467431c000 rw-p 00000000 00:00 0 
7fff7212a000-7fff7214c000 rw-p 00000000 00:00 0                          [stack]
7fff721d9000-7fff721db000 r--p 00000000 00:00 0                          [vvar]
7fff721db000-7fff721dd000 r-xp 00000000 00:00 0                          [vdso]
ffffffffff600000-ffffffffff601000 r-xp 00000000 00:00 0                  [vsyscall]

VM Arguments:
jvm_args: -Dfile.encoding=UTF-8 -Djava.util.logging.SimpleFormatter.format=%5$s%6$s%n 
java_command: jot.demo.gui.GameMain pires
java_class_path (initial): /home/gpaiva/Desktop/projects/code/git/Bitbucket/JOT/lib/commons-math/commons-math3-3.6.1.jar:/home/gpaiva/Desktop/projects/code/git/Bitbucket/JOT/lib/jogamp-all-platforms/jar/gluegen-rt-natives-linux-amd64.jar:/home/gpaiva/Desktop/projects/code/git/Bitbucket/JOT/lib/jogamp-all-platforms/jar/gluegen-rt-natives-linux-i586.jar:/home/gpaiva/Desktop/projects/code/git/Bitbucket/JOT/lib/jogamp-all-platforms/jar/gluegen-rt-natives-macosx-universal.jar:/home/gpaiva/Desktop/projects/code/git/Bitbucket/JOT/lib/jogamp-all-platforms/jar/gluegen-rt-natives-windows-amd64.jar:/home/gpaiva/Desktop/projects/code/git/Bitbucket/JOT/lib/jogamp-all-platforms/jar/gluegen-rt-natives-windows-i586.jar:/home/gpaiva/Desktop/projects/code/git/Bitbucket/JOT/lib/jogamp-all-platforms/jar/gluegen-rt.jar:/home/gpaiva/Desktop/projects/code/git/Bitbucket/JOT/lib/jogamp-all-platforms/jar/gluegen.jar:/home/gpaiva/Desktop/projects/code/git/Bitbucket/JOT/lib/jogamp-all-platforms/jar/joal-natives-linux-amd64.jar:/home/gpaiva/Desktop/projects/code/git/Bitbucket/JOT/lib/jogamp-all-platforms/jar/joal-natives-linux-i586.jar:/home/gpaiva/Desktop/projects/code/git/Bitbucket/JOT/lib/jogamp-all-platforms/jar/joal-natives-macosx-universal.jar:/home/gpaiva/Desktop/projects/code/git/Bitbucket/JOT/lib/jogamp-all-platforms/jar/joal-natives-windows-amd64.jar:/home/gpaiva/Desktop/projects/code/git/Bitbucket/JOT/lib/jogamp-all-platforms/jar/joal-natives-windows-i586.jar:/home/gpaiva/Desktop/projects/code/git/Bitbucket/JOT/lib/jogamp-all-platforms/jar/joal.jar:/home/gpaiva/Desktop/projects/code/git/Bitbucket/JOT/lib/jogamp-all-platforms/jar/jocl-natives-linux-amd64.jar:/home/gpaiva/Desktop/projects/code/git/Bitbucket/JOT/lib/jogamp-all-platforms/jar/jocl-natives-linux-i586.jar:/home/gpaiva/Desktop/projects/code/git/Bitbucket/JOT/lib/jogamp-all-platforms/jar/jocl-natives-macosx-universal.jar:/home/gpaiva/Desktop/projects/code/git/Bitbucket/JOT/lib/jogamp-all-platforms/jar/jocl-natives-windows-a
Launcher Type: SUN_STANDARD

Environment Variables:
JAVA_HOME=/usr/local/java/jdk1.8.0_131
JRE_HOME=/usr/local/java/jre1.8.0_131
PATH=/home/gpaiva/bin:/home/gpaiva/.local/bin:/usr/local/sbin:/usr/local/bin:/usr/sbin:/usr/bin:/sbin:/bin:/usr/games:/usr/local/games:/home/gpaiva/omnetpp-5.1/bin:/home/gpaiva/bin:/usr/local/java/jdk1.8.0_131/bin:/home/gpaiva/bin:/usr/local/java/jre1.8.0_131/bin
LD_LIBRARY_PATH=/usr/local/java/jdk1.8.0_141/jre/lib/amd64:/usr/local/java/jdk1.8.0_141/jre/lib/i386:
SHELL=/bin/bash
DISPLAY=:0

Signal Handlers:
SIGSEGV: [libjvm.so+0xacba10], sa_mask[0]=11111111011111111101111111111110, sa_flags=SA_RESTART|SA_SIGINFO
SIGBUS: [libjvm.so+0xacba10], sa_mask[0]=11111111011111111101111111111110, sa_flags=SA_RESTART|SA_SIGINFO
SIGFPE: [libjvm.so+0x924ba0], sa_mask[0]=11111111011111111101111111111110, sa_flags=SA_RESTART|SA_SIGINFO
SIGPIPE: [libjvm.so+0x924ba0], sa_mask[0]=11111111011111111101111111111110, sa_flags=SA_RESTART|SA_SIGINFO
SIGXFSZ: [libjvm.so+0x924ba0], sa_mask[0]=11111111011111111101111111111110, sa_flags=SA_RESTART|SA_SIGINFO
SIGILL: [libjvm.so+0x924ba0], sa_mask[0]=11111111011111111101111111111110, sa_flags=SA_RESTART|SA_SIGINFO
SIGUSR1: SIG_DFL, sa_mask[0]=00000000000000000000000000000000, sa_flags=none
SIGUSR2: [libjvm.so+0x9263e0], sa_mask[0]=00100000000000000000000000000000, sa_flags=SA_RESTART|SA_SIGINFO
SIGHUP: [libjvm.so+0x9277e0], sa_mask[0]=11111111011111111101111111111110, sa_flags=SA_RESTART|SA_SIGINFO
SIGINT: SIG_IGN, sa_mask[0]=00000000000000000000000000000000, sa_flags=none
SIGTERM: [libjvm.so+0x9277e0], sa_mask[0]=11111111011111111101111111111110, sa_flags=SA_RESTART|SA_SIGINFO
SIGQUIT: [libjvm.so+0x9277e0], sa_mask[0]=11111111011111111101111111111110, sa_flags=SA_RESTART|SA_SIGINFO


---------------  S Y S T E M  ---------------

OS:DISTRIB_ID=LinuxMint
DISTRIB_RELEASE=18.2
DISTRIB_CODENAME=sonya
DISTRIB_DESCRIPTION="Linux Mint 18.2 Sonya"

uname:Linux 4.4.0-83-generic #106-Ubuntu SMP Mon Jun 26 17:54:43 UTC 2017 x86_64
libc:glibc 2.23 NPTL 2.23 
rlimit: STACK 8192k, CORE 0k, NPROC 15636, NOFILE 65536, AS infinity
load average:1,73 2,00 1,84

/proc/meminfo:
MemTotal:        4045364 kB
MemFree:          145592 kB
MemAvailable:     325060 kB
Buffers:           34376 kB
Cached:           362048 kB
SwapCached:        59076 kB
Active:          2520328 kB
Inactive:         998692 kB
Active(anon):    2300276 kB
Inactive(anon):   865116 kB
Active(file):     220052 kB
Inactive(file):   133576 kB
Unevictable:          48 kB
Mlocked:              48 kB
SwapTotal:       3998204 kB
SwapFree:        2681624 kB
Dirty:              2028 kB
Writeback:             0 kB
AnonPages:       3116084 kB
Mapped:           282896 kB
Shmem:             42820 kB
Slab:             127820 kB
SReclaimable:      62020 kB
SUnreclaim:        65800 kB
KernelStack:       11888 kB
PageTables:        51956 kB
NFS_Unstable:          0 kB
Bounce:                0 kB
WritebackTmp:          0 kB
CommitLimit:     6020884 kB
Committed_AS:    9122656 kB
VmallocTotal:   34359738367 kB
VmallocUsed:           0 kB
VmallocChunk:          0 kB
HardwareCorrupted:     0 kB
AnonHugePages:    935936 kB
CmaTotal:              0 kB
CmaFree:               0 kB
HugePages_Total:       0
HugePages_Free:        0
HugePages_Rsvd:        0
HugePages_Surp:        0
Hugepagesize:       2048 kB
DirectMap4k:     1903424 kB
DirectMap2M:     2289664 kB


CPU:total 2 (initial active 2) (2 cores per cpu, 1 threads per core) family 6 model 23 stepping 6, cmov, cx8, fxsr, mmx, sse, sse2, sse3, ssse3, sse4.1, tsc

/proc/cpuinfo:
processor	: 0
vendor_id	: GenuineIntel
cpu family	: 6
model		: 23
model name	: Intel(R) Core(TM)2 Duo CPU     T9300  @ 2.50GHz
stepping	: 6
microcode	: 0x60c
cpu MHz		: 2401.000
cache size	: 6144 KB
physical id	: 0
siblings	: 2
core id		: 0
cpu cores	: 2
apicid		: 0
initial apicid	: 0
fpu		: yes
fpu_exception	: yes
cpuid level	: 10
wp		: yes
flags		: fpu vme de pse tsc msr pae mce cx8 apic sep mtrr pge mca cmov pat pse36 clflush dts acpi mmx fxsr sse sse2 ss ht tm pbe syscall nx lm constant_tsc arch_perfmon pebs bts rep_good nopl aperfmperf pni dtes64 monitor ds_cpl vmx est tm2 ssse3 cx16 xtpr pdcm sse4_1 lahf_lm tpr_shadow vnmi flexpriority dtherm ida
bugs		:
bogomips	: 4987.79
clflush size	: 64
cache_alignment	: 64
address sizes	: 36 bits physical, 48 bits virtual
power management:

processor	: 1
vendor_id	: GenuineIntel
cpu family	: 6
model		: 23
model name	: Intel(R) Core(TM)2 Duo CPU     T9300  @ 2.50GHz
stepping	: 6
microcode	: 0x60c
cpu MHz		: 2400.000
cache size	: 6144 KB
physical id	: 0
siblings	: 2
core id		: 1
cpu cores	: 2
apicid		: 1
initial apicid	: 1
fpu		: yes
fpu_exception	: yes
cpuid level	: 10
wp		: yes
flags		: fpu vme de pse tsc msr pae mce cx8 apic sep mtrr pge mca cmov pat pse36 clflush dts acpi mmx fxsr sse sse2 ss ht tm pbe syscall nx lm constant_tsc arch_perfmon pebs bts rep_good nopl aperfmperf pni dtes64 monitor ds_cpl vmx est tm2 ssse3 cx16 xtpr pdcm sse4_1 lahf_lm tpr_shadow vnmi flexpriority dtherm ida
bugs		:
bogomips	: 4987.79
clflush size	: 64
cache_alignment	: 64
address sizes	: 36 bits physical, 48 bits virtual
power management:



Memory: 4k page, physical 4045364k(145592k free), swap 3998204k(2681624k free)

vm_info: Java HotSpot(TM) 64-Bit Server VM (25.141-b15) for linux-amd64 JRE (1.8.0_141-b15), built on Jul 12 2017 04:21:34 by "java_re" with gcc 4.3.0 20080428 (Red Hat 4.3.0-8)

time: Sun Jul 23 23:58:05 2017
elapsed time: 12 seconds (0d 0h 0m 12s)

