#
# A fatal error has been detected by the Java Runtime Environment:
#
#  SIGSEGV (0xb) at pc=0x00007f967c1eabc9, pid=9800, tid=0x00007f96506df700
#
# JRE version: Java(TM) SE Runtime Environment (8.0_141-b15) (build 1.8.0_141-b15)
# Java VM: Java HotSpot(TM) 64-Bit Server VM (25.141-b15 mixed mode linux-amd64 compressed oops)
# Problematic frame:
# C  [libGL.so.1+0xd7bc9]
#
# Failed to write core dump. Core dumps have been disabled. To enable core dumping, try "ulimit -c unlimited" before starting Java again
#
# If you would like to submit a bug report, please visit:
#   http://bugreport.java.com/bugreport/crash.jsp
# The crash happened outside the Java Virtual Machine in native code.
# See problematic frame for where to report the bug.
#

---------------  T H R E A D  ---------------

Current thread (0x00007f9680459000):  JavaThread "Thread-3" [_thread_in_native, id=9867, stack(0x00007f96505df000,0x00007f96506e0000)]

siginfo: si_signo: 11 (SIGSEGV), si_code: 1 (SEGV_MAPERR), si_addr: 0x00000000000008b8

Registers:
RAX=0x0000000000000000, RBX=0x00007f967c676438, RCX=0x00000000f2953b88, RDX=0x0000000000000001
RSP=0x00007f96506de2f8, RBP=0x00007f96506de340, RSI=0x00000000f2953b88, RDI=0x0000000000000001
R8 =0x0000000000000001, R9 =0x0000000000000000, R10=0x00007f96a8dfa548, R11=0x00007f96bdb89fa0
R12=0x0000000000000000, R13=0x00007f967c676438, R14=0x00007f96506de418, R15=0x00007f9680459000
RIP=0x00007f967c1eabc9, EFLAGS=0x0000000000010246, CSGSFS=0x0000000000000033, ERR=0x0000000000000004
  TRAPNO=0x000000000000000e

Top of Stack: (sp=0x00007f96506de2f8)
0x00007f96506de2f8:   00007f9668f8f1fd 00007f9680459000
0x00007f96506de308:   00007f0080459000 00007f96506de408
0x00007f96506de318:   0000000100000000 00007f96506de418
0x00007f96506de328:   00007f96804591f8 00007f967c1eabc0
0x00007f96506de338:   00000000f2953b88 00007f96506de3c8
0x00007f96506de348:   00007f96a8dfa574 00007f967c1eabc0
0x00007f96506de358:   00007f9680459000 00007f967c676438
0x00007f96506de368:   0000000000000000 00007f96506de3c8
0x00007f96506de378:   00007f96a8dfa307 00007f96a8dfa2c2
0x00007f96506de388:   00007f96506de388 00007f967c676438
0x00007f96506de398:   00007f96506de418 00007f967c76f028
0x00007f96506de3a8:   0000000000000000 00007f967c676438
0x00007f96506de3b8:   0000000000000000 00007f96506de3e8
0x00007f96506de3c8:   00007f96506de460 00007f96a8decffd
0x00007f96506de3d8:   0000000000000000 00007f96a8df6278
0x00007f96506de3e8:   00007f967c1eabc0 00007f96506de498
0x00007f96506de3f8:   0000000000000000 0000000000000000
0x00007f96506de408:   00000000f2953b78 0000000000000001
0x00007f96506de418:   00000000c28c66a0 00007f96506de420
0x00007f96506de428:   00007f967c67653b 00007f96506de498
0x00007f96506de438:   00007f967c76f028 0000000000000000
0x00007f96506de448:   00007f967c676550 00007f96506de3e8
0x00007f96506de458:   00007f96506de480 00007f96506de4e0
0x00007f96506de468:   00007f96a8ded042 00007f967c1eabc0
0x00007f96506de478:   0000000000000000 0000000000000000
0x00007f96506de488:   00000000f2953b78 0000000000000001
0x00007f96506de498:   00000000c28c66a0 00007f96506de4a0
0x00007f96506de4a8:   00007f9650f1c65d 00007f96506de4f8
0x00007f96506de4b8:   00007f9650f1ea58 00007f964fcd9168
0x00007f96506de4c8:   00007f9650f1c678 00007f96506de480
0x00007f96506de4d8:   00007f96506de4f0 00007f96506de540
0x00007f96506de4e8:   00007f96a8decffd 00000000c28c66a0 

Instructions: (pc=0x00007f967c1eabc9)
0x00007f967c1eaba9:   00 0f 1f 80 00 00 00 00 66 66 66 66 66 66 2e 0f
0x00007f967c1eabb9:   1f 84 00 00 00 00 00 64 48 8b 04 25 78 ff ff ff
0x00007f967c1eabc9:   ff a0 b8 08 00 00 cc cc cc cc cc cc cc cc cc cc
0x00007f967c1eabd9:   cc cc cc cc cc cc cc 1b 4c 01 d8 ff a0 b8 08 00 

Register to memory mapping:

RAX=0x0000000000000000 is an unknown value
RBX={method} {0x00007f967c676438} 'dispatch_glDeleteTextures1' '(ILjava/lang/Object;IZJ)V' in 'jogamp/opengl/gl4/GL4bcImpl'
RCX=0x00000000f2953b88 is an oop

[error occurred during error reporting (printing register info), id 0xb]

Stack: [0x00007f96505df000,0x00007f96506e0000],  sp=0x00007f96506de2f8,  free space=1020k
Native frames: (J=compiled Java code, j=interpreted, Vv=VM code, C=native code)
C  [libGL.so.1+0xd7bc9]
j  jogamp.opengl.gl4.GL4bcImpl.dispatch_glDeleteTextures1(ILjava/lang/Object;IZJ)V+0
j  jogamp.opengl.gl4.GL4bcImpl.glDeleteTextures(I[II)V+107
j  com.jogamp.opengl.util.texture.Texture.destroy(Lcom/jogamp/opengl/GL;)V+21
j  jot.manager.SceneManager.lambda$dispose$0(Lcom/jogamp/opengl/GL2;Lcom/jogamp/opengl/util/texture/Texture;)V+2
j  jot.manager.SceneManager$$Lambda$37.accept(Ljava/lang/Object;)V+8
j  java.util.concurrent.ConcurrentHashMap$ValueSpliterator.forEachRemaining(Ljava/util/function/Consumer;)V+26
J 3036 C2 java.util.stream.ReferencePipeline$Head.forEach(Ljava/util/function/Consumer;)V (26 bytes) @ 0x00007f96a985970c [0x00007f96a9859680+0x8c]
j  jot.manager.SceneManager.dispose(Lcom/jogamp/opengl/GL2;)V+17
j  jot.gui.Game.lambda$gameShutdown$0()V+29
j  jot.gui.Game$$Lambda$36.run()V+4
j  java.lang.Thread.run()V+11
v  ~StubRoutines::call_stub
V  [libjvm.so+0x693e96]  JavaCalls::call_helper(JavaValue*, methodHandle*, JavaCallArguments*, Thread*)+0x1056
V  [libjvm.so+0x6943a1]  JavaCalls::call_virtual(JavaValue*, KlassHandle, Symbol*, Symbol*, JavaCallArguments*, Thread*)+0x321
V  [libjvm.so+0x694847]  JavaCalls::call_virtual(JavaValue*, Handle, KlassHandle, Symbol*, Symbol*, Thread*)+0x47
V  [libjvm.so+0x72fbd0]  thread_entry(JavaThread*, Thread*)+0xa0
V  [libjvm.so+0xa79753]  JavaThread::thread_main_inner()+0x103
V  [libjvm.so+0xa7989c]  JavaThread::run()+0x11c
V  [libjvm.so+0x92a338]  java_start(Thread*)+0x108
C  [libpthread.so.0+0x76ba]  start_thread+0xca

Java frames: (J=compiled Java code, j=interpreted, Vv=VM code)
j  jogamp.opengl.gl4.GL4bcImpl.dispatch_glDeleteTextures1(ILjava/lang/Object;IZJ)V+0
j  jogamp.opengl.gl4.GL4bcImpl.glDeleteTextures(I[II)V+107
j  com.jogamp.opengl.util.texture.Texture.destroy(Lcom/jogamp/opengl/GL;)V+21
j  jot.manager.SceneManager.lambda$dispose$0(Lcom/jogamp/opengl/GL2;Lcom/jogamp/opengl/util/texture/Texture;)V+2
j  jot.manager.SceneManager$$Lambda$37.accept(Ljava/lang/Object;)V+8
j  java.util.concurrent.ConcurrentHashMap$ValueSpliterator.forEachRemaining(Ljava/util/function/Consumer;)V+26
J 3036 C2 java.util.stream.ReferencePipeline$Head.forEach(Ljava/util/function/Consumer;)V (26 bytes) @ 0x00007f96a985970c [0x00007f96a9859680+0x8c]
j  jot.manager.SceneManager.dispose(Lcom/jogamp/opengl/GL2;)V+17
j  jot.gui.Game.lambda$gameShutdown$0()V+29
j  jot.gui.Game$$Lambda$36.run()V+4
j  java.lang.Thread.run()V+11
v  ~StubRoutines::call_stub

---------------  P R O C E S S  ---------------

Java Threads: ( => current thread )
=>0x00007f9680459000 JavaThread "Thread-3" [_thread_in_native, id=9867, stack(0x00007f96505df000,0x00007f96506e0000)]
  0x00007f96b800c000 JavaThread "DestroyJavaVM" [_thread_blocked, id=9804, stack(0x00007f96bec8a000,0x00007f96bed8b000)]
  0x00007f96b8799000 JavaThread "main-Display-.x11_:0-1-EDT-1" daemon [_thread_blocked, id=9837, stack(0x00007f967ca66000,0x00007f967cb67000)]
  0x00007f96b8658800 JavaThread "main-SharedResourceRunner" daemon [_thread_blocked, id=9834, stack(0x00007f9662a23000,0x00007f9662b24000)]
  0x00007f96b86ce800 JavaThread "main-SharedResourceRunner" daemon [_thread_blocked, id=9833, stack(0x00007f967c012000,0x00007f967c113000)]
  0x00007f96b85f9000 JavaThread "AWT-XAWT" daemon [_thread_in_native, id=9830, stack(0x00007f967d271000,0x00007f967d372000)]
  0x00007f96b85dd000 JavaThread "Java2D Disposer" daemon [_thread_blocked, id=9829, stack(0x00007f96a4090000,0x00007f96a4191000)]
  0x00007f96b854d000 JavaThread "process reaper" daemon [_thread_blocked, id=9825, stack(0x00007f96a4191000,0x00007f96a41ca000)]
  0x00007f96b80bd000 JavaThread "Service Thread" daemon [_thread_blocked, id=9821, stack(0x00007f96a46a0000,0x00007f96a47a1000)]
  0x00007f96b80ba800 JavaThread "C1 CompilerThread1" daemon [_thread_blocked, id=9820, stack(0x00007f96a47a1000,0x00007f96a48a2000)]
  0x00007f96b80b7800 JavaThread "C2 CompilerThread0" daemon [_thread_blocked, id=9819, stack(0x00007f96a48a2000,0x00007f96a49a3000)]
  0x00007f96b80b3800 JavaThread "Signal Dispatcher" daemon [_thread_blocked, id=9818, stack(0x00007f96a49a3000,0x00007f96a4aa4000)]
  0x00007f96b8081800 JavaThread "Finalizer" daemon [_thread_blocked, id=9809, stack(0x00007f96a4d7e000,0x00007f96a4e7f000)]
  0x00007f96b807d000 JavaThread "Reference Handler" daemon [_thread_blocked, id=9808, stack(0x00007f96a4e7f000,0x00007f96a4f80000)]

Other Threads:
  0x00007f96b8075800 VMThread [stack: 0x00007f96a4f80000,0x00007f96a5081000] [id=9807]
  0x00007f96b80c0000 WatcherThread [stack: 0x00007f96a459f000,0x00007f96a46a0000] [id=9822]

VM state:not at safepoint (normal execution)

VM Mutex/Monitor currently owned by a thread: None

Heap:
 PSYoungGen      total 181248K, used 118176K [0x00000000eb700000, 0x00000000f7500000, 0x0000000100000000)
  eden space 167936K, 70% used [0x00000000eb700000,0x00000000f2a683d0,0x00000000f5b00000)
  from space 13312K, 0% used [0x00000000f6800000,0x00000000f6800000,0x00000000f7500000)
  to   space 13312K, 0% used [0x00000000f5b00000,0x00000000f5b00000,0x00000000f6800000)
 ParOldGen       total 56320K, used 18947K [0x00000000c2400000, 0x00000000c5b00000, 0x00000000eb700000)
  object space 56320K, 33% used [0x00000000c2400000,0x00000000c3680ff8,0x00000000c5b00000)
 Metaspace       used 27866K, capacity 28652K, committed 28928K, reserved 1075200K
  class space    used 2978K, capacity 3293K, committed 3328K, reserved 1048576K

Card table byte_map: [0x00007f96a8836000,0x00007f96a8a25000] byte_map_base: 0x00007f96a8224000

Marking Bits: (ParMarkBitMap*) 0x00007f96be18bdc0
 Begin Bits: [0x00007f96a660a000, 0x00007f96a757a000)
 End Bits:   [0x00007f96a757a000, 0x00007f96a84ea000)

Polling page: 0x00007f96beddc000

CodeCache: size=245760Kb used=10927Kb max_used=11010Kb free=234832Kb
 bounds [0x00007f96a8de5000, 0x00007f96a98b5000, 0x00007f96b7de5000]
 total_blobs=4140 nmethods=3074 adapters=981
 compilation: enabled

Compilation events (10 events):
Event: 19,378 Thread 0x00007f96b80ba800 3327       3       java.util.concurrent.locks.AbstractQueuedSynchronizer::<init> (5 bytes)
Event: 19,378 Thread 0x00007f96b80ba800 nmethod 3327 0x00007f96a93e0a90 code [0x00007f96a93e0c00, 0x00007f96a93e0e10]
Event: 19,419 Thread 0x00007f96b80ba800 3328       3       java.util.concurrent.locks.ReentrantLock::<init> (16 bytes)
Event: 19,419 Thread 0x00007f96b80ba800 nmethod 3328 0x00007f96a9391690 code [0x00007f96a9391820, 0x00007f96a9391c10]
Event: 19,419 Thread 0x00007f96b80ba800 3329       3       java.util.concurrent.locks.ReentrantLock$NonfairSync::<init> (5 bytes)
Event: 19,420 Thread 0x00007f96b80ba800 nmethod 3329 0x00007f96a9391110 code [0x00007f96a9391280, 0x00007f96a9391550]
Event: 19,457 Thread 0x00007f96b80ba800 3330       3       com.jogamp.common.util.IntIntHashMap::put (229 bytes)
Event: 19,459 Thread 0x00007f96b80ba800 nmethod 3330 0x00007f96a935b9d0 code [0x00007f96a935bbc0, 0x00007f96a935c670]
Event: 19,618 Thread 0x00007f96b80ba800 3331       3       java.util.concurrent.CopyOnWriteArrayList::<init> (24 bytes)
Event: 19,618 Thread 0x00007f96b80ba800 nmethod 3331 0x00007f96a8f30f90 code [0x00007f96a8f31140, 0x00007f96a8f317d0]

GC Heap History (10 events):
Event: 8,820 GC heap before
{Heap before GC invocations=10 (full 1):
 PSYoungGen      total 88064K, used 85573K [0x00000000eb700000, 0x00000000f2100000, 0x0000000100000000)
  eden space 75264K, 100% used [0x00000000eb700000,0x00000000f0080000,0x00000000f0080000)
  from space 12800K, 80% used [0x00000000f0e00000,0x00000000f1811428,0x00000000f1a80000)
  to   space 13824K, 0% used [0x00000000f0080000,0x00000000f0080000,0x00000000f0e00000)
 ParOldGen       total 34304K, used 14278K [0x00000000c2400000, 0x00000000c4580000, 0x00000000eb700000)
  object space 34304K, 41% used [0x00000000c2400000,0x00000000c31f1808,0x00000000c4580000)
 Metaspace       used 27144K, capacity 27782K, committed 28160K, reserved 1075200K
  class space    used 2939K, capacity 3240K, committed 3328K, reserved 1048576K
Event: 8,852 GC heap after
Heap after GC invocations=10 (full 1):
 PSYoungGen      total 89088K, used 4864K [0x00000000eb700000, 0x00000000f3f00000, 0x0000000100000000)
  eden space 75264K, 0% used [0x00000000eb700000,0x00000000eb700000,0x00000000f0080000)
  from space 13824K, 35% used [0x00000000f0080000,0x00000000f05400c0,0x00000000f0e00000)
  to   space 13312K, 0% used [0x00000000f3200000,0x00000000f3200000,0x00000000f3f00000)
 ParOldGen       total 34304K, used 21140K [0x00000000c2400000, 0x00000000c4580000, 0x00000000eb700000)
  object space 34304K, 61% used [0x00000000c2400000,0x00000000c38a5200,0x00000000c4580000)
 Metaspace       used 27144K, capacity 27782K, committed 28160K, reserved 1075200K
  class space    used 2939K, capacity 3240K, committed 3328K, reserved 1048576K
}
Event: 9,280 GC heap before
{Heap before GC invocations=11 (full 1):
 PSYoungGen      total 89088K, used 80128K [0x00000000eb700000, 0x00000000f3f00000, 0x0000000100000000)
  eden space 75264K, 100% used [0x00000000eb700000,0x00000000f0080000,0x00000000f0080000)
  from space 13824K, 35% used [0x00000000f0080000,0x00000000f05400c0,0x00000000f0e00000)
  to   space 13312K, 0% used [0x00000000f3200000,0x00000000f3200000,0x00000000f3f00000)
 ParOldGen       total 34304K, used 21140K [0x00000000c2400000, 0x00000000c4580000, 0x00000000eb700000)
  object space 34304K, 61% used [0x00000000c2400000,0x00000000c38a5200,0x00000000c4580000)
 Metaspace       used 27156K, capacity 27846K, committed 28160K, reserved 1075200K
  class space    used 2940K, capacity 3240K, committed 3328K, reserved 1048576K
Event: 9,308 GC heap after
Heap after GC invocations=11 (full 1):
 PSYoungGen      total 125952K, used 2912K [0x00000000eb700000, 0x00000000f3f00000, 0x0000000100000000)
  eden space 112640K, 0% used [0x00000000eb700000,0x00000000eb700000,0x00000000f2500000)
  from space 13312K, 21% used [0x00000000f3200000,0x00000000f34d8388,0x00000000f3f00000)
  to   space 13312K, 0% used [0x00000000f2500000,0x00000000f2500000,0x00000000f3200000)
 ParOldGen       total 34304K, used 24463K [0x00000000c2400000, 0x00000000c4580000, 0x00000000eb700000)
  object space 34304K, 71% used [0x00000000c2400000,0x00000000c3be3ca8,0x00000000c4580000)
 Metaspace       used 27156K, capacity 27846K, committed 28160K, reserved 1075200K
  class space    used 2940K, capacity 3240K, committed 3328K, reserved 1048576K
}
Event: 9,868 GC heap before
{Heap before GC invocations=12 (full 1):
 PSYoungGen      total 125952K, used 115552K [0x00000000eb700000, 0x00000000f3f00000, 0x0000000100000000)
  eden space 112640K, 100% used [0x00000000eb700000,0x00000000f2500000,0x00000000f2500000)
  from space 13312K, 21% used [0x00000000f3200000,0x00000000f34d8388,0x00000000f3f00000)
  to   space 13312K, 0% used [0x00000000f2500000,0x00000000f2500000,0x00000000f3200000)
 ParOldGen       total 34304K, used 24463K [0x00000000c2400000, 0x00000000c4580000, 0x00000000eb700000)
  object space 34304K, 71% used [0x00000000c2400000,0x00000000c3be3ca8,0x00000000c4580000)
 Metaspace       used 27172K, capacity 27846K, committed 28160K, reserved 1075200K
  class space    used 2940K, capacity 3240K, committed 3328K, reserved 1048576K
Event: 9,895 GC heap after
Heap after GC invocations=12 (full 1):
 PSYoungGen      total 125952K, used 2673K [0x00000000eb700000, 0x00000000f7500000, 0x0000000100000000)
  eden space 112640K, 0% used [0x00000000eb700000,0x00000000eb700000,0x00000000f2500000)
  from space 13312K, 20% used [0x00000000f2500000,0x00000000f279c538,0x00000000f3200000)
  to   space 13312K, 0% used [0x00000000f6800000,0x00000000f6800000,0x00000000f7500000)
 ParOldGen       total 34304K, used 26799K [0x00000000c2400000, 0x00000000c4580000, 0x00000000eb700000)
  object space 34304K, 78% used [0x00000000c2400000,0x00000000c3e2bca8,0x00000000c4580000)
 Metaspace       used 27172K, capacity 27846K, committed 28160K, reserved 1075200K
  class space    used 2940K, capacity 3240K, committed 3328K, reserved 1048576K
}
Event: 10,235 GC heap before
{Heap before GC invocations=13 (full 1):
 PSYoungGen      total 125952K, used 115313K [0x00000000eb700000, 0x00000000f7500000, 0x0000000100000000)
  eden space 112640K, 100% used [0x00000000eb700000,0x00000000f2500000,0x00000000f2500000)
  from space 13312K, 20% used [0x00000000f2500000,0x00000000f279c538,0x00000000f3200000)
  to   space 13312K, 0% used [0x00000000f6800000,0x00000000f6800000,0x00000000f7500000)
 ParOldGen       total 34304K, used 26799K [0x00000000c2400000, 0x00000000c4580000, 0x00000000eb700000)
  object space 34304K, 78% used [0x00000000c2400000,0x00000000c3e2bca8,0x00000000c4580000)
 Metaspace       used 27176K, capacity 27846K, committed 28160K, reserved 1075200K
  class space    used 2940K, capacity 3240K, committed 3328K, reserved 1048576K
Event: 10,257 GC heap after
Heap after GC invocations=13 (full 1):
 PSYoungGen      total 181248K, used 2729K [0x00000000eb700000, 0x00000000f7500000, 0x0000000100000000)
  eden space 167936K, 0% used [0x00000000eb700000,0x00000000eb700000,0x00000000f5b00000)
  from space 13312K, 20% used [0x00000000f6800000,0x00000000f6aaa798,0x00000000f7500000)
  to   space 13312K, 0% used [0x00000000f5b00000,0x00000000f5b00000,0x00000000f6800000)
 ParOldGen       total 34304K, used 28823K [0x00000000c2400000, 0x00000000c4580000, 0x00000000eb700000)
  object space 34304K, 84% used [0x00000000c2400000,0x00000000c4025cc8,0x00000000c4580000)
 Metaspace       used 27176K, capacity 27846K, committed 28160K, reserved 1075200K
  class space    used 2940K, capacity 3240K, committed 3328K, reserved 1048576K
}
Event: 10,257 GC heap before
{Heap before GC invocations=14 (full 2):
 PSYoungGen      total 181248K, used 2729K [0x00000000eb700000, 0x00000000f7500000, 0x0000000100000000)
  eden space 167936K, 0% used [0x00000000eb700000,0x00000000eb700000,0x00000000f5b00000)
  from space 13312K, 20% used [0x00000000f6800000,0x00000000f6aaa798,0x00000000f7500000)
  to   space 13312K, 0% used [0x00000000f5b00000,0x00000000f5b00000,0x00000000f6800000)
 ParOldGen       total 34304K, used 28823K [0x00000000c2400000, 0x00000000c4580000, 0x00000000eb700000)
  object space 34304K, 84% used [0x00000000c2400000,0x00000000c4025cc8,0x00000000c4580000)
 Metaspace       used 27176K, capacity 27846K, committed 28160K, reserved 1075200K
  class space    used 2940K, capacity 3240K, committed 3328K, reserved 1048576K
Event: 10,467 GC heap after
Heap after GC invocations=14 (full 2):
 PSYoungGen      total 181248K, used 0K [0x00000000eb700000, 0x00000000f7500000, 0x0000000100000000)
  eden space 167936K, 0% used [0x00000000eb700000,0x00000000eb700000,0x00000000f5b00000)
  from space 13312K, 0% used [0x00000000f6800000,0x00000000f6800000,0x00000000f7500000)
  to   space 13312K, 0% used [0x00000000f5b00000,0x00000000f5b00000,0x00000000f6800000)
 ParOldGen       total 56320K, used 18947K [0x00000000c2400000, 0x00000000c5b00000, 0x00000000eb700000)
  object space 56320K, 33% used [0x00000000c2400000,0x00000000c3680ff8,0x00000000c5b00000)
 Metaspace       used 27176K, capacity 27846K, committed 28160K, reserved 1075200K
  class space    used 2940K, capacity 3240K, committed 3328K, reserved 1048576K
}

Deoptimization events (10 events):
Event: 11,364 Thread 0x00007f9680e02800 Uncommon trap: reason=unstable_if action=reinterpret pc=0x00007f96a977736c method=java.io.ObjectInputStream$HandleTable.markDependency(II)V @ 2
Event: 11,364 Thread 0x00007f9680e02800 Uncommon trap: reason=unstable_if action=reinterpret pc=0x00007f96a974fa24 method=java.io.ObjectInputStream$PeekInputStream.read()I @ 4
Event: 11,365 Thread 0x00007f9680e02800 Uncommon trap: reason=null_check action=make_not_entrant pc=0x00007f96a976e3f0 method=java.io.ObjectInputStream.readClassDesc(Z)Ljava/io/ObjectStreamClass; @ 56
Event: 11,365 Thread 0x00007f9680e02800 Uncommon trap: reason=unstable_if action=reinterpret pc=0x00007f96a977a2bc method=java.io.ObjectStreamClass.getClassDataLayout()[Ljava/io/ObjectStreamClass$ClassDataSlot; @ 4
Event: 11,365 Thread 0x00007f9680e02800 Uncommon trap: reason=unstable_if action=reinterpret pc=0x00007f96a9773828 method=java.io.ObjectInputStream.defaultReadFields(Ljava/lang/Object;Ljava/io/ObjectStreamClass;)V @ 39
Event: 11,365 Thread 0x00007f9680e02800 Uncommon trap: reason=unstable_if action=reinterpret pc=0x00007f96a9767910 method=java.io.ObjectInputStream$BlockDataInputStream.readInt()I @ 38
Event: 11,458 Thread 0x00007f96b8780000 Uncommon trap: reason=unstable_if action=reinterpret pc=0x00007f96a919c928 method=java.util.HashMap.hash(Ljava/lang/Object;)I @ 1
Event: 11,705 Thread 0x00007f9680e02800 Uncommon trap: reason=unstable_if action=reinterpret pc=0x00007f96a9771f7c method=java.io.ObjectInputStream$HandleTable.markDependency(II)V @ 2
Event: 11,740 Thread 0x00007f96b8780000 Uncommon trap: reason=unstable_if action=reinterpret pc=0x00007f96a96e65b4 method=sun.misc.FloatingDecimal$BinaryToASCIIBuffer.getChars([C)I @ 150
Event: 12,517 Thread 0x00007f9680e02800 Uncommon trap: reason=unstable_if action=reinterpret pc=0x00007f96a8f6bb54 method=sun.misc.FloatingDecimal$BinaryToASCIIBuffer.dtoa(IJIZ)V @ 891

Internal exceptions (10 events):
Event: 0,751 Thread 0x00007f96b800c000 Exception <a 'java/security/PrivilegedActionException'> (0x00000000eba2c7b0) thrown at [/HUDSON3/workspace/8-2-build-linux-amd64/jdk8u141/9370/hotspot/src/share/vm/prims/jvm.cpp, line 1390]
Event: 0,751 Thread 0x00007f96b800c000 Exception <a 'java/security/PrivilegedActionException'> (0x00000000eba2c9c0) thrown at [/HUDSON3/workspace/8-2-build-linux-amd64/jdk8u141/9370/hotspot/src/share/vm/prims/jvm.cpp, line 1390]
Event: 0,886 Thread 0x00007f96b800c000 Exception <a 'java/lang/NoSuchFieldError': method resolution failed> (0x00000000ebb58da0) thrown at [/HUDSON3/workspace/8-2-build-linux-amd64/jdk8u141/9370/hotspot/src/share/vm/prims/methodHandles.cpp, line 1146]
Event: 0,899 Thread 0x00007f96b800c000 Exception <a 'java/lang/NoSuchFieldError': method resolution failed> (0x00000000ebb661a0) thrown at [/HUDSON3/workspace/8-2-build-linux-amd64/jdk8u141/9370/hotspot/src/share/vm/prims/methodHandles.cpp, line 1146]
Event: 2,942 Thread 0x00007f96b800c000 Exception <a 'java/io/FileNotFoundException'> (0x00000000eb799688) thrown at [/HUDSON3/workspace/8-2-build-linux-amd64/jdk8u141/9370/hotspot/src/share/vm/prims/jni.cpp, line 709]
Event: 2,943 Thread 0x00007f96b800c000 Exception <a 'java/io/FileNotFoundException'> (0x00000000eb79a048) thrown at [/HUDSON3/workspace/8-2-build-linux-amd64/jdk8u141/9370/hotspot/src/share/vm/prims/jni.cpp, line 709]
Event: 6,318 Thread 0x00007f96b8780000 Implicit null exception at 0x00007f96a932795b to 0x00007f96a9327f65
Event: 11,365 Thread 0x00007f9680e02800 Implicit null exception at 0x00007f96a976d3c0 to 0x00007f96a976e3e1
Event: 11,365 Thread 0x00007f9680e02800 Implicit null exception at 0x00007f96a97731f0 to 0x00007f96a9773809
Event: 11,458 Thread 0x00007f96b8780000 Implicit null exception at 0x00007f96a919c8af to 0x00007f96a919c919

Events (10 events):
Event: 19,673 Executing VM operation: RevokeBias done
Event: 19,673 Thread 0x00007f96b8780000 Thread exited: 0x00007f96b8780000
Event: 19,677 loading class java/util/concurrent/ConcurrentHashMap$ValueSpliterator
Event: 19,694 loading class java/util/concurrent/ConcurrentHashMap$ValueSpliterator done
Event: 19,695 loading class com/jogamp/opengl/GL2
Event: 19,695 loading class com/jogamp/opengl/GL2 done
Event: 19,695 loading class com/jogamp/opengl/util/texture/Texture
Event: 19,695 loading class com/jogamp/opengl/util/texture/Texture done
Event: 19,695 loading class com/jogamp/opengl/GL2
Event: 19,695 loading class com/jogamp/opengl/GL2 done


Dynamic libraries:
00400000-00401000 r-xp 00000000 08:05 1705414                            /usr/local/java/jdk1.8.0_141/bin/java
00600000-00601000 rw-p 00000000 08:05 1705414                            /usr/local/java/jdk1.8.0_141/bin/java
013c4000-013e5000 rw-p 00000000 00:00 0                                  [heap]
4048b000-40527000 rw-p 00000000 00:00 0 
419cb000-41a67000 rw-p 00000000 00:00 0 
41fe1000-41fe3000 r-xs 00000000 08:05 11272408                           /tmp/.glxd6fNO (deleted)
c2400000-c5b00000 rw-p 00000000 00:00 0 
c5b00000-eb700000 ---p 00000000 00:00 0 
eb700000-f7500000 rw-p 00000000 00:00 0 
f7500000-100000000 ---p 00000000 00:00 0 
100000000-100340000 rw-p 00000000 00:00 0 
100340000-140000000 ---p 00000000 00:00 0 
7f964d8c1000-7f964e456000 rw-p 00000000 00:00 0 
7f964f2ee000-7f964f6ee000 rw-s b8e5a000 00:06 523                        /dev/nvidiactl
7f964f6ee000-7f964f8ee000 rw-s b72f7000 00:06 523                        /dev/nvidiactl
7f964f8ee000-7f964f9ee000 rw-p 00000000 00:00 0 
7f964f9ee000-7f964faee000 ---p 00000000 00:00 0 
7f964faee000-7f964fcee000 rw-p 00000000 00:00 0 
7f964fcee000-7f96500ee000 rw-s 1007e6000 00:06 523                       /dev/nvidiactl
7f96500ee000-7f96502ee000 rw-s 03a65000 00:06 523                        /dev/nvidiactl
7f96502ee000-7f965052f000 rw-p 00000000 00:00 0 
7f96505df000-7f96505e2000 ---p 00000000 00:00 0 
7f96505e2000-7f96508e0000 rw-p 00000000 00:00 0 
7f96508e0000-7f9650949000 r-xp 00000000 08:05 2098515                    /usr/local/java/jdk1.8.0_141/jre/lib/amd64/libt2k.so
7f9650949000-7f9650b49000 ---p 00069000 08:05 2098515                    /usr/local/java/jdk1.8.0_141/jre/lib/amd64/libt2k.so
7f9650b49000-7f9650b50000 rw-p 00069000 08:05 2098515                    /usr/local/java/jdk1.8.0_141/jre/lib/amd64/libt2k.so
7f9650b50000-7f9650b60000 rw-p 00000000 00:00 0 
7f9650c60000-7f9650c63000 ---p 00000000 00:00 0 
7f9650c63000-7f9650f61000 rw-p 00000000 00:00 0 
7f9650f61000-7f9654f62000 rw-s 00000000 00:13 7                          /dev/shm/pulse-shm-3767823904
7f9654f62000-7f9658f63000 rw-s 00000000 00:13 32                         /dev/shm/pulse-shm-230394835
7f9658f63000-7f9658f64000 ---p 00000000 00:00 0 
7f9658f64000-7f9659764000 rw-p 00000000 00:00 0 
7f9659764000-7f965978e000 r-xp 00000000 08:05 11414085                   /usr/lib/x86_64-linux-gnu/libvorbis.so.0.4.8
7f965978e000-7f965998e000 ---p 0002a000 08:05 11414085                   /usr/lib/x86_64-linux-gnu/libvorbis.so.0.4.8
7f965998e000-7f965998f000 r--p 0002a000 08:05 11414085                   /usr/lib/x86_64-linux-gnu/libvorbis.so.0.4.8
7f965998f000-7f9659990000 rw-p 0002b000 08:05 11414085                   /usr/lib/x86_64-linux-gnu/libvorbis.so.0.4.8
7f9659990000-7f9659997000 r-xp 00000000 08:05 11413751                   /usr/lib/x86_64-linux-gnu/libogg.so.0.8.2
7f9659997000-7f9659b97000 ---p 00007000 08:05 11413751                   /usr/lib/x86_64-linux-gnu/libogg.so.0.8.2
7f9659b97000-7f9659b98000 r--p 00007000 08:05 11413751                   /usr/lib/x86_64-linux-gnu/libogg.so.0.8.2
7f9659b98000-7f9659b99000 rw-p 00008000 08:05 11413751                   /usr/lib/x86_64-linux-gnu/libogg.so.0.8.2
7f9659b99000-7f9659c07000 r-xp 00000000 08:05 1839749                    /lib/x86_64-linux-gnu/libpcre.so.3.13.2
7f9659c07000-7f9659e07000 ---p 0006e000 08:05 1839749                    /lib/x86_64-linux-gnu/libpcre.so.3.13.2
7f9659e07000-7f9659e08000 r--p 0006e000 08:05 1839749                    /lib/x86_64-linux-gnu/libpcre.so.3.13.2
7f9659e08000-7f9659e09000 rw-p 0006f000 08:05 1839749                    /lib/x86_64-linux-gnu/libpcre.so.3.13.2
7f9659e09000-7f9659e20000 r-xp 00000000 08:05 1836653                    /lib/x86_64-linux-gnu/libresolv-2.23.so
7f9659e20000-7f965a020000 ---p 00017000 08:05 1836653                    /lib/x86_64-linux-gnu/libresolv-2.23.so
7f965a020000-7f965a021000 r--p 00017000 08:05 1836653                    /lib/x86_64-linux-gnu/libresolv-2.23.so
7f965a021000-7f965a022000 rw-p 00018000 08:05 1836653                    /lib/x86_64-linux-gnu/libresolv-2.23.so
7f965a022000-7f965a024000 rw-p 00000000 00:00 0 
7f965a024000-7f965a0b1000 r-xp 00000000 08:05 11414087                   /usr/lib/x86_64-linux-gnu/libvorbisenc.so.2.0.11
7f965a0b1000-7f965a2b0000 ---p 0008d000 08:05 11414087                   /usr/lib/x86_64-linux-gnu/libvorbisenc.so.2.0.11
7f965a2b0000-7f965a2cc000 r--p 0008c000 08:05 11414087                   /usr/lib/x86_64-linux-gnu/libvorbisenc.so.2.0.11
7f965a2cc000-7f965a2cd000 rw-p 000a8000 08:05 11414087                   /usr/lib/x86_64-linux-gnu/libvorbisenc.so.2.0.11
7f965a2cd000-7f965a340000 r-xp 00000000 08:05 11412614                   /usr/lib/x86_64-linux-gnu/libFLAC.so.8.3.0
7f965a340000-7f965a540000 ---p 00073000 08:05 11412614                   /usr/lib/x86_64-linux-gnu/libFLAC.so.8.3.0
7f965a540000-7f965a541000 r--p 00073000 08:05 11412614                   /usr/lib/x86_64-linux-gnu/libFLAC.so.8.3.0
7f965a541000-7f965a542000 rw-p 00074000 08:05 11412614                   /usr/lib/x86_64-linux-gnu/libFLAC.so.8.3.0
7f965a542000-7f965a563000 r-xp 00000000 08:05 1839687                    /lib/x86_64-linux-gnu/liblzma.so.5.0.0
7f965a563000-7f965a762000 ---p 00021000 08:05 1839687                    /lib/x86_64-linux-gnu/liblzma.so.5.0.0
7f965a762000-7f965a763000 r--p 00020000 08:05 1839687                    /lib/x86_64-linux-gnu/liblzma.so.5.0.0
7f965a763000-7f965a764000 rw-p 00021000 08:05 1839687                    /lib/x86_64-linux-gnu/liblzma.so.5.0.0
7f965a764000-7f965a783000 r-xp 00000000 08:05 1839778                    /lib/x86_64-linux-gnu/libselinux.so.1
7f965a783000-7f965a982000 ---p 0001f000 08:05 1839778                    /lib/x86_64-linux-gnu/libselinux.so.1
7f965a982000-7f965a983000 r--p 0001e000 08:05 1839778                    /lib/x86_64-linux-gnu/libselinux.so.1
7f965a983000-7f965a984000 rw-p 0001f000 08:05 1839778                    /lib/x86_64-linux-gnu/libselinux.so.1
7f965a984000-7f965a986000 rw-p 00000000 00:00 0 
7f965a986000-7f965a98b000 r-xp 00000000 08:05 11412867                   /usr/lib/x86_64-linux-gnu/libasyncns.so.0.3.1
7f965a98b000-7f965ab8a000 ---p 00005000 08:05 11412867                   /usr/lib/x86_64-linux-gnu/libasyncns.so.0.3.1
7f965ab8a000-7f965ab8b000 r--p 00004000 08:05 11412867                   /usr/lib/x86_64-linux-gnu/libasyncns.so.0.3.1
7f965ab8b000-7f965ab8c000 rw-p 00005000 08:05 11412867                   /usr/lib/x86_64-linux-gnu/libasyncns.so.0.3.1
7f965ab8c000-7f965abee000 r-xp 00000000 08:05 11409293                   /usr/lib/x86_64-linux-gnu/libsndfile.so.1.0.25
7f965abee000-7f965adee000 ---p 00062000 08:05 11409293                   /usr/lib/x86_64-linux-gnu/libsndfile.so.1.0.25
7f965adee000-7f965adf0000 r--p 00062000 08:05 11409293                   /usr/lib/x86_64-linux-gnu/libsndfile.so.1.0.25
7f965adf0000-7f965adf1000 rw-p 00064000 08:05 11409293                   /usr/lib/x86_64-linux-gnu/libsndfile.so.1.0.25
7f965adf1000-7f965adf5000 rw-p 00000000 00:00 0 
7f965adf5000-7f965adfd000 r-xp 00000000 08:05 1839806                    /lib/x86_64-linux-gnu/libwrap.so.0.7.6
7f965adfd000-7f965affc000 ---p 00008000 08:05 1839806                    /lib/x86_64-linux-gnu/libwrap.so.0.7.6
7f965affc000-7f965affd000 r--p 00007000 08:05 1839806                    /lib/x86_64-linux-gnu/libwrap.so.0.7.6
7f965affd000-7f965affe000 rw-p 00008000 08:05 1839806                    /lib/x86_64-linux-gnu/libwrap.so.0.7.6
7f965affe000-7f965afff000 rw-p 00000000 00:00 0 
7f965afff000-7f965b07f000 r-xp 00000000 08:05 1840664                    /lib/x86_64-linux-gnu/libsystemd.so.0.14.0
7f965b07f000-7f965b082000 r--p 0007f000 08:05 1840664                    /lib/x86_64-linux-gnu/libsystemd.so.0.14.0
7f965b082000-7f965b083000 rw-p 00082000 08:05 1840664                    /lib/x86_64-linux-gnu/libsystemd.so.0.14.0
7f965b083000-7f965b084000 rw-p 00000000 00:00 0 
7f965b084000-7f965b0ce000 r-xp 00000000 08:05 1836611                    /lib/x86_64-linux-gnu/libdbus-1.so.3.14.6
7f965b0ce000-7f965b2ce000 ---p 0004a000 08:05 1836611                    /lib/x86_64-linux-gnu/libdbus-1.so.3.14.6
7f965b2ce000-7f965b2cf000 r--p 0004a000 08:05 1836611                    /lib/x86_64-linux-gnu/libdbus-1.so.3.14.6
7f965b2cf000-7f965b2d0000 rw-p 0004b000 08:05 1836611                    /lib/x86_64-linux-gnu/libdbus-1.so.3.14.6
7f965b2d0000-7f965b34a000 r-xp 00000000 08:05 11798505                   /usr/lib/x86_64-linux-gnu/pulseaudio/libpulsecommon-8.0.so
7f965b34a000-7f965b549000 ---p 0007a000 08:05 11798505                   /usr/lib/x86_64-linux-gnu/pulseaudio/libpulsecommon-8.0.so
7f965b549000-7f965b54a000 r--p 00079000 08:05 11798505                   /usr/lib/x86_64-linux-gnu/pulseaudio/libpulsecommon-8.0.so
7f965b54a000-7f965b54b000 rw-p 0007a000 08:05 11798505                   /usr/lib/x86_64-linux-gnu/pulseaudio/libpulsecommon-8.0.so
7f965b54b000-7f965b555000 r-xp 00000000 08:05 1839679                    /lib/x86_64-linux-gnu/libjson-c.so.2.0.0
7f965b555000-7f965b754000 ---p 0000a000 08:05 1839679                    /lib/x86_64-linux-gnu/libjson-c.so.2.0.0
7f965b754000-7f965b755000 r--p 00009000 08:05 1839679                    /lib/x86_64-linux-gnu/libjson-c.so.2.0.0
7f965b755000-7f965b756000 rw-p 0000a000 08:05 1839679                    /lib/x86_64-linux-gnu/libjson-c.so.2.0.0
7f965b756000-7f965b7a4000 r-xp 00000000 08:05 11405634                   /usr/lib/x86_64-linux-gnu/libpulse.so.0.19.0
7f965b7a4000-7f965b9a4000 ---p 0004e000 08:05 11405634                   /usr/lib/x86_64-linux-gnu/libpulse.so.0.19.0
7f965b9a4000-7f965b9a5000 r--p 0004e000 08:05 11405634                   /usr/lib/x86_64-linux-gnu/libpulse.so.0.19.0
7f965b9a5000-7f965b9a6000 rw-p 0004f000 08:05 11405634                   /usr/lib/x86_64-linux-gnu/libpulse.so.0.19.0
7f965b9a6000-7f965b9b4000 r-xp 00000000 08:05 11272409                   /tmp/jogamp_0000/file_cache/jln8103764843371492900/jln3061693888246078694/natives/linux-amd64/libjoal.so
7f965b9b4000-7f965bbb3000 ---p 0000e000 08:05 11272409                   /tmp/jogamp_0000/file_cache/jln8103764843371492900/jln3061693888246078694/natives/linux-amd64/libjoal.so
7f965bbb3000-7f965bbb4000 rw-p 0000d000 08:05 11272409                   /tmp/jogamp_0000/file_cache/jln8103764843371492900/jln3061693888246078694/natives/linux-amd64/libjoal.so
7f965bbb4000-7f965bc1d000 r-xp 00000000 08:05 11414836                   /usr/lib/x86_64-linux-gnu/libopenal.so.1.16.0
7f965bc1d000-7f965be1c000 ---p 00069000 08:05 11414836                   /usr/lib/x86_64-linux-gnu/libopenal.so.1.16.0
7f965be1c000-7f965be20000 r--p 00068000 08:05 11414836                   /usr/lib/x86_64-linux-gnu/libopenal.so.1.16.0
7f965be20000-7f965be21000 rw-p 0006c000 08:05 11414836                   /usr/lib/x86_64-linux-gnu/libopenal.so.1.16.0
7f965be21000-7f965be24000 rw-p 00000000 00:00 0 
7f965be72000-7f965bf72000 rw-s 5d057000 00:06 523                        /dev/nvidiactl
7f965bf72000-7f965bfb2000 rw-s b6a9f000 00:06 523                        /dev/nvidiactl
7f965bfb2000-7f965bfbc000 r-xp 00000000 08:05 11412801                   /usr/lib/x86_64-linux-gnu/libXrandr.so.2.2.0
7f965bfbc000-7f965c1bb000 ---p 0000a000 08:05 11412801                   /usr/lib/x86_64-linux-gnu/libXrandr.so.2.2.0
7f965c1bb000-7f965c1bc000 r--p 00009000 08:05 11412801                   /usr/lib/x86_64-linux-gnu/libXrandr.so.2.2.0
7f965c1bc000-7f965c1bd000 rw-p 0000a000 08:05 11412801                   /usr/lib/x86_64-linux-gnu/libXrandr.so.2.2.0
7f965c1eb000-7f965c20b000 rw-s 70f4b000 00:06 523                        /dev/nvidiactl
7f965c20b000-7f965c21c000 r-xp 00000000 08:05 11272407                   /tmp/jogamp_0000/file_cache/jln8103764843371492900/jln3061693888246078694/natives/linux-amd64/libnewt.so
7f965c21c000-7f965c41b000 ---p 00011000 08:05 11272407                   /tmp/jogamp_0000/file_cache/jln8103764843371492900/jln3061693888246078694/natives/linux-amd64/libnewt.so
7f965c41b000-7f965c41c000 rw-p 00010000 08:05 11272407                   /tmp/jogamp_0000/file_cache/jln8103764843371492900/jln3061693888246078694/natives/linux-amd64/libnewt.so
7f965c41c000-7f965c49c000 rw-s 1066bc000 00:06 523                       /dev/nvidiactl
7f965c49c000-7f965c59c000 rw-s 066af000 00:06 523                        /dev/nvidiactl
7f965c59c000-7f965c59e000 r-xp 00000000 08:05 11412793                   /usr/lib/x86_64-linux-gnu/libXinerama.so.1.0.0
7f965c59e000-7f965c79d000 ---p 00002000 08:05 11412793                   /usr/lib/x86_64-linux-gnu/libXinerama.so.1.0.0
7f965c79d000-7f965c79e000 r--p 00001000 08:05 11412793                   /usr/lib/x86_64-linux-gnu/libXinerama.so.1.0.0
7f965c79e000-7f965c79f000 rw-p 00002000 08:05 11412793                   /usr/lib/x86_64-linux-gnu/libXinerama.so.1.0.0
7f965c79f000-7f965c7d6000 r-xp 00000000 08:05 11414039                   /usr/lib/x86_64-linux-gnu/libtxc_dxtn_s2tc.so.0.0.0
7f965c7d6000-7f965c9d5000 ---p 00037000 08:05 11414039                   /usr/lib/x86_64-linux-gnu/libtxc_dxtn_s2tc.so.0.0.0
7f965c9d5000-7f965c9d6000 r--p 00036000 08:05 11414039                   /usr/lib/x86_64-linux-gnu/libtxc_dxtn_s2tc.so.0.0.0
7f965c9d6000-7f965c9d7000 rw-p 00037000 08:05 11414039                   /usr/lib/x86_64-linux-gnu/libtxc_dxtn_s2tc.so.0.0.0
7f965c9d7000-7f965c9d8000 ---p 00000000 00:00 0 
7f965c9d8000-7f965d1d8000 rw-p 00000000 00:00 0 
7f965d1d8000-7f965d1d9000 ---p 00000000 00:00 0 
7f965d1d9000-7f965d9d9000 rw-p 00000000 00:00 0 
7f965d9d9000-7f965d9ec000 r-xp 00000000 08:05 1839616                    /lib/x86_64-linux-gnu/libbsd.so.0.8.2
7f965d9ec000-7f965dbeb000 ---p 00013000 08:05 1839616                    /lib/x86_64-linux-gnu/libbsd.so.0.8.2
7f965dbeb000-7f965dbec000 r--p 00012000 08:05 1839616                    /lib/x86_64-linux-gnu/libbsd.so.0.8.2
7f965dbec000-7f965dbed000 rw-p 00013000 08:05 1839616                    /lib/x86_64-linux-gnu/libbsd.so.0.8.2
7f965dbed000-7f965dbee000 rw-p 00000000 00:00 0 
7f965dbee000-7f965dc13000 r-xp 00000000 08:05 1839792                    /lib/x86_64-linux-gnu/libtinfo.so.5.9
7f965dc13000-7f965de12000 ---p 00025000 08:05 1839792                    /lib/x86_64-linux-gnu/libtinfo.so.5.9
7f965de12000-7f965de16000 r--p 00024000 08:05 1839792                    /lib/x86_64-linux-gnu/libtinfo.so.5.9
7f965de16000-7f965de17000 rw-p 00028000 08:05 1839792                    /lib/x86_64-linux-gnu/libtinfo.so.5.9
7f965de17000-7f965de48000 r-xp 00000000 08:05 11413116                   /usr/lib/x86_64-linux-gnu/libedit.so.2.0.53
7f965de48000-7f965e048000 ---p 00031000 08:05 11413116                   /usr/lib/x86_64-linux-gnu/libedit.so.2.0.53
7f965e048000-7f965e04a000 r--p 00031000 08:05 11413116                   /usr/lib/x86_64-linux-gnu/libedit.so.2.0.53
7f965e04a000-7f965e04b000 rw-p 00033000 08:05 11413116                   /usr/lib/x86_64-linux-gnu/libedit.so.2.0.53
7f965e04b000-7f965e04f000 rw-p 00000000 00:00 0 
7f965e04f000-7f965e068000 r-xp 00000000 08:05 1836596                    /lib/x86_64-linux-gnu/libz.so.1.2.8
7f965e068000-7f965e267000 ---p 00019000 08:05 1836596                    /lib/x86_64-linux-gnu/libz.so.1.2.8
7f965e267000-7f965e268000 r--p 00018000 08:05 1836596                    /lib/x86_64-linux-gnu/libz.so.1.2.8
7f965e268000-7f965e269000 rw-p 00019000 08:05 1836596                    /lib/x86_64-linux-gnu/libz.so.1.2.8
7f965e269000-7f965e27b000 r-xp 00000000 08:05 1839664                    /lib/x86_64-linux-gnu/libgpg-error.so.0.17.0
7f965e27b000-7f965e47b000 ---p 00012000 08:05 1839664                    /lib/x86_64-linux-gnu/libgpg-error.so.0.17.0
7f965e47b000-7f965e47c000 r--p 00012000 08:05 1839664                    /lib/x86_64-linux-gnu/libgpg-error.so.0.17.0
7f965e47c000-7f965e47d000 rw-p 00013000 08:05 1839664                    /lib/x86_64-linux-gnu/libgpg-error.so.0.17.0
7f965e47d000-7f965e5f7000 r-xp 00000000 08:05 11413561                   /usr/lib/x86_64-linux-gnu/libstdc++.so.6.0.23
7f965e5f7000-7f965e7f7000 ---p 0017a000 08:05 11413561                   /usr/lib/x86_64-linux-gnu/libstdc++.so.6.0.23
7f965e7f7000-7f965e801000 r--p 0017a000 08:05 11413561                   /usr/lib/x86_64-linux-gnu/libstdc++.so.6.0.23
7f965e801000-7f965e803000 rw-p 00184000 08:05 11413561                   /usr/lib/x86_64-linux-gnu/libstdc++.so.6.0.23
7f965e803000-7f965e807000 rw-p 00000000 00:00 0 
7f965e807000-7f9660cf9000 r-xp 00000000 08:05 11412646                   /usr/lib/x86_64-linux-gnu/libLLVM-3.8.so.1
7f9660cf9000-7f9660ef9000 ---p 024f2000 08:05 11412646                   /usr/lib/x86_64-linux-gnu/libLLVM-3.8.so.1
7f9660ef9000-7f96611ae000 r--p 024f2000 08:05 11412646                   /usr/lib/x86_64-linux-gnu/libLLVM-3.8.so.1
7f96611ae000-7f96611b0000 rw-p 027a7000 08:05 11412646                   /usr/lib/x86_64-linux-gnu/libLLVM-3.8.so.1
7f96611b0000-7f96611da000 rw-p 00000000 00:00 0 
7f96611da000-7f96611f1000 r-xp 00000000 08:05 11413121                   /usr/lib/x86_64-linux-gnu/libelf-0.165.so
7f96611f1000-7f96613f0000 ---p 00017000 08:05 11413121                   /usr/lib/x86_64-linux-gnu/libelf-0.165.so
7f96613f0000-7f96613f1000 r--p 00016000 08:05 11413121                   /usr/lib/x86_64-linux-gnu/libelf-0.165.so
7f96613f1000-7f96613f2000 rw-p 00017000 08:05 11413121                   /usr/lib/x86_64-linux-gnu/libelf-0.165.so
7f96613f2000-7f96613f9000 r-xp 00000000 08:05 11408476                   /usr/lib/x86_64-linux-gnu/libdrm_amdgpu.so.1.0.0
7f96613f9000-7f96615f8000 ---p 00007000 08:05 11408476                   /usr/lib/x86_64-linux-gnu/libdrm_amdgpu.so.1.0.0
7f96615f8000-7f96615f9000 r--p 00006000 08:05 11408476                   /usr/lib/x86_64-linux-gnu/libdrm_amdgpu.so.1.0.0
7f96615f9000-7f96615fa000 rw-p 00007000 08:05 11408476                   /usr/lib/x86_64-linux-gnu/libdrm_amdgpu.so.1.0.0
7f96615fa000-7f9661605000 r-xp 00000000 08:05 11408482                   /usr/lib/x86_64-linux-gnu/libdrm_radeon.so.1.0.1
7f9661605000-7f9661804000 ---p 0000b000 08:05 11408482                   /usr/lib/x86_64-linux-gnu/libdrm_radeon.so.1.0.1
7f9661804000-7f9661805000 r--p 0000a000 08:05 11408482                   /usr/lib/x86_64-linux-gnu/libdrm_radeon.so.1.0.1
7f9661805000-7f9661806000 rw-p 0000b000 08:05 11408482                   /usr/lib/x86_64-linux-gnu/libdrm_radeon.so.1.0.1
7f9661806000-7f966180d000 r-xp 00000000 08:05 11408480                   /usr/lib/x86_64-linux-gnu/libdrm_nouveau.so.2.0.0
7f966180d000-7f9661a0c000 ---p 00007000 08:05 11408480                   /usr/lib/x86_64-linux-gnu/libdrm_nouveau.so.2.0.0
7f9661a0c000-7f9661a0d000 r--p 00006000 08:05 11408480                   /usr/lib/x86_64-linux-gnu/libdrm_nouveau.so.2.0.0
7f9661a0d000-7f9661a0e000 rw-p 00007000 08:05 11408480                   /usr/lib/x86_64-linux-gnu/libdrm_nouveau.so.2.0.0
7f9661a0e000-7f9661ae6000 r-xp 00000000 08:05 1835377                    /lib/x86_64-linux-gnu/libgcrypt.so.20.0.5
7f9661ae6000-7f9661ce5000 ---p 000d8000 08:05 1835377                    /lib/x86_64-linux-gnu/libgcrypt.so.20.0.5
7f9661ce5000-7f9661ce6000 r--p 000d7000 08:05 1835377                    /lib/x86_64-linux-gnu/libgcrypt.so.20.0.5
7f9661ce6000-7f9661cee000 rw-p 000d8000 08:05 1835377                    /lib/x86_64-linux-gnu/libgcrypt.so.20.0.5
7f9661cee000-7f9661cef000 rw-p 00000000 00:00 0 
7f9661cef000-7f96625e7000 r-xp 00000000 08:05 11798821                   /usr/lib/x86_64-linux-gnu/dri/swrast_dri.so
7f96625e7000-7f96627e7000 ---p 008f8000 08:05 11798821                   /usr/lib/x86_64-linux-gnu/dri/swrast_dri.so
7f96627e7000-7f9662820000 r--p 008f8000 08:05 11798821                   /usr/lib/x86_64-linux-gnu/dri/swrast_dri.so
7f9662820000-7f966282c000 rw-p 00931000 08:05 11798821                   /usr/lib/x86_64-linux-gnu/dri/swrast_dri.so
7f966282c000-7f9662a23000 rw-p 00000000 00:00 0 
7f9662a23000-7f9662a26000 ---p 00000000 00:00 0 
7f9662a26000-7f9662b24000 rw-p 00000000 00:00 0 
7f9662b24000-7f9662b80000 r-xp 00000000 08:05 11272404                   /tmp/jogamp_0000/file_cache/jln8103764843371492900/jln3061693888246078694/natives/linux-amd64/libjogl_mobile.so
7f9662b80000-7f9662d80000 ---p 0005c000 08:05 11272404                   /tmp/jogamp_0000/file_cache/jln8103764843371492900/jln3061693888246078694/natives/linux-amd64/libjogl_mobile.so
7f9662d80000-7f9662d81000 rw-p 0005c000 08:05 11272404                   /tmp/jogamp_0000/file_cache/jln8103764843371492900/jln3061693888246078694/natives/linux-amd64/libjogl_mobile.so
7f9662d81000-7f9662d88000 r-xp 00000000 08:05 11413159                   /usr/lib/x86_64-linux-gnu/libffi.so.6.0.4
7f9662d88000-7f9662f87000 ---p 00007000 08:05 11413159                   /usr/lib/x86_64-linux-gnu/libffi.so.6.0.4
7f9662f87000-7f9662f88000 r--p 00006000 08:05 11413159                   /usr/lib/x86_64-linux-gnu/libffi.so.6.0.4
7f9662f88000-7f9662f89000 rw-p 00007000 08:05 11413159                   /usr/lib/x86_64-linux-gnu/libffi.so.6.0.4
7f9662f89000-7f9662f97000 r-xp 00000000 08:05 11408638                   /usr/lib/x86_64-linux-gnu/libdrm.so.2.4.0
7f9662f97000-7f9663196000 ---p 0000e000 08:05 11408638                   /usr/lib/x86_64-linux-gnu/libdrm.so.2.4.0
7f9663196000-7f9663197000 r--p 0000d000 08:05 11408638                   /usr/lib/x86_64-linux-gnu/libdrm.so.2.4.0
7f9663197000-7f9663198000 rw-p 0000e000 08:05 11408638                   /usr/lib/x86_64-linux-gnu/libdrm.so.2.4.0
7f9663198000-7f96631be000 r-xp 00000000 08:05 1839960                    /lib/x86_64-linux-gnu/libexpat.so.1.6.0
7f96631be000-7f96633be000 ---p 00026000 08:05 1839960                    /lib/x86_64-linux-gnu/libexpat.so.1.6.0
7f96633be000-7f96633c0000 r--p 00026000 08:05 1839960                    /lib/x86_64-linux-gnu/libexpat.so.1.6.0
7f96633c0000-7f96633c1000 rw-p 00028000 08:05 1839960                    /lib/x86_64-linux-gnu/libexpat.so.1.6.0
7f96633c1000-7f96633ce000 r-xp 00000000 08:05 11407388                   /usr/lib/x86_64-linux-gnu/libgbm.so.1.0.0
7f96633ce000-7f96635cd000 ---p 0000d000 08:05 11407388                   /usr/lib/x86_64-linux-gnu/libgbm.so.1.0.0
7f96635cd000-7f96635ce000 r--p 0000c000 08:05 11407388                   /usr/lib/x86_64-linux-gnu/libgbm.so.1.0.0
7f96635ce000-7f96635cf000 rw-p 0000d000 08:05 11407388                   /usr/lib/x86_64-linux-gnu/libgbm.so.1.0.0
7f96635cf000-7f96635de000 r-xp 00000000 08:05 11414106                   /usr/lib/x86_64-linux-gnu/libwayland-server.so.0.1.0
7f96635de000-7f96637dd000 ---p 0000f000 08:05 11414106                   /usr/lib/x86_64-linux-gnu/libwayland-server.so.0.1.0
7f96637dd000-7f96637df000 r--p 0000e000 08:05 11414106                   /usr/lib/x86_64-linux-gnu/libwayland-server.so.0.1.0
7f96637df000-7f96637e0000 rw-p 00010000 08:05 11414106                   /usr/lib/x86_64-linux-gnu/libwayland-server.so.0.1.0
7f96637e0000-7f96637ec000 r-xp 00000000 08:05 11414100                   /usr/lib/x86_64-linux-gnu/libwayland-client.so.0.3.0
7f96637ec000-7f96639eb000 ---p 0000c000 08:05 11414100                   /usr/lib/x86_64-linux-gnu/libwayland-client.so.0.3.0
7f96639eb000-7f96639ed000 r--p 0000b000 08:05 11414100                   /usr/lib/x86_64-linux-gnu/libwayland-client.so.0.3.0
7f96639ed000-7f96639ee000 rw-p 0000d000 08:05 11414100                   /usr/lib/x86_64-linux-gnu/libwayland-client.so.0.3.0
7f96639ee000-7f96639ef000 r-xp 00000000 08:05 11414234                   /usr/lib/x86_64-linux-gnu/libxshmfence.so.1.0.0
7f96639ef000-7f9663bef000 ---p 00001000 08:05 11414234                   /usr/lib/x86_64-linux-gnu/libxshmfence.so.1.0.0
7f9663bef000-7f9663bf0000 r--p 00001000 08:05 11414234                   /usr/lib/x86_64-linux-gnu/libxshmfence.so.1.0.0
7f9663bf0000-7f9663bf1000 rw-p 00002000 08:05 11414234                   /usr/lib/x86_64-linux-gnu/libxshmfence.so.1.0.0
7f9663bf1000-7f9663bf6000 r-xp 00000000 08:05 11414208                   /usr/lib/x86_64-linux-gnu/libxcb-sync.so.1.0.0
7f9663bf6000-7f9663df6000 ---p 00005000 08:05 11414208                   /usr/lib/x86_64-linux-gnu/libxcb-sync.so.1.0.0
7f9663df6000-7f9663df7000 r--p 00005000 08:05 11414208                   /usr/lib/x86_64-linux-gnu/libxcb-sync.so.1.0.0
7f9663df7000-7f9663df8000 rw-p 00006000 08:05 11414208                   /usr/lib/x86_64-linux-gnu/libxcb-sync.so.1.0.0
7f9663df8000-7f9663dfe000 r-xp 00000000 08:05 11414212                   /usr/lib/x86_64-linux-gnu/libxcb-xfixes.so.0.0.0
7f9663dfe000-7f9663ffe000 ---p 00006000 08:05 11414212                   /usr/lib/x86_64-linux-gnu/libxcb-xfixes.so.0.0.0
7f9663ffe000-7f9663fff000 r--p 00006000 08:05 11414212                   /usr/lib/x86_64-linux-gnu/libxcb-xfixes.so.0.0.0
7f9663fff000-7f9664000000 rw-p 00007000 08:05 11414212                   /usr/lib/x86_64-linux-gnu/libxcb-xfixes.so.0.0.0
7f9664000000-7f966440b000 rw-p 00000000 00:00 0 
7f966440b000-7f9668000000 ---p 00000000 00:00 0 
7f9668003000-7f96680b7000 rw-s b9432000 00:06 523                        /dev/nvidiactl
7f96680b7000-7f96680b9000 r-xp 00000000 08:05 11414196                   /usr/lib/x86_64-linux-gnu/libxcb-present.so.0.0.0
7f96680b9000-7f96682b8000 ---p 00002000 08:05 11414196                   /usr/lib/x86_64-linux-gnu/libxcb-present.so.0.0.0
7f96682b8000-7f96682b9000 r--p 00001000 08:05 11414196                   /usr/lib/x86_64-linux-gnu/libxcb-present.so.0.0.0
7f96682b9000-7f96682ba000 rw-p 00002000 08:05 11414196                   /usr/lib/x86_64-linux-gnu/libxcb-present.so.0.0.0
7f96682ba000-7f96682bc000 r-xp 00000000 08:05 11414186                   /usr/lib/x86_64-linux-gnu/libxcb-dri3.so.0.0.0
7f96682bc000-7f96684bb000 ---p 00002000 08:05 11414186                   /usr/lib/x86_64-linux-gnu/libxcb-dri3.so.0.0.0
7f96684bb000-7f96684bc000 r--p 00001000 08:05 11414186                   /usr/lib/x86_64-linux-gnu/libxcb-dri3.so.0.0.0
7f96684bc000-7f96684bd000 rw-p 00002000 08:05 11414186                   /usr/lib/x86_64-linux-gnu/libxcb-dri3.so.0.0.0
7f96684bd000-7f96684c1000 r-xp 00000000 08:05 11414184                   /usr/lib/x86_64-linux-gnu/libxcb-dri2.so.0.0.0
7f96684c1000-7f96686c0000 ---p 00004000 08:05 11414184                   /usr/lib/x86_64-linux-gnu/libxcb-dri2.so.0.0.0
7f96686c0000-7f96686c1000 r--p 00003000 08:05 11414184                   /usr/lib/x86_64-linux-gnu/libxcb-dri2.so.0.0.0
7f96686c1000-7f96686c2000 rw-p 00004000 08:05 11414184                   /usr/lib/x86_64-linux-gnu/libxcb-dri2.so.0.0.0
7f96686c2000-7f96686c3000 r-xp 00000000 08:05 11412764                   /usr/lib/x86_64-linux-gnu/libX11-xcb.so.1.0.0
7f96686c3000-7f96688c2000 ---p 00001000 08:05 11412764                   /usr/lib/x86_64-linux-gnu/libX11-xcb.so.1.0.0
7f96688c2000-7f96688c3000 r--p 00000000 08:05 11412764                   /usr/lib/x86_64-linux-gnu/libX11-xcb.so.1.0.0
7f96688c3000-7f96688c4000 rw-p 00001000 08:05 11412764                   /usr/lib/x86_64-linux-gnu/libX11-xcb.so.1.0.0
7f96688c4000-7f96688f5000 r-xp 00000000 08:05 11798822                   /usr/lib/x86_64-linux-gnu/mesa-egl/libEGL.so.1.0.0
7f96688f5000-7f9668af5000 ---p 00031000 08:05 11798822                   /usr/lib/x86_64-linux-gnu/mesa-egl/libEGL.so.1.0.0
7f9668af5000-7f9668af6000 r--p 00031000 08:05 11798822                   /usr/lib/x86_64-linux-gnu/mesa-egl/libEGL.so.1.0.0
7f9668af6000-7f9668af7000 rw-p 00032000 08:05 11798822                   /usr/lib/x86_64-linux-gnu/mesa-egl/libEGL.so.1.0.0
7f9668af7000-7f9668af8000 rw-p 00000000 00:00 0 
7f9668af8000-7f9668b21000 r-xp 00000000 08:05 11408536                   /usr/lib/x86_64-linux-gnu/libglapi.so.0.0.0
7f9668b21000-7f9668d21000 ---p 00029000 08:05 11408536                   /usr/lib/x86_64-linux-gnu/libglapi.so.0.0.0
7f9668d21000-7f9668d25000 r--p 00029000 08:05 11408536                   /usr/lib/x86_64-linux-gnu/libglapi.so.0.0.0
7f9668d25000-7f9668d26000 rw-p 0002d000 08:05 11408536                   /usr/lib/x86_64-linux-gnu/libglapi.so.0.0.0
7f9668d26000-7f9668d27000 rw-p 00000000 00:00 0 
7f9668d27000-7f9668d2f000 r-xp 00000000 08:05 11798546                   /usr/lib/x86_64-linux-gnu/mesa-egl/libGLESv2.so.2.0.0
7f9668d2f000-7f9668f2e000 ---p 00008000 08:05 11798546                   /usr/lib/x86_64-linux-gnu/mesa-egl/libGLESv2.so.2.0.0
7f9668f2e000-7f9668f2f000 r--p 00007000 08:05 11798546                   /usr/lib/x86_64-linux-gnu/mesa-egl/libGLESv2.so.2.0.0
7f9668f2f000-7f9668f30000 rw-p 00008000 08:05 11798546                   /usr/lib/x86_64-linux-gnu/mesa-egl/libGLESv2.so.2.0.0
7f9668f30000-7f9668fe8000 r-xp 00000000 08:05 11272403                   /tmp/jogamp_0000/file_cache/jln8103764843371492900/jln3061693888246078694/natives/linux-amd64/libjogl_desktop.so
7f9668fe8000-7f96691e8000 ---p 000b8000 08:05 11272403                   /tmp/jogamp_0000/file_cache/jln8103764843371492900/jln3061693888246078694/natives/linux-amd64/libjogl_desktop.so
7f96691e8000-7f96691e9000 rw-p 000b8000 08:05 11272403                   /tmp/jogamp_0000/file_cache/jln8103764843371492900/jln3061693888246078694/natives/linux-amd64/libjogl_desktop.so
7f96691e9000-7f966abab000 r-xp 00000000 08:05 11540977                   /usr/lib/nvidia-340/libnvidia-glcore.so.340.102
7f966abab000-7f966abc9000 rwxp 019c2000 08:05 11540977                   /usr/lib/nvidia-340/libnvidia-glcore.so.340.102
7f966abc9000-7f966b047000 r-xp 019e0000 08:05 11540977                   /usr/lib/nvidia-340/libnvidia-glcore.so.340.102
7f966b047000-7f966b246000 ---p 01e5e000 08:05 11540977                   /usr/lib/nvidia-340/libnvidia-glcore.so.340.102
7f966b246000-7f966bde0000 rw-p 01e5d000 08:05 11540977                   /usr/lib/nvidia-340/libnvidia-glcore.so.340.102
7f966bde0000-7f966bdfd000 rw-p 00000000 00:00 0 
7f966bdfd000-7f966be00000 r-xp 00000000 08:05 11540978                   /usr/lib/nvidia-340/tls/libnvidia-tls.so.340.102
7f966be00000-7f966bfff000 ---p 00003000 08:05 11540978                   /usr/lib/nvidia-340/tls/libnvidia-tls.so.340.102
7f966bfff000-7f966c000000 rw-p 00002000 08:05 11540978                   /usr/lib/nvidia-340/tls/libnvidia-tls.so.340.102
7f966c000000-7f966c4be000 rw-p 00000000 00:00 0 
7f966c4be000-7f9670000000 ---p 00000000 00:00 0 
7f9670000000-7f96703db000 rw-p 00000000 00:00 0 
7f96703db000-7f9674000000 ---p 00000000 00:00 0 
7f9674000000-7f9674021000 rw-p 00000000 00:00 0 
7f9674021000-7f9678000000 ---p 00000000 00:00 0 
7f9678000000-7f9678021000 rw-p 00000000 00:00 0 
7f9678021000-7f967c000000 ---p 00000000 00:00 0 
7f967c012000-7f967c015000 ---p 00000000 00:00 0 
7f967c015000-7f967c113000 rw-p 00000000 00:00 0 
7f967c113000-7f967c1da000 r-xp 00000000 08:05 11540959                   /usr/lib/nvidia-340/libGL.so.340.102
7f967c1da000-7f967c209000 rwxp 000c7000 08:05 11540959                   /usr/lib/nvidia-340/libGL.so.340.102
7f967c209000-7f967c225000 r-xp 000f6000 08:05 11540959                   /usr/lib/nvidia-340/libGL.so.340.102
7f967c225000-7f967c424000 ---p 00112000 08:05 11540959                   /usr/lib/nvidia-340/libGL.so.340.102
7f967c424000-7f967c449000 rw-p 00111000 08:05 11540959                   /usr/lib/nvidia-340/libGL.so.340.102
7f967c449000-7f967c65f000 rw-p 00000000 00:00 0 
7f967c65f000-7f967c85f000 rw-p 00000000 00:00 0 
7f967c85f000-7f967c866000 r-xp 00000000 08:05 11272406                   /tmp/jogamp_0000/file_cache/jln8103764843371492900/jln3061693888246078694/natives/linux-amd64/libnativewindow_x11.so
7f967c866000-7f967ca65000 ---p 00007000 08:05 11272406                   /tmp/jogamp_0000/file_cache/jln8103764843371492900/jln3061693888246078694/natives/linux-amd64/libnativewindow_x11.so
7f967ca65000-7f967ca66000 rw-p 00006000 08:05 11272406                   /tmp/jogamp_0000/file_cache/jln8103764843371492900/jln3061693888246078694/natives/linux-amd64/libnativewindow_x11.so
7f967ca66000-7f967ca69000 ---p 00000000 00:00 0 
7f967ca69000-7f967cb67000 rw-p 00000000 00:00 0 
7f967cb67000-7f967cb6a000 ---p 00000000 00:00 0 
7f967cb6a000-7f967cc68000 rw-p 00000000 00:00 0 
7f967cc68000-7f967cc6d000 r-xp 00000000 08:05 11412819                   /usr/lib/x86_64-linux-gnu/libXxf86vm.so.1.0.0
7f967cc6d000-7f967ce6c000 ---p 00005000 08:05 11412819                   /usr/lib/x86_64-linux-gnu/libXxf86vm.so.1.0.0
7f967ce6c000-7f967ce6d000 r--p 00004000 08:05 11412819                   /usr/lib/x86_64-linux-gnu/libXxf86vm.so.1.0.0
7f967ce6d000-7f967ce6e000 rw-p 00005000 08:05 11412819                   /usr/lib/x86_64-linux-gnu/libXxf86vm.so.1.0.0
7f967ce6e000-7f967ce70000 r-xp 00000000 08:05 11272405                   /tmp/jogamp_0000/file_cache/jln8103764843371492900/jln3061693888246078694/natives/linux-amd64/libnativewindow_awt.so
7f967ce70000-7f967d06f000 ---p 00002000 08:05 11272405                   /tmp/jogamp_0000/file_cache/jln8103764843371492900/jln3061693888246078694/natives/linux-amd64/libnativewindow_awt.so
7f967d06f000-7f967d070000 rw-p 00001000 08:05 11272405                   /tmp/jogamp_0000/file_cache/jln8103764843371492900/jln3061693888246078694/natives/linux-amd64/libnativewindow_awt.so
7f967d070000-7f967d071000 r-xp 00000000 08:05 2098491                    /usr/local/java/jdk1.8.0_141/jre/lib/amd64/libjawt.so
7f967d071000-7f967d270000 ---p 00001000 08:05 2098491                    /usr/local/java/jdk1.8.0_141/jre/lib/amd64/libjawt.so
7f967d270000-7f967d271000 rw-p 00000000 08:05 2098491                    /usr/local/java/jdk1.8.0_141/jre/lib/amd64/libjawt.so
7f967d271000-7f967d274000 ---p 00000000 00:00 0 
7f967d274000-7f967d372000 rw-p 00000000 00:00 0 
7f967d372000-7f967d377000 r-xp 00000000 08:05 11412785                   /usr/lib/x86_64-linux-gnu/libXfixes.so.3.1.0
7f967d377000-7f967d576000 ---p 00005000 08:05 11412785                   /usr/lib/x86_64-linux-gnu/libXfixes.so.3.1.0
7f967d576000-7f967d577000 r--p 00004000 08:05 11412785                   /usr/lib/x86_64-linux-gnu/libXfixes.so.3.1.0
7f967d577000-7f967d578000 rw-p 00005000 08:05 11412785                   /usr/lib/x86_64-linux-gnu/libXfixes.so.3.1.0
7f967d578000-7f967d581000 r-xp 00000000 08:05 11412777                   /usr/lib/x86_64-linux-gnu/libXcursor.so.1.0.2
7f967d581000-7f967d780000 ---p 00009000 08:05 11412777                   /usr/lib/x86_64-linux-gnu/libXcursor.so.1.0.2
7f967d780000-7f967d781000 r--p 00008000 08:05 11412777                   /usr/lib/x86_64-linux-gnu/libXcursor.so.1.0.2
7f967d781000-7f967d782000 rw-p 00009000 08:05 11412777                   /usr/lib/x86_64-linux-gnu/libXcursor.so.1.0.2
7f967d782000-7f967d798000 r-xp 00000000 08:05 1836839                    /lib/x86_64-linux-gnu/libgcc_s.so.1
7f967d798000-7f967d997000 ---p 00016000 08:05 1836839                    /lib/x86_64-linux-gnu/libgcc_s.so.1
7f967d997000-7f967d998000 r--p 00015000 08:05 1836839                    /lib/x86_64-linux-gnu/libgcc_s.so.1
7f967d998000-7f967d999000 rw-p 00016000 08:05 1836839                    /lib/x86_64-linux-gnu/libgcc_s.so.1
7f967d999000-7f967d9fe000 r-xp 00000000 08:05 2098429                    /usr/local/java/jdk1.8.0_141/jre/lib/amd64/libfontmanager.so
7f967d9fe000-7f967dbfd000 ---p 00065000 08:05 2098429                    /usr/local/java/jdk1.8.0_141/jre/lib/amd64/libfontmanager.so
7f967dbfd000-7f967dc02000 rw-p 00064000 08:05 2098429                    /usr/local/java/jdk1.8.0_141/jre/lib/amd64/libfontmanager.so
7f967dc02000-7f967de12000 rw-p 00000000 00:00 0 
7f967de12000-7f967de17000 r-xp 00000000 08:05 11412781                   /usr/lib/x86_64-linux-gnu/libXdmcp.so.6.0.0
7f967de17000-7f967e016000 ---p 00005000 08:05 11412781                   /usr/lib/x86_64-linux-gnu/libXdmcp.so.6.0.0
7f967e016000-7f967e017000 r--p 00004000 08:05 11412781                   /usr/lib/x86_64-linux-gnu/libXdmcp.so.6.0.0
7f967e017000-7f967e018000 rw-p 00005000 08:05 11412781                   /usr/lib/x86_64-linux-gnu/libXdmcp.so.6.0.0
7f967e018000-7f967e01a000 r-xp 00000000 08:05 11412770                   /usr/lib/x86_64-linux-gnu/libXau.so.6.0.0
7f967e01a000-7f967e21a000 ---p 00002000 08:05 11412770                   /usr/lib/x86_64-linux-gnu/libXau.so.6.0.0
7f967e21a000-7f967e21b000 r--p 00002000 08:05 11412770                   /usr/lib/x86_64-linux-gnu/libXau.so.6.0.0
7f967e21b000-7f967e21c000 rw-p 00003000 08:05 11412770                   /usr/lib/x86_64-linux-gnu/libXau.so.6.0.0
7f967e21c000-7f967e23d000 r-xp 00000000 08:05 11414216                   /usr/lib/x86_64-linux-gnu/libxcb.so.1.1.0
7f967e23d000-7f967e43c000 ---p 00021000 08:05 11414216                   /usr/lib/x86_64-linux-gnu/libxcb.so.1.1.0
7f967e43c000-7f967e43d000 r--p 00020000 08:05 11414216                   /usr/lib/x86_64-linux-gnu/libxcb.so.1.1.0
7f967e43d000-7f967e43e000 rw-p 00021000 08:05 11414216                   /usr/lib/x86_64-linux-gnu/libxcb.so.1.1.0
7f967e43e000-7f967e44d000 r-xp 00000000 08:05 11412791                   /usr/lib/x86_64-linux-gnu/libXi.so.6.1.0
7f967e44d000-7f967e64c000 ---p 0000f000 08:05 11412791                   /usr/lib/x86_64-linux-gnu/libXi.so.6.1.0
7f967e64c000-7f967e64d000 r--p 0000e000 08:05 11412791                   /usr/lib/x86_64-linux-gnu/libXi.so.6.1.0
7f967e64d000-7f967e64e000 rw-p 0000f000 08:05 11412791                   /usr/lib/x86_64-linux-gnu/libXi.so.6.1.0
7f967e64e000-7f967e653000 r-xp 00000000 08:05 11412809                   /usr/lib/x86_64-linux-gnu/libXtst.so.6.1.0
7f967e653000-7f967e852000 ---p 00005000 08:05 11412809                   /usr/lib/x86_64-linux-gnu/libXtst.so.6.1.0
7f967e852000-7f967e853000 r--p 00004000 08:05 11412809                   /usr/lib/x86_64-linux-gnu/libXtst.so.6.1.0
7f967e853000-7f967e854000 rw-p 00005000 08:05 11412809                   /usr/lib/x86_64-linux-gnu/libXtst.so.6.1.0
7f967e854000-7f967e85d000 r-xp 00000000 08:05 11412803                   /usr/lib/x86_64-linux-gnu/libXrender.so.1.3.0
7f967e85d000-7f967ea5c000 ---p 00009000 08:05 11412803                   /usr/lib/x86_64-linux-gnu/libXrender.so.1.3.0
7f967ea5c000-7f967ea5d000 r--p 00008000 08:05 11412803                   /usr/lib/x86_64-linux-gnu/libXrender.so.1.3.0
7f967ea5d000-7f967ea5e000 rw-p 00009000 08:05 11412803                   /usr/lib/x86_64-linux-gnu/libXrender.so.1.3.0
7f967ea5e000-7f967eb93000 r-xp 00000000 08:05 11412766                   /usr/lib/x86_64-linux-gnu/libX11.so.6.3.0
7f967eb93000-7f967ed93000 ---p 00135000 08:05 11412766                   /usr/lib/x86_64-linux-gnu/libX11.so.6.3.0
7f967ed93000-7f967ed94000 r--p 00135000 08:05 11412766                   /usr/lib/x86_64-linux-gnu/libX11.so.6.3.0
7f967ed94000-7f967ed98000 rw-p 00136000 08:05 11412766                   /usr/lib/x86_64-linux-gnu/libX11.so.6.3.0
7f967ed98000-7f967eda9000 r-xp 00000000 08:05 11412783                   /usr/lib/x86_64-linux-gnu/libXext.so.6.4.0
7f967eda9000-7f967efa8000 ---p 00011000 08:05 11412783                   /usr/lib/x86_64-linux-gnu/libXext.so.6.4.0
7f967efa8000-7f967efa9000 r--p 00010000 08:05 11412783                   /usr/lib/x86_64-linux-gnu/libXext.so.6.4.0
7f967efa9000-7f967efaa000 rw-p 00011000 08:05 11412783                   /usr/lib/x86_64-linux-gnu/libXext.so.6.4.0
7f967efaa000-7f967effe000 r-xp 00000000 08:05 2098448                    /usr/local/java/jdk1.8.0_141/jre/lib/amd64/libawt_xawt.so
7f967effe000-7f967f1fe000 ---p 00054000 08:05 2098448                    /usr/local/java/jdk1.8.0_141/jre/lib/amd64/libawt_xawt.so
7f967f1fe000-7f967f202000 rw-p 00054000 08:05 2098448                    /usr/local/java/jdk1.8.0_141/jre/lib/amd64/libawt_xawt.so
7f967f202000-7f967f203000 rw-p 00000000 00:00 0 
7f967f203000-7f967f2a5000 r-xp 00000000 08:05 2098521                    /usr/local/java/jdk1.8.0_141/jre/lib/amd64/libawt.so
7f967f2a5000-7f967f4a5000 ---p 000a2000 08:05 2098521                    /usr/local/java/jdk1.8.0_141/jre/lib/amd64/libawt.so
7f967f4a5000-7f967f4b1000 rw-p 000a2000 08:05 2098521                    /usr/local/java/jdk1.8.0_141/jre/lib/amd64/libawt.so
7f967f4b1000-7f967f4d5000 rw-p 00000000 00:00 0 
7f967f4d5000-7f967f4d7000 r-xp 00000000 08:05 11272425                   /tmp/jogamp_0000/file_cache/jln8103764843371492900/jln3061693888246078694/natives/linux-amd64/libgluegen-rt.so
7f967f4d7000-7f967f6d6000 ---p 00002000 08:05 11272425                   /tmp/jogamp_0000/file_cache/jln8103764843371492900/jln3061693888246078694/natives/linux-amd64/libgluegen-rt.so
7f967f6d6000-7f967f6d7000 rw-p 00001000 08:05 11272425                   /tmp/jogamp_0000/file_cache/jln8103764843371492900/jln3061693888246078694/natives/linux-amd64/libgluegen-rt.so
7f967f6d7000-7f967f6e8000 r-xp 00000000 08:05 2098444                    /usr/local/java/jdk1.8.0_141/jre/lib/amd64/libnio.so
7f967f6e8000-7f967f8e7000 ---p 00011000 08:05 2098444                    /usr/local/java/jdk1.8.0_141/jre/lib/amd64/libnio.so
7f967f8e7000-7f967f8e8000 rw-p 00010000 08:05 2098444                    /usr/local/java/jdk1.8.0_141/jre/lib/amd64/libnio.so
7f967f8e8000-7f967fbe9000 rw-p 00000000 00:00 0 
7f967fbe9000-7f967fbff000 r-xp 00000000 08:05 2097620                    /usr/local/java/jdk1.8.0_141/jre/lib/amd64/libnet.so
7f967fbff000-7f967fdff000 ---p 00016000 08:05 2097620                    /usr/local/java/jdk1.8.0_141/jre/lib/amd64/libnet.so
7f967fdff000-7f967fe00000 rw-p 00016000 08:05 2097620                    /usr/local/java/jdk1.8.0_141/jre/lib/amd64/libnet.so
7f967fe00000-7f9680000000 rw-p 00000000 00:00 0 
7f9680000000-7f9681ae5000 rw-p 00000000 00:00 0 
7f9681ae5000-7f9684000000 ---p 00000000 00:00 0 
7f9684000000-7f9684021000 rw-p 00000000 00:00 0 
7f9684021000-7f9688000000 ---p 00000000 00:00 0 
7f9688000000-7f96882b7000 rw-p 00000000 00:00 0 
7f96882b7000-7f968c000000 ---p 00000000 00:00 0 
7f968c000000-7f968ca2d000 rw-p 00000000 00:00 0 
7f968ca2d000-7f9690000000 ---p 00000000 00:00 0 
7f9690000000-7f9690021000 rw-p 00000000 00:00 0 
7f9690021000-7f9694000000 ---p 00000000 00:00 0 
7f9694000000-7f9694021000 rw-p 00000000 00:00 0 
7f9694021000-7f9698000000 ---p 00000000 00:00 0 
7f9698000000-7f9698029000 rw-p 00000000 00:00 0 
7f9698029000-7f969c000000 ---p 00000000 00:00 0 
7f969c000000-7f969c03b000 rw-p 00000000 00:00 0 
7f969c03b000-7f96a0000000 ---p 00000000 00:00 0 
7f96a0000000-7f96a0021000 rw-p 00000000 00:00 0 
7f96a0021000-7f96a4000000 ---p 00000000 00:00 0 
7f96a4007000-7f96a400e000 r--s 00000000 08:05 11802929                   /usr/lib/x86_64-linux-gnu/gconv/gconv-modules.cache
7f96a400e000-7f96a4015000 rw-s b8c43000 00:06 523                        /dev/nvidiactl
7f96a4015000-7f96a4016000 rw-s c0021000 00:06 533                        /dev/nvidia1
7f96a4016000-7f96a4017000 rw-s 2f216000 00:06 523                        /dev/nvidiactl
7f96a4017000-7f96a4018000 rw-s f3c0e000 00:06 533                        /dev/nvidia1
7f96a4018000-7f96a4019000 rw-s f3641000 00:06 533                        /dev/nvidia1
7f96a4019000-7f96a401a000 rw-s b6679000 00:06 523                        /dev/nvidiactl
7f96a401a000-7f96a401b000 rw-s 2f217000 00:06 523                        /dev/nvidiactl
7f96a401b000-7f96a401d000 rw-s 00000000 08:05 11272408                   /tmp/.glxd6fNO (deleted)
7f96a401d000-7f96a4024000 rw-s 05201000 00:06 523                        /dev/nvidiactl
7f96a4024000-7f96a4025000 rw-s c001e000 00:06 533                        /dev/nvidia1
7f96a4025000-7f96a4026000 rw-s 05200000 00:06 523                        /dev/nvidiactl
7f96a4026000-7f96a402a000 rw-s 5d23c000 00:06 523                        /dev/nvidiactl
7f96a402a000-7f96a402b000 rw-s f3c0c000 00:06 533                        /dev/nvidia1
7f96a402b000-7f96a406b000 rw-s 029dc000 00:06 523                        /dev/nvidiactl
7f96a406b000-7f96a408b000 rw-s 10122000 00:06 523                        /dev/nvidiactl
7f96a408b000-7f96a408c000 rw-s f3641000 00:06 533                        /dev/nvidia1
7f96a408c000-7f96a408d000 rw-s b6679000 00:06 523                        /dev/nvidiactl
7f96a408d000-7f96a408e000 rw-s 1001f000 00:06 523                        /dev/nvidiactl
7f96a408e000-7f96a408f000 rw-s f3060000 00:06 533                        /dev/nvidia1
7f96a408f000-7f96a4090000 rwxp 00000000 00:00 0 
7f96a4090000-7f96a4093000 ---p 00000000 00:00 0 
7f96a4093000-7f96a4191000 rw-p 00000000 00:00 0 
7f96a4191000-7f96a4194000 ---p 00000000 00:00 0 
7f96a4194000-7f96a41ca000 rw-p 00000000 00:00 0 
7f96a41ca000-7f96a41cb000 r--p 00000000 00:00 0 
7f96a41cb000-7f96a41d0000 r--s 0009a000 08:05 1705440                    /usr/local/java/jdk1.8.0_141/jre/lib/jsse.jar
7f96a41d0000-7f96a43d0000 rw-p 00000000 00:00 0 
7f96a43d0000-7f96a43eb000 r--s 001d3000 08:05 2098552                    /usr/local/java/jdk1.8.0_141/jre/lib/ext/nashorn.jar
7f96a43eb000-7f96a4407000 r--s 00393000 08:05 2098560                    /usr/local/java/jdk1.8.0_141/jre/lib/ext/cldrdata.jar
7f96a4407000-7f96a4411000 r--s 00116000 08:05 2098554                    /usr/local/java/jdk1.8.0_141/jre/lib/ext/localedata.jar
7f96a4411000-7f96a4413000 r--s 00015000 00:2b 8912938                    /home/gpaiva/Desktop/projects/code/git/Bitbucket/JOT/lib/Framework-Toolkit-Components-1.0.jar
7f96a4413000-7f96a4415000 r--s 0000d000 00:2b 8912936                    /home/gpaiva/Desktop/projects/code/git/Bitbucket/JOT/lib/Extension-Toolkit-Component-Physics-1.0.jar
7f96a4415000-7f96a4417000 r--s 00013000 00:2b 8912935                    /home/gpaiva/Desktop/projects/code/git/Bitbucket/JOT/lib/Extension-Toolkit-Component-Geometry-1.0.jar
7f96a4417000-7f96a441a000 r--s 0001a000 00:2b 8912937                    /home/gpaiva/Desktop/projects/code/git/Bitbucket/JOT/lib/Extension-Toolkit-Component-AI-1.0.jar
7f96a441a000-7f96a441c000 r--s 00020000 00:2b 8912928                    /home/gpaiva/Desktop/projects/code/git/Bitbucket/JOT/lib/Core-Toolkit-Components-1.0.jar
7f96a441c000-7f96a44dd000 r--s 00427000 00:2b 9705236                    /home/gpaiva/Desktop/projects/code/git/Bitbucket/JOT/lib/colladabeans-1.4.1.jar
7f96a44dd000-7f96a451b000 r--s 0025d000 00:2b 9705202                    /home/gpaiva/Desktop/projects/code/git/Bitbucket/JOT/lib/xmlbeans-2.6.0/lib/xbean.jar
7f96a451b000-7f96a453f000 r--s 0031e000 00:2b 9702045                    /home/gpaiva/Desktop/projects/code/git/Bitbucket/JOT/lib/jogamp-all-platforms/jar/jogl-all.jar
7f96a453f000-7f96a455f000 r--s 002cd000 00:2b 9702051                    /home/gpaiva/Desktop/projects/code/git/Bitbucket/JOT/lib/jogamp-all-platforms/jar/jogl-all-noawt.jar
7f96a455f000-7f96a4561000 r--s 00032000 00:2b 9702110                    /home/gpaiva/Desktop/projects/code/git/Bitbucket/JOT/lib/jogamp-all-platforms/jar/jogl-all-noawt-natives-windows-i586.jar
7f96a4561000-7f96a4562000 r--s 0003a000 00:2b 9702111                    /home/gpaiva/Desktop/projects/code/git/Bitbucket/JOT/lib/jogamp-all-platforms/jar/jogl-all-noawt-natives-windows-amd64.jar
7f96a4562000-7f96a4563000 r--s 0006c000 00:2b 9702161                    /home/gpaiva/Desktop/projects/code/git/Bitbucket/JOT/lib/jogamp-all-platforms/jar/jogl-all-noawt-natives-macosx-universal.jar
7f96a4563000-7f96a4565000 r--s 00034000 00:2b 9702083                    /home/gpaiva/Desktop/projects/code/git/Bitbucket/JOT/lib/jogamp-all-platforms/jar/jogl-all-noawt-natives-linux-i586.jar
7f96a4565000-7f96a4566000 r--s 00036000 00:2b 9702097                    /home/gpaiva/Desktop/projects/code/git/Bitbucket/JOT/lib/jogamp-all-platforms/jar/jogl-all-noawt-natives-linux-amd64.jar
7f96a4566000-7f96a4568000 r--s 00032000 00:2b 9702151                    /home/gpaiva/Desktop/projects/code/git/Bitbucket/JOT/lib/jogamp-all-platforms/jar/jogl-all-natives-windows-i586.jar
7f96a4568000-7f96a4569000 r--s 0003a000 00:2b 9702121                    /home/gpaiva/Desktop/projects/code/git/Bitbucket/JOT/lib/jogamp-all-platforms/jar/jogl-all-natives-windows-amd64.jar
7f96a4569000-7f96a456a000 r--s 0006c000 00:2b 9702135                    /home/gpaiva/Desktop/projects/code/git/Bitbucket/JOT/lib/jogamp-all-platforms/jar/jogl-all-natives-macosx-universal.jar
7f96a456a000-7f96a456c000 r--s 00034000 00:2b 9702071                    /home/gpaiva/Desktop/projects/code/git/Bitbucket/JOT/lib/jogamp-all-platforms/jar/jogl-all-natives-linux-i586.jar
7f96a456c000-7f96a456d000 r--s 00036000 00:2b 9702146                    /home/gpaiva/Desktop/projects/code/git/Bitbucket/JOT/lib/jogamp-all-platforms/jar/jogl-all-natives-linux-amd64.jar
7f96a456d000-7f96a4572000 r--s 00031000 00:2b 9702043                    /home/gpaiva/Desktop/projects/code/git/Bitbucket/JOT/lib/jogamp-all-platforms/jar/jocl.jar
7f96a4572000-7f96a4573000 r--s 00003000 00:2b 9702070                    /home/gpaiva/Desktop/projects/code/git/Bitbucket/JOT/lib/jogamp-all-platforms/jar/jocl-natives-windows-i586.jar
7f96a4573000-7f96a4574000 r--s 00003000 00:2b 9702072                    /home/gpaiva/Desktop/projects/code/git/Bitbucket/JOT/lib/jogamp-all-platforms/jar/jocl-natives-windows-amd64.jar
7f96a4574000-7f96a4575000 r--s 00005000 00:2b 9702149                    /home/gpaiva/Desktop/projects/code/git/Bitbucket/JOT/lib/jogamp-all-platforms/jar/jocl-natives-macosx-universal.jar
7f96a4575000-7f96a4576000 r--s 00002000 00:2b 9702061                    /home/gpaiva/Desktop/projects/code/git/Bitbucket/JOT/lib/jogamp-all-platforms/jar/jocl-natives-linux-i586.jar
7f96a4576000-7f96a4578000 r--s 0000f000 00:2b 9702042                    /home/gpaiva/Desktop/projects/code/git/Bitbucket/JOT/lib/jogamp-all-platforms/jar/joal.jar
7f96a4578000-7f96a459f000 r--s 001f6000 00:2b 9705159                    /home/gpaiva/Desktop/projects/code/git/Bitbucket/JOT/lib/commons-math/commons-math3-3.6.1.jar
7f96a459f000-7f96a45a0000 ---p 00000000 00:00 0 
7f96a45a0000-7f96a46a0000 rw-p 00000000 00:00 0 
7f96a46a0000-7f96a46a3000 ---p 00000000 00:00 0 
7f96a46a3000-7f96a47a1000 rw-p 00000000 00:00 0 
7f96a47a1000-7f96a47a4000 ---p 00000000 00:00 0 
7f96a47a4000-7f96a48a2000 rw-p 00000000 00:00 0 
7f96a48a2000-7f96a48a5000 ---p 00000000 00:00 0 
7f96a48a5000-7f96a49a3000 rw-p 00000000 00:00 0 
7f96a49a3000-7f96a49a6000 ---p 00000000 00:00 0 
7f96a49a6000-7f96a4aa4000 rw-p 00000000 00:00 0 
7f96a4aa4000-7f96a4d7e000 r--p 00000000 08:05 11403624                   /usr/lib/locale/locale-archive
7f96a4d7e000-7f96a4d81000 ---p 00000000 00:00 0 
7f96a4d81000-7f96a4e7f000 rw-p 00000000 00:00 0 
7f96a4e7f000-7f96a4e82000 ---p 00000000 00:00 0 
7f96a4e82000-7f96a4f80000 rw-p 00000000 00:00 0 
7f96a4f80000-7f96a4f81000 ---p 00000000 00:00 0 
7f96a4f81000-7f96a59cc000 rw-p 00000000 00:00 0 
7f96a59cc000-7f96a5ba6000 r--s 03d4d000 08:05 1705459                    /usr/local/java/jdk1.8.0_141/jre/lib/rt.jar
7f96a5ba6000-7f96a84ea000 rw-p 00000000 00:00 0 
7f96a84ea000-7f96a84eb000 ---p 00000000 00:00 0 
7f96a84eb000-7f96a85eb000 rw-p 00000000 00:00 0 
7f96a85eb000-7f96a85ec000 ---p 00000000 00:00 0 
7f96a85ec000-7f96a8708000 rw-p 00000000 00:00 0 
7f96a8708000-7f96a8836000 ---p 00000000 00:00 0 
7f96a8836000-7f96a8852000 rw-p 00000000 00:00 0 
7f96a8852000-7f96a897f000 ---p 00000000 00:00 0 
7f96a897f000-7f96a89df000 rw-p 00000000 00:00 0 
7f96a89df000-7f96a8a24000 ---p 00000000 00:00 0 
7f96a8a24000-7f96a8a51000 rw-p 00000000 00:00 0 
7f96a8a51000-7f96a8de5000 ---p 00000000 00:00 0 
7f96a8de5000-7f96a98b5000 rwxp 00000000 00:00 0 
7f96a98b5000-7f96b7de5000 ---p 00000000 00:00 0 
7f96b7de5000-7f96b7dff000 r-xp 00000000 08:05 2098437                    /usr/local/java/jdk1.8.0_141/jre/lib/amd64/libzip.so
7f96b7dff000-7f96b7fff000 ---p 0001a000 08:05 2098437                    /usr/local/java/jdk1.8.0_141/jre/lib/amd64/libzip.so
7f96b7fff000-7f96b8000000 rw-p 0001a000 08:05 2098437                    /usr/local/java/jdk1.8.0_141/jre/lib/amd64/libzip.so
7f96b8000000-7f96b8a80000 rw-p 00000000 00:00 0 
7f96b8a80000-7f96bc000000 ---p 00000000 00:00 0 
7f96bc000000-7f96bc001000 r--s 00002000 00:2b 9702064                    /home/gpaiva/Desktop/projects/code/git/Bitbucket/JOT/lib/jogamp-all-platforms/jar/jocl-natives-linux-amd64.jar
7f96bc001000-7f96bc002000 r--s 0002b000 00:2b 9702068                    /home/gpaiva/Desktop/projects/code/git/Bitbucket/JOT/lib/jogamp-all-platforms/jar/joal-natives-windows-i586.jar
7f96bc002000-7f96bc003000 r--s 0002d000 00:2b 9702077                    /home/gpaiva/Desktop/projects/code/git/Bitbucket/JOT/lib/jogamp-all-platforms/jar/joal-natives-windows-amd64.jar
7f96bc003000-7f96bc004000 r--s 00057000 00:2b 9702148                    /home/gpaiva/Desktop/projects/code/git/Bitbucket/JOT/lib/jogamp-all-platforms/jar/joal-natives-macosx-universal.jar
7f96bc004000-7f96bc005000 r--s 00030000 00:2b 9702060                    /home/gpaiva/Desktop/projects/code/git/Bitbucket/JOT/lib/jogamp-all-platforms/jar/joal-natives-linux-i586.jar
7f96bc005000-7f96bc00f000 r--s 000ca000 00:2b 9702047                    /home/gpaiva/Desktop/projects/code/git/Bitbucket/JOT/lib/jogamp-all-platforms/jar/gluegen.jar
7f96bc00f000-7f96bc015000 r--s 0004f000 00:2b 9702044                    /home/gpaiva/Desktop/projects/code/git/Bitbucket/JOT/lib/jogamp-all-platforms/jar/gluegen-rt.jar
7f96bc015000-7f96bc036000 rw-p 00000000 00:00 0 
7f96bc036000-7f96bc041000 r-xp 00000000 08:05 1836624                    /lib/x86_64-linux-gnu/libnss_files-2.23.so
7f96bc041000-7f96bc240000 ---p 0000b000 08:05 1836624                    /lib/x86_64-linux-gnu/libnss_files-2.23.so
7f96bc240000-7f96bc241000 r--p 0000a000 08:05 1836624                    /lib/x86_64-linux-gnu/libnss_files-2.23.so
7f96bc241000-7f96bc242000 rw-p 0000b000 08:05 1836624                    /lib/x86_64-linux-gnu/libnss_files-2.23.so
7f96bc242000-7f96bc248000 rw-p 00000000 00:00 0 
7f96bc248000-7f96bc253000 r-xp 00000000 08:05 1836638                    /lib/x86_64-linux-gnu/libnss_nis-2.23.so
7f96bc253000-7f96bc452000 ---p 0000b000 08:05 1836638                    /lib/x86_64-linux-gnu/libnss_nis-2.23.so
7f96bc452000-7f96bc453000 r--p 0000a000 08:05 1836638                    /lib/x86_64-linux-gnu/libnss_nis-2.23.so
7f96bc453000-7f96bc454000 rw-p 0000b000 08:05 1836638                    /lib/x86_64-linux-gnu/libnss_nis-2.23.so
7f96bc454000-7f96bc46a000 r-xp 00000000 08:05 1835387                    /lib/x86_64-linux-gnu/libnsl-2.23.so
7f96bc46a000-7f96bc669000 ---p 00016000 08:05 1835387                    /lib/x86_64-linux-gnu/libnsl-2.23.so
7f96bc669000-7f96bc66a000 r--p 00015000 08:05 1835387                    /lib/x86_64-linux-gnu/libnsl-2.23.so
7f96bc66a000-7f96bc66b000 rw-p 00016000 08:05 1835387                    /lib/x86_64-linux-gnu/libnsl-2.23.so
7f96bc66b000-7f96bc66d000 rw-p 00000000 00:00 0 
7f96bc66d000-7f96bc675000 r-xp 00000000 08:05 1836649                    /lib/x86_64-linux-gnu/libnss_compat-2.23.so
7f96bc675000-7f96bc874000 ---p 00008000 08:05 1836649                    /lib/x86_64-linux-gnu/libnss_compat-2.23.so
7f96bc874000-7f96bc875000 r--p 00007000 08:05 1836649                    /lib/x86_64-linux-gnu/libnss_compat-2.23.so
7f96bc875000-7f96bc876000 rw-p 00008000 08:05 1836649                    /lib/x86_64-linux-gnu/libnss_compat-2.23.so
7f96bc876000-7f96bc8a1000 r-xp 00000000 08:05 2098501                    /usr/local/java/jdk1.8.0_141/jre/lib/amd64/libjava.so
7f96bc8a1000-7f96bcaa0000 ---p 0002b000 08:05 2098501                    /usr/local/java/jdk1.8.0_141/jre/lib/amd64/libjava.so
7f96bcaa0000-7f96bcaa2000 rw-p 0002a000 08:05 2098501                    /usr/local/java/jdk1.8.0_141/jre/lib/amd64/libjava.so
7f96bcaa2000-7f96bcaaf000 r-xp 00000000 08:05 2097831                    /usr/local/java/jdk1.8.0_141/jre/lib/amd64/libverify.so
7f96bcaaf000-7f96bccaf000 ---p 0000d000 08:05 2097831                    /usr/local/java/jdk1.8.0_141/jre/lib/amd64/libverify.so
7f96bccaf000-7f96bccb1000 rw-p 0000d000 08:05 2097831                    /usr/local/java/jdk1.8.0_141/jre/lib/amd64/libverify.so
7f96bccb1000-7f96bccb8000 r-xp 00000000 08:05 1836644                    /lib/x86_64-linux-gnu/librt-2.23.so
7f96bccb8000-7f96bceb7000 ---p 00007000 08:05 1836644                    /lib/x86_64-linux-gnu/librt-2.23.so
7f96bceb7000-7f96bceb8000 r--p 00006000 08:05 1836644                    /lib/x86_64-linux-gnu/librt-2.23.so
7f96bceb8000-7f96bceb9000 rw-p 00007000 08:05 1836644                    /lib/x86_64-linux-gnu/librt-2.23.so
7f96bceb9000-7f96bcfc1000 r-xp 00000000 08:05 1836659                    /lib/x86_64-linux-gnu/libm-2.23.so
7f96bcfc1000-7f96bd1c0000 ---p 00108000 08:05 1836659                    /lib/x86_64-linux-gnu/libm-2.23.so
7f96bd1c0000-7f96bd1c1000 r--p 00107000 08:05 1836659                    /lib/x86_64-linux-gnu/libm-2.23.so
7f96bd1c1000-7f96bd1c2000 rw-p 00108000 08:05 1836659                    /lib/x86_64-linux-gnu/libm-2.23.so
7f96bd1c2000-7f96bde95000 r-xp 00000000 08:05 2098509                    /usr/local/java/jdk1.8.0_141/jre/lib/amd64/server/libjvm.so
7f96bde95000-7f96be094000 ---p 00cd3000 08:05 2098509                    /usr/local/java/jdk1.8.0_141/jre/lib/amd64/server/libjvm.so
7f96be094000-7f96be16e000 rw-p 00cd2000 08:05 2098509                    /usr/local/java/jdk1.8.0_141/jre/lib/amd64/server/libjvm.so
7f96be16e000-7f96be1b9000 rw-p 00000000 00:00 0 
7f96be1b9000-7f96be379000 r-xp 00000000 08:05 1836669                    /lib/x86_64-linux-gnu/libc-2.23.so
7f96be379000-7f96be579000 ---p 001c0000 08:05 1836669                    /lib/x86_64-linux-gnu/libc-2.23.so
7f96be579000-7f96be57d000 r--p 001c0000 08:05 1836669                    /lib/x86_64-linux-gnu/libc-2.23.so
7f96be57d000-7f96be57f000 rw-p 001c4000 08:05 1836669                    /lib/x86_64-linux-gnu/libc-2.23.so
7f96be57f000-7f96be583000 rw-p 00000000 00:00 0 
7f96be583000-7f96be586000 r-xp 00000000 08:05 1836648                    /lib/x86_64-linux-gnu/libdl-2.23.so
7f96be586000-7f96be785000 ---p 00003000 08:05 1836648                    /lib/x86_64-linux-gnu/libdl-2.23.so
7f96be785000-7f96be786000 r--p 00002000 08:05 1836648                    /lib/x86_64-linux-gnu/libdl-2.23.so
7f96be786000-7f96be787000 rw-p 00003000 08:05 1836648                    /lib/x86_64-linux-gnu/libdl-2.23.so
7f96be787000-7f96be79c000 r-xp 00000000 08:05 1584584                    /usr/local/java/jdk1.8.0_141/lib/amd64/jli/libjli.so
7f96be79c000-7f96be99c000 ---p 00015000 08:05 1584584                    /usr/local/java/jdk1.8.0_141/lib/amd64/jli/libjli.so
7f96be99c000-7f96be99d000 rw-p 00015000 08:05 1584584                    /usr/local/java/jdk1.8.0_141/lib/amd64/jli/libjli.so
7f96be99d000-7f96be9b5000 r-xp 00000000 08:05 1836636                    /lib/x86_64-linux-gnu/libpthread-2.23.so
7f96be9b5000-7f96bebb4000 ---p 00018000 08:05 1836636                    /lib/x86_64-linux-gnu/libpthread-2.23.so
7f96bebb4000-7f96bebb5000 r--p 00017000 08:05 1836636                    /lib/x86_64-linux-gnu/libpthread-2.23.so
7f96bebb5000-7f96bebb6000 rw-p 00018000 08:05 1836636                    /lib/x86_64-linux-gnu/libpthread-2.23.so
7f96bebb6000-7f96bebba000 rw-p 00000000 00:00 0 
7f96bebba000-7f96bebe0000 r-xp 00000000 08:05 1835389                    /lib/x86_64-linux-gnu/ld-2.23.so
7f96bebe0000-7f96bec8a000 rw-p 00000000 00:00 0 
7f96bec8a000-7f96bec8d000 ---p 00000000 00:00 0 
7f96bec8d000-7f96bed8f000 rw-p 00000000 00:00 0 
7f96bed8f000-7f96bed90000 r--s 0002e000 00:2b 9702062                    /home/gpaiva/Desktop/projects/code/git/Bitbucket/JOT/lib/jogamp-all-platforms/jar/joal-natives-linux-amd64.jar
7f96bed90000-7f96bed91000 r--s 00001000 00:2b 9702125                    /home/gpaiva/Desktop/projects/code/git/Bitbucket/JOT/lib/jogamp-all-platforms/jar/gluegen-rt-natives-windows-i586.jar
7f96bed91000-7f96bed92000 r--s 00001000 00:2b 9702129                    /home/gpaiva/Desktop/projects/code/git/Bitbucket/JOT/lib/jogamp-all-platforms/jar/gluegen-rt-natives-windows-amd64.jar
7f96bed92000-7f96bed93000 r--s 00001000 00:2b 9702099                    /home/gpaiva/Desktop/projects/code/git/Bitbucket/JOT/lib/jogamp-all-platforms/jar/gluegen-rt-natives-macosx-universal.jar
7f96bed93000-7f96bed95000 r--s 00000000 00:2b 9702147                    /home/gpaiva/Desktop/projects/code/git/Bitbucket/JOT/lib/jogamp-all-platforms/jar/gluegen-rt-natives-linux-i586.jar
7f96bed95000-7f96bed97000 r--s 00000000 00:2b 9702116                    /home/gpaiva/Desktop/projects/code/git/Bitbucket/JOT/lib/jogamp-all-platforms/jar/gluegen-rt-natives-linux-amd64.jar
7f96bed97000-7f96bedd3000 rw-p 00000000 00:00 0 
7f96bedd3000-7f96beddb000 rw-s 00000000 08:05 11272400                   /tmp/hsperfdata_gpaiva/9800
7f96beddb000-7f96beddc000 rw-p 00000000 00:00 0 
7f96beddc000-7f96beddd000 r--p 00000000 00:00 0 
7f96beddd000-7f96beddf000 rw-p 00000000 00:00 0 
7f96beddf000-7f96bede0000 r--p 00025000 08:05 1835389                    /lib/x86_64-linux-gnu/ld-2.23.so
7f96bede0000-7f96bede1000 rw-p 00026000 08:05 1835389                    /lib/x86_64-linux-gnu/ld-2.23.so
7f96bede1000-7f96bede2000 rw-p 00000000 00:00 0 
7fff6133c000-7fff6135e000 rw-p 00000000 00:00 0                          [stack]
7fff6139c000-7fff6139e000 r--p 00000000 00:00 0                          [vvar]
7fff6139e000-7fff613a0000 r-xp 00000000 00:00 0                          [vdso]
ffffffffff600000-ffffffffff601000 r-xp 00000000 00:00 0                  [vsyscall]

VM Arguments:
jvm_args: -Dfile.encoding=UTF-8 -Djava.util.logging.SimpleFormatter.format=%5$s%6$s%n 
java_command: jot.demo.gui.GameMain pires
java_class_path (initial): /home/gpaiva/Desktop/projects/code/git/Bitbucket/JOT/lib/commons-math/commons-math3-3.6.1.jar:/home/gpaiva/Desktop/projects/code/git/Bitbucket/JOT/lib/jogamp-all-platforms/jar/gluegen-rt-natives-linux-amd64.jar:/home/gpaiva/Desktop/projects/code/git/Bitbucket/JOT/lib/jogamp-all-platforms/jar/gluegen-rt-natives-linux-i586.jar:/home/gpaiva/Desktop/projects/code/git/Bitbucket/JOT/lib/jogamp-all-platforms/jar/gluegen-rt-natives-macosx-universal.jar:/home/gpaiva/Desktop/projects/code/git/Bitbucket/JOT/lib/jogamp-all-platforms/jar/gluegen-rt-natives-windows-amd64.jar:/home/gpaiva/Desktop/projects/code/git/Bitbucket/JOT/lib/jogamp-all-platforms/jar/gluegen-rt-natives-windows-i586.jar:/home/gpaiva/Desktop/projects/code/git/Bitbucket/JOT/lib/jogamp-all-platforms/jar/gluegen-rt.jar:/home/gpaiva/Desktop/projects/code/git/Bitbucket/JOT/lib/jogamp-all-platforms/jar/gluegen.jar:/home/gpaiva/Desktop/projects/code/git/Bitbucket/JOT/lib/jogamp-all-platforms/jar/joal-natives-linux-amd64.jar:/home/gpaiva/Desktop/projects/code/git/Bitbucket/JOT/lib/jogamp-all-platforms/jar/joal-natives-linux-i586.jar:/home/gpaiva/Desktop/projects/code/git/Bitbucket/JOT/lib/jogamp-all-platforms/jar/joal-natives-macosx-universal.jar:/home/gpaiva/Desktop/projects/code/git/Bitbucket/JOT/lib/jogamp-all-platforms/jar/joal-natives-windows-amd64.jar:/home/gpaiva/Desktop/projects/code/git/Bitbucket/JOT/lib/jogamp-all-platforms/jar/joal-natives-windows-i586.jar:/home/gpaiva/Desktop/projects/code/git/Bitbucket/JOT/lib/jogamp-all-platforms/jar/joal.jar:/home/gpaiva/Desktop/projects/code/git/Bitbucket/JOT/lib/jogamp-all-platforms/jar/jocl-natives-linux-amd64.jar:/home/gpaiva/Desktop/projects/code/git/Bitbucket/JOT/lib/jogamp-all-platforms/jar/jocl-natives-linux-i586.jar:/home/gpaiva/Desktop/projects/code/git/Bitbucket/JOT/lib/jogamp-all-platforms/jar/jocl-natives-macosx-universal.jar:/home/gpaiva/Desktop/projects/code/git/Bitbucket/JOT/lib/jogamp-all-platforms/jar/jocl-natives-windows-a
Launcher Type: SUN_STANDARD

Environment Variables:
JAVA_HOME=/usr/local/java/jdk1.8.0_131
JRE_HOME=/usr/local/java/jre1.8.0_131
PATH=/home/gpaiva/bin:/home/gpaiva/.local/bin:/usr/local/sbin:/usr/local/bin:/usr/sbin:/usr/bin:/sbin:/bin:/usr/games:/usr/local/games:/home/gpaiva/omnetpp-5.1/bin:/home/gpaiva/bin:/usr/local/java/jdk1.8.0_131/bin:/home/gpaiva/bin:/usr/local/java/jre1.8.0_131/bin
LD_LIBRARY_PATH=/usr/local/java/jdk1.8.0_141/jre/lib/amd64:/usr/local/java/jdk1.8.0_141/jre/lib/i386:
SHELL=/bin/bash
DISPLAY=:0

Signal Handlers:
SIGSEGV: [libjvm.so+0xacba10], sa_mask[0]=11111111011111111101111111111110, sa_flags=SA_RESTART|SA_SIGINFO
SIGBUS: [libjvm.so+0xacba10], sa_mask[0]=11111111011111111101111111111110, sa_flags=SA_RESTART|SA_SIGINFO
SIGFPE: [libjvm.so+0x924ba0], sa_mask[0]=11111111011111111101111111111110, sa_flags=SA_RESTART|SA_SIGINFO
SIGPIPE: [libjvm.so+0x924ba0], sa_mask[0]=11111111011111111101111111111110, sa_flags=SA_RESTART|SA_SIGINFO
SIGXFSZ: [libjvm.so+0x924ba0], sa_mask[0]=11111111011111111101111111111110, sa_flags=SA_RESTART|SA_SIGINFO
SIGILL: [libjvm.so+0x924ba0], sa_mask[0]=11111111011111111101111111111110, sa_flags=SA_RESTART|SA_SIGINFO
SIGUSR1: SIG_DFL, sa_mask[0]=00000000000000000000000000000000, sa_flags=none
SIGUSR2: [libjvm.so+0x9263e0], sa_mask[0]=00100000000000000000000000000000, sa_flags=SA_RESTART|SA_SIGINFO
SIGHUP: [libjvm.so+0x9277e0], sa_mask[0]=11111111011111111101111111111110, sa_flags=SA_RESTART|SA_SIGINFO
SIGINT: SIG_IGN, sa_mask[0]=00000000000000000000000000000000, sa_flags=none
SIGTERM: [libjvm.so+0x9277e0], sa_mask[0]=11111111011111111101111111111110, sa_flags=SA_RESTART|SA_SIGINFO
SIGQUIT: [libjvm.so+0x9277e0], sa_mask[0]=11111111011111111101111111111110, sa_flags=SA_RESTART|SA_SIGINFO


---------------  S Y S T E M  ---------------

OS:DISTRIB_ID=LinuxMint
DISTRIB_RELEASE=18.2
DISTRIB_CODENAME=sonya
DISTRIB_DESCRIPTION="Linux Mint 18.2 Sonya"

uname:Linux 4.4.0-83-generic #106-Ubuntu SMP Mon Jun 26 17:54:43 UTC 2017 x86_64
libc:glibc 2.23 NPTL 2.23 
rlimit: STACK 8192k, CORE 0k, NPROC 15636, NOFILE 65536, AS infinity
load average:2,02 2,10 1,86

/proc/meminfo:
MemTotal:        4045364 kB
MemFree:          137900 kB
MemAvailable:     355096 kB
Buffers:           36416 kB
Cached:           398708 kB
SwapCached:        64472 kB
Active:          2512688 kB
Inactive:        1022756 kB
Active(anon):    2277096 kB
Inactive(anon):   867084 kB
Active(file):     235592 kB
Inactive(file):   155672 kB
Unevictable:          48 kB
Mlocked:              48 kB
SwapTotal:       3998204 kB
SwapFree:        2690264 kB
Dirty:              2336 kB
Writeback:             0 kB
AnonPages:       3088604 kB
Mapped:           279544 kB
Shmem:             43812 kB
Slab:             127672 kB
SReclaimable:      62204 kB
SUnreclaim:        65468 kB
KernelStack:       11968 kB
PageTables:        52068 kB
NFS_Unstable:          0 kB
Bounce:                0 kB
WritebackTmp:          0 kB
CommitLimit:     6020884 kB
Committed_AS:    9121520 kB
VmallocTotal:   34359738367 kB
VmallocUsed:           0 kB
VmallocChunk:          0 kB
HardwareCorrupted:     0 kB
AnonHugePages:    935936 kB
CmaTotal:              0 kB
CmaFree:               0 kB
HugePages_Total:       0
HugePages_Free:        0
HugePages_Rsvd:        0
HugePages_Surp:        0
Hugepagesize:       2048 kB
DirectMap4k:     1903424 kB
DirectMap2M:     2289664 kB


CPU:total 2 (initial active 2) (2 cores per cpu, 1 threads per core) family 6 model 23 stepping 6, cmov, cx8, fxsr, mmx, sse, sse2, sse3, ssse3, sse4.1, tsc

/proc/cpuinfo:
processor	: 0
vendor_id	: GenuineIntel
cpu family	: 6
model		: 23
model name	: Intel(R) Core(TM)2 Duo CPU     T9300  @ 2.50GHz
stepping	: 6
microcode	: 0x60c
cpu MHz		: 2401.000
cache size	: 6144 KB
physical id	: 0
siblings	: 2
core id		: 0
cpu cores	: 2
apicid		: 0
initial apicid	: 0
fpu		: yes
fpu_exception	: yes
cpuid level	: 10
wp		: yes
flags		: fpu vme de pse tsc msr pae mce cx8 apic sep mtrr pge mca cmov pat pse36 clflush dts acpi mmx fxsr sse sse2 ss ht tm pbe syscall nx lm constant_tsc arch_perfmon pebs bts rep_good nopl aperfmperf pni dtes64 monitor ds_cpl vmx est tm2 ssse3 cx16 xtpr pdcm sse4_1 lahf_lm tpr_shadow vnmi flexpriority dtherm ida
bugs		:
bogomips	: 4987.79
clflush size	: 64
cache_alignment	: 64
address sizes	: 36 bits physical, 48 bits virtual
power management:

processor	: 1
vendor_id	: GenuineIntel
cpu family	: 6
model		: 23
model name	: Intel(R) Core(TM)2 Duo CPU     T9300  @ 2.50GHz
stepping	: 6
microcode	: 0x60c
cpu MHz		: 2401.000
cache size	: 6144 KB
physical id	: 0
siblings	: 2
core id		: 1
cpu cores	: 2
apicid		: 1
initial apicid	: 1
fpu		: yes
fpu_exception	: yes
cpuid level	: 10
wp		: yes
flags		: fpu vme de pse tsc msr pae mce cx8 apic sep mtrr pge mca cmov pat pse36 clflush dts acpi mmx fxsr sse sse2 ss ht tm pbe syscall nx lm constant_tsc arch_perfmon pebs bts rep_good nopl aperfmperf pni dtes64 monitor ds_cpl vmx est tm2 ssse3 cx16 xtpr pdcm sse4_1 lahf_lm tpr_shadow vnmi flexpriority dtherm ida
bugs		:
bogomips	: 4987.79
clflush size	: 64
cache_alignment	: 64
address sizes	: 36 bits physical, 48 bits virtual
power management:



Memory: 4k page, physical 4045364k(137900k free), swap 3998204k(2690264k free)

vm_info: Java HotSpot(TM) 64-Bit Server VM (25.141-b15) for linux-amd64 JRE (1.8.0_141-b15), built on Jul 12 2017 04:21:34 by "java_re" with gcc 4.3.0 20080428 (Red Hat 4.3.0-8)

time: Sun Jul 23 23:57:30 2017
elapsed time: 19 seconds (0d 0h 0m 19s)

