#
# A fatal error has been detected by the Java Runtime Environment:
#
#  SIGSEGV (0xb) at pc=0x00007f0f913f9366, pid=27823, tid=139705442084608
#
# JRE version: 7.0_25-b30
# Java VM: OpenJDK 64-Bit Server VM (23.7-b01 mixed mode linux-amd64 compressed oops)
# Problematic frame:
# C  [libGL.so.1+0xb4366]  glXCreateNewContext+0x35e36
#
# Failed to write core dump. Core dumps have been disabled. To enable core dumping, try "ulimit -c unlimited" before starting Java again
#
# If you would like to submit a bug report, please include
# instructions on how to reproduce the bug and visit:
#   https://bugs.launchpad.net/ubuntu/+source/openjdk-7/
# The crash happened outside the Java Virtual Machine in native code.
# See problematic frame for where to report the bug.
#

---------------  T H R E A D  ---------------

Current thread (0x00007f0fbc11c000):  JavaThread "JDWP Transport Listener: dt_socket" daemon [_thread_in_native, id=27843, stack(0x00007f0fb52fa000,0x00007f0fb53fb000)]

siginfo:si_signo=SIGSEGV: si_errno=0, si_code=1 (SEGV_MAPERR), si_addr=0x0000000000000968

Registers:
RAX=0x0000000000000000, RBX=0x0000000000000002, RCX=0x0000000000000003, RDX=0x0000000000000000
RSP=0x00007f0fb53f7cd0, RBP=0x0000000000000002, RSI=0x0000000000000000, RDI=0x0000000000000000
R8 =0x00007f0f91652200, R9 =0x0000000000006cc3, R10=0x0000000000000000, R11=0x00007f0f52feda60
R12=0x0000000000000000, R13=0x0000000000000000, R14=0x0000000000000002, R15=0x0000000000000001
RIP=0x00007f0f913f9366, EFLAGS=0x0000000000010246, CSGSFS=0x0000000000000033, ERR=0x0000000000000004
  TRAPNO=0x000000000000000e

Top of Stack: (sp=0x00007f0fb53f7cd0)
0x00007f0fb53f7cd0:   00007f0f7c028970 00007f0f52f22a18
0x00007f0fb53f7ce0:   0000000000000001 0000000400000000
0x00007f0fb53f7cf0:   0000000000000000 0000000000000002
0x00007f0fb53f7d00:   0000000000000002 0000000000000000
0x00007f0fb53f7d10:   00007f0f53ffec20 00007f0f913ca2ae
0x00007f0fb53f7d20:   00007f0f53fe8220 00007f0f480427e0
0x00007f0fb53f7d30:   00007f0f53fb8580 00007f0f52f2cc0b
0x00007f0fb53f7d40:   00007f0f45a6b010 00007f0f480427e0
0x00007f0fb53f7d50:   00007f0f45a6b010 00000000beec0100
0x00007f0fb53f7d60:   00007f0f53fecbe0 00007f0f52f23fd3
0x00007f0fb53f7d70:   0000000000000fff 00007f0f45b0f748
0x00007f0fb53f7d80:   00000000beec0036 0000000000001000
0x00007f0fb53f7d90:   0000000000000000 00007f0fb53f7f50
0x00007f0fb53f7da0:   0000000000000000 00007f0fb53f7eb0
0x00007f0fb53f7db0:   00007f0fb53f7e20 00007f0f45b0b244
0x00007f0fb53f7dc0:   0000000000000000 0000000000000000
0x00007f0fb53f7dd0:   0000000000000000 0000000000000000
0x00007f0fb53f7de0:   fffff00000001000 0000000000000000
0x00007f0fb53f7df0:   0000000000000000 0000000000000000
0x00007f0fb53f7e00:   0000000000000000 0000000000000000
0x00007f0fb53f7e10:   0000000000000000 00007f0f480427e0
0x00007f0fb53f7e20:   6f46654700000000 3030383820656372
0x00007f0fb53f7e30:   0000000000544720 0000000000000000
0x00007f0fb53f7e40:   0000000000000000 0000000000000000
0x00007f0fb53f7e50:   0000000000000000 0000000000000000
0x00007f0fb53f7e60:   0000000000000000 0000000000000000
0x00007f0fb53f7e70:   0000000000000000 0000000000000000
0x00007f0fb53f7e80:   0000000000000000 0000000000000000
0x00007f0fb53f7e90:   0000000000000000 0000000000000000
0x00007f0fb53f7ea0:   00007f0f00000000 00007f0fb40ce350
0x00007f0fb53f7eb0:   0000000300000003 0000000000000000
0x00007f0fb53f7ec0:   00000000000bd160 0000000000000fff 

Instructions: (pc=0x00007f0f913f9366)
0x00007f0f913f9346:   31 ed bb 04 00 00 00 0f 1f 00 e8 6b e1 f9 ff 89
0x00007f0f913f9356:   e8 f0 0f b1 1d 81 e1 26 00 0f 95 c2 84 d2 75 ea
0x00007f0f913f9366:   49 8b 84 24 68 09 00 00 48 85 c0 74 05 4c 89 e7
0x00007f0f913f9376:   ff 10 48 8b 3d a1 b5 23 00 48 85 ff 75 40 c7 05 

Register to memory mapping:

RAX=0x0000000000000000 is an unknown value
RBX=0x0000000000000002 is an unknown value
RCX=0x0000000000000003 is an unknown value
RDX=0x0000000000000000 is an unknown value
RSP=0x00007f0fb53f7cd0 is pointing into the stack for thread: 0x00007f0fbc11c000
RBP=0x0000000000000002 is an unknown value
RSI=0x0000000000000000 is an unknown value
RDI=0x0000000000000000 is an unknown value
R8 =0x00007f0f91652200: <offset 0x30d200> in /usr/lib/nvidia-310/libGL.so.1 at 0x00007f0f91345000
R9 =0x0000000000006cc3 is an unknown value
R10=0x0000000000000000 is an unknown value
R11=0x00007f0f52feda60: <offset 0x14e0a60> in /usr/lib/nvidia-310/libnvidia-glcore.so.310.44 at 0x00007f0f51b0d000
R12=0x0000000000000000 is an unknown value
R13=0x0000000000000000 is an unknown value
R14=0x0000000000000002 is an unknown value
R15=0x0000000000000001 is an unknown value


Stack: [0x00007f0fb52fa000,0x00007f0fb53fb000],  sp=0x00007f0fb53f7cd0,  free space=1015k
Native frames: (J=compiled Java code, j=interpreted, Vv=VM code, C=native code)
C  [libGL.so.1+0xb4366]  glXCreateNewContext+0x35e36


---------------  P R O C E S S  ---------------

Java Threads: ( => current thread )
  0x00007f0fbc5b3800 JavaThread "main-SharedResourceRunner" daemon [_thread_in_native, id=27878, stack(0x00007f0f90db2000,0x00007f0f90eb3000)]
  0x00007f0f4c004000 JavaThread "org.netbeans.modules.debugger.jpda.visual AWT Access Loop" daemon [_thread_blocked, id=27877, stack(0x00007f0faf171000,0x00007f0faf272000)]
  0x00007f0fbc54e000 JavaThread "AWT-XAWT" daemon [_thread_in_native, id=27874, stack(0x00007f0f9207c000,0x00007f0f9217d000)]
  0x00007f0fbc51e000 JavaThread "Java2D Disposer" daemon [_thread_blocked, id=27873, stack(0x00007f0fa4076000,0x00007f0fa4177000)]
  0x00007f0fbc3d4000 JavaThread "process reaper" daemon [_thread_blocked, id=27867, stack(0x00007f0fb4adb000,0x00007f0fb4b03000)]
  0x00007f0fbc127800 JavaThread "Service Thread" daemon [_thread_blocked, id=27862, stack(0x00007f0fb4df5000,0x00007f0fb4ef6000)]
  0x00007f0fbc125000 JavaThread "C2 CompilerThread1" daemon [_thread_blocked, id=27861, stack(0x00007f0fb4ef6000,0x00007f0fb4ff7000)]
  0x00007f0fbc122000 JavaThread "C2 CompilerThread0" daemon [_thread_blocked, id=27860, stack(0x00007f0fb4ff7000,0x00007f0fb50f8000)]
  0x00007f0fbc120000 JavaThread "JDWP Event Helper Thread" daemon [_thread_blocked, id=27844, stack(0x00007f0fb51f9000,0x00007f0fb52fa000)]
=>0x00007f0fbc11c000 JavaThread "JDWP Transport Listener: dt_socket" daemon [_thread_in_native, id=27843, stack(0x00007f0fb52fa000,0x00007f0fb53fb000)]
  0x00007f0fbc10f000 JavaThread "Signal Dispatcher" daemon [_thread_blocked, id=27836, stack(0x00007f0fb5600000,0x00007f0fb5701000)]
  0x00007f0fbc0b6800 JavaThread "Finalizer" daemon [_thread_blocked, id=27835, stack(0x00007f0fb5701000,0x00007f0fb5802000)]
  0x00007f0fbc0b4000 JavaThread "Reference Handler" daemon [_thread_blocked, id=27834, stack(0x00007f0fb5802000,0x00007f0fb5903000)]
  0x00007f0fbc00d000 JavaThread "main" [_thread_blocked, id=27828, stack(0x00007f0fc357d000,0x00007f0fc367e000)]

Other Threads:
  0x00007f0fbc0ab800 VMThread [stack: 0x00007f0fb5903000,0x00007f0fb5a04000] [id=27833]
  0x00007f0fbc132000 WatcherThread [stack: 0x00007f0fb4cf4000,0x00007f0fb4df5000] [id=27863]

VM state:not at safepoint (normal execution)

VM Mutex/Monitor currently owned by a thread: None

Heap
 PSYoungGen      total 37248K, used 20338K [0x00000007d6600000, 0x00000007d8f90000, 0x0000000800000000)
  eden space 31936K, 63% used [0x00000007d6600000,0x00000007d79dcae8,0x00000007d8530000)
  from space 5312K, 0% used [0x00000007d8a60000,0x00000007d8a60000,0x00000007d8f90000)
  to   space 5312K, 0% used [0x00000007d8530000,0x00000007d8530000,0x00000007d8a60000)
 ParOldGen       total 85248K, used 0K [0x0000000783200000, 0x0000000788540000, 0x00000007d6600000)
  object space 85248K, 0% used [0x0000000783200000,0x0000000783200000,0x0000000788540000)
 PSPermGen       total 21248K, used 13228K [0x0000000778c00000, 0x000000077a0c0000, 0x0000000783200000)
  object space 21248K, 62% used [0x0000000778c00000,0x00000007798eb000,0x000000077a0c0000)

Card table byte_map: [0x00007f0fb8389000,0x00007f0fb87c4000] byte_map_base: 0x00007f0fb47c3000

Polling page: 0x00007f0fc36ad000

Code Cache  [0x00007f0fb87c4000, 0x00007f0fb8a34000, 0x00007f0fbb7c4000)
 total_blobs=669 nmethods=36 adapters=594 free_code_cache=48421Kb largest_free_block=49564224

Compilation events (10 events):
Event: 5,076 Thread 0x00007f0fbc125000   29             java.lang.String::length (6 bytes)
Event: 5,077 Thread 0x00007f0fbc125000 nmethod 29 0x00007f0fb8870e50 code [0x00007f0fb8870fa0, 0x00007f0fb8871038]
Event: 5,087 Thread 0x00007f0fbc122000   30             sun.net.www.ParseUtil::encodePath (336 bytes)
Event: 5,109 Thread 0x00007f0fbc122000 nmethod 30 0x00007f0fb8873ad0 code [0x00007f0fb8873d40, 0x00007f0fb8874ff8]
Event: 6,067 Thread 0x00007f0fbc125000   31             java.lang.String::startsWith (72 bytes)
Event: 6,069 Thread 0x00007f0fbc125000 nmethod 31 0x00007f0fb887cf10 code [0x00007f0fb887d060, 0x00007f0fb887d278]
Event: 6,082 Thread 0x00007f0fbc122000   32             java.lang.String::endsWith (17 bytes)
Event: 6,084 Thread 0x00007f0fbc125000   33             com.jogamp.gluegen.runtime.opengl.GLNameResolver::getExtensionIdx (81 bytes)
Event: 6,084 Thread 0x00007f0fbc122000 nmethod 32 0x00007f0fb887d410 code [0x00007f0fb887d560, 0x00007f0fb887d758]
Event: 6,093 Thread 0x00007f0fbc125000 nmethod 33 0x00007f0fb887ae50 code [0x00007f0fb887b000, 0x00007f0fb887b5a8]

GC Heap History (0 events):
No events

Deoptimization events (3 events):
Event: 4,133 Thread 0x00007f0fbc00d000 Uncommon trap -83 fr.pc 0x00007f0fb88254f8
Event: 4,494 Thread 0x00007f0fbc00d000 Uncommon trap -34 fr.pc 0x00007f0fb882ef44
Event: 4,551 Thread 0x00007f0fbc00d000 Uncommon trap -12 fr.pc 0x00007f0fb8838990

Internal exceptions (10 events):
Event: 5,240 Thread 0x00007f0fbc5b3800 Threw 0x00000007d76ab1d0 at /build/buildd/openjdk-7-7u25-2.3.10/build/openjdk/hotspot/src/share/vm/prims/jvm.cpp:1235
Event: 5,241 Thread 0x00007f0fbc5b3800 Threw 0x00000007d76b1c18 at /build/buildd/openjdk-7-7u25-2.3.10/build/openjdk/hotspot/src/share/vm/prims/jvm.cpp:1235
Event: 5,241 Thread 0x00007f0fbc5b3800 Threw 0x00000007d76b5038 at /build/buildd/openjdk-7-7u25-2.3.10/build/openjdk/hotspot/src/share/vm/prims/jvm.cpp:1235
Event: 5,242 Thread 0x00007f0fbc5b3800 Threw 0x00000007d775fc00 at /build/buildd/openjdk-7-7u25-2.3.10/build/openjdk/hotspot/src/share/vm/prims/jvm.cpp:1235
Event: 5,243 Thread 0x00007f0fbc5b3800 Threw 0x00000007d7766118 at /build/buildd/openjdk-7-7u25-2.3.10/build/openjdk/hotspot/src/share/vm/prims/jvm.cpp:1235
Event: 5,243 Thread 0x00007f0fbc5b3800 Threw 0x00000007d776ad58 at /build/buildd/openjdk-7-7u25-2.3.10/build/openjdk/hotspot/src/share/vm/prims/jvm.cpp:1235
Event: 5,244 Thread 0x00007f0fbc5b3800 Threw 0x00000007d7771d18 at /build/buildd/openjdk-7-7u25-2.3.10/build/openjdk/hotspot/src/share/vm/prims/jvm.cpp:1235
Event: 5,245 Thread 0x00007f0fbc5b3800 Threw 0x00000007d7775388 at /build/buildd/openjdk-7-7u25-2.3.10/build/openjdk/hotspot/src/share/vm/prims/jvm.cpp:1235
Event: 5,245 Thread 0x00007f0fbc5b3800 Threw 0x00000007d777cbf0 at /build/buildd/openjdk-7-7u25-2.3.10/build/openjdk/hotspot/src/share/vm/prims/jvm.cpp:1235
Event: 6,068 Thread 0x00007f0fbc5b3800 Threw 0x00000007d7786410 at /build/buildd/openjdk-7-7u25-2.3.10/build/openjdk/hotspot/src/share/vm/prims/jvm.cpp:1235

Events (10 events):
Event: 5,243 loading class 0x00007f0f48030120 done
Event: 5,244 loading class 0x00007f0f480307c0
Event: 5,244 loading class 0x00007f0f480307c0 done
Event: 5,244 loading class 0x00007f0f5c00c6c0
Event: 5,244 loading class 0x00007f0f5c00c6c0 done
Event: 5,245 loading class 0x00007f0f4802f900
Event: 5,245 loading class 0x00007f0f4802f900 done
Event: 5,377 Thread 0x00007f0f7c001000 Thread exited: 0x00007f0f7c001000
Event: 6,068 loading class 0x00007f0f5c04e8e0
Event: 6,068 loading class 0x00007f0f5c04e8e0 done


Dynamic libraries:
00400000-00401000 r-xp 00000000 08:15 5776753                            /usr/lib/jvm/java-7-openjdk-amd64/jre/bin/java
00600000-00601000 r--p 00000000 08:15 5776753                            /usr/lib/jvm/java-7-openjdk-amd64/jre/bin/java
00601000-00602000 rw-p 00001000 08:15 5776753                            /usr/lib/jvm/java-7-openjdk-amd64/jre/bin/java
00e80000-00ea1000 rw-p 00000000 00:00 0                                  [heap]
4074a000-407e7000 rw-p 00000000 00:00 0 
41ef5000-41ef7000 r-xs 00000000 08:15 2119114                            /tmp/glco3eNp (deleted)
778c00000-77a0c0000 rw-p 00000000 00:00 0 
77a0c0000-783200000 rw-p 00000000 00:00 0 
783200000-788540000 rw-p 00000000 00:00 0 
788540000-7d6600000 rw-p 00000000 00:00 0 
7d6600000-7d8f90000 rw-p 00000000 00:00 0 
7d8f90000-800000000 rw-p 00000000 00:00 0 
7f0f45a6b000-7f0f45b29000 rw-p 00000000 00:00 0 
7f0f45b29000-7f0f45d29000 rw-s 21dd57000 00:05 12298                     /dev/nvidia0
7f0f45d29000-7f0f47143000 r-xp 00000000 08:15 5643150                    /usr/lib/x86_64-linux-gnu/libLLVM-3.2.so.1
7f0f47143000-7f0f47342000 ---p 0141a000 08:15 5643150                    /usr/lib/x86_64-linux-gnu/libLLVM-3.2.so.1
7f0f47342000-7f0f4743d000 r--p 01419000 08:15 5643150                    /usr/lib/x86_64-linux-gnu/libLLVM-3.2.so.1
7f0f4743d000-7f0f47443000 rw-p 01514000 08:15 5643150                    /usr/lib/x86_64-linux-gnu/libLLVM-3.2.so.1
7f0f47443000-7f0f47451000 rw-p 00000000 00:00 0 
7f0f47451000-7f0f477ef000 r-xp 00000000 08:15 5649376                    /usr/lib/x86_64-linux-gnu/libdricore9.1.4.so.1.0.0
7f0f477ef000-7f0f479ef000 ---p 0039e000 08:15 5649376                    /usr/lib/x86_64-linux-gnu/libdricore9.1.4.so.1.0.0
7f0f479ef000-7f0f47a00000 r--p 0039e000 08:15 5649376                    /usr/lib/x86_64-linux-gnu/libdricore9.1.4.so.1.0.0
7f0f47a00000-7f0f47a0a000 rw-p 003af000 08:15 5649376                    /usr/lib/x86_64-linux-gnu/libdricore9.1.4.so.1.0.0
7f0f47a0a000-7f0f47a21000 rw-p 00000000 00:00 0 
7f0f47a21000-7f0f47c25000 r-xp 00000000 08:15 5649375                    /usr/lib/x86_64-linux-gnu/libgallium.so.0.0.0
7f0f47c25000-7f0f47e25000 ---p 00204000 08:15 5649375                    /usr/lib/x86_64-linux-gnu/libgallium.so.0.0.0
7f0f47e25000-7f0f47e34000 r--p 00204000 08:15 5649375                    /usr/lib/x86_64-linux-gnu/libgallium.so.0.0.0
7f0f47e34000-7f0f47e38000 rw-p 00213000 08:15 5649375                    /usr/lib/x86_64-linux-gnu/libgallium.so.0.0.0
7f0f47e38000-7f0f48000000 rw-p 00000000 00:00 0 
7f0f48000000-7f0f48212000 rw-p 00000000 00:00 0 
7f0f48212000-7f0f4c000000 ---p 00000000 00:00 0 
7f0f4c000000-7f0f4c055000 rw-p 00000000 00:00 0 
7f0f4c055000-7f0f50000000 ---p 00000000 00:00 0 
7f0f50071000-7f0f5007b000 r-xp 00000000 08:15 5643477                    /usr/lib/x86_64-linux-gnu/libdrm_radeon.so.1.0.1
7f0f5007b000-7f0f5027a000 ---p 0000a000 08:15 5643477                    /usr/lib/x86_64-linux-gnu/libdrm_radeon.so.1.0.1
7f0f5027a000-7f0f5027b000 r--p 00009000 08:15 5643477                    /usr/lib/x86_64-linux-gnu/libdrm_radeon.so.1.0.1
7f0f5027b000-7f0f5027c000 rw-p 0000a000 08:15 5643477                    /usr/lib/x86_64-linux-gnu/libdrm_radeon.so.1.0.1
7f0f5027c000-7f0f50285000 r-xp 00000000 08:15 5643684                    /usr/lib/x86_64-linux-gnu/libllvmradeon9.1.4.so
7f0f50285000-7f0f50484000 ---p 00009000 08:15 5643684                    /usr/lib/x86_64-linux-gnu/libllvmradeon9.1.4.so
7f0f50484000-7f0f50485000 r--p 00008000 08:15 5643684                    /usr/lib/x86_64-linux-gnu/libllvmradeon9.1.4.so
7f0f50485000-7f0f50486000 rw-p 00009000 08:15 5643684                    /usr/lib/x86_64-linux-gnu/libllvmradeon9.1.4.so
7f0f50486000-7f0f5048b000 r-xp 00000000 08:15 5643471                    /usr/lib/x86_64-linux-gnu/libdrm_nouveau.so.2.0.0
7f0f5048b000-7f0f5068a000 ---p 00005000 08:15 5643471                    /usr/lib/x86_64-linux-gnu/libdrm_nouveau.so.2.0.0
7f0f5068a000-7f0f5068b000 r--p 00004000 08:15 5643471                    /usr/lib/x86_64-linux-gnu/libdrm_nouveau.so.2.0.0
7f0f5068b000-7f0f5068c000 rw-p 00005000 08:15 5643471                    /usr/lib/x86_64-linux-gnu/libdrm_nouveau.so.2.0.0
7f0f5068c000-7f0f50693000 r-xp 00000000 08:15 1195                       /usr/lib/x86_64-linux-gnu/mesa-egl/libOpenVG.so.1.0.0
7f0f50693000-7f0f50892000 ---p 00007000 08:15 1195                       /usr/lib/x86_64-linux-gnu/mesa-egl/libOpenVG.so.1.0.0
7f0f50892000-7f0f50893000 r--p 00006000 08:15 1195                       /usr/lib/x86_64-linux-gnu/mesa-egl/libOpenVG.so.1.0.0
7f0f50893000-7f0f50894000 rw-p 00007000 08:15 1195                       /usr/lib/x86_64-linux-gnu/mesa-egl/libOpenVG.so.1.0.0
7f0f50894000-7f0f50896000 rw-p 00000000 00:00 0 
7f0f50896000-7f0f50b7c000 r-xp 00000000 08:15 1192                       /usr/lib/x86_64-linux-gnu/egl/egl_gallium.so
7f0f50b7c000-7f0f50d7b000 ---p 002e6000 08:15 1192                       /usr/lib/x86_64-linux-gnu/egl/egl_gallium.so
7f0f50d7b000-7f0f50d7f000 r--p 002e5000 08:15 1192                       /usr/lib/x86_64-linux-gnu/egl/egl_gallium.so
7f0f50d7f000-7f0f50d88000 rw-p 002e9000 08:15 1192                       /usr/lib/x86_64-linux-gnu/egl/egl_gallium.so
7f0f50d88000-7f0f50e8f000 rw-p 00000000 00:00 0 
7f0f50e8f000-7f0f50eb0000 r-xp 00000000 08:15 5649403                    /usr/lib/x86_64-linux-gnu/libglapi.so.0.0.0
7f0f50eb0000-7f0f510b0000 ---p 00021000 08:15 5649403                    /usr/lib/x86_64-linux-gnu/libglapi.so.0.0.0
7f0f510b0000-7f0f510b3000 r--p 00021000 08:15 5649403                    /usr/lib/x86_64-linux-gnu/libglapi.so.0.0.0
7f0f510b3000-7f0f510b4000 rw-p 00024000 08:15 5649403                    /usr/lib/x86_64-linux-gnu/libglapi.so.0.0.0
7f0f510b4000-7f0f510b5000 rw-p 00000000 00:00 0 
7f0f510b5000-7f0f510bb000 r-xp 00000000 08:15 1036                       /usr/lib/x86_64-linux-gnu/mesa-egl/libGLESv2.so.2.0.0
7f0f510bb000-7f0f512ba000 ---p 00006000 08:15 1036                       /usr/lib/x86_64-linux-gnu/mesa-egl/libGLESv2.so.2.0.0
7f0f512ba000-7f0f512bb000 r--p 00005000 08:15 1036                       /usr/lib/x86_64-linux-gnu/mesa-egl/libGLESv2.so.2.0.0
7f0f512bb000-7f0f512bc000 rw-p 00006000 08:15 1036                       /usr/lib/x86_64-linux-gnu/mesa-egl/libGLESv2.so.2.0.0
7f0f512bc000-7f0f512ea000 r-xp 00000000 08:15 2366393                    /tmp/jogamp_0000/file_cache/jln5176256836692914530/jln3322480500115016429/libjogl_mobile.so
7f0f512ea000-7f0f514e9000 ---p 0002e000 08:15 2366393                    /tmp/jogamp_0000/file_cache/jln5176256836692914530/jln3322480500115016429/libjogl_mobile.so
7f0f514e9000-7f0f514ea000 r--p 0002d000 08:15 2366393                    /tmp/jogamp_0000/file_cache/jln5176256836692914530/jln3322480500115016429/libjogl_mobile.so
7f0f514ea000-7f0f514eb000 rw-p 0002e000 08:15 2366393                    /tmp/jogamp_0000/file_cache/jln5176256836692914530/jln3322480500115016429/libjogl_mobile.so
7f0f514eb000-7f0f514f5000 r-xp 00000000 08:15 5642218                    /usr/lib/x86_64-linux-gnu/libdrm.so.2.4.0
7f0f514f5000-7f0f516f4000 ---p 0000a000 08:15 5642218                    /usr/lib/x86_64-linux-gnu/libdrm.so.2.4.0
7f0f516f4000-7f0f516f5000 r--p 00009000 08:15 5642218                    /usr/lib/x86_64-linux-gnu/libdrm.so.2.4.0
7f0f516f5000-7f0f516f6000 rw-p 0000a000 08:15 5642218                    /usr/lib/x86_64-linux-gnu/libdrm.so.2.4.0
7f0f516f6000-7f0f51706000 r-xp 00000000 08:15 3147173                    /lib/x86_64-linux-gnu/libudev.so.1.2.2
7f0f51706000-7f0f51905000 ---p 00010000 08:15 3147173                    /lib/x86_64-linux-gnu/libudev.so.1.2.2
7f0f51905000-7f0f51906000 r--p 0000f000 08:15 3147173                    /lib/x86_64-linux-gnu/libudev.so.1.2.2
7f0f51906000-7f0f51907000 rw-p 00010000 08:15 3147173                    /lib/x86_64-linux-gnu/libudev.so.1.2.2
7f0f51907000-7f0f5190c000 r-xp 00000000 08:15 5643270                    /usr/lib/x86_64-linux-gnu/libgbm.so.1.0.0
7f0f5190c000-7f0f51b0b000 ---p 00005000 08:15 5643270                    /usr/lib/x86_64-linux-gnu/libgbm.so.1.0.0
7f0f51b0b000-7f0f51b0c000 r--p 00004000 08:15 5643270                    /usr/lib/x86_64-linux-gnu/libgbm.so.1.0.0
7f0f51b0c000-7f0f51b0d000 rw-p 00005000 08:15 5643270                    /usr/lib/x86_64-linux-gnu/libgbm.so.1.0.0
7f0f51b0d000-7f0f5351a000 r-xp 00000000 08:15 5910890                    /usr/lib/nvidia-310/libnvidia-glcore.so.310.44
7f0f5351a000-7f0f5371a000 ---p 01a0d000 08:15 5910890                    /usr/lib/nvidia-310/libnvidia-glcore.so.310.44
7f0f5371a000-7f0f53fe7000 rwxp 01a0d000 08:15 5910890                    /usr/lib/nvidia-310/libnvidia-glcore.so.310.44
7f0f53fe7000-7f0f54000000 rwxp 00000000 00:00 0 
7f0f54000000-7f0f54021000 rw-p 00000000 00:00 0 
7f0f54021000-7f0f58000000 ---p 00000000 00:00 0 
7f0f58000000-7f0f58021000 rw-p 00000000 00:00 0 
7f0f58021000-7f0f5c000000 ---p 00000000 00:00 0 
7f0f5c000000-7f0f5c317000 rw-p 00000000 00:00 0 
7f0f5c317000-7f0f60000000 ---p 00000000 00:00 0 
7f0f60000000-7f0f60021000 rw-p 00000000 00:00 0 
7f0f60021000-7f0f64000000 ---p 00000000 00:00 0 
7f0f64000000-7f0f64021000 rw-p 00000000 00:00 0 
7f0f64021000-7f0f68000000 ---p 00000000 00:00 0 
7f0f68000000-7f0f68021000 rw-p 00000000 00:00 0 
7f0f68021000-7f0f6c000000 ---p 00000000 00:00 0 
7f0f6c000000-7f0f6c235000 rw-p 00000000 00:00 0 
7f0f6c235000-7f0f70000000 ---p 00000000 00:00 0 
7f0f70000000-7f0f70021000 rw-p 00000000 00:00 0 
7f0f70021000-7f0f74000000 ---p 00000000 00:00 0 
7f0f74000000-7f0f74021000 rw-p 00000000 00:00 0 
7f0f74021000-7f0f78000000 ---p 00000000 00:00 0 
7f0f78000000-7f0f78273000 rw-p 00000000 00:00 0 
7f0f78273000-7f0f7c000000 ---p 00000000 00:00 0 
7f0f7c000000-7f0f7c044000 rw-p 00000000 00:00 0 
7f0f7c044000-7f0f80000000 ---p 00000000 00:00 0 
7f0f80000000-7f0f80022000 rw-p 00000000 00:00 0 
7f0f80022000-7f0f84000000 ---p 00000000 00:00 0 
7f0f84000000-7f0f84021000 rw-p 00000000 00:00 0 
7f0f84021000-7f0f88000000 ---p 00000000 00:00 0 
7f0f88000000-7f0f88021000 rw-p 00000000 00:00 0 
7f0f88021000-7f0f8c000000 ---p 00000000 00:00 0 
7f0f8c000000-7f0f8c021000 rw-p 00000000 00:00 0 
7f0f8c021000-7f0f90000000 ---p 00000000 00:00 0 
7f0f90065000-7f0f90165000 rw-s 12e847000 00:05 12298                     /dev/nvidia0
7f0f90165000-7f0f90174000 r-xp 00000000 08:15 5644233                    /usr/lib/x86_64-linux-gnu/libwayland-server.so.0.0.0
7f0f90174000-7f0f90373000 ---p 0000f000 08:15 5644233                    /usr/lib/x86_64-linux-gnu/libwayland-server.so.0.0.0
7f0f90373000-7f0f90375000 r--p 0000e000 08:15 5644233                    /usr/lib/x86_64-linux-gnu/libwayland-server.so.0.0.0
7f0f90375000-7f0f90376000 rw-p 00010000 08:15 5644233                    /usr/lib/x86_64-linux-gnu/libwayland-server.so.0.0.0
7f0f90376000-7f0f90380000 r-xp 00000000 08:15 5644229                    /usr/lib/x86_64-linux-gnu/libwayland-client.so.0.1.0
7f0f90380000-7f0f9057f000 ---p 0000a000 08:15 5644229                    /usr/lib/x86_64-linux-gnu/libwayland-client.so.0.1.0
7f0f9057f000-7f0f90581000 r--p 00009000 08:15 5644229                    /usr/lib/x86_64-linux-gnu/libwayland-client.so.0.1.0
7f0f90581000-7f0f90582000 rw-p 0000b000 08:15 5644229                    /usr/lib/x86_64-linux-gnu/libwayland-client.so.0.1.0
7f0f90582000-7f0f90587000 r-xp 00000000 08:15 5643592                    /usr/lib/x86_64-linux-gnu/libxcb-xfixes.so.0.0.0
7f0f90587000-7f0f90787000 ---p 00005000 08:15 5643592                    /usr/lib/x86_64-linux-gnu/libxcb-xfixes.so.0.0.0
7f0f90787000-7f0f90788000 r--p 00005000 08:15 5643592                    /usr/lib/x86_64-linux-gnu/libxcb-xfixes.so.0.0.0
7f0f90788000-7f0f90789000 rw-p 00006000 08:15 5643592                    /usr/lib/x86_64-linux-gnu/libxcb-xfixes.so.0.0.0
7f0f90789000-7f0f9078c000 r-xp 00000000 08:15 5643224                    /usr/lib/x86_64-linux-gnu/libxcb-dri2.so.0.0.0
7f0f9078c000-7f0f9098c000 ---p 00003000 08:15 5643224                    /usr/lib/x86_64-linux-gnu/libxcb-dri2.so.0.0.0
7f0f9098c000-7f0f9098d000 r--p 00003000 08:15 5643224                    /usr/lib/x86_64-linux-gnu/libxcb-dri2.so.0.0.0
7f0f9098d000-7f0f9098e000 rw-p 00004000 08:15 5643224                    /usr/lib/x86_64-linux-gnu/libxcb-dri2.so.0.0.0
7f0f9098e000-7f0f9098f000 r-xp 00000000 08:15 5643480                    /usr/lib/x86_64-linux-gnu/libX11-xcb.so.1.0.0
7f0f9098f000-7f0f90b8e000 ---p 00001000 08:15 5643480                    /usr/lib/x86_64-linux-gnu/libX11-xcb.so.1.0.0
7f0f90b8e000-7f0f90b8f000 r--p 00000000 08:15 5643480                    /usr/lib/x86_64-linux-gnu/libX11-xcb.so.1.0.0
7f0f90b8f000-7f0f90b90000 rw-p 00001000 08:15 5643480                    /usr/lib/x86_64-linux-gnu/libX11-xcb.so.1.0.0
7f0f90b90000-7f0f90bb0000 r-xp 00000000 08:15 1197                       /usr/lib/x86_64-linux-gnu/mesa-egl/libEGL.so.1.0.0
7f0f90bb0000-7f0f90db0000 ---p 00020000 08:15 1197                       /usr/lib/x86_64-linux-gnu/mesa-egl/libEGL.so.1.0.0
7f0f90db0000-7f0f90db1000 r--p 00020000 08:15 1197                       /usr/lib/x86_64-linux-gnu/mesa-egl/libEGL.so.1.0.0
7f0f90db1000-7f0f90db2000 rw-p 00021000 08:15 1197                       /usr/lib/x86_64-linux-gnu/mesa-egl/libEGL.so.1.0.0
7f0f90db2000-7f0f90db5000 ---p 00000000 00:00 0 
7f0f90db5000-7f0f90eb3000 rw-p 00000000 00:00 0                          [stack:27878]
7f0f90eb3000-7f0f90f40000 r-xp 00000000 08:15 2366392                    /tmp/jogamp_0000/file_cache/jln5176256836692914530/jln3322480500115016429/libjogl_desktop.so
7f0f90f40000-7f0f91140000 ---p 0008d000 08:15 2366392                    /tmp/jogamp_0000/file_cache/jln5176256836692914530/jln3322480500115016429/libjogl_desktop.so
7f0f91140000-7f0f91141000 r--p 0008d000 08:15 2366392                    /tmp/jogamp_0000/file_cache/jln5176256836692914530/jln3322480500115016429/libjogl_desktop.so
7f0f91141000-7f0f91142000 rw-p 0008e000 08:15 2366392                    /tmp/jogamp_0000/file_cache/jln5176256836692914530/jln3322480500115016429/libjogl_desktop.so
7f0f91142000-7f0f91145000 r-xp 00000000 08:15 545390                     /usr/lib/nvidia-310/tls/libnvidia-tls.so.310.44
7f0f91145000-7f0f91344000 ---p 00003000 08:15 545390                     /usr/lib/nvidia-310/tls/libnvidia-tls.so.310.44
7f0f91344000-7f0f91345000 rw-p 00002000 08:15 545390                     /usr/lib/nvidia-310/tls/libnvidia-tls.so.310.44
7f0f91345000-7f0f91413000 r-xp 00000000 08:15 5910888                    /usr/lib/nvidia-310/libGL.so.310.44
7f0f91413000-7f0f91613000 ---p 000ce000 08:15 5910888                    /usr/lib/nvidia-310/libGL.so.310.44
7f0f91613000-7f0f91652000 rwxp 000ce000 08:15 5910888                    /usr/lib/nvidia-310/libGL.so.310.44
7f0f91652000-7f0f91668000 rwxp 00000000 00:00 0 
7f0f91668000-7f0f9166c000 r-xp 00000000 08:15 5643245                    /usr/lib/x86_64-linux-gnu/libXxf86vm.so.1.0.0
7f0f9166c000-7f0f9186c000 ---p 00004000 08:15 5643245                    /usr/lib/x86_64-linux-gnu/libXxf86vm.so.1.0.0
7f0f9186c000-7f0f9186d000 r--p 00004000 08:15 5643245                    /usr/lib/x86_64-linux-gnu/libXxf86vm.so.1.0.0
7f0f9186d000-7f0f9186e000 rw-p 00005000 08:15 5643245                    /usr/lib/x86_64-linux-gnu/libXxf86vm.so.1.0.0
7f0f9186e000-7f0f91874000 r-xp 00000000 08:15 2366396                    /tmp/jogamp_0000/file_cache/jln5176256836692914530/jln3322480500115016429/libnativewindow_x11.so
7f0f91874000-7f0f91a73000 ---p 00006000 08:15 2366396                    /tmp/jogamp_0000/file_cache/jln5176256836692914530/jln3322480500115016429/libnativewindow_x11.so
7f0f91a73000-7f0f91a74000 r--p 00005000 08:15 2366396                    /tmp/jogamp_0000/file_cache/jln5176256836692914530/jln3322480500115016429/libnativewindow_x11.so
7f0f91a74000-7f0f91a75000 rw-p 00006000 08:15 2366396                    /tmp/jogamp_0000/file_cache/jln5176256836692914530/jln3322480500115016429/libnativewindow_x11.so
7f0f91a75000-7f0f91a78000 ---p 00000000 00:00 0 
7f0f91a78000-7f0f91b76000 rw-p 00000000 00:00 0                          [stack:27876]
7f0f91b76000-7f0f91b79000 ---p 00000000 00:00 0 
7f0f91b79000-7f0f91c77000 rw-p 00000000 00:00 0 
7f0f91c77000-7f0f91c79000 r-xp 00000000 08:15 2366395                    /tmp/jogamp_0000/file_cache/jln5176256836692914530/jln3322480500115016429/libnativewindow_awt.so
7f0f91c79000-7f0f91e78000 ---p 00002000 08:15 2366395                    /tmp/jogamp_0000/file_cache/jln5176256836692914530/jln3322480500115016429/libnativewindow_awt.so
7f0f91e78000-7f0f91e79000 r--p 00001000 08:15 2366395                    /tmp/jogamp_0000/file_cache/jln5176256836692914530/jln3322480500115016429/libnativewindow_awt.so
7f0f91e79000-7f0f91e7a000 rw-p 00002000 08:15 2366395                    /tmp/jogamp_0000/file_cache/jln5176256836692914530/jln3322480500115016429/libnativewindow_awt.so
7f0f91e7a000-7f0f91e7b000 r-xp 00000000 08:15 5776751                    /usr/lib/jvm/java-7-openjdk-amd64/jre/lib/amd64/libjawt.so
7f0f91e7b000-7f0f9207a000 ---p 00001000 08:15 5776751                    /usr/lib/jvm/java-7-openjdk-amd64/jre/lib/amd64/libjawt.so
7f0f9207a000-7f0f9207b000 r--p 00000000 08:15 5776751                    /usr/lib/jvm/java-7-openjdk-amd64/jre/lib/amd64/libjawt.so
7f0f9207b000-7f0f9207c000 rw-p 00001000 08:15 5776751                    /usr/lib/jvm/java-7-openjdk-amd64/jre/lib/amd64/libjawt.so
7f0f9207c000-7f0f9207f000 ---p 00000000 00:00 0 
7f0f9207f000-7f0f9217d000 rw-p 00000000 00:00 0                          [stack:27874]
7f0f9217d000-7f0f932ec000 r-xp 00000000 08:15 5643811                    /usr/lib/x86_64-linux-gnu/libicudata.so.48.1.1
7f0f932ec000-7f0f934eb000 ---p 0116f000 08:15 5643811                    /usr/lib/x86_64-linux-gnu/libicudata.so.48.1.1
7f0f934eb000-7f0f934ec000 r--p 0116e000 08:15 5643811                    /usr/lib/x86_64-linux-gnu/libicudata.so.48.1.1
7f0f934ec000-7f0f934ed000 rw-p 0116f000 08:15 5643811                    /usr/lib/x86_64-linux-gnu/libicudata.so.48.1.1
7f0f934ed000-7f0f934f0000 r-xp 00000000 08:15 3149543                    /lib/x86_64-linux-gnu/libgpg-error.so.0.8.0
7f0f934f0000-7f0f936ef000 ---p 00003000 08:15 3149543                    /lib/x86_64-linux-gnu/libgpg-error.so.0.8.0
7f0f936ef000-7f0f936f0000 r--p 00002000 08:15 3149543                    /lib/x86_64-linux-gnu/libgpg-error.so.0.8.0
7f0f936f0000-7f0f936f1000 rw-p 00003000 08:15 3149543                    /lib/x86_64-linux-gnu/libgpg-error.so.0.8.0
7f0f936f1000-7f0f936f3000 r-xp 00000000 08:15 3149554                    /lib/x86_64-linux-gnu/libkeyutils.so.1.4
7f0f936f3000-7f0f938f3000 ---p 00002000 08:15 3149554                    /lib/x86_64-linux-gnu/libkeyutils.so.1.4
7f0f938f3000-7f0f938f4000 r--p 00002000 08:15 3149554                    /lib/x86_64-linux-gnu/libkeyutils.so.1.4
7f0f938f4000-7f0f938f5000 rw-p 00003000 08:15 3149554                    /lib/x86_64-linux-gnu/libkeyutils.so.1.4
7f0f938f5000-7f0f93a4b000 r-xp 00000000 08:15 5643825                    /usr/lib/x86_64-linux-gnu/libicuuc.so.48.1.1
7f0f93a4b000-7f0f93c4a000 ---p 00156000 08:15 5643825                    /usr/lib/x86_64-linux-gnu/libicuuc.so.48.1.1
7f0f93c4a000-7f0f93c5b000 r--p 00155000 08:15 5643825                    /usr/lib/x86_64-linux-gnu/libicuuc.so.48.1.1
7f0f93c5b000-7f0f93c5c000 rw-p 00166000 08:15 5643825                    /usr/lib/x86_64-linux-gnu/libicuuc.so.48.1.1
7f0f93c5c000-7f0f98000000 rw-p 00000000 00:00 0 
7f0f98000000-7f0f98021000 rw-p 00000000 00:00 0 
7f0f98021000-7f0f9c000000 ---p 00000000 00:00 0 
7f0f9c000000-7f0f9c021000 rw-p 00000000 00:00 0 
7f0f9c021000-7f0fa0000000 ---p 00000000 00:00 0 
7f0fa0000000-7f0fa0021000 rw-p 00000000 00:00 0 
7f0fa0021000-7f0fa4000000 ---p 00000000 00:00 0 
7f0fa4076000-7f0fa4079000 ---p 00000000 00:00 0 
7f0fa4079000-7f0fa4177000 rw-p 00000000 00:00 0                          [stack:27873]
7f0fa4177000-7f0fa41a9000 r-xp 00000000 08:15 5643817                    /usr/lib/x86_64-linux-gnu/libicule.so.48.1.1
7f0fa41a9000-7f0fa43a9000 ---p 00032000 08:15 5643817                    /usr/lib/x86_64-linux-gnu/libicule.so.48.1.1
7f0fa43a9000-7f0fa43ab000 r--p 00032000 08:15 5643817                    /usr/lib/x86_64-linux-gnu/libicule.so.48.1.1
7f0fa43ab000-7f0fa43ac000 rw-p 00034000 08:15 5643817                    /usr/lib/x86_64-linux-gnu/libicule.so.48.1.1
7f0fa43ac000-7f0fa43ef000 r-xp 00000000 08:15 3149829                    /lib/x86_64-linux-gnu/libdbus-1.so.3.7.2
7f0fa43ef000-7f0fa45ee000 ---p 00043000 08:15 3149829                    /lib/x86_64-linux-gnu/libdbus-1.so.3.7.2
7f0fa45ee000-7f0fa45ef000 r--p 00042000 08:15 3149829                    /lib/x86_64-linux-gnu/libdbus-1.so.3.7.2
7f0fa45ef000-7f0fa45f0000 rw-p 00043000 08:15 3149829                    /lib/x86_64-linux-gnu/libdbus-1.so.3.7.2
7f0fa45f0000-7f0fa4602000 r-xp 00000000 08:15 5643977                    /usr/lib/x86_64-linux-gnu/libp11-kit.so.0.0.0
7f0fa4602000-7f0fa4802000 ---p 00012000 08:15 5643977                    /usr/lib/x86_64-linux-gnu/libp11-kit.so.0.0.0
7f0fa4802000-7f0fa4803000 r--p 00012000 08:15 5643977                    /usr/lib/x86_64-linux-gnu/libp11-kit.so.0.0.0
7f0fa4803000-7f0fa4804000 rw-p 00013000 08:15 5643977                    /usr/lib/x86_64-linux-gnu/libp11-kit.so.0.0.0
7f0fa4804000-7f0fa4813000 r-xp 00000000 08:15 5644147                    /usr/lib/x86_64-linux-gnu/libtasn1.so.3.2.0
7f0fa4813000-7f0fa4a13000 ---p 0000f000 08:15 5644147                    /usr/lib/x86_64-linux-gnu/libtasn1.so.3.2.0
7f0fa4a13000-7f0fa4a14000 r--p 0000f000 08:15 5644147                    /usr/lib/x86_64-linux-gnu/libtasn1.so.3.2.0
7f0fa4a14000-7f0fa4a15000 rw-p 00010000 08:15 5644147                    /usr/lib/x86_64-linux-gnu/libtasn1.so.3.2.0
7f0fa4a15000-7f0fa4a8f000 r-xp 00000000 08:15 3146755                    /lib/x86_64-linux-gnu/libgcrypt.so.11.7.0
7f0fa4a8f000-7f0fa4c8f000 ---p 0007a000 08:15 3146755                    /lib/x86_64-linux-gnu/libgcrypt.so.11.7.0
7f0fa4c8f000-7f0fa4c90000 r--p 0007a000 08:15 3146755                    /lib/x86_64-linux-gnu/libgcrypt.so.11.7.0
7f0fa4c90000-7f0fa4c93000 rw-p 0007b000 08:15 3146755                    /lib/x86_64-linux-gnu/libgcrypt.so.11.7.0
7f0fa4c93000-7f0fa4c9a000 r-xp 00000000 08:15 5643862                    /usr/lib/x86_64-linux-gnu/libkrb5support.so.0.1
7f0fa4c9a000-7f0fa4e99000 ---p 00007000 08:15 5643862                    /usr/lib/x86_64-linux-gnu/libkrb5support.so.0.1
7f0fa4e99000-7f0fa4e9a000 r--p 00006000 08:15 5643862                    /usr/lib/x86_64-linux-gnu/libkrb5support.so.0.1
7f0fa4e9a000-7f0fa4e9b000 rw-p 00007000 08:15 5643862                    /usr/lib/x86_64-linux-gnu/libkrb5support.so.0.1
7f0fa4e9b000-7f0fa4e9e000 r-xp 00000000 08:15 3149519                    /lib/x86_64-linux-gnu/libcom_err.so.2.1
7f0fa4e9e000-7f0fa509d000 ---p 00003000 08:15 3149519                    /lib/x86_64-linux-gnu/libcom_err.so.2.1
7f0fa509d000-7f0fa509e000 r--p 00002000 08:15 3149519                    /lib/x86_64-linux-gnu/libcom_err.so.2.1
7f0fa509e000-7f0fa509f000 rw-p 00003000 08:15 3149519                    /lib/x86_64-linux-gnu/libcom_err.so.2.1
7f0fa509f000-7f0fa50c5000 r-xp 00000000 08:15 5643856                    /usr/lib/x86_64-linux-gnu/libk5crypto.so.3.1
7f0fa50c5000-7f0fa52c5000 ---p 00026000 08:15 5643856                    /usr/lib/x86_64-linux-gnu/libk5crypto.so.3.1
7f0fa52c5000-7f0fa52c6000 r--p 00026000 08:15 5643856                    /usr/lib/x86_64-linux-gnu/libk5crypto.so.3.1
7f0fa52c6000-7f0fa52c7000 rw-p 00027000 08:15 5643856                    /usr/lib/x86_64-linux-gnu/libk5crypto.so.3.1
7f0fa52c7000-7f0fa52c8000 rw-p 00000000 00:00 0 
7f0fa52c8000-7f0fa538c000 r-xp 00000000 08:15 5643860                    /usr/lib/x86_64-linux-gnu/libkrb5.so.3.3
7f0fa538c000-7f0fa558b000 ---p 000c4000 08:15 5643860                    /usr/lib/x86_64-linux-gnu/libkrb5.so.3.3
7f0fa558b000-7f0fa5595000 r--p 000c3000 08:15 5643860                    /usr/lib/x86_64-linux-gnu/libkrb5.so.3.3
7f0fa5595000-7f0fa5596000 rw-p 000cd000 08:15 5643860                    /usr/lib/x86_64-linux-gnu/libkrb5.so.3.3
7f0fa5596000-7f0fa562b000 r-xp 00000000 08:15 5643797                    /usr/lib/x86_64-linux-gnu/libharfbuzz.so.0.913.0
7f0fa562b000-7f0fa582a000 ---p 00095000 08:15 5643797                    /usr/lib/x86_64-linux-gnu/libharfbuzz.so.0.913.0
7f0fa582a000-7f0fa582c000 r--p 00094000 08:15 5643797                    /usr/lib/x86_64-linux-gnu/libharfbuzz.so.0.913.0
7f0fa582c000-7f0fa582d000 rw-p 00096000 08:15 5643797                    /usr/lib/x86_64-linux-gnu/libharfbuzz.so.0.913.0
7f0fa582d000-7f0fa5835000 r-xp 00000000 08:15 5644061                    /usr/lib/x86_64-linux-gnu/libxcb-render.so.0.0.0
7f0fa5835000-7f0fa5a35000 ---p 00008000 08:15 5644061                    /usr/lib/x86_64-linux-gnu/libxcb-render.so.0.0.0
7f0fa5a35000-7f0fa5a36000 r--p 00008000 08:15 5644061                    /usr/lib/x86_64-linux-gnu/libxcb-render.so.0.0.0
7f0fa5a36000-7f0fa5a37000 rw-p 00009000 08:15 5644061                    /usr/lib/x86_64-linux-gnu/libxcb-render.so.0.0.0
7f0fa5a37000-7f0fa5a39000 r-xp 00000000 08:15 5644248                    /usr/lib/x86_64-linux-gnu/libxcb-shm.so.0.0.0
7f0fa5a39000-7f0fa5c38000 ---p 00002000 08:15 5644248                    /usr/lib/x86_64-linux-gnu/libxcb-shm.so.0.0.0
7f0fa5c38000-7f0fa5c39000 r--p 00001000 08:15 5644248                    /usr/lib/x86_64-linux-gnu/libxcb-shm.so.0.0.0
7f0fa5c39000-7f0fa5c3a000 rw-p 00002000 08:15 5644248                    /usr/lib/x86_64-linux-gnu/libxcb-shm.so.0.0.0
7f0fa5c3a000-7f0fa5c5f000 r-xp 00000000 08:15 3149619                    /lib/x86_64-linux-gnu/libpng12.so.0.49.0
7f0fa5c5f000-7f0fa5e5e000 ---p 00025000 08:15 3149619                    /lib/x86_64-linux-gnu/libpng12.so.0.49.0
7f0fa5e5e000-7f0fa5e5f000 r--p 00024000 08:15 3149619                    /lib/x86_64-linux-gnu/libpng12.so.0.49.0
7f0fa5e5f000-7f0fa5e60000 rw-p 00025000 08:15 3149619                    /lib/x86_64-linux-gnu/libpng12.so.0.49.0
7f0fa5e60000-7f0fa5ef0000 r-xp 00000000 08:15 5644007                    /usr/lib/x86_64-linux-gnu/libpixman-1.so.0.28.2
7f0fa5ef0000-7f0fa60ef000 ---p 00090000 08:15 5644007                    /usr/lib/x86_64-linux-gnu/libpixman-1.so.0.28.2
7f0fa60ef000-7f0fa60f6000 r--p 0008f000 08:15 5644007                    /usr/lib/x86_64-linux-gnu/libpixman-1.so.0.28.2
7f0fa60f6000-7f0fa60f7000 rw-p 00096000 08:15 5644007                    /usr/lib/x86_64-linux-gnu/libpixman-1.so.0.28.2
7f0fa60f7000-7f0fa60fc000 r-xp 00000000 08:15 5643242                    /usr/lib/x86_64-linux-gnu/libXdmcp.so.6.0.0
7f0fa60fc000-7f0fa62fb000 ---p 00005000 08:15 5643242                    /usr/lib/x86_64-linux-gnu/libXdmcp.so.6.0.0
7f0fa62fb000-7f0fa62fc000 r--p 00004000 08:15 5643242                    /usr/lib/x86_64-linux-gnu/libXdmcp.so.6.0.0
7f0fa62fc000-7f0fa62fd000 rw-p 00005000 08:15 5643242                    /usr/lib/x86_64-linux-gnu/libXdmcp.so.6.0.0
7f0fa62fd000-7f0fa62ff000 r-xp 00000000 08:15 5643231                    /usr/lib/x86_64-linux-gnu/libXau.so.6.0.0
7f0fa62ff000-7f0fa64ff000 ---p 00002000 08:15 5643231                    /usr/lib/x86_64-linux-gnu/libXau.so.6.0.0
7f0fa64ff000-7f0fa6500000 r--p 00002000 08:15 5643231                    /usr/lib/x86_64-linux-gnu/libXau.so.6.0.0
7f0fa6500000-7f0fa6501000 rw-p 00003000 08:15 5643231                    /usr/lib/x86_64-linux-gnu/libXau.so.6.0.0
7f0fa6501000-7f0fa6510000 r-xp 00000000 08:15 5643323                    /usr/lib/x86_64-linux-gnu/libavahi-client.so.3.2.9
7f0fa6510000-7f0fa6710000 ---p 0000f000 08:15 5643323                    /usr/lib/x86_64-linux-gnu/libavahi-client.so.3.2.9
7f0fa6710000-7f0fa6711000 r--p 0000f000 08:15 5643323                    /usr/lib/x86_64-linux-gnu/libavahi-client.so.3.2.9
7f0fa6711000-7f0fa6712000 rw-p 00010000 08:15 5643323                    /usr/lib/x86_64-linux-gnu/libavahi-client.so.3.2.9
7f0fa6712000-7f0fa671d000 r-xp 00000000 08:15 5643325                    /usr/lib/x86_64-linux-gnu/libavahi-common.so.3.5.3
7f0fa671d000-7f0fa691c000 ---p 0000b000 08:15 5643325                    /usr/lib/x86_64-linux-gnu/libavahi-common.so.3.5.3
7f0fa691c000-7f0fa691d000 r--p 0000a000 08:15 5643325                    /usr/lib/x86_64-linux-gnu/libavahi-common.so.3.5.3
7f0fa691d000-7f0fa691e000 rw-p 0000b000 08:15 5643325                    /usr/lib/x86_64-linux-gnu/libavahi-common.so.3.5.3
7f0fa691e000-7f0fa69d3000 r-xp 00000000 08:15 5643075                    /usr/lib/x86_64-linux-gnu/libgnutls.so.26.22.6
7f0fa69d3000-7f0fa6bd2000 ---p 000b5000 08:15 5643075                    /usr/lib/x86_64-linux-gnu/libgnutls.so.26.22.6
7f0fa6bd2000-7f0fa6bd8000 r--p 000b4000 08:15 5643075                    /usr/lib/x86_64-linux-gnu/libgnutls.so.26.22.6
7f0fa6bd8000-7f0fa6bd9000 rw-p 000ba000 08:15 5643075                    /usr/lib/x86_64-linux-gnu/libgnutls.so.26.22.6
7f0fa6bd9000-7f0fa6bda000 rw-p 00000000 00:00 0 
7f0fa6bda000-7f0fa6c15000 r-xp 00000000 08:15 5643687                    /usr/lib/x86_64-linux-gnu/libgssapi_krb5.so.2.2
7f0fa6c15000-7f0fa6e15000 ---p 0003b000 08:15 5643687                    /usr/lib/x86_64-linux-gnu/libgssapi_krb5.so.2.2
7f0fa6e15000-7f0fa6e16000 r--p 0003b000 08:15 5643687                    /usr/lib/x86_64-linux-gnu/libgssapi_krb5.so.2.2
7f0fa6e16000-7f0fa6e18000 rw-p 0003c000 08:15 5643687                    /usr/lib/x86_64-linux-gnu/libgssapi_krb5.so.2.2
7f0fa6e18000-7f0fa6e3e000 r-xp 00000000 08:15 3149532                    /lib/x86_64-linux-gnu/libexpat.so.1.6.0
7f0fa6e3e000-7f0fa703e000 ---p 00026000 08:15 3149532                    /lib/x86_64-linux-gnu/libexpat.so.1.6.0
7f0fa703e000-7f0fa7040000 r--p 00026000 08:15 3149532                    /lib/x86_64-linux-gnu/libexpat.so.1.6.0
7f0fa7040000-7f0fa7041000 rw-p 00028000 08:15 3149532                    /lib/x86_64-linux-gnu/libexpat.so.1.6.0
7f0fa7041000-7f0fa70d8000 r-xp 00000000 08:15 5643578                    /usr/lib/x86_64-linux-gnu/libfreetype.so.6.10.0
7f0fa70d8000-7f0fa72d7000 ---p 00097000 08:15 5643578                    /usr/lib/x86_64-linux-gnu/libfreetype.so.6.10.0
7f0fa72d7000-7f0fa72dd000 r--p 00096000 08:15 5643578                    /usr/lib/x86_64-linux-gnu/libfreetype.so.6.10.0
7f0fa72dd000-7f0fa72de000 rw-p 0009c000 08:15 5643578                    /usr/lib/x86_64-linux-gnu/libfreetype.so.6.10.0
7f0fa72de000-7f0fa72e0000 r-xp 00000000 08:15 5643240                    /usr/lib/x86_64-linux-gnu/libXdamage.so.1.1.0
7f0fa72e0000-7f0fa74df000 ---p 00002000 08:15 5643240                    /usr/lib/x86_64-linux-gnu/libXdamage.so.1.1.0
7f0fa74df000-7f0fa74e0000 r--p 00001000 08:15 5643240                    /usr/lib/x86_64-linux-gnu/libXdamage.so.1.1.0
7f0fa74e0000-7f0fa74e1000 rw-p 00002000 08:15 5643240                    /usr/lib/x86_64-linux-gnu/libXdamage.so.1.1.0
7f0fa74e1000-7f0fa74e3000 r-xp 00000000 08:15 5643236                    /usr/lib/x86_64-linux-gnu/libXcomposite.so.1.0.0
7f0fa74e3000-7f0fa76e2000 ---p 00002000 08:15 5643236                    /usr/lib/x86_64-linux-gnu/libXcomposite.so.1.0.0
7f0fa76e2000-7f0fa76e3000 r--p 00001000 08:15 5643236                    /usr/lib/x86_64-linux-gnu/libXcomposite.so.1.0.0
7f0fa76e3000-7f0fa76e4000 rw-p 00002000 08:15 5643236                    /usr/lib/x86_64-linux-gnu/libXcomposite.so.1.0.0
7f0fa76e4000-7f0fa76ed000 r-xp 00000000 08:15 5644258                    /usr/lib/x86_64-linux-gnu/libXcursor.so.1.0.2
7f0fa76ed000-7f0fa78ed000 ---p 00009000 08:15 5644258                    /usr/lib/x86_64-linux-gnu/libXcursor.so.1.0.2
7f0fa78ed000-7f0fa78ee000 r--p 00009000 08:15 5644258                    /usr/lib/x86_64-linux-gnu/libXcursor.so.1.0.2
7f0fa78ee000-7f0fa78ef000 rw-p 0000a000 08:15 5644258                    /usr/lib/x86_64-linux-gnu/libXcursor.so.1.0.2
7f0fa78ef000-7f0fa78f8000 r-xp 00000000 08:15 5643257                    /usr/lib/x86_64-linux-gnu/libXrandr.so.2.2.0
7f0fa78f8000-7f0fa7af7000 ---p 00009000 08:15 5643257                    /usr/lib/x86_64-linux-gnu/libXrandr.so.2.2.0
7f0fa7af7000-7f0fa7af8000 r--p 00008000 08:15 5643257                    /usr/lib/x86_64-linux-gnu/libXrandr.so.2.2.0
7f0fa7af8000-7f0fa7af9000 rw-p 00009000 08:15 5643257                    /usr/lib/x86_64-linux-gnu/libXrandr.so.2.2.0
7f0fa7af9000-7f0fa7afb000 r-xp 00000000 08:15 5643237                    /usr/lib/x86_64-linux-gnu/libXinerama.so.1.0.0
7f0fa7afb000-7f0fa7cfa000 ---p 00002000 08:15 5643237                    /usr/lib/x86_64-linux-gnu/libXinerama.so.1.0.0
7f0fa7cfa000-7f0fa7cfb000 r--p 00001000 08:15 5643237                    /usr/lib/x86_64-linux-gnu/libXinerama.so.1.0.0
7f0fa7cfb000-7f0fa7cfc000 rw-p 00002000 08:15 5643237                    /usr/lib/x86_64-linux-gnu/libXinerama.so.1.0.0
7f0fa7cfc000-7f0fa7dfa000 r-xp 00000000 08:15 5643363                    /usr/lib/x86_64-linux-gnu/libcairo.so.2.11200.14
7f0fa7dfa000-7f0fa7ffa000 ---p 000fe000 08:15 5643363                    /usr/lib/x86_64-linux-gnu/libcairo.so.2.11200.14
7f0fa7ffa000-7f0fa7ffd000 r--p 000fe000 08:15 5643363                    /usr/lib/x86_64-linux-gnu/libcairo.so.2.11200.14
7f0fa7ffd000-7f0fa7ffe000 rw-p 00101000 08:15 5643363                    /usr/lib/x86_64-linux-gnu/libcairo.so.2.11200.14
7f0fa7ffe000-7f0fa8000000 rw-p 00000000 00:00 0 
7f0fa8000000-7f0fa8021000 rw-p 00000000 00:00 0 
7f0fa8021000-7f0fac000000 ---p 00000000 00:00 0 
7f0fac040000-7f0fac080000 rw-s 1bcbc5000 00:05 12298                     /dev/nvidia0
7f0fac080000-7f0fac093000 r-xp 00000000 08:15 5643989                    /usr/lib/x86_64-linux-gnu/libpangoft2-1.0.so.0.3200.5
7f0fac093000-7f0fac292000 ---p 00013000 08:15 5643989                    /usr/lib/x86_64-linux-gnu/libpangoft2-1.0.so.0.3200.5
7f0fac292000-7f0fac293000 r--p 00012000 08:15 5643989                    /usr/lib/x86_64-linux-gnu/libpangoft2-1.0.so.0.3200.5
7f0fac293000-7f0fac294000 rw-p 00013000 08:15 5643989                    /usr/lib/x86_64-linux-gnu/libpangoft2-1.0.so.0.3200.5
7f0fac294000-7f0fac2b4000 r-xp 00000000 08:15 5643313                    /usr/lib/x86_64-linux-gnu/libatk-1.0.so.0.20809.1
7f0fac2b4000-7f0fac4b3000 ---p 00020000 08:15 5643313                    /usr/lib/x86_64-linux-gnu/libatk-1.0.so.0.20809.1
7f0fac4b3000-7f0fac4b5000 r--p 0001f000 08:15 5643313                    /usr/lib/x86_64-linux-gnu/libatk-1.0.so.0.20809.1
7f0fac4b5000-7f0fac4b6000 rw-p 00021000 08:15 5643313                    /usr/lib/x86_64-linux-gnu/libatk-1.0.so.0.20809.1
7f0fac4b6000-7f0fac4bb000 r-xp 00000000 08:15 5644252                    /usr/lib/x86_64-linux-gnu/libXfixes.so.3.1.0
7f0fac4bb000-7f0fac6ba000 ---p 00005000 08:15 5644252                    /usr/lib/x86_64-linux-gnu/libXfixes.so.3.1.0
7f0fac6ba000-7f0fac6bb000 r--p 00004000 08:15 5644252                    /usr/lib/x86_64-linux-gnu/libXfixes.so.3.1.0
7f0fac6bb000-7f0fac6bc000 rw-p 00005000 08:15 5644252                    /usr/lib/x86_64-linux-gnu/libXfixes.so.3.1.0
7f0fac6bc000-7f0fac6c7000 r-xp 00000000 08:15 5643987                    /usr/lib/x86_64-linux-gnu/libpangocairo-1.0.so.0.3200.5
7f0fac6c7000-7f0fac8c7000 ---p 0000b000 08:15 5643987                    /usr/lib/x86_64-linux-gnu/libpangocairo-1.0.so.0.3200.5
7f0fac8c7000-7f0fac8c8000 r--p 0000b000 08:15 5643987                    /usr/lib/x86_64-linux-gnu/libpangocairo-1.0.so.0.3200.5
7f0fac8c8000-7f0fac8c9000 rw-p 0000c000 08:15 5643987                    /usr/lib/x86_64-linux-gnu/libpangocairo-1.0.so.0.3200.5
7f0fac8c9000-7f0fac8e6000 r-xp 00000000 08:15 5643433                    /usr/lib/x86_64-linux-gnu/libxcb.so.1.1.0
7f0fac8e6000-7f0facae5000 ---p 0001d000 08:15 5643433                    /usr/lib/x86_64-linux-gnu/libxcb.so.1.1.0
7f0facae5000-7f0facae6000 r--p 0001c000 08:15 5643433                    /usr/lib/x86_64-linux-gnu/libxcb.so.1.1.0
7f0facae6000-7f0facae7000 rw-p 0001d000 08:15 5643433                    /usr/lib/x86_64-linux-gnu/libxcb.so.1.1.0
7f0facae7000-7f0facb41000 r-xp 00000000 08:15 5643426                    /usr/lib/x86_64-linux-gnu/libcups.so.2
7f0facb41000-7f0facd41000 ---p 0005a000 08:15 5643426                    /usr/lib/x86_64-linux-gnu/libcups.so.2
7f0facd41000-7f0facd46000 r--p 0005a000 08:15 5643426                    /usr/lib/x86_64-linux-gnu/libcups.so.2
7f0facd46000-7f0facd47000 rw-p 0005f000 08:15 5643426                    /usr/lib/x86_64-linux-gnu/libcups.so.2
7f0facd47000-7f0facd48000 r-xp 00000000 08:15 5643777                    /usr/lib/x86_64-linux-gnu/libgthread-2.0.so.0.3600.0
7f0facd48000-7f0facf47000 ---p 00001000 08:15 5643777                    /usr/lib/x86_64-linux-gnu/libgthread-2.0.so.0.3600.0
7f0facf47000-7f0facf48000 r--p 00000000 08:15 5643777                    /usr/lib/x86_64-linux-gnu/libgthread-2.0.so.0.3600.0
7f0facf48000-7f0facf49000 rw-p 00001000 08:15 5643777                    /usr/lib/x86_64-linux-gnu/libgthread-2.0.so.0.3600.0
7f0facf49000-7f0facf80000 r-xp 00000000 08:15 5643550                    /usr/lib/x86_64-linux-gnu/libfontconfig.so.1.6.2
7f0facf80000-7f0fad180000 ---p 00037000 08:15 5643550                    /usr/lib/x86_64-linux-gnu/libfontconfig.so.1.6.2
7f0fad180000-7f0fad181000 r--p 00037000 08:15 5643550                    /usr/lib/x86_64-linux-gnu/libfontconfig.so.1.6.2
7f0fad181000-7f0fad182000 rw-p 00038000 08:15 5643550                    /usr/lib/x86_64-linux-gnu/libfontconfig.so.1.6.2
7f0fad182000-7f0fad183000 rw-p 00000000 00:00 0 
7f0fad183000-7f0fad1cb000 r-xp 00000000 08:15 5643985                    /usr/lib/x86_64-linux-gnu/libpango-1.0.so.0.3200.5
7f0fad1cb000-7f0fad3cb000 ---p 00048000 08:15 5643985                    /usr/lib/x86_64-linux-gnu/libpango-1.0.so.0.3200.5
7f0fad3cb000-7f0fad3cd000 r--p 00048000 08:15 5643985                    /usr/lib/x86_64-linux-gnu/libpango-1.0.so.0.3200.5
7f0fad3cd000-7f0fad3ce000 rw-p 0004a000 08:15 5643985                    /usr/lib/x86_64-linux-gnu/libpango-1.0.so.0.3200.5
7f0fad3ce000-7f0fad3ec000 r-xp 00000000 08:15 5643611                    /usr/lib/x86_64-linux-gnu/libgdk_pixbuf-2.0.so.0.2800.0
7f0fad3ec000-7f0fad5ec000 ---p 0001e000 08:15 5643611                    /usr/lib/x86_64-linux-gnu/libgdk_pixbuf-2.0.so.0.2800.0
7f0fad5ec000-7f0fad5ed000 r--p 0001e000 08:15 5643611                    /usr/lib/x86_64-linux-gnu/libgdk_pixbuf-2.0.so.0.2800.0
7f0fad5ed000-7f0fad5ee000 rw-p 0001f000 08:15 5643611                    /usr/lib/x86_64-linux-gnu/libgdk_pixbuf-2.0.so.0.2800.0
7f0fad5ee000-7f0fad69b000 r-xp 00000000 08:15 5643609                    /usr/lib/x86_64-linux-gnu/libgdk-x11-2.0.so.0.2400.17
7f0fad69b000-7f0fad89a000 ---p 000ad000 08:15 5643609                    /usr/lib/x86_64-linux-gnu/libgdk-x11-2.0.so.0.2400.17
7f0fad89a000-7f0fad89e000 r--p 000ac000 08:15 5643609                    /usr/lib/x86_64-linux-gnu/libgdk-x11-2.0.so.0.2400.17
7f0fad89e000-7f0fad8a0000 rw-p 000b0000 08:15 5643609                    /usr/lib/x86_64-linux-gnu/libgdk-x11-2.0.so.0.2400.17
7f0fad8a0000-7f0fadccd000 r-xp 00000000 08:15 5643781                    /usr/lib/x86_64-linux-gnu/libgtk-x11-2.0.so.0.2400.17
7f0fadccd000-7f0fadecc000 ---p 0042d000 08:15 5643781                    /usr/lib/x86_64-linux-gnu/libgtk-x11-2.0.so.0.2400.17
7f0fadecc000-7f0faded3000 r--p 0042c000 08:15 5643781                    /usr/lib/x86_64-linux-gnu/libgtk-x11-2.0.so.0.2400.17
7f0faded3000-7f0faded7000 rw-p 00433000 08:15 5643781                    /usr/lib/x86_64-linux-gnu/libgtk-x11-2.0.so.0.2400.17
7f0faded7000-7f0faded9000 rw-p 00000000 00:00 0 
7f0faded9000-7f0fadee7000 r-xp 00000000 08:15 5641755                    /usr/lib/x86_64-linux-gnu/libXi.so.6.1.0
7f0fadee7000-7f0fae0e7000 ---p 0000e000 08:15 5641755                    /usr/lib/x86_64-linux-gnu/libXi.so.6.1.0
7f0fae0e7000-7f0fae0e8000 r--p 0000e000 08:15 5641755                    /usr/lib/x86_64-linux-gnu/libXi.so.6.1.0
7f0fae0e8000-7f0fae0e9000 rw-p 0000f000 08:15 5641755                    /usr/lib/x86_64-linux-gnu/libXi.so.6.1.0
7f0fae0e9000-7f0fae0ee000 r-xp 00000000 08:15 5643267                    /usr/lib/x86_64-linux-gnu/libXtst.so.6.1.0
7f0fae0ee000-7f0fae2ed000 ---p 00005000 08:15 5643267                    /usr/lib/x86_64-linux-gnu/libXtst.so.6.1.0
7f0fae2ed000-7f0fae2ee000 r--p 00004000 08:15 5643267                    /usr/lib/x86_64-linux-gnu/libXtst.so.6.1.0
7f0fae2ee000-7f0fae2ef000 rw-p 00005000 08:15 5643267                    /usr/lib/x86_64-linux-gnu/libXtst.so.6.1.0
7f0fae2ef000-7f0fae2f8000 r-xp 00000000 08:15 5643191                    /usr/lib/x86_64-linux-gnu/libXrender.so.1.3.0
7f0fae2f8000-7f0fae4f7000 ---p 00009000 08:15 5643191                    /usr/lib/x86_64-linux-gnu/libXrender.so.1.3.0
7f0fae4f7000-7f0fae4f8000 r--p 00008000 08:15 5643191                    /usr/lib/x86_64-linux-gnu/libXrender.so.1.3.0
7f0fae4f8000-7f0fae4f9000 rw-p 00009000 08:15 5643191                    /usr/lib/x86_64-linux-gnu/libXrender.so.1.3.0
7f0fae4f9000-7f0fae62d000 r-xp 00000000 08:15 5643435                    /usr/lib/x86_64-linux-gnu/libX11.so.6.3.0
7f0fae62d000-7f0fae82d000 ---p 00134000 08:15 5643435                    /usr/lib/x86_64-linux-gnu/libX11.so.6.3.0
7f0fae82d000-7f0fae82e000 r--p 00134000 08:15 5643435                    /usr/lib/x86_64-linux-gnu/libX11.so.6.3.0
7f0fae82e000-7f0fae833000 rw-p 00135000 08:15 5643435                    /usr/lib/x86_64-linux-gnu/libX11.so.6.3.0
7f0fae833000-7f0fae844000 r-xp 00000000 08:15 5643226                    /usr/lib/x86_64-linux-gnu/libXext.so.6.4.0
7f0fae844000-7f0faea43000 ---p 00011000 08:15 5643226                    /usr/lib/x86_64-linux-gnu/libXext.so.6.4.0
7f0faea43000-7f0faea44000 r--p 00010000 08:15 5643226                    /usr/lib/x86_64-linux-gnu/libXext.so.6.4.0
7f0faea44000-7f0faea45000 rw-p 00011000 08:15 5643226                    /usr/lib/x86_64-linux-gnu/libXext.so.6.4.0
7f0faea45000-7f0faea98000 r-xp 00000000 08:15 5776701                    /usr/lib/jvm/java-7-openjdk-amd64/jre/lib/amd64/xawt/libmawt.so
7f0faea98000-7f0faec97000 ---p 00053000 08:15 5776701                    /usr/lib/jvm/java-7-openjdk-amd64/jre/lib/amd64/xawt/libmawt.so
7f0faec97000-7f0faec98000 r--p 00052000 08:15 5776701                    /usr/lib/jvm/java-7-openjdk-amd64/jre/lib/amd64/xawt/libmawt.so
7f0faec98000-7f0faec9b000 rw-p 00053000 08:15 5776701                    /usr/lib/jvm/java-7-openjdk-amd64/jre/lib/amd64/xawt/libmawt.so
7f0faec9b000-7f0faec9c000 rw-p 00000000 00:00 0 
7f0faec9c000-7f0faed3d000 r-xp 00000000 08:15 5776738                    /usr/lib/jvm/java-7-openjdk-amd64/jre/lib/amd64/libawt.so
7f0faed3d000-7f0faef3d000 ---p 000a1000 08:15 5776738                    /usr/lib/jvm/java-7-openjdk-amd64/jre/lib/amd64/libawt.so
7f0faef3d000-7f0faef3e000 r--p 000a1000 08:15 5776738                    /usr/lib/jvm/java-7-openjdk-amd64/jre/lib/amd64/libawt.so
7f0faef3e000-7f0faef49000 rw-p 000a2000 08:15 5776738                    /usr/lib/jvm/java-7-openjdk-amd64/jre/lib/amd64/libawt.so
7f0faef49000-7f0faef6e000 rw-p 00000000 00:00 0 
7f0faef6e000-7f0faef70000 r-xp 00000000 08:15 2366390                    /tmp/jogamp_0000/file_cache/jln5176256836692914530/jln3322480500115016429/libgluegen-rt.so
7f0faef70000-7f0faf16f000 ---p 00002000 08:15 2366390                    /tmp/jogamp_0000/file_cache/jln5176256836692914530/jln3322480500115016429/libgluegen-rt.so
7f0faf16f000-7f0faf170000 r--p 00001000 08:15 2366390                    /tmp/jogamp_0000/file_cache/jln5176256836692914530/jln3322480500115016429/libgluegen-rt.so
7f0faf170000-7f0faf171000 rw-p 00002000 08:15 2366390                    /tmp/jogamp_0000/file_cache/jln5176256836692914530/jln3322480500115016429/libgluegen-rt.so
7f0faf171000-7f0faf174000 ---p 00000000 00:00 0 
7f0faf174000-7f0faf272000 rw-p 00000000 00:00 0                          [stack:27877]
7f0faf272000-7f0faf282000 r-xp 00000000 08:15 5776723                    /usr/lib/jvm/java-7-openjdk-amd64/jre/lib/amd64/libnio.so
7f0faf282000-7f0faf482000 ---p 00010000 08:15 5776723                    /usr/lib/jvm/java-7-openjdk-amd64/jre/lib/amd64/libnio.so
7f0faf482000-7f0faf483000 r--p 00010000 08:15 5776723                    /usr/lib/jvm/java-7-openjdk-amd64/jre/lib/amd64/libnio.so
7f0faf483000-7f0faf484000 rw-p 00011000 08:15 5776723                    /usr/lib/jvm/java-7-openjdk-amd64/jre/lib/amd64/libnio.so
7f0faf484000-7f0faf4c1000 r-xp 00000000 08:15 3149607                    /lib/x86_64-linux-gnu/libpcre.so.3.13.1
7f0faf4c1000-7f0faf6c1000 ---p 0003d000 08:15 3149607                    /lib/x86_64-linux-gnu/libpcre.so.3.13.1
7f0faf6c1000-7f0faf6c2000 r--p 0003d000 08:15 3149607                    /lib/x86_64-linux-gnu/libpcre.so.3.13.1
7f0faf6c2000-7f0faf6c3000 rw-p 0003e000 08:15 3149607                    /lib/x86_64-linux-gnu/libpcre.so.3.13.1
7f0faf6c3000-7f0faf6ca000 r-xp 00000000 08:15 5643518                    /usr/lib/x86_64-linux-gnu/libffi.so.6.0.1
7f0faf6ca000-7f0faf8c9000 ---p 00007000 08:15 5643518                    /usr/lib/x86_64-linux-gnu/libffi.so.6.0.1
7f0faf8c9000-7f0faf8ca000 r--p 00006000 08:15 5643518                    /usr/lib/x86_64-linux-gnu/libffi.so.6.0.1
7f0faf8ca000-7f0faf8cb000 rw-p 00007000 08:15 5643518                    /usr/lib/x86_64-linux-gnu/libffi.so.6.0.1
7f0faf8cb000-7f0faf8e1000 r-xp 00000000 08:15 3149630                    /lib/x86_64-linux-gnu/libresolv-2.17.so
7f0faf8e1000-7f0fafae1000 ---p 00016000 08:15 3149630                    /lib/x86_64-linux-gnu/libresolv-2.17.so
7f0fafae1000-7f0fafae2000 r--p 00016000 08:15 3149630                    /lib/x86_64-linux-gnu/libresolv-2.17.so
7f0fafae2000-7f0fafae3000 rw-p 00017000 08:15 3149630                    /lib/x86_64-linux-gnu/libresolv-2.17.so
7f0fafae3000-7f0fafae5000 rw-p 00000000 00:00 0 
7f0fafae5000-7f0fafb02000 r-xp 00000000 08:15 3149634                    /lib/x86_64-linux-gnu/libselinux.so.1
7f0fafb02000-7f0fafd01000 ---p 0001d000 08:15 3149634                    /lib/x86_64-linux-gnu/libselinux.so.1
7f0fafd01000-7f0fafd02000 r--p 0001c000 08:15 3149634                    /lib/x86_64-linux-gnu/libselinux.so.1
7f0fafd02000-7f0fafd03000 rw-p 0001d000 08:15 3149634                    /lib/x86_64-linux-gnu/libselinux.so.1
7f0fafd03000-7f0fafd04000 rw-p 00000000 00:00 0 
7f0fafd04000-7f0fafdfd000 r-xp 00000000 08:15 3149541                    /lib/x86_64-linux-gnu/libglib-2.0.so.0.3600.0
7f0fafdfd000-7f0fafffd000 ---p 000f9000 08:15 3149541                    /lib/x86_64-linux-gnu/libglib-2.0.so.0.3600.0
7f0fafffd000-7f0fafffe000 r--p 000f9000 08:15 3149541                    /lib/x86_64-linux-gnu/libglib-2.0.so.0.3600.0
7f0fafffe000-7f0faffff000 rw-p 000fa000 08:15 3149541                    /lib/x86_64-linux-gnu/libglib-2.0.so.0.3600.0
7f0faffff000-7f0fb0000000 rw-p 00000000 00:00 0 
7f0fb0000000-7f0fb0021000 rw-p 00000000 00:00 0 
7f0fb0021000-7f0fb4000000 ---p 00000000 00:00 0 
7f0fb4006000-7f0fb4008000 rw-p 00000000 00:00 0 
7f0fb4008000-7f0fb400a000 rw-s 00000000 08:15 2119114                    /tmp/glco3eNp (deleted)
7f0fb400a000-7f0fb400e000 rw-s 12a86c000 00:05 12298                     /dev/nvidia0
7f0fb400e000-7f0fb402e000 rw-s 221730000 00:05 12298                     /dev/nvidia0
7f0fb402e000-7f0fb40ec000 rw-p 00000000 00:00 0 
7f0fb40ec000-7f0fb40ef000 r-xp 00000000 08:15 5643644                    /usr/lib/x86_64-linux-gnu/libgmodule-2.0.so.0.3600.0
7f0fb40ef000-7f0fb42ee000 ---p 00003000 08:15 5643644                    /usr/lib/x86_64-linux-gnu/libgmodule-2.0.so.0.3600.0
7f0fb42ee000-7f0fb42ef000 r--p 00002000 08:15 5643644                    /usr/lib/x86_64-linux-gnu/libgmodule-2.0.so.0.3600.0
7f0fb42ef000-7f0fb42f0000 rw-p 00003000 08:15 5643644                    /usr/lib/x86_64-linux-gnu/libgmodule-2.0.so.0.3600.0
7f0fb42f0000-7f0fb433d000 r-xp 00000000 08:15 5643668                    /usr/lib/x86_64-linux-gnu/libgobject-2.0.so.0.3600.0
7f0fb433d000-7f0fb453d000 ---p 0004d000 08:15 5643668                    /usr/lib/x86_64-linux-gnu/libgobject-2.0.so.0.3600.0
7f0fb453d000-7f0fb453e000 r--p 0004d000 08:15 5643668                    /usr/lib/x86_64-linux-gnu/libgobject-2.0.so.0.3600.0
7f0fb453e000-7f0fb453f000 rw-p 0004e000 08:15 5643668                    /usr/lib/x86_64-linux-gnu/libgobject-2.0.so.0.3600.0
7f0fb453f000-7f0fb4692000 r-xp 00000000 08:15 5643632                    /usr/lib/x86_64-linux-gnu/libgio-2.0.so.0.3600.0
7f0fb4692000-7f0fb4891000 ---p 00153000 08:15 5643632                    /usr/lib/x86_64-linux-gnu/libgio-2.0.so.0.3600.0
7f0fb4891000-7f0fb4895000 r--p 00152000 08:15 5643632                    /usr/lib/x86_64-linux-gnu/libgio-2.0.so.0.3600.0
7f0fb4895000-7f0fb4897000 rw-p 00156000 08:15 5643632                    /usr/lib/x86_64-linux-gnu/libgio-2.0.so.0.3600.0
7f0fb4897000-7f0fb489a000 rw-p 00000000 00:00 0 
7f0fb489a000-7f0fb489b000 rw-s d0006000 00:05 12298                      /dev/nvidia0
7f0fb489b000-7f0fb489c000 rw-s 221b07000 00:05 12298                     /dev/nvidia0
7f0fb489c000-7f0fb48a0000 rw-s 120350000 00:05 12298                     /dev/nvidia0
7f0fb48a0000-7f0fb48a1000 rw-s fdc08000 00:05 12298                      /dev/nvidia0
7f0fb48a1000-7f0fb48a2000 rw-s fd641000 00:05 12298                      /dev/nvidia0
7f0fb48a2000-7f0fb48a3000 rw-s 220546000 00:05 12298                     /dev/nvidia0
7f0fb48a3000-7f0fb48a4000 rw-s 114e76000 00:05 12298                     /dev/nvidia0
7f0fb48a4000-7f0fb48a5000 rw-s fd060000 00:05 12298                      /dev/nvidia0
7f0fb48a5000-7f0fb48c4000 rw-s 21d9ba000 00:05 12298                     /dev/nvidia0
7f0fb48c4000-7f0fb48da000 r-xp 00000000 08:15 5776727                    /usr/lib/jvm/java-7-openjdk-amd64/jre/lib/amd64/libnet.so
7f0fb48da000-7f0fb4ad9000 ---p 00016000 08:15 5776727                    /usr/lib/jvm/java-7-openjdk-amd64/jre/lib/amd64/libnet.so
7f0fb4ad9000-7f0fb4ada000 r--p 00015000 08:15 5776727                    /usr/lib/jvm/java-7-openjdk-amd64/jre/lib/amd64/libnet.so
7f0fb4ada000-7f0fb4adb000 rw-p 00016000 08:15 5776727                    /usr/lib/jvm/java-7-openjdk-amd64/jre/lib/amd64/libnet.so
7f0fb4adb000-7f0fb4ade000 ---p 00000000 00:00 0 
7f0fb4ade000-7f0fb4b03000 rw-p 00000000 00:00 0                          [stack:27867]
7f0fb4b03000-7f0fb4b04000 r--p 00000000 00:00 0 
7f0fb4b04000-7f0fb4b0d000 r--s 000bc000 08:15 5768263                    /usr/lib/jvm/java-7-openjdk-common/jre/lib/resources.jar
7f0fb4b0d000-7f0fb4b12000 r--s 0004c000 08:15 5768303                    /usr/lib/jvm/java-7-openjdk-common/jre/lib/jsse.jar
7f0fb4b12000-7f0fb4b15000 r--s 00036000 fc:03 5224                       /media/truecrypt1/JOT_Core/lib/JOT_Core.jar
7f0fb4b15000-7f0fb4b53000 r--s 0025d000 fc:03 10687                      /media/truecrypt1/JOT_Core/lib/xbean.jar
7f0fb4b53000-7f0fb4b55000 r--s 0004c000 fc:03 537                        /media/truecrypt1/JOT_Core/lib/vecmath.jar
7f0fb4b55000-7f0fb4b77000 rw-p 00000000 00:00 0 
7f0fb4b77000-7f0fb4c37000 r--s 00474000 fc:03 536                        /media/truecrypt1/JOT_Core/lib/collada-beans.jar
7f0fb4c37000-7f0fb4c55000 r--s 00180000 fc:03 833                        /media/truecrypt1/JOT_Core/lib/commons-math3-3.2/commons-math3-3.2.jar
7f0fb4c55000-7f0fb4c76000 r--s 00224000 fc:03 832                        /media/truecrypt1/JOT_Core/lib/commons-math3-3.2/commons-math3-3.2-tests.jar
7f0fb4c76000-7f0fb4c87000 r--s 000b5000 fc:03 10530                      /media/truecrypt1/JOT_Core/lib/jogamp-all-platforms/jar/jogl-test.jar
7f0fb4c87000-7f0fb4ca1000 r--s 00477000 fc:03 10527                      /media/truecrypt1/JOT_Core/lib/jogamp-all-platforms/jar/jogl-all.jar
7f0fb4ca1000-7f0fb4cb8000 r--s 00441000 fc:03 10526                      /media/truecrypt1/JOT_Core/lib/jogamp-all-platforms/jar/jogl-all-noawt.jar
7f0fb4cb8000-7f0fb4cb9000 r--s 00023000 fc:03 10517                      /media/truecrypt1/JOT_Core/lib/jogamp-all-platforms/jar/jogl-all-natives-linux-amd64.jar
7f0fb4cb9000-7f0fb4ccd000 r--s 002c7000 fc:03 10515                      /media/truecrypt1/JOT_Core/lib/jogamp-all-platforms/jar/jogl-all-mobile.jar
7f0fb4ccd000-7f0fb4cd3000 r--s 00071000 fc:03 10510                      /media/truecrypt1/JOT_Core/lib/jogamp-all-platforms/jar/jocl.jar
7f0fb4cd3000-7f0fb4cd4000 r--s 00002000 fc:03 10501                      /media/truecrypt1/JOT_Core/lib/jogamp-all-platforms/jar/jocl-natives-linux-amd64.jar
7f0fb4cd4000-7f0fb4cd6000 r--s 0000b000 fc:03 10497                      /media/truecrypt1/JOT_Core/lib/jogamp-all-platforms/jar/joal.jar
7f0fb4cd6000-7f0fb4cde000 r--s 00089000 fc:03 10483                      /media/truecrypt1/JOT_Core/lib/jogamp-all-platforms/jar/gluegen.jar
7f0fb4cde000-7f0fb4cf4000 r--s 001e6000 fc:03 2757                       /media/truecrypt1/JOT_Core/lib/jgroups/jgroups-3.3.1.Final.jar
7f0fb4cf4000-7f0fb4cf5000 ---p 00000000 00:00 0 
7f0fb4cf5000-7f0fb4df5000 rw-p 00000000 00:00 0                          [stack:27863]
7f0fb4df5000-7f0fb4df8000 ---p 00000000 00:00 0 
7f0fb4df8000-7f0fb4ef6000 rw-p 00000000 00:00 0                          [stack:27862]
7f0fb4ef6000-7f0fb4ef9000 ---p 00000000 00:00 0 
7f0fb4ef9000-7f0fb4ff7000 rw-p 00000000 00:00 0                          [stack:27861]
7f0fb4ff7000-7f0fb4ffa000 ---p 00000000 00:00 0 
7f0fb4ffa000-7f0fb50f8000 rw-p 00000000 00:00 0                          [stack:27860]
7f0fb50f8000-7f0fb50fb000 ---p 00000000 00:00 0 
7f0fb50fb000-7f0fb51f9000 rw-p 00000000 00:00 0 
7f0fb51f9000-7f0fb51fc000 ---p 00000000 00:00 0 
7f0fb51fc000-7f0fb52fa000 rw-p 00000000 00:00 0                          [stack:27844]
7f0fb52fa000-7f0fb52fd000 ---p 00000000 00:00 0 
7f0fb52fd000-7f0fb53fb000 rw-p 00000000 00:00 0                          [stack:27843]
7f0fb53fb000-7f0fb53ff000 r-xp 00000000 08:15 5776750                    /usr/lib/jvm/java-7-openjdk-amd64/jre/lib/amd64/libdt_socket.so
7f0fb53ff000-7f0fb55fe000 ---p 00004000 08:15 5776750                    /usr/lib/jvm/java-7-openjdk-amd64/jre/lib/amd64/libdt_socket.so
7f0fb55fe000-7f0fb55ff000 r--p 00003000 08:15 5776750                    /usr/lib/jvm/java-7-openjdk-amd64/jre/lib/amd64/libdt_socket.so
7f0fb55ff000-7f0fb5600000 rw-p 00004000 08:15 5776750                    /usr/lib/jvm/java-7-openjdk-amd64/jre/lib/amd64/libdt_socket.so
7f0fb5600000-7f0fb5603000 ---p 00000000 00:00 0 
7f0fb5603000-7f0fb5701000 rw-p 00000000 00:00 0                          [stack:27836]
7f0fb5701000-7f0fb5704000 ---p 00000000 00:00 0 
7f0fb5704000-7f0fb5802000 rw-p 00000000 00:00 0                          [stack:27835]
7f0fb5802000-7f0fb5805000 ---p 00000000 00:00 0 
7f0fb5805000-7f0fb5903000 rw-p 00000000 00:00 0                          [stack:27834]
7f0fb5903000-7f0fb5904000 ---p 00000000 00:00 0 
7f0fb5904000-7f0fb6a03000 rw-p 00000000 00:00 0                          [stack:27833]
7f0fb6a03000-7f0fb6bb0000 r--s 01cec000 08:15 5776715                    /usr/lib/jvm/java-7-openjdk-amd64/jre/lib/rt.jar
7f0fb6bb0000-7f0fb7c98000 rw-p 00000000 00:00 0 
7f0fb7c98000-7f0fb7c99000 ---p 00000000 00:00 0 
7f0fb7c99000-7f0fb7d99000 rw-p 00000000 00:00 0                          [stack:27832]
7f0fb7d99000-7f0fb7d9a000 ---p 00000000 00:00 0 
7f0fb7d9a000-7f0fb7e9a000 rw-p 00000000 00:00 0                          [stack:27831]
7f0fb7e9a000-7f0fb7e9b000 ---p 00000000 00:00 0 
7f0fb7e9b000-7f0fb7f9b000 rw-p 00000000 00:00 0                          [stack:27830]
7f0fb7f9b000-7f0fb7f9c000 ---p 00000000 00:00 0 
7f0fb7f9c000-7f0fb80a7000 rw-p 00000000 00:00 0                          [stack:27829]
7f0fb80a7000-7f0fb80ef000 rw-p 00000000 00:00 0 
7f0fb80ef000-7f0fb8119000 rw-p 00000000 00:00 0 
7f0fb8119000-7f0fb8389000 rw-p 00000000 00:00 0 
7f0fb8389000-7f0fb8394000 rw-p 00000000 00:00 0 
7f0fb8394000-7f0fb83dc000 rw-p 00000000 00:00 0 
7f0fb83dc000-7f0fb8406000 rw-p 00000000 00:00 0 
7f0fb8406000-7f0fb8676000 rw-p 00000000 00:00 0 
7f0fb8676000-7f0fb868b000 rw-p 00000000 00:00 0 
7f0fb868b000-7f0fb87c3000 rw-p 00000000 00:00 0 
7f0fb87c3000-7f0fb87c4000 rw-p 00000000 00:00 0 
7f0fb87c4000-7f0fb8a34000 rwxp 00000000 00:00 0 
7f0fb8a34000-7f0fbb7c4000 rw-p 00000000 00:00 0 
7f0fbb7c4000-7f0fbb7cc000 r-xp 00000000 08:15 5776752                    /usr/lib/jvm/java-7-openjdk-amd64/jre/lib/amd64/libzip.so
7f0fbb7cc000-7f0fbb9cb000 ---p 00008000 08:15 5776752                    /usr/lib/jvm/java-7-openjdk-amd64/jre/lib/amd64/libzip.so
7f0fbb9cb000-7f0fbb9cc000 r--p 00007000 08:15 5776752                    /usr/lib/jvm/java-7-openjdk-amd64/jre/lib/amd64/libzip.so
7f0fbb9cc000-7f0fbb9cd000 rw-p 00008000 08:15 5776752                    /usr/lib/jvm/java-7-openjdk-amd64/jre/lib/amd64/libzip.so
7f0fbb9cd000-7f0fbb9d9000 r-xp 00000000 08:15 3149585                    /lib/x86_64-linux-gnu/libnss_files-2.17.so
7f0fbb9d9000-7f0fbbbd8000 ---p 0000c000 08:15 3149585                    /lib/x86_64-linux-gnu/libnss_files-2.17.so
7f0fbbbd8000-7f0fbbbd9000 r--p 0000b000 08:15 3149585                    /lib/x86_64-linux-gnu/libnss_files-2.17.so
7f0fbbbd9000-7f0fbbbda000 rw-p 0000c000 08:15 3149585                    /lib/x86_64-linux-gnu/libnss_files-2.17.so
7f0fbbbda000-7f0fbbbe5000 r-xp 00000000 08:15 3149589                    /lib/x86_64-linux-gnu/libnss_nis-2.17.so
7f0fbbbe5000-7f0fbbde4000 ---p 0000b000 08:15 3149589                    /lib/x86_64-linux-gnu/libnss_nis-2.17.so
7f0fbbde4000-7f0fbbde5000 r--p 0000a000 08:15 3149589                    /lib/x86_64-linux-gnu/libnss_nis-2.17.so
7f0fbbde5000-7f0fbbde6000 rw-p 0000b000 08:15 3149589                    /lib/x86_64-linux-gnu/libnss_nis-2.17.so
7f0fbbde6000-7f0fbbdfd000 r-xp 00000000 08:15 3149579                    /lib/x86_64-linux-gnu/libnsl-2.17.so
7f0fbbdfd000-7f0fbbffc000 ---p 00017000 08:15 3149579                    /lib/x86_64-linux-gnu/libnsl-2.17.so
7f0fbbffc000-7f0fbbffd000 r--p 00016000 08:15 3149579                    /lib/x86_64-linux-gnu/libnsl-2.17.so
7f0fbbffd000-7f0fbbffe000 rw-p 00017000 08:15 3149579                    /lib/x86_64-linux-gnu/libnsl-2.17.so
7f0fbbffe000-7f0fbc000000 rw-p 00000000 00:00 0 
7f0fbc000000-7f0fbc5d0000 rw-p 00000000 00:00 0 
7f0fbc5d0000-7f0fc0000000 ---p 00000000 00:00 0 
7f0fc0000000-7f0fc0001000 r--s 0004d000 fc:03 10496                      /media/truecrypt1/JOT_Core/lib/jogamp-all-platforms/jar/joal-test.jar
7f0fc0001000-7f0fc0002000 r--s 00021000 fc:03 10487                      /media/truecrypt1/JOT_Core/lib/jogamp-all-platforms/jar/joal-natives-linux-amd64.jar
7f0fc0002000-7f0fc0007000 r--s 0002c000 fc:03 10482                      /media/truecrypt1/JOT_Core/lib/jogamp-all-platforms/jar/gluegen-rt.jar
7f0fc0007000-7f0fc0008000 r--s 00000000 fc:03 10473                      /media/truecrypt1/JOT_Core/lib/jogamp-all-platforms/jar/gluegen-rt-natives-linux-amd64.jar
7f0fc0008000-7f0fc000b000 r--s 00032000 08:15 5768266                    /usr/lib/jvm/java-7-openjdk-common/jre/lib/ext/sunjce_provider.jar
7f0fc000b000-7f0fc000e000 r--s 0000f000 08:15 5768267                    /usr/lib/jvm/java-7-openjdk-common/jre/lib/ext/pulse-java.jar
7f0fc000e000-7f0fc0036000 rw-p 00000000 00:00 0 
7f0fc0036000-7f0fc003e000 r-xp 00000000 08:15 3149581                    /lib/x86_64-linux-gnu/libnss_compat-2.17.so
7f0fc003e000-7f0fc023d000 ---p 00008000 08:15 3149581                    /lib/x86_64-linux-gnu/libnss_compat-2.17.so
7f0fc023d000-7f0fc023e000 r--p 00007000 08:15 3149581                    /lib/x86_64-linux-gnu/libnss_compat-2.17.so
7f0fc023e000-7f0fc023f000 rw-p 00008000 08:15 3149581                    /lib/x86_64-linux-gnu/libnss_compat-2.17.so
7f0fc023f000-7f0fc0921000 r--p 00000000 08:15 5642160                    /usr/lib/locale/locale-archive
7f0fc0921000-7f0fc0924000 r-xp 00000000 08:15 5776719                    /usr/lib/jvm/java-7-openjdk-amd64/jre/lib/amd64/libnpt.so
7f0fc0924000-7f0fc0b23000 ---p 00003000 08:15 5776719                    /usr/lib/jvm/java-7-openjdk-amd64/jre/lib/amd64/libnpt.so
7f0fc0b23000-7f0fc0b24000 r--p 00002000 08:15 5776719                    /usr/lib/jvm/java-7-openjdk-amd64/jre/lib/amd64/libnpt.so
7f0fc0b24000-7f0fc0b25000 rw-p 00003000 08:15 5776719                    /usr/lib/jvm/java-7-openjdk-amd64/jre/lib/amd64/libnpt.so
7f0fc0b25000-7f0fc0b5f000 r-xp 00000000 08:15 5776724                    /usr/lib/jvm/java-7-openjdk-amd64/jre/lib/amd64/libjdwp.so
7f0fc0b5f000-7f0fc0d5e000 ---p 0003a000 08:15 5776724                    /usr/lib/jvm/java-7-openjdk-amd64/jre/lib/amd64/libjdwp.so
7f0fc0d5e000-7f0fc0d5f000 r--p 00039000 08:15 5776724                    /usr/lib/jvm/java-7-openjdk-amd64/jre/lib/amd64/libjdwp.so
7f0fc0d5f000-7f0fc0d60000 rw-p 0003a000 08:15 5776724                    /usr/lib/jvm/java-7-openjdk-amd64/jre/lib/amd64/libjdwp.so
7f0fc0d60000-7f0fc0d8b000 r-xp 00000000 08:15 5776737                    /usr/lib/jvm/java-7-openjdk-amd64/jre/lib/amd64/libjava.so
7f0fc0d8b000-7f0fc0f8a000 ---p 0002b000 08:15 5776737                    /usr/lib/jvm/java-7-openjdk-amd64/jre/lib/amd64/libjava.so
7f0fc0f8a000-7f0fc0f8b000 r--p 0002a000 08:15 5776737                    /usr/lib/jvm/java-7-openjdk-amd64/jre/lib/amd64/libjava.so
7f0fc0f8b000-7f0fc0f8d000 rw-p 0002b000 08:15 5776737                    /usr/lib/jvm/java-7-openjdk-amd64/jre/lib/amd64/libjava.so
7f0fc0f8d000-7f0fc0f9c000 r-xp 00000000 08:15 5776736                    /usr/lib/jvm/java-7-openjdk-amd64/jre/lib/amd64/libverify.so
7f0fc0f9c000-7f0fc119b000 ---p 0000f000 08:15 5776736                    /usr/lib/jvm/java-7-openjdk-amd64/jre/lib/amd64/libverify.so
7f0fc119b000-7f0fc119d000 r--p 0000e000 08:15 5776736                    /usr/lib/jvm/java-7-openjdk-amd64/jre/lib/amd64/libverify.so
7f0fc119d000-7f0fc119e000 rw-p 00010000 08:15 5776736                    /usr/lib/jvm/java-7-openjdk-amd64/jre/lib/amd64/libverify.so
7f0fc119e000-7f0fc11a5000 r-xp 00000000 08:15 3149632                    /lib/x86_64-linux-gnu/librt-2.17.so
7f0fc11a5000-7f0fc13a4000 ---p 00007000 08:15 3149632                    /lib/x86_64-linux-gnu/librt-2.17.so
7f0fc13a4000-7f0fc13a5000 r--p 00006000 08:15 3149632                    /lib/x86_64-linux-gnu/librt-2.17.so
7f0fc13a5000-7f0fc13a6000 rw-p 00007000 08:15 3149632                    /lib/x86_64-linux-gnu/librt-2.17.so
7f0fc13a6000-7f0fc13ba000 r-xp 00000000 08:15 3149537                    /lib/x86_64-linux-gnu/libgcc_s.so.1
7f0fc13ba000-7f0fc15ba000 ---p 00014000 08:15 3149537                    /lib/x86_64-linux-gnu/libgcc_s.so.1
7f0fc15ba000-7f0fc15bb000 r--p 00014000 08:15 3149537                    /lib/x86_64-linux-gnu/libgcc_s.so.1
7f0fc15bb000-7f0fc15bc000 rw-p 00015000 08:15 3149537                    /lib/x86_64-linux-gnu/libgcc_s.so.1
7f0fc15bc000-7f0fc16bf000 r-xp 00000000 08:15 3149560                    /lib/x86_64-linux-gnu/libm-2.17.so
7f0fc16bf000-7f0fc18bf000 ---p 00103000 08:15 3149560                    /lib/x86_64-linux-gnu/libm-2.17.so
7f0fc18bf000-7f0fc18c0000 r--p 00103000 08:15 3149560                    /lib/x86_64-linux-gnu/libm-2.17.so
7f0fc18c0000-7f0fc18c1000 rw-p 00104000 08:15 3149560                    /lib/x86_64-linux-gnu/libm-2.17.so
7f0fc18c1000-7f0fc19a6000 r-xp 00000000 08:15 5644137                    /usr/lib/x86_64-linux-gnu/libstdc++.so.6.0.17
7f0fc19a6000-7f0fc1ba5000 ---p 000e5000 08:15 5644137                    /usr/lib/x86_64-linux-gnu/libstdc++.so.6.0.17
7f0fc1ba5000-7f0fc1bad000 r--p 000e4000 08:15 5644137                    /usr/lib/x86_64-linux-gnu/libstdc++.so.6.0.17
7f0fc1bad000-7f0fc1baf000 rw-p 000ec000 08:15 5644137                    /usr/lib/x86_64-linux-gnu/libstdc++.so.6.0.17
7f0fc1baf000-7f0fc1bc4000 rw-p 00000000 00:00 0 
7f0fc1bc4000-7f0fc25b4000 r-xp 00000000 08:15 5776741                    /usr/lib/jvm/java-7-openjdk-amd64/jre/lib/amd64/server/libjvm.so
7f0fc25b4000-7f0fc27b3000 ---p 009f0000 08:15 5776741                    /usr/lib/jvm/java-7-openjdk-amd64/jre/lib/amd64/server/libjvm.so
7f0fc27b3000-7f0fc2832000 r--p 009ef000 08:15 5776741                    /usr/lib/jvm/java-7-openjdk-amd64/jre/lib/amd64/server/libjvm.so
7f0fc2832000-7f0fc2855000 rw-p 00a6e000 08:15 5776741                    /usr/lib/jvm/java-7-openjdk-amd64/jre/lib/amd64/server/libjvm.so
7f0fc2855000-7f0fc2880000 rw-p 00000000 00:00 0 
7f0fc2880000-7f0fc2896000 r-xp 00000000 08:15 3149665                    /lib/x86_64-linux-gnu/libz.so.1.2.7
7f0fc2896000-7f0fc2a95000 ---p 00016000 08:15 3149665                    /lib/x86_64-linux-gnu/libz.so.1.2.7
7f0fc2a95000-7f0fc2a96000 r--p 00015000 08:15 3149665                    /lib/x86_64-linux-gnu/libz.so.1.2.7
7f0fc2a96000-7f0fc2a97000 rw-p 00016000 08:15 3149665                    /lib/x86_64-linux-gnu/libz.so.1.2.7
7f0fc2a97000-7f0fc2aaf000 r-xp 00000000 08:15 3149624                    /lib/x86_64-linux-gnu/libpthread-2.17.so
7f0fc2aaf000-7f0fc2cae000 ---p 00018000 08:15 3149624                    /lib/x86_64-linux-gnu/libpthread-2.17.so
7f0fc2cae000-7f0fc2caf000 r--p 00017000 08:15 3149624                    /lib/x86_64-linux-gnu/libpthread-2.17.so
7f0fc2caf000-7f0fc2cb0000 rw-p 00018000 08:15 3149624                    /lib/x86_64-linux-gnu/libpthread-2.17.so
7f0fc2cb0000-7f0fc2cb4000 rw-p 00000000 00:00 0 
7f0fc2cb4000-7f0fc2cb7000 r-xp 00000000 08:15 3149527                    /lib/x86_64-linux-gnu/libdl-2.17.so
7f0fc2cb7000-7f0fc2eb6000 ---p 00003000 08:15 3149527                    /lib/x86_64-linux-gnu/libdl-2.17.so
7f0fc2eb6000-7f0fc2eb7000 r--p 00002000 08:15 3149527                    /lib/x86_64-linux-gnu/libdl-2.17.so
7f0fc2eb7000-7f0fc2eb8000 rw-p 00003000 08:15 3149527                    /lib/x86_64-linux-gnu/libdl-2.17.so
7f0fc2eb8000-7f0fc3076000 r-xp 00000000 08:15 3149512                    /lib/x86_64-linux-gnu/libc-2.17.so
7f0fc3076000-7f0fc3275000 ---p 001be000 08:15 3149512                    /lib/x86_64-linux-gnu/libc-2.17.so
7f0fc3275000-7f0fc3279000 r--p 001bd000 08:15 3149512                    /lib/x86_64-linux-gnu/libc-2.17.so
7f0fc3279000-7f0fc327b000 rw-p 001c1000 08:15 3149512                    /lib/x86_64-linux-gnu/libc-2.17.so
7f0fc327b000-7f0fc3280000 rw-p 00000000 00:00 0 
7f0fc3280000-7f0fc328d000 r-xp 00000000 08:15 5776720                    /usr/lib/jvm/java-7-openjdk-amd64/jre/lib/amd64/jli/libjli.so
7f0fc328d000-7f0fc348c000 ---p 0000d000 08:15 5776720                    /usr/lib/jvm/java-7-openjdk-amd64/jre/lib/amd64/jli/libjli.so
7f0fc348c000-7f0fc348d000 r--p 0000c000 08:15 5776720                    /usr/lib/jvm/java-7-openjdk-amd64/jre/lib/amd64/jli/libjli.so
7f0fc348d000-7f0fc348e000 rw-p 0000d000 08:15 5776720                    /usr/lib/jvm/java-7-openjdk-amd64/jre/lib/amd64/jli/libjli.so
7f0fc348e000-7f0fc34b1000 r-xp 00000000 08:15 3149488                    /lib/x86_64-linux-gnu/ld-2.17.so
7f0fc34b1000-7f0fc34b3000 r--s 00012000 08:15 5768272                    /usr/lib/jvm/java-7-openjdk-common/jre/lib/ext/zipfs.jar
7f0fc34b3000-7f0fc34b6000 r--s 0003c000 08:15 5768264                    /usr/lib/jvm/java-7-openjdk-common/jre/lib/ext/sunpkcs11.jar
7f0fc34b6000-7f0fc34b8000 r--s 00006000 08:15 135972                     /usr/share/java/java-atk-wrapper.jar
7f0fc34b8000-7f0fc34bc000 r--s 00085000 08:15 5768265                    /usr/lib/jvm/java-7-openjdk-common/jre/lib/ext/localedata.jar
7f0fc34bc000-7f0fc34bd000 r--s 00002000 08:15 5768271                    /usr/lib/jvm/java-7-openjdk-common/jre/lib/ext/dnsns.jar
7f0fc34bd000-7f0fc34c7000 rw-p 00000000 00:00 0 
7f0fc34c7000-7f0fc357d000 rw-p 00000000 00:00 0 
7f0fc357d000-7f0fc3580000 ---p 00000000 00:00 0 
7f0fc3580000-7f0fc36a4000 rw-p 00000000 00:00 0                          [stack:27828]
7f0fc36a4000-7f0fc36ac000 rw-s 00000000 08:15 2118636                    /tmp/hsperfdata_gpaiva/27823
7f0fc36ac000-7f0fc36ad000 rw-p 00000000 00:00 0 
7f0fc36ad000-7f0fc36ae000 r--p 00000000 00:00 0 
7f0fc36ae000-7f0fc36b0000 rw-p 00000000 00:00 0 
7f0fc36b0000-7f0fc36b1000 r--p 00022000 08:15 3149488                    /lib/x86_64-linux-gnu/ld-2.17.so
7f0fc36b1000-7f0fc36b3000 rw-p 00023000 08:15 3149488                    /lib/x86_64-linux-gnu/ld-2.17.so
7fffa646e000-7fffa648f000 rw-p 00000000 00:00 0                          [stack]
7fffa6565000-7fffa6567000 r-xp 00000000 00:00 0                          [vdso]
ffffffffff600000-ffffffffff601000 r-xp 00000000 00:00 0                  [vsyscall]

VM Arguments:
jvm_args: -Xdebug -Xrunjdwp:transport=dt_socket,address=localhost:37324 -Dfile.encoding=UTF-8 -Djava.library.path=K:\JMMOGE_Core\lib\jinput -Djgroups.bind_addr=10.0.4.160 -Djava.net.preferIPv4Stack=true 
java_command: ui.GameRenderer pires test
Launcher Type: SUN_STANDARD

Environment Variables:
PATH=/usr/local/cuda-5.0/bin:/usr/local/sbin:/usr/local/bin:/usr/sbin:/usr/bin:/sbin:/bin:/usr/games:/usr/local/games:/home/gpaiva/lib:/media/truecrypt1/JOT_Core/lib/jogamp-all-platforms/lib:/home/gpaiva/omnetpp-4.3/bin
USERNAME=gpaiva
LD_LIBRARY_PATH=/usr/lib/jvm/default-java/jre/lib/amd64:/usr/lib/jvm/default-java/jre/lib/i386:
SHELL=/bin/bash
DISPLAY=:0

Signal Handlers:
SIGSEGV: [libjvm.so+0x84f410], sa_mask[0]=0x7ffbfeff, sa_flags=0x10000004
SIGBUS: [libjvm.so+0x84f410], sa_mask[0]=0x7ffbfeff, sa_flags=0x10000004
SIGFPE: [libjvm.so+0x6f19a0], sa_mask[0]=0x7ffbfeff, sa_flags=0x10000004
SIGPIPE: [libjvm.so+0x6f19a0], sa_mask[0]=0x7ffbfeff, sa_flags=0x10000004
SIGXFSZ: [libjvm.so+0x6f19a0], sa_mask[0]=0x7ffbfeff, sa_flags=0x10000004
SIGILL: [libjvm.so+0x6f19a0], sa_mask[0]=0x7ffbfeff, sa_flags=0x10000004
SIGUSR1: SIG_DFL, sa_mask[0]=0x00000000, sa_flags=0x00000000
SIGUSR2: [libjvm.so+0x6f1d70], sa_mask[0]=0x00000004, sa_flags=0x10000004
SIGHUP: [libjvm.so+0x6f1eb0], sa_mask[0]=0x7ffbfeff, sa_flags=0x10000004
SIGINT: SIG_IGN, sa_mask[0]=0x00000000, sa_flags=0x00000000
SIGTERM: [libjvm.so+0x6f1eb0], sa_mask[0]=0x7ffbfeff, sa_flags=0x10000004
SIGQUIT: [libjvm.so+0x6f1eb0], sa_mask[0]=0x7ffbfeff, sa_flags=0x10000004


---------------  S Y S T E M  ---------------

OS:LinuxMint 15 (olivia)
uname:Linux 3.8.0-19-generic #30-Ubuntu SMP Wed May 1 16:35:23 UTC 2013 x86_64
libc:glibc 2.17 NPTL 2.17 
rlimit: STACK 8192k, CORE 0k, NPROC 63617, NOFILE 4096, AS infinity
load average:0,87 0,61 0,68

/proc/meminfo:
MemTotal:        8177492 kB
MemFree:          793860 kB
Buffers:          573960 kB
Cached:          4002396 kB
SwapCached:           24 kB
Active:          3373536 kB
Inactive:        3544336 kB
Active(anon):    1444044 kB
Inactive(anon):   927924 kB
Active(file):    1929492 kB
Inactive(file):  2616412 kB
Unevictable:          64 kB
Mlocked:              64 kB
SwapTotal:       3998716 kB
SwapFree:        3998512 kB
Dirty:             10928 kB
Writeback:             0 kB
AnonPages:       2341700 kB
Mapped:           208048 kB
Shmem:             30340 kB
Slab:             330040 kB
SReclaimable:     235920 kB
SUnreclaim:        94120 kB
KernelStack:        3992 kB
PageTables:        28236 kB
NFS_Unstable:          0 kB
Bounce:                0 kB
WritebackTmp:          0 kB
CommitLimit:     8087460 kB
Committed_AS:    4626244 kB
VmallocTotal:   34359738367 kB
VmallocUsed:      314368 kB
VmallocChunk:   34359417340 kB
HardwareCorrupted:     0 kB
AnonHugePages:         0 kB
HugePages_Total:       0
HugePages_Free:        0
HugePages_Rsvd:        0
HugePages_Surp:        0
Hugepagesize:       2048 kB
DirectMap4k:     2113024 kB
DirectMap2M:     6275072 kB


CPU:total 4 (4 cores per cpu, 1 threads per core) family 6 model 15 stepping 11, cmov, cx8, fxsr, mmx, sse, sse2, sse3, ssse3, tsc

/proc/cpuinfo:
processor	: 0
vendor_id	: GenuineIntel
cpu family	: 6
model		: 15
model name	: Intel(R) Core(TM)2 Quad CPU    Q6600  @ 2.40GHz
stepping	: 11
microcode	: 0xb3
cpu MHz		: 2394.000
cache size	: 4096 KB
physical id	: 0
siblings	: 4
core id		: 0
cpu cores	: 4
apicid		: 0
initial apicid	: 0
fpu		: yes
fpu_exception	: yes
cpuid level	: 10
wp		: yes
flags		: fpu vme de pse tsc msr pae mce cx8 apic sep mtrr pge mca cmov pat pse36 clflush dts acpi mmx fxsr sse sse2 ss ht tm pbe syscall nx lm constant_tsc arch_perfmon pebs bts rep_good nopl aperfmperf pni dtes64 monitor ds_cpl vmx est tm2 ssse3 cx16 xtpr pdcm lahf_lm dtherm tpr_shadow vnmi flexpriority
bogomips	: 4810.87
clflush size	: 64
cache_alignment	: 64
address sizes	: 36 bits physical, 48 bits virtual
power management:

processor	: 1
vendor_id	: GenuineIntel
cpu family	: 6
model		: 15
model name	: Intel(R) Core(TM)2 Quad CPU    Q6600  @ 2.40GHz
stepping	: 11
microcode	: 0xb3
cpu MHz		: 2394.000
cache size	: 4096 KB
physical id	: 0
siblings	: 4
core id		: 1
cpu cores	: 4
apicid		: 1
initial apicid	: 1
fpu		: yes
fpu_exception	: yes
cpuid level	: 10
wp		: yes
flags		: fpu vme de pse tsc msr pae mce cx8 apic sep mtrr pge mca cmov pat pse36 clflush dts acpi mmx fxsr sse sse2 ss ht tm pbe syscall nx lm constant_tsc arch_perfmon pebs bts rep_good nopl aperfmperf pni dtes64 monitor ds_cpl vmx est tm2 ssse3 cx16 xtpr pdcm lahf_lm dtherm tpr_shadow vnmi flexpriority
bogomips	: 4810.87
clflush size	: 64
cache_alignment	: 64
address sizes	: 36 bits physical, 48 bits virtual
power management:

processor	: 2
vendor_id	: GenuineIntel
cpu family	: 6
model		: 15
model name	: Intel(R) Core(TM)2 Quad CPU    Q6600  @ 2.40GHz
stepping	: 11
microcode	: 0xb3
cpu MHz		: 2394.000
cache size	: 4096 KB
physical id	: 0
siblings	: 4
core id		: 2
cpu cores	: 4
apicid		: 2
initial apicid	: 2
fpu		: yes
fpu_exception	: yes
cpuid level	: 10
wp		: yes
flags		: fpu vme de pse tsc msr pae mce cx8 apic sep mtrr pge mca cmov pat pse36 clflush dts acpi mmx fxsr sse sse2 ss ht tm pbe syscall nx lm constant_tsc arch_perfmon pebs bts rep_good nopl aperfmperf pni dtes64 monitor ds_cpl vmx est tm2 ssse3 cx16 xtpr pdcm lahf_lm dtherm tpr_shadow vnmi flexpriority
bogomips	: 4810.87
clflush size	: 64
cache_alignment	: 64
address sizes	: 36 bits physical, 48 bits virtual
power management:

processor	: 3
vendor_id	: GenuineIntel
cpu family	: 6
model		: 15
model name	: Intel(R) Core(TM)2 Quad CPU    Q6600  @ 2.40GHz
stepping	: 11
microcode	: 0xb3
cpu MHz		: 1596.000
cache size	: 4096 KB
physical id	: 0
siblings	: 4
core id		: 3
cpu cores	: 4
apicid		: 3
initial apicid	: 3
fpu		: yes
fpu_exception	: yes
cpuid level	: 10
wp		: yes
flags		: fpu vme de pse tsc msr pae mce cx8 apic sep mtrr pge mca cmov pat pse36 clflush dts acpi mmx fxsr sse sse2 ss ht tm pbe syscall nx lm constant_tsc arch_perfmon pebs bts rep_good nopl aperfmperf pni dtes64 monitor ds_cpl vmx est tm2 ssse3 cx16 xtpr pdcm lahf_lm dtherm tpr_shadow vnmi flexpriority
bogomips	: 4810.87
clflush size	: 64
cache_alignment	: 64
address sizes	: 36 bits physical, 48 bits virtual
power management:



Memory: 4k page, physical 8177492k(793860k free), swap 3998716k(3998512k free)

vm_info: OpenJDK 64-Bit Server VM (23.7-b01) for linux-amd64 JRE (1.7.0_25-b30), built on Jul  3 2013 13:50:39 by "buildd" with gcc 4.7.3

time: Wed Sep 25 03:13:05 2013
elapsed time: 6 seconds

