#
# A fatal error has been detected by the Java Runtime Environment:
#
#  SIGSEGV (0xb) at pc=0x00007fc425341bc9, pid=11638, tid=0x00007fc401aaf700
#
# JRE version: Java(TM) SE Runtime Environment (8.0_144-b01) (build 1.8.0_144-b01)
# Java VM: Java HotSpot(TM) 64-Bit Server VM (25.144-b01 mixed mode linux-amd64 compressed oops)
# Problematic frame:
# C  [libGL.so.1+0xd7bc9]
#
# Failed to write core dump. Core dumps have been disabled. To enable core dumping, try "ulimit -c unlimited" before starting Java again
#
# If you would like to submit a bug report, please visit:
#   http://bugreport.java.com/bugreport/crash.jsp
# The crash happened outside the Java Virtual Machine in native code.
# See problematic frame for where to report the bug.
#

---------------  T H R E A D  ---------------

Current thread (0x00007fc43c296800):  JavaThread "Thread-3" [_thread_in_native, id=11697, stack(0x00007fc4019af000,0x00007fc401ab0000)]

siginfo: si_signo: 11 (SIGSEGV), si_code: 1 (SEGV_MAPERR), si_addr: 0x00000000000008b8

Registers:
RAX=0x0000000000000000, RBX=0x00007fc4257becc8, RCX=0x00000000ed69f998, RDX=0x0000000000000001
RSP=0x00007fc401aae478, RBP=0x00007fc401aae4c0, RSI=0x00000000ed69f998, RDI=0x0000000000000001
R8 =0x0000000000000001, R9 =0x0000000000000000, R10=0x00007fc45cbe8548, R11=0x00007fc471a65fa0
R12=0x0000000000000000, R13=0x00007fc4257becc8, R14=0x00007fc401aae598, R15=0x00007fc43c296800
RIP=0x00007fc425341bc9, EFLAGS=0x0000000000010246, CSGSFS=0x0000000000000033, ERR=0x0000000000000004
  TRAPNO=0x000000000000000e

Top of Stack: (sp=0x00007fc401aae478)
0x00007fc401aae478:   00007fc424e0d1fd 00007fc43c296800
0x00007fc401aae488:   00007f003c296800 00007fc401aae588
0x00007fc401aae498:   0000000100000000 00007fc401aae598
0x00007fc401aae4a8:   00007fc43c2969f8 00007fc425341bc0
0x00007fc401aae4b8:   00000000ed69f998 00007fc401aae548
0x00007fc401aae4c8:   00007fc45cbe8574 00007fc425341bc0
0x00007fc401aae4d8:   00007fc43c296800 00007fc4257becc8
0x00007fc401aae4e8:   0000000000000000 00007fc401aae548
0x00007fc401aae4f8:   00007fc45cbe8307 00007fc45cbe82c2
0x00007fc401aae508:   00007fc401aae508 00007fc4257becc8
0x00007fc401aae518:   00007fc401aae598 00007fc4258b6028
0x00007fc401aae528:   0000000000000000 00007fc4257becc8
0x00007fc401aae538:   0000000000000000 00007fc401aae568
0x00007fc401aae548:   00007fc401aae5e0 00007fc45cbdaffd
0x00007fc401aae558:   0000000000000000 00007fc45cbe4278
0x00007fc401aae568:   00007fc425341bc0 00007fc401aae618
0x00007fc401aae578:   0000000000000000 0000000000000000
0x00007fc401aae588:   00000000ed69f988 0000000000000001
0x00007fc401aae598:   00000000c2a9b330 00007fc401aae5a0
0x00007fc401aae5a8:   00007fc4257bedcb 00007fc401aae618
0x00007fc401aae5b8:   00007fc4258b6028 0000000000000000
0x00007fc401aae5c8:   00007fc4257bede0 00007fc401aae568
0x00007fc401aae5d8:   00007fc401aae600 00007fc401aae660
0x00007fc401aae5e8:   00007fc45cbdb042 00007fc425341bc0
0x00007fc401aae5f8:   0000000000000000 0000000000000000
0x00007fc401aae608:   00000000ed69f988 0000000000000001
0x00007fc401aae618:   00000000c2a9b330 00007fc401aae620
0x00007fc401aae628:   00007fc401f83c1d 00007fc401aae678
0x00007fc401aae638:   00007fc401f86018 00007fc400c39740
0x00007fc401aae648:   00007fc401f83c38 00007fc401aae600
0x00007fc401aae658:   00007fc401aae670 00007fc401aae6c0
0x00007fc401aae668:   00007fc45cbdaffd 00000000c2a9b330 

Instructions: (pc=0x00007fc425341bc9)
0x00007fc425341ba9:   00 0f 1f 80 00 00 00 00 66 66 66 66 66 66 2e 0f
0x00007fc425341bb9:   1f 84 00 00 00 00 00 64 48 8b 04 25 78 ff ff ff
0x00007fc425341bc9:   ff a0 b8 08 00 00 cc cc cc cc cc cc cc cc cc cc
0x00007fc425341bd9:   cc cc cc cc cc cc cc 1b 4c 01 d8 ff a0 b8 08 00 

Register to memory mapping:

RAX=0x0000000000000000 is an unknown value
RBX={method} {0x00007fc4257becc8} 'dispatch_glDeleteTextures1' '(ILjava/lang/Object;IZJ)V' in 'jogamp/opengl/gl4/GL4bcImpl'
RCX=0x00000000ed69f998 is an oop

[error occurred during error reporting (printing register info), id 0xb]

Stack: [0x00007fc4019af000,0x00007fc401ab0000],  sp=0x00007fc401aae478,  free space=1021k
Native frames: (J=compiled Java code, j=interpreted, Vv=VM code, C=native code)
C  [libGL.so.1+0xd7bc9]
j  jogamp.opengl.gl4.GL4bcImpl.dispatch_glDeleteTextures1(ILjava/lang/Object;IZJ)V+0
j  jogamp.opengl.gl4.GL4bcImpl.glDeleteTextures(I[II)V+107
j  com.jogamp.opengl.util.texture.Texture.destroy(Lcom/jogamp/opengl/GL;)V+21
j  jot.manager.SceneManager.lambda$dispose$0(Lcom/jogamp/opengl/GL2;Lcom/jogamp/opengl/util/texture/Texture;)V+2
j  jot.manager.SceneManager$$Lambda$32.accept(Ljava/lang/Object;)V+8
j  java.util.concurrent.ConcurrentHashMap$ValueSpliterator.forEachRemaining(Ljava/util/function/Consumer;)V+26
j  java.util.stream.ReferencePipeline$Head.forEach(Ljava/util/function/Consumer;)V+12
j  jot.manager.SceneManager.dispose(Lcom/jogamp/opengl/GL2;)V+17
j  jot.gui.Game.lambda$gameShutdown$0()V+29
j  jot.gui.Game$$Lambda$31.run()V+4
j  java.lang.Thread.run()V+11
v  ~StubRoutines::call_stub
V  [libjvm.so+0x693e96]  JavaCalls::call_helper(JavaValue*, methodHandle*, JavaCallArguments*, Thread*)+0x1056
V  [libjvm.so+0x6943a1]  JavaCalls::call_virtual(JavaValue*, KlassHandle, Symbol*, Symbol*, JavaCallArguments*, Thread*)+0x321
V  [libjvm.so+0x694847]  JavaCalls::call_virtual(JavaValue*, Handle, KlassHandle, Symbol*, Symbol*, Thread*)+0x47
V  [libjvm.so+0x72fbd0]  thread_entry(JavaThread*, Thread*)+0xa0
V  [libjvm.so+0xa79753]  JavaThread::thread_main_inner()+0x103
V  [libjvm.so+0xa7989c]  JavaThread::run()+0x11c
V  [libjvm.so+0x92a338]  java_start(Thread*)+0x108
C  [libpthread.so.0+0x76ba]  start_thread+0xca

Java frames: (J=compiled Java code, j=interpreted, Vv=VM code)
j  jogamp.opengl.gl4.GL4bcImpl.dispatch_glDeleteTextures1(ILjava/lang/Object;IZJ)V+0
j  jogamp.opengl.gl4.GL4bcImpl.glDeleteTextures(I[II)V+107
j  com.jogamp.opengl.util.texture.Texture.destroy(Lcom/jogamp/opengl/GL;)V+21
j  jot.manager.SceneManager.lambda$dispose$0(Lcom/jogamp/opengl/GL2;Lcom/jogamp/opengl/util/texture/Texture;)V+2
j  jot.manager.SceneManager$$Lambda$32.accept(Ljava/lang/Object;)V+8
j  java.util.concurrent.ConcurrentHashMap$ValueSpliterator.forEachRemaining(Ljava/util/function/Consumer;)V+26
j  java.util.stream.ReferencePipeline$Head.forEach(Ljava/util/function/Consumer;)V+12
j  jot.manager.SceneManager.dispose(Lcom/jogamp/opengl/GL2;)V+17
j  jot.gui.Game.lambda$gameShutdown$0()V+29
j  jot.gui.Game$$Lambda$31.run()V+4
j  java.lang.Thread.run()V+11
v  ~StubRoutines::call_stub

---------------  P R O C E S S  ---------------

Java Threads: ( => current thread )
=>0x00007fc43c296800 JavaThread "Thread-3" [_thread_in_native, id=11697, stack(0x00007fc4019af000,0x00007fc401ab0000)]
  0x00007fc46c00c000 JavaThread "DestroyJavaVM" [_thread_blocked, id=11643, stack(0x00007fc472b66000,0x00007fc472c67000)]
  0x00007fc46c83f800 JavaThread "main-Display-.x11_:0-1-EDT-1" daemon [_thread_blocked, id=11679, stack(0x00007fc40d041000,0x00007fc40d142000)]
  0x00007fc46c77b000 JavaThread "main-SharedResourceRunner" daemon [_thread_blocked, id=11676, stack(0x00007fc41806d000,0x00007fc41816e000)]
  0x00007fc46c758000 JavaThread "main-SharedResourceRunner" daemon [_thread_blocked, id=11675, stack(0x00007fc424cad000,0x00007fc424dae000)]
  0x00007fc46c6b2800 JavaThread "AWT-XAWT" daemon [_thread_in_native, id=11672, stack(0x00007fc42c0a8000,0x00007fc42c1a9000)]
  0x00007fc46c692000 JavaThread "Java2D Disposer" daemon [_thread_blocked, id=11671, stack(0x00007fc42c8d6000,0x00007fc42c9d7000)]
  0x00007fc46c602000 JavaThread "process reaper" daemon [_thread_blocked, id=11659, stack(0x00007fc45406f000,0x00007fc4540a8000)]
  0x00007fc46c0bd000 JavaThread "Service Thread" daemon [_thread_blocked, id=11654, stack(0x00007fc45455d000,0x00007fc45465e000)]
  0x00007fc46c0ba800 JavaThread "C1 CompilerThread1" daemon [_thread_blocked, id=11653, stack(0x00007fc45465e000,0x00007fc45475f000)]
  0x00007fc46c0b7800 JavaThread "C2 CompilerThread0" daemon [_thread_blocked, id=11652, stack(0x00007fc45475f000,0x00007fc454860000)]
  0x00007fc46c0b3800 JavaThread "Signal Dispatcher" daemon [_thread_blocked, id=11651, stack(0x00007fc454860000,0x00007fc454961000)]
  0x00007fc46c081800 JavaThread "Finalizer" daemon [_thread_blocked, id=11650, stack(0x00007fc454c3b000,0x00007fc454d3c000)]
  0x00007fc46c07d000 JavaThread "Reference Handler" daemon [_thread_blocked, id=11649, stack(0x00007fc454d3c000,0x00007fc454e3d000)]

Other Threads:
  0x00007fc46c075800 VMThread [stack: 0x00007fc454e3d000,0x00007fc454f3e000] [id=11648]
  0x00007fc46c0c0000 WatcherThread [stack: 0x00007fc45445c000,0x00007fc45455d000] [id=11655]

VM state:not at safepoint (normal execution)

VM Mutex/Monitor currently owned by a thread: None

Heap:
 PSYoungGen      total 46080K, used 35145K [0x00000000eb700000, 0x00000000efa00000, 0x0000000100000000)
  eden space 43520K, 74% used [0x00000000eb700000,0x00000000ed6d2a08,0x00000000ee180000)
  from space 2560K, 99% used [0x00000000ef780000,0x00000000ef9ffcf8,0x00000000efa00000)
  to   space 2560K, 0% used [0x00000000ef500000,0x00000000ef500000,0x00000000ef780000)
 ParOldGen       total 38912K, used 7914K [0x00000000c2400000, 0x00000000c4a00000, 0x00000000eb700000)
  object space 38912K, 20% used [0x00000000c2400000,0x00000000c2bbaac0,0x00000000c4a00000)
 Metaspace       used 26682K, capacity 27320K, committed 27520K, reserved 1073152K
  class space    used 2911K, capacity 3185K, committed 3200K, reserved 1048576K

Card table byte_map: [0x00007fc45c624000,0x00007fc45c813000] byte_map_base: 0x00007fc45c012000

Marking Bits: (ParMarkBitMap*) 0x00007fc472067dc0
 Begin Bits: [0x00007fc456120000, 0x00007fc457090000)
 End Bits:   [0x00007fc457090000, 0x00007fc458000000)

Polling page: 0x00007fc472cb8000

CodeCache: size=245760Kb used=8685Kb max_used=8686Kb free=237074Kb
 bounds [0x00007fc45cbd3000, 0x00007fc45d463000, 0x00007fc46bbd3000]
 total_blobs=3515 nmethods=2455 adapters=974
 compilation: enabled

Compilation events (10 events):
Event: 11,470 Thread 0x00007fc46c0ba800 2462       3       jogamp.opengl.gl4.GL4bcImpl::glRotated (51 bytes)
Event: 11,472 Thread 0x00007fc46c0ba800 nmethod 2462 0x00007fc45d44ebd0 code [0x00007fc45d44ee20, 0x00007fc45d44fb68]
Event: 11,554 Thread 0x00007fc46c0b7800 2464       4       java.lang.String::getChars (62 bytes)
Event: 11,556 Thread 0x00007fc46c0b7800 nmethod 2464 0x00007fc45d44a910 code [0x00007fc45d44aa60, 0x00007fc45d44abd8]
Event: 11,790 Thread 0x00007fc46c0b7800 2465       4       jogamp.opengl.gl4.GL4bcImpl::glMaterialfv (108 bytes)
Event: 11,792 Thread 0x00007fc46c0b7800 nmethod 2465 0x00007fc45d453350 code [0x00007fc45d4534a0, 0x00007fc45d4535e8]
Event: 11,872 Thread 0x00007fc46c0ba800 2466       3       java.util.Formatter$Flags::<init> (10 bytes)
Event: 11,872 Thread 0x00007fc46c0ba800 nmethod 2466 0x00007fc45d452f90 code [0x00007fc45d453100, 0x00007fc45d4532b0]
Event: 11,874 Thread 0x00007fc46c0ba800 2467   !   3       java.util.Formatter::format (271 bytes)
Event: 11,877 Thread 0x00007fc46c0ba800 nmethod 2467 0x00007fc45d450f50 code [0x00007fc45d451200, 0x00007fc45d4522e8]

GC Heap History (10 events):
Event: 1,327 GC heap before
{Heap before GC invocations=1 (full 0):
 PSYoungGen      total 18432K, used 15872K [0x00000000eb700000, 0x00000000ecb80000, 0x0000000100000000)
  eden space 15872K, 100% used [0x00000000eb700000,0x00000000ec680000,0x00000000ec680000)
  from space 2560K, 0% used [0x00000000ec900000,0x00000000ec900000,0x00000000ecb80000)
  to   space 2560K, 0% used [0x00000000ec680000,0x00000000ec680000,0x00000000ec900000)
 ParOldGen       total 42496K, used 0K [0x00000000c2400000, 0x00000000c4d80000, 0x00000000eb700000)
  object space 42496K, 0% used [0x00000000c2400000,0x00000000c2400000,0x00000000c4d80000)
 Metaspace       used 8345K, capacity 8730K, committed 8832K, reserved 1056768K
  class space    used 908K, capacity 1097K, committed 1152K, reserved 1048576K
Event: 1,342 GC heap after
Heap after GC invocations=1 (full 0):
 PSYoungGen      total 18432K, used 2550K [0x00000000eb700000, 0x00000000edb00000, 0x0000000100000000)
  eden space 15872K, 0% used [0x00000000eb700000,0x00000000eb700000,0x00000000ec680000)
  from space 2560K, 99% used [0x00000000ec680000,0x00000000ec8fda40,0x00000000ec900000)
  to   space 2560K, 0% used [0x00000000ed880000,0x00000000ed880000,0x00000000edb00000)
 ParOldGen       total 42496K, used 1238K [0x00000000c2400000, 0x00000000c4d80000, 0x00000000eb700000)
  object space 42496K, 2% used [0x00000000c2400000,0x00000000c25358e0,0x00000000c4d80000)
 Metaspace       used 8345K, capacity 8730K, committed 8832K, reserved 1056768K
  class space    used 908K, capacity 1097K, committed 1152K, reserved 1048576K
}
Event: 2,083 GC heap before
{Heap before GC invocations=2 (full 0):
 PSYoungGen      total 18432K, used 18422K [0x00000000eb700000, 0x00000000edb00000, 0x0000000100000000)
  eden space 15872K, 100% used [0x00000000eb700000,0x00000000ec680000,0x00000000ec680000)
  from space 2560K, 99% used [0x00000000ec680000,0x00000000ec8fda40,0x00000000ec900000)
  to   space 2560K, 0% used [0x00000000ed880000,0x00000000ed880000,0x00000000edb00000)
 ParOldGen       total 42496K, used 1238K [0x00000000c2400000, 0x00000000c4d80000, 0x00000000eb700000)
  object space 42496K, 2% used [0x00000000c2400000,0x00000000c25358e0,0x00000000c4d80000)
 Metaspace       used 13125K, capacity 13688K, committed 13824K, reserved 1060864K
  class space    used 1495K, capacity 1757K, committed 1792K, reserved 1048576K
Event: 2,113 GC heap after
Heap after GC invocations=2 (full 0):
 PSYoungGen      total 34304K, used 2544K [0x00000000eb700000, 0x00000000edb00000, 0x0000000100000000)
  eden space 31744K, 0% used [0x00000000eb700000,0x00000000eb700000,0x00000000ed600000)
  from space 2560K, 99% used [0x00000000ed880000,0x00000000edafc030,0x00000000edb00000)
  to   space 2560K, 0% used [0x00000000ed600000,0x00000000ed600000,0x00000000ed880000)
 ParOldGen       total 42496K, used 3693K [0x00000000c2400000, 0x00000000c4d80000, 0x00000000eb700000)
  object space 42496K, 8% used [0x00000000c2400000,0x00000000c279b510,0x00000000c4d80000)
 Metaspace       used 13125K, capacity 13688K, committed 13824K, reserved 1060864K
  class space    used 1495K, capacity 1757K, committed 1792K, reserved 1048576K
}
Event: 3,453 GC heap before
{Heap before GC invocations=3 (full 0):
 PSYoungGen      total 34304K, used 26784K [0x00000000eb700000, 0x00000000edb00000, 0x0000000100000000)
  eden space 31744K, 76% used [0x00000000eb700000,0x00000000eceac3a8,0x00000000ed600000)
  from space 2560K, 99% used [0x00000000ed880000,0x00000000edafc030,0x00000000edb00000)
  to   space 2560K, 0% used [0x00000000ed600000,0x00000000ed600000,0x00000000ed880000)
 ParOldGen       total 42496K, used 3693K [0x00000000c2400000, 0x00000000c4d80000, 0x00000000eb700000)
  object space 42496K, 8% used [0x00000000c2400000,0x00000000c279b510,0x00000000c4d80000)
 Metaspace       used 20534K, capacity 21100K, committed 21296K, reserved 1069056K
  class space    used 2175K, capacity 2430K, committed 2432K, reserved 1048576K
Event: 3,471 GC heap after
Heap after GC invocations=3 (full 0):
 PSYoungGen      total 34304K, used 2544K [0x00000000eb700000, 0x00000000efa00000, 0x0000000100000000)
  eden space 31744K, 0% used [0x00000000eb700000,0x00000000eb700000,0x00000000ed600000)
  from space 2560K, 99% used [0x00000000ed600000,0x00000000ed87c010,0x00000000ed880000)
  to   space 2560K, 0% used [0x00000000ef780000,0x00000000ef780000,0x00000000efa00000)
 ParOldGen       total 42496K, used 8882K [0x00000000c2400000, 0x00000000c4d80000, 0x00000000eb700000)
  object space 42496K, 20% used [0x00000000c2400000,0x00000000c2cac880,0x00000000c4d80000)
 Metaspace       used 20534K, capacity 21100K, committed 21296K, reserved 1069056K
  class space    used 2175K, capacity 2430K, committed 2432K, reserved 1048576K
}
Event: 3,471 GC heap before
{Heap before GC invocations=4 (full 1):
 PSYoungGen      total 34304K, used 2544K [0x00000000eb700000, 0x00000000efa00000, 0x0000000100000000)
  eden space 31744K, 0% used [0x00000000eb700000,0x00000000eb700000,0x00000000ed600000)
  from space 2560K, 99% used [0x00000000ed600000,0x00000000ed87c010,0x00000000ed880000)
  to   space 2560K, 0% used [0x00000000ef780000,0x00000000ef780000,0x00000000efa00000)
 ParOldGen       total 42496K, used 8882K [0x00000000c2400000, 0x00000000c4d80000, 0x00000000eb700000)
  object space 42496K, 20% used [0x00000000c2400000,0x00000000c2cac880,0x00000000c4d80000)
 Metaspace       used 20534K, capacity 21100K, committed 21296K, reserved 1069056K
  class space    used 2175K, capacity 2430K, committed 2432K, reserved 1048576K
Event: 3,576 GC heap after
Heap after GC invocations=4 (full 1):
 PSYoungGen      total 34304K, used 0K [0x00000000eb700000, 0x00000000efa00000, 0x0000000100000000)
  eden space 31744K, 0% used [0x00000000eb700000,0x00000000eb700000,0x00000000ed600000)
  from space 2560K, 0% used [0x00000000ed600000,0x00000000ed600000,0x00000000ed880000)
  to   space 2560K, 0% used [0x00000000ef780000,0x00000000ef780000,0x00000000efa00000)
 ParOldGen       total 38912K, used 7493K [0x00000000c2400000, 0x00000000c4a00000, 0x00000000eb700000)
  object space 38912K, 19% used [0x00000000c2400000,0x00000000c2b514a0,0x00000000c4a00000)
 Metaspace       used 20525K, capacity 21090K, committed 21296K, reserved 1069056K
  class space    used 2174K, capacity 2428K, committed 2432K, reserved 1048576K
}
Event: 5,459 GC heap before
{Heap before GC invocations=5 (full 1):
 PSYoungGen      total 34304K, used 31744K [0x00000000eb700000, 0x00000000efa00000, 0x0000000100000000)
  eden space 31744K, 100% used [0x00000000eb700000,0x00000000ed600000,0x00000000ed600000)
  from space 2560K, 0% used [0x00000000ed600000,0x00000000ed600000,0x00000000ed880000)
  to   space 2560K, 0% used [0x00000000ef780000,0x00000000ef780000,0x00000000efa00000)
 ParOldGen       total 38912K, used 7493K [0x00000000c2400000, 0x00000000c4a00000, 0x00000000eb700000)
  object space 38912K, 19% used [0x00000000c2400000,0x00000000c2b514a0,0x00000000c4a00000)
 Metaspace       used 23799K, capacity 24394K, committed 24576K, reserved 1071104K
  class space    used 2506K, capacity 2782K, committed 2816K, reserved 1048576K
Event: 5,466 GC heap after
Heap after GC invocations=5 (full 1):
 PSYoungGen      total 46080K, used 2559K [0x00000000eb700000, 0x00000000efa00000, 0x0000000100000000)
  eden space 43520K, 0% used [0x00000000eb700000,0x00000000eb700000,0x00000000ee180000)
  from space 2560K, 99% used [0x00000000ef780000,0x00000000ef9ffcf8,0x00000000efa00000)
  to   space 2560K, 0% used [0x00000000ef500000,0x00000000ef500000,0x00000000ef780000)
 ParOldGen       total 38912K, used 7914K [0x00000000c2400000, 0x00000000c4a00000, 0x00000000eb700000)
  object space 38912K, 20% used [0x00000000c2400000,0x00000000c2bbaac0,0x00000000c4a00000)
 Metaspace       used 23799K, capacity 24394K, committed 24576K, reserved 1071104K
  class space    used 2506K, capacity 2782K, committed 2816K, reserved 1048576K
}

Deoptimization events (10 events):
Event: 5,012 Thread 0x00007fc46c8b6800 Uncommon trap: reason=unstable_if action=reinterpret pc=0x00007fc45d1445c0 method=jogamp.opengl.util.jpeg.JPEGDecoder.clampTo8bit(F)B @ 14
Event: 5,440 Thread 0x00007fc46c8b6800 Uncommon trap: reason=unstable_if action=reinterpret pc=0x00007fc45d064838 method=java.lang.reflect.Field.setFieldAccessor(Lsun/reflect/FieldAccessor;Z)V @ 1
Event: 5,582 Thread 0x00007fc46c8b6800 Uncommon trap: reason=unstable_if action=reinterpret pc=0x00007fc45d1e3984 method=java.io.DataInputStream.readUTF(Ljava/io/DataInput;)Ljava/lang/String; @ 112
Event: 5,819 Thread 0x00007fc46c8b6800 Uncommon trap: reason=unstable_if action=reinterpret pc=0x00007fc45d232640 method=org.apache.xmlbeans.impl.values.XmlObjectBase.has_store()Z @ 7
Event: 5,829 Thread 0x00007fc46c8b6800 Uncommon trap: reason=unstable_if action=reinterpret pc=0x00007fc45d239078 method=org.apache.xmlbeans.impl.values.XmlObjectBase.check_dated()V @ 8
Event: 5,873 Thread 0x00007fc46c8b6800 Uncommon trap: reason=unstable_if action=reinterpret pc=0x00007fc45d25d038 method=org.apache.xmlbeans.impl.schema.SchemaTypeImpl.isBuiltinType()Z @ 4
Event: 8,144 Thread 0x00007fc46c8b6800 Uncommon trap: reason=unstable_if action=reinterpret pc=0x00007fc45d379d0c method=sun.misc.FloatingDecimal$BinaryToASCIIBuffer.dtoa(IJIZ)V @ 921
Event: 9,485 Thread 0x00007fc46c8b6800 Uncommon trap: reason=unstable_if action=reinterpret pc=0x00007fc45d3e77e8 method=sun.misc.FloatingDecimal$BinaryToASCIIBuffer.dtoa(IJIZ)V @ 1056
Event: 11,871 Thread 0x00007fc46c8b6800 Uncommon trap: reason=unstable_if action=reinterpret pc=0x00007fc45d3d6090 method=java.util.logging.Logger.log(Ljava/util/logging/Level;Ljava/lang/String;)V @ 5
Event: 11,872 Thread 0x00007fc46c8b6800 Uncommon trap: reason=unstable_if action=reinterpret pc=0x00007fc45d410454 method=java.util.Formatter.parse(Ljava/lang/String;)[Ljava/util/Formatter$FormatString; @ 38

Internal exceptions (10 events):
Event: 1,829 Thread 0x00007fc46c00c000 Exception <a 'java/lang/NoClassDefFoundError': jot/util/ExtensionAIOptions> (0x00000000ec2253f8) thrown at [/HUDSON3/workspace/8-2-build-linux-amd64/jdk8u144/9417/hotspot/src/share/vm/oops/constantPool.cpp, line 235]
Event: 1,829 Thread 0x00007fc46c00c000 Exception <a 'java/lang/NoClassDefFoundError': jot/util/ExtensionAIOptions> (0x00000000ec225660) thrown at [/HUDSON3/workspace/8-2-build-linux-amd64/jdk8u144/9417/hotspot/src/share/vm/oops/constantPool.cpp, line 235]
Event: 1,829 Thread 0x00007fc46c00c000 Exception <a 'java/lang/NoClassDefFoundError': jot/util/ExtensionAIOptions> (0x00000000ec2258c8) thrown at [/HUDSON3/workspace/8-2-build-linux-amd64/jdk8u144/9417/hotspot/src/share/vm/oops/constantPool.cpp, line 235]
Event: 1,829 Thread 0x00007fc46c00c000 Exception <a 'java/lang/NoClassDefFoundError': jot/util/ExtensionAIOptions> (0x00000000ec225b30) thrown at [/HUDSON3/workspace/8-2-build-linux-amd64/jdk8u144/9417/hotspot/src/share/vm/oops/constantPool.cpp, line 235]
Event: 1,829 Thread 0x00007fc46c00c000 Exception <a 'java/lang/NoClassDefFoundError': jot/util/ExtensionAIOptions> (0x00000000ec225d98) thrown at [/HUDSON3/workspace/8-2-build-linux-amd64/jdk8u144/9417/hotspot/src/share/vm/oops/constantPool.cpp, line 235]
Event: 1,829 Thread 0x00007fc46c00c000 Exception <a 'java/lang/NoClassDefFoundError': jot/util/ExtensionAIOptions> (0x00000000ec226000) thrown at [/HUDSON3/workspace/8-2-build-linux-amd64/jdk8u144/9417/hotspot/src/share/vm/oops/constantPool.cpp, line 235]
Event: 1,829 Thread 0x00007fc46c00c000 Exception <a 'java/lang/NoClassDefFoundError': jot/util/ExtensionAIOptions> (0x00000000ec226268) thrown at [/HUDSON3/workspace/8-2-build-linux-amd64/jdk8u144/9417/hotspot/src/share/vm/oops/constantPool.cpp, line 235]
Event: 1,829 Thread 0x00007fc46c00c000 Exception <a 'java/lang/NoClassDefFoundError': jot/util/ExtensionAIOptions> (0x00000000ec2264d0) thrown at [/HUDSON3/workspace/8-2-build-linux-amd64/jdk8u144/9417/hotspot/src/share/vm/oops/constantPool.cpp, line 235]
Event: 2,079 Thread 0x00007fc46c00c000 Exception <a 'java/io/FileNotFoundException'> (0x00000000ec663e68) thrown at [/HUDSON3/workspace/8-2-build-linux-amd64/jdk8u144/9417/hotspot/src/share/vm/prims/jni.cpp, line 709]
Event: 2,079 Thread 0x00007fc46c00c000 Exception <a 'java/io/FileNotFoundException'> (0x00000000ec664828) thrown at [/HUDSON3/workspace/8-2-build-linux-amd64/jdk8u144/9417/hotspot/src/share/vm/prims/jni.cpp, line 709]

Events (10 events):
Event: 11,873 Thread 0x00007fc43c296800 Thread added: 0x00007fc43c296800
Event: 11,887 Thread 0x00007fc46c8b6800 Thread exited: 0x00007fc46c8b6800
Event: 11,888 loading class java/util/concurrent/ConcurrentHashMap$ValueSpliterator
Event: 11,888 loading class java/util/concurrent/ConcurrentHashMap$ValueSpliterator done
Event: 11,889 loading class com/jogamp/opengl/GL2
Event: 11,889 loading class com/jogamp/opengl/GL2 done
Event: 11,889 loading class com/jogamp/opengl/util/texture/Texture
Event: 11,889 loading class com/jogamp/opengl/util/texture/Texture done
Event: 11,889 loading class com/jogamp/opengl/GL2
Event: 11,889 loading class com/jogamp/opengl/GL2 done


Dynamic libraries:
00400000-00401000 r-xp 00000000 08:05 3148066                            /usr/local/java/jdk1.8.0_144/bin/java
00600000-00601000 rw-p 00000000 08:05 3148066                            /usr/local/java/jdk1.8.0_144/bin/java
00a8a000-00aab000 rw-p 00000000 00:00 0                                  [heap]
408f0000-4098c000 rw-p 00000000 00:00 0 
40c03000-40c9f000 rw-p 00000000 00:00 0 
41501000-41503000 r-xs 00000000 08:05 11272352                           /tmp/.glsEwIi7 (deleted)
c2400000-c4a00000 rw-p 00000000 00:00 0 
c4a00000-eb700000 ---p 00000000 00:00 0 
eb700000-efa00000 rw-p 00000000 00:00 0 
efa00000-100000000 ---p 00000000 00:00 0 
100000000-100320000 rw-p 00000000 00:00 0 
100320000-140000000 ---p 00000000 00:00 0 
7fc4004d5000-7fc4006d5000 rw-s 21718000 00:06 523                        /dev/nvidiactl
7fc4006d5000-7fc400ad5000 rw-s b6b62000 00:06 523                        /dev/nvidiactl
7fc400ad5000-7fc400c95000 rw-p 00000000 00:00 0 
7fc400c95000-7fc400cd5000 ---p 00000000 00:00 0 
7fc400cd5000-7fc400ed5000 rw-p 00000000 00:00 0 
7fc400ed5000-7fc4010be000 rw-p 00000000 00:00 0 
7fc4010be000-7fc4014be000 rw-s 117cc2000 00:06 523                       /dev/nvidiactl
7fc4014be000-7fc4016ff000 rw-p 00000000 00:00 0 
7fc4016ff000-7fc4018ff000 rw-s 11b788000 00:06 523                       /dev/nvidiactl
7fc4019af000-7fc4019b2000 ---p 00000000 00:00 0 
7fc4019b2000-7fc401ab0000 rw-p 00000000 00:00 0 
7fc401ab0000-7fc401b19000 r-xp 00000000 08:05 3277887                    /usr/local/java/jdk1.8.0_144/jre/lib/amd64/libt2k.so
7fc401b19000-7fc401d19000 ---p 00069000 08:05 3277887                    /usr/local/java/jdk1.8.0_144/jre/lib/amd64/libt2k.so
7fc401d19000-7fc401d20000 rw-p 00069000 08:05 3277887                    /usr/local/java/jdk1.8.0_144/jre/lib/amd64/libt2k.so
7fc401d20000-7fc401d30000 rw-p 00000000 00:00 0 
7fc401e30000-7fc402030000 rw-p 00000000 00:00 0 
7fc402030000-7fc406031000 rw-s 00000000 00:13 6                          /dev/shm/pulse-shm-340349428
7fc406031000-7fc40a032000 rw-s 00000000 00:13 9                          /dev/shm/pulse-shm-2512803500
7fc40a032000-7fc40a033000 ---p 00000000 00:00 0 
7fc40a033000-7fc40a833000 rw-p 00000000 00:00 0 
7fc40a833000-7fc40a85d000 r-xp 00000000 08:05 11414085                   /usr/lib/x86_64-linux-gnu/libvorbis.so.0.4.8
7fc40a85d000-7fc40aa5d000 ---p 0002a000 08:05 11414085                   /usr/lib/x86_64-linux-gnu/libvorbis.so.0.4.8
7fc40aa5d000-7fc40aa5e000 r--p 0002a000 08:05 11414085                   /usr/lib/x86_64-linux-gnu/libvorbis.so.0.4.8
7fc40aa5e000-7fc40aa5f000 rw-p 0002b000 08:05 11414085                   /usr/lib/x86_64-linux-gnu/libvorbis.so.0.4.8
7fc40aa5f000-7fc40aa66000 r-xp 00000000 08:05 11413751                   /usr/lib/x86_64-linux-gnu/libogg.so.0.8.2
7fc40aa66000-7fc40ac66000 ---p 00007000 08:05 11413751                   /usr/lib/x86_64-linux-gnu/libogg.so.0.8.2
7fc40ac66000-7fc40ac67000 r--p 00007000 08:05 11413751                   /usr/lib/x86_64-linux-gnu/libogg.so.0.8.2
7fc40ac67000-7fc40ac68000 rw-p 00008000 08:05 11413751                   /usr/lib/x86_64-linux-gnu/libogg.so.0.8.2
7fc40ac68000-7fc40acd6000 r-xp 00000000 08:05 1839749                    /lib/x86_64-linux-gnu/libpcre.so.3.13.2
7fc40acd6000-7fc40aed6000 ---p 0006e000 08:05 1839749                    /lib/x86_64-linux-gnu/libpcre.so.3.13.2
7fc40aed6000-7fc40aed7000 r--p 0006e000 08:05 1839749                    /lib/x86_64-linux-gnu/libpcre.so.3.13.2
7fc40aed7000-7fc40aed8000 rw-p 0006f000 08:05 1839749                    /lib/x86_64-linux-gnu/libpcre.so.3.13.2
7fc40aed8000-7fc40aeef000 r-xp 00000000 08:05 1836653                    /lib/x86_64-linux-gnu/libresolv-2.23.so
7fc40aeef000-7fc40b0ef000 ---p 00017000 08:05 1836653                    /lib/x86_64-linux-gnu/libresolv-2.23.so
7fc40b0ef000-7fc40b0f0000 r--p 00017000 08:05 1836653                    /lib/x86_64-linux-gnu/libresolv-2.23.so
7fc40b0f0000-7fc40b0f1000 rw-p 00018000 08:05 1836653                    /lib/x86_64-linux-gnu/libresolv-2.23.so
7fc40b0f1000-7fc40b0f3000 rw-p 00000000 00:00 0 
7fc40b0f3000-7fc40b180000 r-xp 00000000 08:05 11414087                   /usr/lib/x86_64-linux-gnu/libvorbisenc.so.2.0.11
7fc40b180000-7fc40b37f000 ---p 0008d000 08:05 11414087                   /usr/lib/x86_64-linux-gnu/libvorbisenc.so.2.0.11
7fc40b37f000-7fc40b39b000 r--p 0008c000 08:05 11414087                   /usr/lib/x86_64-linux-gnu/libvorbisenc.so.2.0.11
7fc40b39b000-7fc40b39c000 rw-p 000a8000 08:05 11414087                   /usr/lib/x86_64-linux-gnu/libvorbisenc.so.2.0.11
7fc40b39c000-7fc40b40f000 r-xp 00000000 08:05 11412614                   /usr/lib/x86_64-linux-gnu/libFLAC.so.8.3.0
7fc40b40f000-7fc40b60f000 ---p 00073000 08:05 11412614                   /usr/lib/x86_64-linux-gnu/libFLAC.so.8.3.0
7fc40b60f000-7fc40b610000 r--p 00073000 08:05 11412614                   /usr/lib/x86_64-linux-gnu/libFLAC.so.8.3.0
7fc40b610000-7fc40b611000 rw-p 00074000 08:05 11412614                   /usr/lib/x86_64-linux-gnu/libFLAC.so.8.3.0
7fc40b611000-7fc40b632000 r-xp 00000000 08:05 1839687                    /lib/x86_64-linux-gnu/liblzma.so.5.0.0
7fc40b632000-7fc40b831000 ---p 00021000 08:05 1839687                    /lib/x86_64-linux-gnu/liblzma.so.5.0.0
7fc40b831000-7fc40b832000 r--p 00020000 08:05 1839687                    /lib/x86_64-linux-gnu/liblzma.so.5.0.0
7fc40b832000-7fc40b833000 rw-p 00021000 08:05 1839687                    /lib/x86_64-linux-gnu/liblzma.so.5.0.0
7fc40b833000-7fc40b852000 r-xp 00000000 08:05 1839778                    /lib/x86_64-linux-gnu/libselinux.so.1
7fc40b852000-7fc40ba51000 ---p 0001f000 08:05 1839778                    /lib/x86_64-linux-gnu/libselinux.so.1
7fc40ba51000-7fc40ba52000 r--p 0001e000 08:05 1839778                    /lib/x86_64-linux-gnu/libselinux.so.1
7fc40ba52000-7fc40ba53000 rw-p 0001f000 08:05 1839778                    /lib/x86_64-linux-gnu/libselinux.so.1
7fc40ba53000-7fc40ba55000 rw-p 00000000 00:00 0 
7fc40ba55000-7fc40ba5a000 r-xp 00000000 08:05 11412867                   /usr/lib/x86_64-linux-gnu/libasyncns.so.0.3.1
7fc40ba5a000-7fc40bc59000 ---p 00005000 08:05 11412867                   /usr/lib/x86_64-linux-gnu/libasyncns.so.0.3.1
7fc40bc59000-7fc40bc5a000 r--p 00004000 08:05 11412867                   /usr/lib/x86_64-linux-gnu/libasyncns.so.0.3.1
7fc40bc5a000-7fc40bc5b000 rw-p 00005000 08:05 11412867                   /usr/lib/x86_64-linux-gnu/libasyncns.so.0.3.1
7fc40bc5b000-7fc40bcbd000 r-xp 00000000 08:05 11409293                   /usr/lib/x86_64-linux-gnu/libsndfile.so.1.0.25
7fc40bcbd000-7fc40bebd000 ---p 00062000 08:05 11409293                   /usr/lib/x86_64-linux-gnu/libsndfile.so.1.0.25
7fc40bebd000-7fc40bebf000 r--p 00062000 08:05 11409293                   /usr/lib/x86_64-linux-gnu/libsndfile.so.1.0.25
7fc40bebf000-7fc40bec0000 rw-p 00064000 08:05 11409293                   /usr/lib/x86_64-linux-gnu/libsndfile.so.1.0.25
7fc40bec0000-7fc40bec4000 rw-p 00000000 00:00 0 
7fc40bec4000-7fc40becc000 r-xp 00000000 08:05 1839806                    /lib/x86_64-linux-gnu/libwrap.so.0.7.6
7fc40becc000-7fc40c0cb000 ---p 00008000 08:05 1839806                    /lib/x86_64-linux-gnu/libwrap.so.0.7.6
7fc40c0cb000-7fc40c0cc000 r--p 00007000 08:05 1839806                    /lib/x86_64-linux-gnu/libwrap.so.0.7.6
7fc40c0cc000-7fc40c0cd000 rw-p 00008000 08:05 1839806                    /lib/x86_64-linux-gnu/libwrap.so.0.7.6
7fc40c0cd000-7fc40c0ce000 rw-p 00000000 00:00 0 
7fc40c0ce000-7fc40c14e000 r-xp 00000000 08:05 1840664                    /lib/x86_64-linux-gnu/libsystemd.so.0.14.0
7fc40c14e000-7fc40c151000 r--p 0007f000 08:05 1840664                    /lib/x86_64-linux-gnu/libsystemd.so.0.14.0
7fc40c151000-7fc40c152000 rw-p 00082000 08:05 1840664                    /lib/x86_64-linux-gnu/libsystemd.so.0.14.0
7fc40c152000-7fc40c153000 rw-p 00000000 00:00 0 
7fc40c153000-7fc40c19d000 r-xp 00000000 08:05 1836611                    /lib/x86_64-linux-gnu/libdbus-1.so.3.14.6
7fc40c19d000-7fc40c39d000 ---p 0004a000 08:05 1836611                    /lib/x86_64-linux-gnu/libdbus-1.so.3.14.6
7fc40c39d000-7fc40c39e000 r--p 0004a000 08:05 1836611                    /lib/x86_64-linux-gnu/libdbus-1.so.3.14.6
7fc40c39e000-7fc40c39f000 rw-p 0004b000 08:05 1836611                    /lib/x86_64-linux-gnu/libdbus-1.so.3.14.6
7fc40c39f000-7fc40c419000 r-xp 00000000 08:05 11798505                   /usr/lib/x86_64-linux-gnu/pulseaudio/libpulsecommon-8.0.so
7fc40c419000-7fc40c618000 ---p 0007a000 08:05 11798505                   /usr/lib/x86_64-linux-gnu/pulseaudio/libpulsecommon-8.0.so
7fc40c618000-7fc40c619000 r--p 00079000 08:05 11798505                   /usr/lib/x86_64-linux-gnu/pulseaudio/libpulsecommon-8.0.so
7fc40c619000-7fc40c61a000 rw-p 0007a000 08:05 11798505                   /usr/lib/x86_64-linux-gnu/pulseaudio/libpulsecommon-8.0.so
7fc40c61a000-7fc40c624000 r-xp 00000000 08:05 1839679                    /lib/x86_64-linux-gnu/libjson-c.so.2.0.0
7fc40c624000-7fc40c823000 ---p 0000a000 08:05 1839679                    /lib/x86_64-linux-gnu/libjson-c.so.2.0.0
7fc40c823000-7fc40c824000 r--p 00009000 08:05 1839679                    /lib/x86_64-linux-gnu/libjson-c.so.2.0.0
7fc40c824000-7fc40c825000 rw-p 0000a000 08:05 1839679                    /lib/x86_64-linux-gnu/libjson-c.so.2.0.0
7fc40c825000-7fc40c873000 r-xp 00000000 08:05 11405634                   /usr/lib/x86_64-linux-gnu/libpulse.so.0.19.0
7fc40c873000-7fc40ca73000 ---p 0004e000 08:05 11405634                   /usr/lib/x86_64-linux-gnu/libpulse.so.0.19.0
7fc40ca73000-7fc40ca74000 r--p 0004e000 08:05 11405634                   /usr/lib/x86_64-linux-gnu/libpulse.so.0.19.0
7fc40ca74000-7fc40ca75000 rw-p 0004f000 08:05 11405634                   /usr/lib/x86_64-linux-gnu/libpulse.so.0.19.0
7fc40ca75000-7fc40ca83000 r-xp 00000000 08:05 11272353                   /tmp/jogamp_0000/file_cache/jln7415739497921020108/jln3853750381021573659/natives/linux-amd64/libjoal.so
7fc40ca83000-7fc40cc82000 ---p 0000e000 08:05 11272353                   /tmp/jogamp_0000/file_cache/jln7415739497921020108/jln3853750381021573659/natives/linux-amd64/libjoal.so
7fc40cc82000-7fc40cc83000 rw-p 0000d000 08:05 11272353                   /tmp/jogamp_0000/file_cache/jln7415739497921020108/jln3853750381021573659/natives/linux-amd64/libjoal.so
7fc40cc83000-7fc40ccec000 r-xp 00000000 08:05 11414836                   /usr/lib/x86_64-linux-gnu/libopenal.so.1.16.0
7fc40ccec000-7fc40ceeb000 ---p 00069000 08:05 11414836                   /usr/lib/x86_64-linux-gnu/libopenal.so.1.16.0
7fc40ceeb000-7fc40ceef000 r--p 00068000 08:05 11414836                   /usr/lib/x86_64-linux-gnu/libopenal.so.1.16.0
7fc40ceef000-7fc40cef0000 rw-p 0006c000 08:05 11414836                   /usr/lib/x86_64-linux-gnu/libopenal.so.1.16.0
7fc40cef0000-7fc40cef3000 rw-p 00000000 00:00 0 
7fc40cf41000-7fc40d041000 rw-s baac3000 00:06 523                        /dev/nvidiactl
7fc40d041000-7fc40d044000 ---p 00000000 00:00 0 
7fc40d044000-7fc40d142000 rw-p 00000000 00:00 0 
7fc40d142000-7fc40d14c000 r-xp 00000000 08:05 11412801                   /usr/lib/x86_64-linux-gnu/libXrandr.so.2.2.0
7fc40d14c000-7fc40d34b000 ---p 0000a000 08:05 11412801                   /usr/lib/x86_64-linux-gnu/libXrandr.so.2.2.0
7fc40d34b000-7fc40d34c000 r--p 00009000 08:05 11412801                   /usr/lib/x86_64-linux-gnu/libXrandr.so.2.2.0
7fc40d34c000-7fc40d34d000 rw-p 0000a000 08:05 11412801                   /usr/lib/x86_64-linux-gnu/libXrandr.so.2.2.0
7fc40d34d000-7fc40d35e000 r-xp 00000000 08:05 11272340                   /tmp/jogamp_0000/file_cache/jln7415739497921020108/jln3853750381021573659/natives/linux-amd64/libnewt.so
7fc40d35e000-7fc40d55d000 ---p 00011000 08:05 11272340                   /tmp/jogamp_0000/file_cache/jln7415739497921020108/jln3853750381021573659/natives/linux-amd64/libnewt.so
7fc40d55d000-7fc40d55e000 rw-p 00010000 08:05 11272340                   /tmp/jogamp_0000/file_cache/jln7415739497921020108/jln3853750381021573659/natives/linux-amd64/libnewt.so
7fc40d55e000-7fc40d65e000 rw-s 139502000 00:06 523                       /dev/nvidiactl
7fc40d65e000-7fc40d712000 rw-s b7417000 00:06 523                        /dev/nvidiactl
7fc40d712000-7fc40d714000 r-xp 00000000 08:05 11412793                   /usr/lib/x86_64-linux-gnu/libXinerama.so.1.0.0
7fc40d714000-7fc40d913000 ---p 00002000 08:05 11412793                   /usr/lib/x86_64-linux-gnu/libXinerama.so.1.0.0
7fc40d913000-7fc40d914000 r--p 00001000 08:05 11412793                   /usr/lib/x86_64-linux-gnu/libXinerama.so.1.0.0
7fc40d914000-7fc40d915000 rw-p 00002000 08:05 11412793                   /usr/lib/x86_64-linux-gnu/libXinerama.so.1.0.0
7fc40d915000-7fc40d94c000 r-xp 00000000 08:05 11414039                   /usr/lib/x86_64-linux-gnu/libtxc_dxtn_s2tc.so.0.0.0
7fc40d94c000-7fc40db4b000 ---p 00037000 08:05 11414039                   /usr/lib/x86_64-linux-gnu/libtxc_dxtn_s2tc.so.0.0.0
7fc40db4b000-7fc40db4c000 r--p 00036000 08:05 11414039                   /usr/lib/x86_64-linux-gnu/libtxc_dxtn_s2tc.so.0.0.0
7fc40db4c000-7fc40db4d000 rw-p 00037000 08:05 11414039                   /usr/lib/x86_64-linux-gnu/libtxc_dxtn_s2tc.so.0.0.0
7fc40db4d000-7fc40db4e000 ---p 00000000 00:00 0 
7fc40db4e000-7fc40e34e000 rw-p 00000000 00:00 0 
7fc40e34e000-7fc40e34f000 ---p 00000000 00:00 0 
7fc40e34f000-7fc40eb4f000 rw-p 00000000 00:00 0 
7fc40eb4f000-7fc40eb62000 r-xp 00000000 08:05 1839616                    /lib/x86_64-linux-gnu/libbsd.so.0.8.2
7fc40eb62000-7fc40ed61000 ---p 00013000 08:05 1839616                    /lib/x86_64-linux-gnu/libbsd.so.0.8.2
7fc40ed61000-7fc40ed62000 r--p 00012000 08:05 1839616                    /lib/x86_64-linux-gnu/libbsd.so.0.8.2
7fc40ed62000-7fc40ed63000 rw-p 00013000 08:05 1839616                    /lib/x86_64-linux-gnu/libbsd.so.0.8.2
7fc40ed63000-7fc40ed64000 rw-p 00000000 00:00 0 
7fc40ed64000-7fc40ed89000 r-xp 00000000 08:05 1839792                    /lib/x86_64-linux-gnu/libtinfo.so.5.9
7fc40ed89000-7fc40ef88000 ---p 00025000 08:05 1839792                    /lib/x86_64-linux-gnu/libtinfo.so.5.9
7fc40ef88000-7fc40ef8c000 r--p 00024000 08:05 1839792                    /lib/x86_64-linux-gnu/libtinfo.so.5.9
7fc40ef8c000-7fc40ef8d000 rw-p 00028000 08:05 1839792                    /lib/x86_64-linux-gnu/libtinfo.so.5.9
7fc40ef8d000-7fc40efbe000 r-xp 00000000 08:05 11413116                   /usr/lib/x86_64-linux-gnu/libedit.so.2.0.53
7fc40efbe000-7fc40f1be000 ---p 00031000 08:05 11413116                   /usr/lib/x86_64-linux-gnu/libedit.so.2.0.53
7fc40f1be000-7fc40f1c0000 r--p 00031000 08:05 11413116                   /usr/lib/x86_64-linux-gnu/libedit.so.2.0.53
7fc40f1c0000-7fc40f1c1000 rw-p 00033000 08:05 11413116                   /usr/lib/x86_64-linux-gnu/libedit.so.2.0.53
7fc40f1c1000-7fc40f1c5000 rw-p 00000000 00:00 0 
7fc40f1c5000-7fc40f1de000 r-xp 00000000 08:05 1836596                    /lib/x86_64-linux-gnu/libz.so.1.2.8
7fc40f1de000-7fc40f3dd000 ---p 00019000 08:05 1836596                    /lib/x86_64-linux-gnu/libz.so.1.2.8
7fc40f3dd000-7fc40f3de000 r--p 00018000 08:05 1836596                    /lib/x86_64-linux-gnu/libz.so.1.2.8
7fc40f3de000-7fc40f3df000 rw-p 00019000 08:05 1836596                    /lib/x86_64-linux-gnu/libz.so.1.2.8
7fc40f3df000-7fc40f3f1000 r-xp 00000000 08:05 1839664                    /lib/x86_64-linux-gnu/libgpg-error.so.0.17.0
7fc40f3f1000-7fc40f5f1000 ---p 00012000 08:05 1839664                    /lib/x86_64-linux-gnu/libgpg-error.so.0.17.0
7fc40f5f1000-7fc40f5f2000 r--p 00012000 08:05 1839664                    /lib/x86_64-linux-gnu/libgpg-error.so.0.17.0
7fc40f5f2000-7fc40f5f3000 rw-p 00013000 08:05 1839664                    /lib/x86_64-linux-gnu/libgpg-error.so.0.17.0
7fc40f5f3000-7fc40f76d000 r-xp 00000000 08:05 11413561                   /usr/lib/x86_64-linux-gnu/libstdc++.so.6.0.23
7fc40f76d000-7fc40f96d000 ---p 0017a000 08:05 11413561                   /usr/lib/x86_64-linux-gnu/libstdc++.so.6.0.23
7fc40f96d000-7fc40f977000 r--p 0017a000 08:05 11413561                   /usr/lib/x86_64-linux-gnu/libstdc++.so.6.0.23
7fc40f977000-7fc40f979000 rw-p 00184000 08:05 11413561                   /usr/lib/x86_64-linux-gnu/libstdc++.so.6.0.23
7fc40f979000-7fc40f97d000 rw-p 00000000 00:00 0 
7fc40f97d000-7fc411e6f000 r-xp 00000000 08:05 11412646                   /usr/lib/x86_64-linux-gnu/libLLVM-3.8.so.1
7fc411e6f000-7fc41206f000 ---p 024f2000 08:05 11412646                   /usr/lib/x86_64-linux-gnu/libLLVM-3.8.so.1
7fc41206f000-7fc412324000 r--p 024f2000 08:05 11412646                   /usr/lib/x86_64-linux-gnu/libLLVM-3.8.so.1
7fc412324000-7fc412326000 rw-p 027a7000 08:05 11412646                   /usr/lib/x86_64-linux-gnu/libLLVM-3.8.so.1
7fc412326000-7fc412350000 rw-p 00000000 00:00 0 
7fc412350000-7fc412367000 r-xp 00000000 08:05 11413121                   /usr/lib/x86_64-linux-gnu/libelf-0.165.so
7fc412367000-7fc412566000 ---p 00017000 08:05 11413121                   /usr/lib/x86_64-linux-gnu/libelf-0.165.so
7fc412566000-7fc412567000 r--p 00016000 08:05 11413121                   /usr/lib/x86_64-linux-gnu/libelf-0.165.so
7fc412567000-7fc412568000 rw-p 00017000 08:05 11413121                   /usr/lib/x86_64-linux-gnu/libelf-0.165.so
7fc412568000-7fc412571000 r-xp 00000000 08:05 11408914                   /usr/lib/x86_64-linux-gnu/libdrm_amdgpu.so.1.0.0
7fc412571000-7fc412770000 ---p 00009000 08:05 11408914                   /usr/lib/x86_64-linux-gnu/libdrm_amdgpu.so.1.0.0
7fc412770000-7fc412771000 r--p 00008000 08:05 11408914                   /usr/lib/x86_64-linux-gnu/libdrm_amdgpu.so.1.0.0
7fc412771000-7fc412772000 rw-p 00009000 08:05 11408914                   /usr/lib/x86_64-linux-gnu/libdrm_amdgpu.so.1.0.0
7fc412772000-7fc41277d000 r-xp 00000000 08:05 11408904                   /usr/lib/x86_64-linux-gnu/libdrm_radeon.so.1.0.1
7fc41277d000-7fc41297c000 ---p 0000b000 08:05 11408904                   /usr/lib/x86_64-linux-gnu/libdrm_radeon.so.1.0.1
7fc41297c000-7fc41297d000 r--p 0000a000 08:05 11408904                   /usr/lib/x86_64-linux-gnu/libdrm_radeon.so.1.0.1
7fc41297d000-7fc41297e000 rw-p 0000b000 08:05 11408904                   /usr/lib/x86_64-linux-gnu/libdrm_radeon.so.1.0.1
7fc41297e000-7fc412985000 r-xp 00000000 08:05 11408908                   /usr/lib/x86_64-linux-gnu/libdrm_nouveau.so.2.0.0
7fc412985000-7fc412b84000 ---p 00007000 08:05 11408908                   /usr/lib/x86_64-linux-gnu/libdrm_nouveau.so.2.0.0
7fc412b84000-7fc412b85000 r--p 00006000 08:05 11408908                   /usr/lib/x86_64-linux-gnu/libdrm_nouveau.so.2.0.0
7fc412b85000-7fc412b86000 rw-p 00007000 08:05 11408908                   /usr/lib/x86_64-linux-gnu/libdrm_nouveau.so.2.0.0
7fc412b86000-7fc412c5e000 r-xp 00000000 08:05 1835377                    /lib/x86_64-linux-gnu/libgcrypt.so.20.0.5
7fc412c5e000-7fc412e5d000 ---p 000d8000 08:05 1835377                    /lib/x86_64-linux-gnu/libgcrypt.so.20.0.5
7fc412e5d000-7fc412e5e000 r--p 000d7000 08:05 1835377                    /lib/x86_64-linux-gnu/libgcrypt.so.20.0.5
7fc412e5e000-7fc412e66000 rw-p 000d8000 08:05 1835377                    /lib/x86_64-linux-gnu/libgcrypt.so.20.0.5
7fc412e66000-7fc412e67000 rw-p 00000000 00:00 0 
7fc412e67000-7fc41375f000 r-xp 00000000 08:05 11798821                   /usr/lib/x86_64-linux-gnu/dri/swrast_dri.so
7fc41375f000-7fc41395f000 ---p 008f8000 08:05 11798821                   /usr/lib/x86_64-linux-gnu/dri/swrast_dri.so
7fc41395f000-7fc413998000 r--p 008f8000 08:05 11798821                   /usr/lib/x86_64-linux-gnu/dri/swrast_dri.so
7fc413998000-7fc4139a4000 rw-p 00931000 08:05 11798821                   /usr/lib/x86_64-linux-gnu/dri/swrast_dri.so
7fc4139a4000-7fc413b9b000 rw-p 00000000 00:00 0 
7fc413b9b000-7fc413bf7000 r-xp 00000000 08:05 11272331                   /tmp/jogamp_0000/file_cache/jln7415739497921020108/jln3853750381021573659/natives/linux-amd64/libjogl_mobile.so
7fc413bf7000-7fc413df7000 ---p 0005c000 08:05 11272331                   /tmp/jogamp_0000/file_cache/jln7415739497921020108/jln3853750381021573659/natives/linux-amd64/libjogl_mobile.so
7fc413df7000-7fc413df8000 rw-p 0005c000 08:05 11272331                   /tmp/jogamp_0000/file_cache/jln7415739497921020108/jln3853750381021573659/natives/linux-amd64/libjogl_mobile.so
7fc413df8000-7fc413dff000 r-xp 00000000 08:05 11413159                   /usr/lib/x86_64-linux-gnu/libffi.so.6.0.4
7fc413dff000-7fc413ffe000 ---p 00007000 08:05 11413159                   /usr/lib/x86_64-linux-gnu/libffi.so.6.0.4
7fc413ffe000-7fc413fff000 r--p 00006000 08:05 11413159                   /usr/lib/x86_64-linux-gnu/libffi.so.6.0.4
7fc413fff000-7fc414000000 rw-p 00007000 08:05 11413159                   /usr/lib/x86_64-linux-gnu/libffi.so.6.0.4
7fc414000000-7fc414409000 rw-p 00000000 00:00 0 
7fc414409000-7fc418000000 ---p 00000000 00:00 0 
7fc41802d000-7fc41806d000 rw-s b90a4000 00:06 523                        /dev/nvidiactl
7fc41806d000-7fc418070000 ---p 00000000 00:00 0 
7fc418070000-7fc41816e000 rw-p 00000000 00:00 0 
7fc41816e000-7fc41817e000 r-xp 00000000 08:05 11408932                   /usr/lib/x86_64-linux-gnu/libdrm.so.2.4.0
7fc41817e000-7fc41837d000 ---p 00010000 08:05 11408932                   /usr/lib/x86_64-linux-gnu/libdrm.so.2.4.0
7fc41837d000-7fc41837e000 r--p 0000f000 08:05 11408932                   /usr/lib/x86_64-linux-gnu/libdrm.so.2.4.0
7fc41837e000-7fc41837f000 rw-p 00010000 08:05 11408932                   /usr/lib/x86_64-linux-gnu/libdrm.so.2.4.0
7fc41837f000-7fc4183a5000 r-xp 00000000 08:05 1839960                    /lib/x86_64-linux-gnu/libexpat.so.1.6.0
7fc4183a5000-7fc4185a5000 ---p 00026000 08:05 1839960                    /lib/x86_64-linux-gnu/libexpat.so.1.6.0
7fc4185a5000-7fc4185a7000 r--p 00026000 08:05 1839960                    /lib/x86_64-linux-gnu/libexpat.so.1.6.0
7fc4185a7000-7fc4185a8000 rw-p 00028000 08:05 1839960                    /lib/x86_64-linux-gnu/libexpat.so.1.6.0
7fc4185a8000-7fc4185b5000 r-xp 00000000 08:05 11407388                   /usr/lib/x86_64-linux-gnu/libgbm.so.1.0.0
7fc4185b5000-7fc4187b4000 ---p 0000d000 08:05 11407388                   /usr/lib/x86_64-linux-gnu/libgbm.so.1.0.0
7fc4187b4000-7fc4187b5000 r--p 0000c000 08:05 11407388                   /usr/lib/x86_64-linux-gnu/libgbm.so.1.0.0
7fc4187b5000-7fc4187b6000 rw-p 0000d000 08:05 11407388                   /usr/lib/x86_64-linux-gnu/libgbm.so.1.0.0
7fc4187b6000-7fc4187c6000 r-xp 00000000 08:05 11407520                   /usr/lib/x86_64-linux-gnu/libwayland-server.so.0.1.0
7fc4187c6000-7fc4189c5000 ---p 00010000 08:05 11407520                   /usr/lib/x86_64-linux-gnu/libwayland-server.so.0.1.0
7fc4189c5000-7fc4189c7000 r--p 0000f000 08:05 11407520                   /usr/lib/x86_64-linux-gnu/libwayland-server.so.0.1.0
7fc4189c7000-7fc4189c8000 rw-p 00011000 08:05 11407520                   /usr/lib/x86_64-linux-gnu/libwayland-server.so.0.1.0
7fc4189c8000-7fc4189d4000 r-xp 00000000 08:05 11403363                   /usr/lib/x86_64-linux-gnu/libwayland-client.so.0.3.0
7fc4189d4000-7fc418bd4000 ---p 0000c000 08:05 11403363                   /usr/lib/x86_64-linux-gnu/libwayland-client.so.0.3.0
7fc418bd4000-7fc418bd6000 r--p 0000c000 08:05 11403363                   /usr/lib/x86_64-linux-gnu/libwayland-client.so.0.3.0
7fc418bd6000-7fc418bd7000 rw-p 0000e000 08:05 11403363                   /usr/lib/x86_64-linux-gnu/libwayland-client.so.0.3.0
7fc418bd7000-7fc418bd8000 r-xp 00000000 08:05 11414234                   /usr/lib/x86_64-linux-gnu/libxshmfence.so.1.0.0
7fc418bd8000-7fc418dd8000 ---p 00001000 08:05 11414234                   /usr/lib/x86_64-linux-gnu/libxshmfence.so.1.0.0
7fc418dd8000-7fc418dd9000 r--p 00001000 08:05 11414234                   /usr/lib/x86_64-linux-gnu/libxshmfence.so.1.0.0
7fc418dd9000-7fc418dda000 rw-p 00002000 08:05 11414234                   /usr/lib/x86_64-linux-gnu/libxshmfence.so.1.0.0
7fc418dda000-7fc418ddf000 r-xp 00000000 08:05 11414208                   /usr/lib/x86_64-linux-gnu/libxcb-sync.so.1.0.0
7fc418ddf000-7fc418fdf000 ---p 00005000 08:05 11414208                   /usr/lib/x86_64-linux-gnu/libxcb-sync.so.1.0.0
7fc418fdf000-7fc418fe0000 r--p 00005000 08:05 11414208                   /usr/lib/x86_64-linux-gnu/libxcb-sync.so.1.0.0
7fc418fe0000-7fc418fe1000 rw-p 00006000 08:05 11414208                   /usr/lib/x86_64-linux-gnu/libxcb-sync.so.1.0.0
7fc418fe1000-7fc418fe7000 r-xp 00000000 08:05 11414212                   /usr/lib/x86_64-linux-gnu/libxcb-xfixes.so.0.0.0
7fc418fe7000-7fc4191e7000 ---p 00006000 08:05 11414212                   /usr/lib/x86_64-linux-gnu/libxcb-xfixes.so.0.0.0
7fc4191e7000-7fc4191e8000 r--p 00006000 08:05 11414212                   /usr/lib/x86_64-linux-gnu/libxcb-xfixes.so.0.0.0
7fc4191e8000-7fc4191e9000 rw-p 00007000 08:05 11414212                   /usr/lib/x86_64-linux-gnu/libxcb-xfixes.so.0.0.0
7fc4191e9000-7fc4191eb000 r-xp 00000000 08:05 11414196                   /usr/lib/x86_64-linux-gnu/libxcb-present.so.0.0.0
7fc4191eb000-7fc4193ea000 ---p 00002000 08:05 11414196                   /usr/lib/x86_64-linux-gnu/libxcb-present.so.0.0.0
7fc4193ea000-7fc4193eb000 r--p 00001000 08:05 11414196                   /usr/lib/x86_64-linux-gnu/libxcb-present.so.0.0.0
7fc4193eb000-7fc4193ec000 rw-p 00002000 08:05 11414196                   /usr/lib/x86_64-linux-gnu/libxcb-present.so.0.0.0
7fc4193ec000-7fc41adae000 r-xp 00000000 08:05 11540977                   /usr/lib/nvidia-340/libnvidia-glcore.so.340.102
7fc41adae000-7fc41adcc000 rwxp 019c2000 08:05 11540977                   /usr/lib/nvidia-340/libnvidia-glcore.so.340.102
7fc41adcc000-7fc41b24a000 r-xp 019e0000 08:05 11540977                   /usr/lib/nvidia-340/libnvidia-glcore.so.340.102
7fc41b24a000-7fc41b449000 ---p 01e5e000 08:05 11540977                   /usr/lib/nvidia-340/libnvidia-glcore.so.340.102
7fc41b449000-7fc41bfe3000 rw-p 01e5d000 08:05 11540977                   /usr/lib/nvidia-340/libnvidia-glcore.so.340.102
7fc41bfe3000-7fc41c000000 rw-p 00000000 00:00 0 
7fc41c000000-7fc41c3d8000 rw-p 00000000 00:00 0 
7fc41c3d8000-7fc420000000 ---p 00000000 00:00 0 
7fc420000000-7fc420305000 rw-p 00000000 00:00 0 
7fc420305000-7fc424000000 ---p 00000000 00:00 0 
7fc424017000-7fc424037000 rw-s b7762000 00:06 523                        /dev/nvidiactl
7fc424037000-7fc424039000 r-xp 00000000 08:05 11414186                   /usr/lib/x86_64-linux-gnu/libxcb-dri3.so.0.0.0
7fc424039000-7fc424238000 ---p 00002000 08:05 11414186                   /usr/lib/x86_64-linux-gnu/libxcb-dri3.so.0.0.0
7fc424238000-7fc424239000 r--p 00001000 08:05 11414186                   /usr/lib/x86_64-linux-gnu/libxcb-dri3.so.0.0.0
7fc424239000-7fc42423a000 rw-p 00002000 08:05 11414186                   /usr/lib/x86_64-linux-gnu/libxcb-dri3.so.0.0.0
7fc42423a000-7fc42423e000 r-xp 00000000 08:05 11414184                   /usr/lib/x86_64-linux-gnu/libxcb-dri2.so.0.0.0
7fc42423e000-7fc42443d000 ---p 00004000 08:05 11414184                   /usr/lib/x86_64-linux-gnu/libxcb-dri2.so.0.0.0
7fc42443d000-7fc42443e000 r--p 00003000 08:05 11414184                   /usr/lib/x86_64-linux-gnu/libxcb-dri2.so.0.0.0
7fc42443e000-7fc42443f000 rw-p 00004000 08:05 11414184                   /usr/lib/x86_64-linux-gnu/libxcb-dri2.so.0.0.0
7fc42443f000-7fc424440000 r-xp 00000000 08:05 11412764                   /usr/lib/x86_64-linux-gnu/libX11-xcb.so.1.0.0
7fc424440000-7fc42463f000 ---p 00001000 08:05 11412764                   /usr/lib/x86_64-linux-gnu/libX11-xcb.so.1.0.0
7fc42463f000-7fc424640000 r--p 00000000 08:05 11412764                   /usr/lib/x86_64-linux-gnu/libX11-xcb.so.1.0.0
7fc424640000-7fc424641000 rw-p 00001000 08:05 11412764                   /usr/lib/x86_64-linux-gnu/libX11-xcb.so.1.0.0
7fc424641000-7fc424672000 r-xp 00000000 08:05 11798822                   /usr/lib/x86_64-linux-gnu/mesa-egl/libEGL.so.1.0.0
7fc424672000-7fc424872000 ---p 00031000 08:05 11798822                   /usr/lib/x86_64-linux-gnu/mesa-egl/libEGL.so.1.0.0
7fc424872000-7fc424873000 r--p 00031000 08:05 11798822                   /usr/lib/x86_64-linux-gnu/mesa-egl/libEGL.so.1.0.0
7fc424873000-7fc424874000 rw-p 00032000 08:05 11798822                   /usr/lib/x86_64-linux-gnu/mesa-egl/libEGL.so.1.0.0
7fc424874000-7fc424875000 rw-p 00000000 00:00 0 
7fc424875000-7fc42489e000 r-xp 00000000 08:05 11408536                   /usr/lib/x86_64-linux-gnu/libglapi.so.0.0.0
7fc42489e000-7fc424a9e000 ---p 00029000 08:05 11408536                   /usr/lib/x86_64-linux-gnu/libglapi.so.0.0.0
7fc424a9e000-7fc424aa2000 r--p 00029000 08:05 11408536                   /usr/lib/x86_64-linux-gnu/libglapi.so.0.0.0
7fc424aa2000-7fc424aa3000 rw-p 0002d000 08:05 11408536                   /usr/lib/x86_64-linux-gnu/libglapi.so.0.0.0
7fc424aa3000-7fc424aa4000 rw-p 00000000 00:00 0 
7fc424aa4000-7fc424aac000 r-xp 00000000 08:05 11798546                   /usr/lib/x86_64-linux-gnu/mesa-egl/libGLESv2.so.2.0.0
7fc424aac000-7fc424cab000 ---p 00008000 08:05 11798546                   /usr/lib/x86_64-linux-gnu/mesa-egl/libGLESv2.so.2.0.0
7fc424cab000-7fc424cac000 r--p 00007000 08:05 11798546                   /usr/lib/x86_64-linux-gnu/mesa-egl/libGLESv2.so.2.0.0
7fc424cac000-7fc424cad000 rw-p 00008000 08:05 11798546                   /usr/lib/x86_64-linux-gnu/mesa-egl/libGLESv2.so.2.0.0
7fc424cad000-7fc424cb0000 ---p 00000000 00:00 0 
7fc424cb0000-7fc424dae000 rw-p 00000000 00:00 0 
7fc424dae000-7fc424e66000 r-xp 00000000 08:05 11272405                   /tmp/jogamp_0000/file_cache/jln7415739497921020108/jln3853750381021573659/natives/linux-amd64/libjogl_desktop.so
7fc424e66000-7fc425066000 ---p 000b8000 08:05 11272405                   /tmp/jogamp_0000/file_cache/jln7415739497921020108/jln3853750381021573659/natives/linux-amd64/libjogl_desktop.so
7fc425066000-7fc425067000 rw-p 000b8000 08:05 11272405                   /tmp/jogamp_0000/file_cache/jln7415739497921020108/jln3853750381021573659/natives/linux-amd64/libjogl_desktop.so
7fc425067000-7fc42506a000 r-xp 00000000 08:05 11540978                   /usr/lib/nvidia-340/tls/libnvidia-tls.so.340.102
7fc42506a000-7fc425269000 ---p 00003000 08:05 11540978                   /usr/lib/nvidia-340/tls/libnvidia-tls.so.340.102
7fc425269000-7fc42526a000 rw-p 00002000 08:05 11540978                   /usr/lib/nvidia-340/tls/libnvidia-tls.so.340.102
7fc42526a000-7fc425331000 r-xp 00000000 08:05 11540959                   /usr/lib/nvidia-340/libGL.so.340.102
7fc425331000-7fc425360000 rwxp 000c7000 08:05 11540959                   /usr/lib/nvidia-340/libGL.so.340.102
7fc425360000-7fc42537c000 r-xp 000f6000 08:05 11540959                   /usr/lib/nvidia-340/libGL.so.340.102
7fc42537c000-7fc42557b000 ---p 00112000 08:05 11540959                   /usr/lib/nvidia-340/libGL.so.340.102
7fc42557b000-7fc4255a0000 rw-p 00111000 08:05 11540959                   /usr/lib/nvidia-340/libGL.so.340.102
7fc4255a0000-7fc4257b6000 rw-p 00000000 00:00 0 
7fc4257b6000-7fc4259b6000 rw-p 00000000 00:00 0 
7fc4259b6000-7fc4259bd000 r-xp 00000000 08:05 11272337                   /tmp/jogamp_0000/file_cache/jln7415739497921020108/jln3853750381021573659/natives/linux-amd64/libnativewindow_x11.so
7fc4259bd000-7fc425bbc000 ---p 00007000 08:05 11272337                   /tmp/jogamp_0000/file_cache/jln7415739497921020108/jln3853750381021573659/natives/linux-amd64/libnativewindow_x11.so
7fc425bbc000-7fc425bbd000 rw-p 00006000 08:05 11272337                   /tmp/jogamp_0000/file_cache/jln7415739497921020108/jln3853750381021573659/natives/linux-amd64/libnativewindow_x11.so
7fc425bbd000-7fc425bc0000 ---p 00000000 00:00 0 
7fc425bc0000-7fc425cbe000 rw-p 00000000 00:00 0 
7fc425cbe000-7fc425cc1000 ---p 00000000 00:00 0 
7fc425cc1000-7fc425dbf000 rw-p 00000000 00:00 0 
7fc425dbf000-7fc425dc4000 r-xp 00000000 08:05 11412819                   /usr/lib/x86_64-linux-gnu/libXxf86vm.so.1.0.0
7fc425dc4000-7fc425fc3000 ---p 00005000 08:05 11412819                   /usr/lib/x86_64-linux-gnu/libXxf86vm.so.1.0.0
7fc425fc3000-7fc425fc4000 r--p 00004000 08:05 11412819                   /usr/lib/x86_64-linux-gnu/libXxf86vm.so.1.0.0
7fc425fc4000-7fc425fc5000 rw-p 00005000 08:05 11412819                   /usr/lib/x86_64-linux-gnu/libXxf86vm.so.1.0.0
7fc425fc5000-7fc425fc7000 r-xp 00000000 08:05 11272332                   /tmp/jogamp_0000/file_cache/jln7415739497921020108/jln3853750381021573659/natives/linux-amd64/libnativewindow_awt.so
7fc425fc7000-7fc4261c6000 ---p 00002000 08:05 11272332                   /tmp/jogamp_0000/file_cache/jln7415739497921020108/jln3853750381021573659/natives/linux-amd64/libnativewindow_awt.so
7fc4261c6000-7fc4261c7000 rw-p 00001000 08:05 11272332                   /tmp/jogamp_0000/file_cache/jln7415739497921020108/jln3853750381021573659/natives/linux-amd64/libnativewindow_awt.so
7fc4261c7000-7fc4261c8000 r-xp 00000000 08:05 3277878                    /usr/local/java/jdk1.8.0_144/jre/lib/amd64/libjawt.so
7fc4261c8000-7fc4263c7000 ---p 00001000 08:05 3277878                    /usr/local/java/jdk1.8.0_144/jre/lib/amd64/libjawt.so
7fc4263c7000-7fc4263c8000 rw-p 00000000 08:05 3277878                    /usr/local/java/jdk1.8.0_144/jre/lib/amd64/libjawt.so
7fc4263c8000-7fc4263cd000 r-xp 00000000 08:05 11412785                   /usr/lib/x86_64-linux-gnu/libXfixes.so.3.1.0
7fc4263cd000-7fc4265cc000 ---p 00005000 08:05 11412785                   /usr/lib/x86_64-linux-gnu/libXfixes.so.3.1.0
7fc4265cc000-7fc4265cd000 r--p 00004000 08:05 11412785                   /usr/lib/x86_64-linux-gnu/libXfixes.so.3.1.0
7fc4265cd000-7fc4265ce000 rw-p 00005000 08:05 11412785                   /usr/lib/x86_64-linux-gnu/libXfixes.so.3.1.0
7fc4265ce000-7fc4265d7000 r-xp 00000000 08:05 11412777                   /usr/lib/x86_64-linux-gnu/libXcursor.so.1.0.2
7fc4265d7000-7fc4267d6000 ---p 00009000 08:05 11412777                   /usr/lib/x86_64-linux-gnu/libXcursor.so.1.0.2
7fc4267d6000-7fc4267d7000 r--p 00008000 08:05 11412777                   /usr/lib/x86_64-linux-gnu/libXcursor.so.1.0.2
7fc4267d7000-7fc4267d8000 rw-p 00009000 08:05 11412777                   /usr/lib/x86_64-linux-gnu/libXcursor.so.1.0.2
7fc4267d8000-7fc4267ee000 r-xp 00000000 08:05 1836839                    /lib/x86_64-linux-gnu/libgcc_s.so.1
7fc4267ee000-7fc4269ed000 ---p 00016000 08:05 1836839                    /lib/x86_64-linux-gnu/libgcc_s.so.1
7fc4269ed000-7fc4269ee000 r--p 00015000 08:05 1836839                    /lib/x86_64-linux-gnu/libgcc_s.so.1
7fc4269ee000-7fc4269ef000 rw-p 00016000 08:05 1836839                    /lib/x86_64-linux-gnu/libgcc_s.so.1
7fc4269ef000-7fc426a54000 r-xp 00000000 08:05 3277847                    /usr/local/java/jdk1.8.0_144/jre/lib/amd64/libfontmanager.so
7fc426a54000-7fc426c53000 ---p 00065000 08:05 3277847                    /usr/local/java/jdk1.8.0_144/jre/lib/amd64/libfontmanager.so
7fc426c53000-7fc426c58000 rw-p 00064000 08:05 3277847                    /usr/local/java/jdk1.8.0_144/jre/lib/amd64/libfontmanager.so
7fc426c58000-7fc426e68000 rw-p 00000000 00:00 0 
7fc426e68000-7fc426e6d000 r-xp 00000000 08:05 11412781                   /usr/lib/x86_64-linux-gnu/libXdmcp.so.6.0.0
7fc426e6d000-7fc42706c000 ---p 00005000 08:05 11412781                   /usr/lib/x86_64-linux-gnu/libXdmcp.so.6.0.0
7fc42706c000-7fc42706d000 r--p 00004000 08:05 11412781                   /usr/lib/x86_64-linux-gnu/libXdmcp.so.6.0.0
7fc42706d000-7fc42706e000 rw-p 00005000 08:05 11412781                   /usr/lib/x86_64-linux-gnu/libXdmcp.so.6.0.0
7fc42706e000-7fc427070000 r-xp 00000000 08:05 11412770                   /usr/lib/x86_64-linux-gnu/libXau.so.6.0.0
7fc427070000-7fc427270000 ---p 00002000 08:05 11412770                   /usr/lib/x86_64-linux-gnu/libXau.so.6.0.0
7fc427270000-7fc427271000 r--p 00002000 08:05 11412770                   /usr/lib/x86_64-linux-gnu/libXau.so.6.0.0
7fc427271000-7fc427272000 rw-p 00003000 08:05 11412770                   /usr/lib/x86_64-linux-gnu/libXau.so.6.0.0
7fc427272000-7fc427293000 r-xp 00000000 08:05 11414216                   /usr/lib/x86_64-linux-gnu/libxcb.so.1.1.0
7fc427293000-7fc427492000 ---p 00021000 08:05 11414216                   /usr/lib/x86_64-linux-gnu/libxcb.so.1.1.0
7fc427492000-7fc427493000 r--p 00020000 08:05 11414216                   /usr/lib/x86_64-linux-gnu/libxcb.so.1.1.0
7fc427493000-7fc427494000 rw-p 00021000 08:05 11414216                   /usr/lib/x86_64-linux-gnu/libxcb.so.1.1.0
7fc427494000-7fc4274a3000 r-xp 00000000 08:05 11412791                   /usr/lib/x86_64-linux-gnu/libXi.so.6.1.0
7fc4274a3000-7fc4276a2000 ---p 0000f000 08:05 11412791                   /usr/lib/x86_64-linux-gnu/libXi.so.6.1.0
7fc4276a2000-7fc4276a3000 r--p 0000e000 08:05 11412791                   /usr/lib/x86_64-linux-gnu/libXi.so.6.1.0
7fc4276a3000-7fc4276a4000 rw-p 0000f000 08:05 11412791                   /usr/lib/x86_64-linux-gnu/libXi.so.6.1.0
7fc4276a4000-7fc4276a9000 r-xp 00000000 08:05 11412809                   /usr/lib/x86_64-linux-gnu/libXtst.so.6.1.0
7fc4276a9000-7fc4278a8000 ---p 00005000 08:05 11412809                   /usr/lib/x86_64-linux-gnu/libXtst.so.6.1.0
7fc4278a8000-7fc4278a9000 r--p 00004000 08:05 11412809                   /usr/lib/x86_64-linux-gnu/libXtst.so.6.1.0
7fc4278a9000-7fc4278aa000 rw-p 00005000 08:05 11412809                   /usr/lib/x86_64-linux-gnu/libXtst.so.6.1.0
7fc4278aa000-7fc4278b3000 r-xp 00000000 08:05 11412803                   /usr/lib/x86_64-linux-gnu/libXrender.so.1.3.0
7fc4278b3000-7fc427ab2000 ---p 00009000 08:05 11412803                   /usr/lib/x86_64-linux-gnu/libXrender.so.1.3.0
7fc427ab2000-7fc427ab3000 r--p 00008000 08:05 11412803                   /usr/lib/x86_64-linux-gnu/libXrender.so.1.3.0
7fc427ab3000-7fc427ab4000 rw-p 00009000 08:05 11412803                   /usr/lib/x86_64-linux-gnu/libXrender.so.1.3.0
7fc427ab4000-7fc427be9000 r-xp 00000000 08:05 11412766                   /usr/lib/x86_64-linux-gnu/libX11.so.6.3.0
7fc427be9000-7fc427de9000 ---p 00135000 08:05 11412766                   /usr/lib/x86_64-linux-gnu/libX11.so.6.3.0
7fc427de9000-7fc427dea000 r--p 00135000 08:05 11412766                   /usr/lib/x86_64-linux-gnu/libX11.so.6.3.0
7fc427dea000-7fc427dee000 rw-p 00136000 08:05 11412766                   /usr/lib/x86_64-linux-gnu/libX11.so.6.3.0
7fc427dee000-7fc427dff000 r-xp 00000000 08:05 11412783                   /usr/lib/x86_64-linux-gnu/libXext.so.6.4.0
7fc427dff000-7fc427ffe000 ---p 00011000 08:05 11412783                   /usr/lib/x86_64-linux-gnu/libXext.so.6.4.0
7fc427ffe000-7fc427fff000 r--p 00010000 08:05 11412783                   /usr/lib/x86_64-linux-gnu/libXext.so.6.4.0
7fc427fff000-7fc428000000 rw-p 00011000 08:05 11412783                   /usr/lib/x86_64-linux-gnu/libXext.so.6.4.0
7fc428000000-7fc428021000 rw-p 00000000 00:00 0 
7fc428021000-7fc42c000000 ---p 00000000 00:00 0 
7fc42c00e000-7fc42c015000 r--s 00000000 08:05 11802929                   /usr/lib/x86_64-linux-gnu/gconv/gconv-modules.cache
7fc42c015000-7fc42c01c000 rw-s 3bb7f000 00:06 523                        /dev/nvidiactl
7fc42c01c000-7fc42c01d000 rw-s c0018000 00:06 534                        /dev/nvidia1
7fc42c01d000-7fc42c01e000 rw-s 21f3b000 00:06 523                        /dev/nvidiactl
7fc42c01e000-7fc42c01f000 rw-s f3c08000 00:06 534                        /dev/nvidia1
7fc42c01f000-7fc42c020000 rw-s f3641000 00:06 534                        /dev/nvidia1
7fc42c020000-7fc42c021000 rw-s 2a2d4000 00:06 523                        /dev/nvidiactl
7fc42c021000-7fc42c0a1000 rw-s 11910b000 00:06 523                       /dev/nvidiactl
7fc42c0a1000-7fc42c0a8000 rw-s 1191d2000 00:06 523                       /dev/nvidiactl
7fc42c0a8000-7fc42c0ab000 ---p 00000000 00:00 0 
7fc42c0ab000-7fc42c1a9000 rw-p 00000000 00:00 0 
7fc42c1a9000-7fc42c1fd000 r-xp 00000000 08:05 3277855                    /usr/local/java/jdk1.8.0_144/jre/lib/amd64/libawt_xawt.so
7fc42c1fd000-7fc42c3fd000 ---p 00054000 08:05 3277855                    /usr/local/java/jdk1.8.0_144/jre/lib/amd64/libawt_xawt.so
7fc42c3fd000-7fc42c401000 rw-p 00054000 08:05 3277855                    /usr/local/java/jdk1.8.0_144/jre/lib/amd64/libawt_xawt.so
7fc42c401000-7fc42c402000 rw-p 00000000 00:00 0 
7fc42c402000-7fc42c4a4000 r-xp 00000000 08:05 3277891                    /usr/local/java/jdk1.8.0_144/jre/lib/amd64/libawt.so
7fc42c4a4000-7fc42c6a4000 ---p 000a2000 08:05 3277891                    /usr/local/java/jdk1.8.0_144/jre/lib/amd64/libawt.so
7fc42c6a4000-7fc42c6b0000 rw-p 000a2000 08:05 3277891                    /usr/local/java/jdk1.8.0_144/jre/lib/amd64/libawt.so
7fc42c6b0000-7fc42c6d4000 rw-p 00000000 00:00 0 
7fc42c6d4000-7fc42c6d6000 r-xp 00000000 08:05 11272404                   /tmp/jogamp_0000/file_cache/jln7415739497921020108/jln3853750381021573659/natives/linux-amd64/libgluegen-rt.so
7fc42c6d6000-7fc42c8d5000 ---p 00002000 08:05 11272404                   /tmp/jogamp_0000/file_cache/jln7415739497921020108/jln3853750381021573659/natives/linux-amd64/libgluegen-rt.so
7fc42c8d5000-7fc42c8d6000 rw-p 00001000 08:05 11272404                   /tmp/jogamp_0000/file_cache/jln7415739497921020108/jln3853750381021573659/natives/linux-amd64/libgluegen-rt.so
7fc42c8d6000-7fc42c8d9000 ---p 00000000 00:00 0 
7fc42c8d9000-7fc42c9d7000 rw-p 00000000 00:00 0 
7fc42c9d7000-7fc42c9e8000 r-xp 00000000 08:05 3277853                    /usr/local/java/jdk1.8.0_144/jre/lib/amd64/libnio.so
7fc42c9e8000-7fc42cbe7000 ---p 00011000 08:05 3277853                    /usr/local/java/jdk1.8.0_144/jre/lib/amd64/libnio.so
7fc42cbe7000-7fc42cbe8000 rw-p 00010000 08:05 3277853                    /usr/local/java/jdk1.8.0_144/jre/lib/amd64/libnio.so
7fc42cbe8000-7fc42fbe9000 rw-p 00000000 00:00 0 
7fc42fbe9000-7fc42fbff000 r-xp 00000000 08:05 3277828                    /usr/local/java/jdk1.8.0_144/jre/lib/amd64/libnet.so
7fc42fbff000-7fc42fdff000 ---p 00016000 08:05 3277828                    /usr/local/java/jdk1.8.0_144/jre/lib/amd64/libnet.so
7fc42fdff000-7fc42fe00000 rw-p 00016000 08:05 3277828                    /usr/local/java/jdk1.8.0_144/jre/lib/amd64/libnet.so
7fc42fe00000-7fc430000000 rw-p 00000000 00:00 0 
7fc430000000-7fc430021000 rw-p 00000000 00:00 0 
7fc430021000-7fc434000000 ---p 00000000 00:00 0 
7fc434000000-7fc434021000 rw-p 00000000 00:00 0 
7fc434021000-7fc438000000 ---p 00000000 00:00 0 
7fc438000000-7fc4385a7000 rw-p 00000000 00:00 0 
7fc4385a7000-7fc43c000000 ---p 00000000 00:00 0 
7fc43c000000-7fc43d159000 rw-p 00000000 00:00 0 
7fc43d159000-7fc440000000 ---p 00000000 00:00 0 
7fc440000000-7fc440021000 rw-p 00000000 00:00 0 
7fc440021000-7fc444000000 ---p 00000000 00:00 0 
7fc444000000-7fc444021000 rw-p 00000000 00:00 0 
7fc444021000-7fc448000000 ---p 00000000 00:00 0 
7fc448000000-7fc448021000 rw-p 00000000 00:00 0 
7fc448021000-7fc44c000000 ---p 00000000 00:00 0 
7fc44c000000-7fc44c021000 rw-p 00000000 00:00 0 
7fc44c021000-7fc450000000 ---p 00000000 00:00 0 
7fc450000000-7fc450021000 rw-p 00000000 00:00 0 
7fc450021000-7fc454000000 ---p 00000000 00:00 0 
7fc454000000-7fc454001000 rw-s 495dc000 00:06 523                        /dev/nvidiactl
7fc454001000-7fc454003000 rw-s 00000000 08:05 11272352                   /tmp/.glsEwIi7 (deleted)
7fc454003000-7fc454004000 rw-s c0015000 00:06 534                        /dev/nvidia1
7fc454004000-7fc454005000 rw-s 139523000 00:06 523                       /dev/nvidiactl
7fc454005000-7fc454009000 rw-s 110183000 00:06 523                       /dev/nvidiactl
7fc454009000-7fc45400a000 rw-s f3c06000 00:06 534                        /dev/nvidia1
7fc45400a000-7fc45404a000 rw-s 11b718000 00:06 523                       /dev/nvidiactl
7fc45404a000-7fc45406a000 rw-s 13947f000 00:06 523                       /dev/nvidiactl
7fc45406a000-7fc45406b000 rw-s f3641000 00:06 534                        /dev/nvidia1
7fc45406b000-7fc45406c000 rw-s 2a2d4000 00:06 523                        /dev/nvidiactl
7fc45406c000-7fc45406d000 rw-s 1228a2000 00:06 523                       /dev/nvidiactl
7fc45406d000-7fc45406e000 rw-s f3060000 00:06 534                        /dev/nvidia1
7fc45406e000-7fc45406f000 rwxp 00000000 00:00 0 
7fc45406f000-7fc454072000 ---p 00000000 00:00 0 
7fc454072000-7fc4540a8000 rw-p 00000000 00:00 0 
7fc4540a8000-7fc4540a9000 r--p 00000000 00:00 0 
7fc4540a9000-7fc4540ae000 r--s 0009a000 08:05 1978199                    /usr/local/java/jdk1.8.0_144/jre/lib/jsse.jar
7fc4540ae000-7fc4542ae000 rw-p 00000000 00:00 0 
7fc4542ae000-7fc4542c9000 r--s 001d3000 08:05 3277904                    /usr/local/java/jdk1.8.0_144/jre/lib/ext/nashorn.jar
7fc4542c9000-7fc4542e5000 r--s 00393000 08:05 3277908                    /usr/local/java/jdk1.8.0_144/jre/lib/ext/cldrdata.jar
7fc4542e5000-7fc4542ef000 r--s 00116000 08:05 3277905                    /usr/local/java/jdk1.8.0_144/jre/lib/ext/localedata.jar
7fc4542ef000-7fc4542f1000 r--s 00015000 00:2b 8912912                    /home/gpaiva/Desktop/projects/code/git/Bitbucket/JOT/lib/Framework-Toolkit-Components-1.0.jar
7fc4542f1000-7fc4542f3000 r--s 0000d000 00:2b 8912936                    /home/gpaiva/Desktop/projects/code/git/Bitbucket/JOT/lib/Extension-Toolkit-Component-Physics-1.0.jar
7fc4542f3000-7fc4542f5000 r--s 00013000 00:2b 8912935                    /home/gpaiva/Desktop/projects/code/git/Bitbucket/JOT/lib/Extension-Toolkit-Component-Geometry-1.0.jar
7fc4542f5000-7fc4542f8000 r--s 00020000 00:2b 8912913                    /home/gpaiva/Desktop/projects/code/git/Bitbucket/JOT/lib/Core-Toolkit-Components-1.0.jar
7fc4542f8000-7fc4543b9000 r--s 00427000 00:2b 9705236                    /home/gpaiva/Desktop/projects/code/git/Bitbucket/JOT/lib/colladabeans-1.4.1.jar
7fc4543b9000-7fc4543f7000 r--s 0025d000 00:2b 9705202                    /home/gpaiva/Desktop/projects/code/git/Bitbucket/JOT/lib/xmlbeans-2.6.0/lib/xbean.jar
7fc4543f7000-7fc45441b000 r--s 0031e000 00:2b 9702045                    /home/gpaiva/Desktop/projects/code/git/Bitbucket/JOT/lib/jogamp-all-platforms/jar/jogl-all.jar
7fc45441b000-7fc45443b000 r--s 002cd000 00:2b 9702051                    /home/gpaiva/Desktop/projects/code/git/Bitbucket/JOT/lib/jogamp-all-platforms/jar/jogl-all-noawt.jar
7fc45443b000-7fc45443d000 r--s 00032000 00:2b 9702110                    /home/gpaiva/Desktop/projects/code/git/Bitbucket/JOT/lib/jogamp-all-platforms/jar/jogl-all-noawt-natives-windows-i586.jar
7fc45443d000-7fc45443e000 r--s 0003a000 00:2b 9702111                    /home/gpaiva/Desktop/projects/code/git/Bitbucket/JOT/lib/jogamp-all-platforms/jar/jogl-all-noawt-natives-windows-amd64.jar
7fc45443e000-7fc45443f000 r--s 0006c000 00:2b 9702161                    /home/gpaiva/Desktop/projects/code/git/Bitbucket/JOT/lib/jogamp-all-platforms/jar/jogl-all-noawt-natives-macosx-universal.jar
7fc45443f000-7fc454441000 r--s 00034000 00:2b 9702083                    /home/gpaiva/Desktop/projects/code/git/Bitbucket/JOT/lib/jogamp-all-platforms/jar/jogl-all-noawt-natives-linux-i586.jar
7fc454441000-7fc454442000 r--s 00036000 00:2b 9702097                    /home/gpaiva/Desktop/projects/code/git/Bitbucket/JOT/lib/jogamp-all-platforms/jar/jogl-all-noawt-natives-linux-amd64.jar
7fc454442000-7fc454444000 r--s 00032000 00:2b 9702151                    /home/gpaiva/Desktop/projects/code/git/Bitbucket/JOT/lib/jogamp-all-platforms/jar/jogl-all-natives-windows-i586.jar
7fc454444000-7fc454445000 r--s 0003a000 00:2b 9702121                    /home/gpaiva/Desktop/projects/code/git/Bitbucket/JOT/lib/jogamp-all-platforms/jar/jogl-all-natives-windows-amd64.jar
7fc454445000-7fc454446000 r--s 0006c000 00:2b 9702135                    /home/gpaiva/Desktop/projects/code/git/Bitbucket/JOT/lib/jogamp-all-platforms/jar/jogl-all-natives-macosx-universal.jar
7fc454446000-7fc454448000 r--s 00034000 00:2b 9702071                    /home/gpaiva/Desktop/projects/code/git/Bitbucket/JOT/lib/jogamp-all-platforms/jar/jogl-all-natives-linux-i586.jar
7fc454448000-7fc454449000 r--s 00036000 00:2b 9702146                    /home/gpaiva/Desktop/projects/code/git/Bitbucket/JOT/lib/jogamp-all-platforms/jar/jogl-all-natives-linux-amd64.jar
7fc454449000-7fc45444e000 r--s 00031000 00:2b 9702043                    /home/gpaiva/Desktop/projects/code/git/Bitbucket/JOT/lib/jogamp-all-platforms/jar/jocl.jar
7fc45444e000-7fc45444f000 r--s 00003000 00:2b 9702070                    /home/gpaiva/Desktop/projects/code/git/Bitbucket/JOT/lib/jogamp-all-platforms/jar/jocl-natives-windows-i586.jar
7fc45444f000-7fc454450000 r--s 00003000 00:2b 9702072                    /home/gpaiva/Desktop/projects/code/git/Bitbucket/JOT/lib/jogamp-all-platforms/jar/jocl-natives-windows-amd64.jar
7fc454450000-7fc454451000 r--s 00005000 00:2b 9702149                    /home/gpaiva/Desktop/projects/code/git/Bitbucket/JOT/lib/jogamp-all-platforms/jar/jocl-natives-macosx-universal.jar
7fc454451000-7fc454452000 r--s 00002000 00:2b 9702061                    /home/gpaiva/Desktop/projects/code/git/Bitbucket/JOT/lib/jogamp-all-platforms/jar/jocl-natives-linux-i586.jar
7fc454452000-7fc45445c000 r--s 000ca000 00:2b 9702047                    /home/gpaiva/Desktop/projects/code/git/Bitbucket/JOT/lib/jogamp-all-platforms/jar/gluegen.jar
7fc45445c000-7fc45445d000 ---p 00000000 00:00 0 
7fc45445d000-7fc45455d000 rw-p 00000000 00:00 0 
7fc45455d000-7fc454560000 ---p 00000000 00:00 0 
7fc454560000-7fc45465e000 rw-p 00000000 00:00 0 
7fc45465e000-7fc454661000 ---p 00000000 00:00 0 
7fc454661000-7fc45475f000 rw-p 00000000 00:00 0 
7fc45475f000-7fc454762000 ---p 00000000 00:00 0 
7fc454762000-7fc454860000 rw-p 00000000 00:00 0 
7fc454860000-7fc454863000 ---p 00000000 00:00 0 
7fc454863000-7fc454961000 rw-p 00000000 00:00 0 
7fc454961000-7fc454c3b000 r--p 00000000 08:05 11403624                   /usr/lib/locale/locale-archive
7fc454c3b000-7fc454c3e000 ---p 00000000 00:00 0 
7fc454c3e000-7fc454d3c000 rw-p 00000000 00:00 0 
7fc454d3c000-7fc454d3f000 ---p 00000000 00:00 0 
7fc454d3f000-7fc454e3d000 rw-p 00000000 00:00 0 
7fc454e3d000-7fc454e3e000 ---p 00000000 00:00 0 
7fc454e3e000-7fc455746000 rw-p 00000000 00:00 0 
7fc455746000-7fc455920000 r--s 03d4d000 08:05 1978207                    /usr/local/java/jdk1.8.0_144/jre/lib/rt.jar
7fc455920000-7fc458000000 rw-p 00000000 00:00 0 
7fc458000000-7fc458021000 rw-p 00000000 00:00 0 
7fc458021000-7fc45c000000 ---p 00000000 00:00 0 
7fc45c000000-7fc45c001000 r--s 00002000 00:2b 9702064                    /home/gpaiva/Desktop/projects/code/git/Bitbucket/JOT/lib/jogamp-all-platforms/jar/jocl-natives-linux-amd64.jar
7fc45c001000-7fc45c003000 r--s 0000f000 00:2b 9702042                    /home/gpaiva/Desktop/projects/code/git/Bitbucket/JOT/lib/jogamp-all-platforms/jar/joal.jar
7fc45c003000-7fc45c004000 r--s 0002b000 00:2b 9702068                    /home/gpaiva/Desktop/projects/code/git/Bitbucket/JOT/lib/jogamp-all-platforms/jar/joal-natives-windows-i586.jar
7fc45c004000-7fc45c005000 r--s 0002d000 00:2b 9702077                    /home/gpaiva/Desktop/projects/code/git/Bitbucket/JOT/lib/jogamp-all-platforms/jar/joal-natives-windows-amd64.jar
7fc45c005000-7fc45c00b000 r--s 0004f000 00:2b 9702044                    /home/gpaiva/Desktop/projects/code/git/Bitbucket/JOT/lib/jogamp-all-platforms/jar/gluegen-rt.jar
7fc45c00b000-7fc45c032000 r--s 001f6000 00:2b 9705159                    /home/gpaiva/Desktop/projects/code/git/Bitbucket/JOT/lib/commons-math/commons-math3-3.6.1.jar
7fc45c032000-7fc45c3d9000 rw-p 00000000 00:00 0 
7fc45c3d9000-7fc45c3da000 ---p 00000000 00:00 0 
7fc45c3da000-7fc45c4ed000 rw-p 00000000 00:00 0 
7fc45c4ed000-7fc45c624000 ---p 00000000 00:00 0 
7fc45c624000-7fc45c637000 rw-p 00000000 00:00 0 
7fc45c637000-7fc45c76d000 ---p 00000000 00:00 0 
7fc45c76d000-7fc45c78f000 rw-p 00000000 00:00 0 
7fc45c78f000-7fc45c812000 ---p 00000000 00:00 0 
7fc45c812000-7fc45c836000 rw-p 00000000 00:00 0 
7fc45c836000-7fc45cbd3000 ---p 00000000 00:00 0 
7fc45cbd3000-7fc45d463000 rwxp 00000000 00:00 0 
7fc45d463000-7fc46bbd3000 ---p 00000000 00:00 0 
7fc46bbd3000-7fc46bbed000 r-xp 00000000 08:05 3277851                    /usr/local/java/jdk1.8.0_144/jre/lib/amd64/libzip.so
7fc46bbed000-7fc46bded000 ---p 0001a000 08:05 3277851                    /usr/local/java/jdk1.8.0_144/jre/lib/amd64/libzip.so
7fc46bded000-7fc46bdee000 rw-p 0001a000 08:05 3277851                    /usr/local/java/jdk1.8.0_144/jre/lib/amd64/libzip.so
7fc46bdee000-7fc46bdf9000 r-xp 00000000 08:05 1836624                    /lib/x86_64-linux-gnu/libnss_files-2.23.so
7fc46bdf9000-7fc46bff8000 ---p 0000b000 08:05 1836624                    /lib/x86_64-linux-gnu/libnss_files-2.23.so
7fc46bff8000-7fc46bff9000 r--p 0000a000 08:05 1836624                    /lib/x86_64-linux-gnu/libnss_files-2.23.so
7fc46bff9000-7fc46bffa000 rw-p 0000b000 08:05 1836624                    /lib/x86_64-linux-gnu/libnss_files-2.23.so
7fc46bffa000-7fc46c000000 rw-p 00000000 00:00 0 
7fc46c000000-7fc46ca5a000 rw-p 00000000 00:00 0 
7fc46ca5a000-7fc470000000 ---p 00000000 00:00 0 
7fc470000000-7fc470001000 r--s 00057000 00:2b 9702148                    /home/gpaiva/Desktop/projects/code/git/Bitbucket/JOT/lib/jogamp-all-platforms/jar/joal-natives-macosx-universal.jar
7fc470001000-7fc470002000 r--s 00030000 00:2b 9702060                    /home/gpaiva/Desktop/projects/code/git/Bitbucket/JOT/lib/jogamp-all-platforms/jar/joal-natives-linux-i586.jar
7fc470002000-7fc470023000 rw-p 00000000 00:00 0 
7fc470023000-7fc470024000 ---p 00000000 00:00 0 
7fc470024000-7fc470124000 rw-p 00000000 00:00 0 
7fc470124000-7fc47012f000 r-xp 00000000 08:05 1836638                    /lib/x86_64-linux-gnu/libnss_nis-2.23.so
7fc47012f000-7fc47032e000 ---p 0000b000 08:05 1836638                    /lib/x86_64-linux-gnu/libnss_nis-2.23.so
7fc47032e000-7fc47032f000 r--p 0000a000 08:05 1836638                    /lib/x86_64-linux-gnu/libnss_nis-2.23.so
7fc47032f000-7fc470330000 rw-p 0000b000 08:05 1836638                    /lib/x86_64-linux-gnu/libnss_nis-2.23.so
7fc470330000-7fc470346000 r-xp 00000000 08:05 1835387                    /lib/x86_64-linux-gnu/libnsl-2.23.so
7fc470346000-7fc470545000 ---p 00016000 08:05 1835387                    /lib/x86_64-linux-gnu/libnsl-2.23.so
7fc470545000-7fc470546000 r--p 00015000 08:05 1835387                    /lib/x86_64-linux-gnu/libnsl-2.23.so
7fc470546000-7fc470547000 rw-p 00016000 08:05 1835387                    /lib/x86_64-linux-gnu/libnsl-2.23.so
7fc470547000-7fc470549000 rw-p 00000000 00:00 0 
7fc470549000-7fc470551000 r-xp 00000000 08:05 1836649                    /lib/x86_64-linux-gnu/libnss_compat-2.23.so
7fc470551000-7fc470750000 ---p 00008000 08:05 1836649                    /lib/x86_64-linux-gnu/libnss_compat-2.23.so
7fc470750000-7fc470751000 r--p 00007000 08:05 1836649                    /lib/x86_64-linux-gnu/libnss_compat-2.23.so
7fc470751000-7fc470752000 rw-p 00008000 08:05 1836649                    /lib/x86_64-linux-gnu/libnss_compat-2.23.so
7fc470752000-7fc47077d000 r-xp 00000000 08:05 3277880                    /usr/local/java/jdk1.8.0_144/jre/lib/amd64/libjava.so
7fc47077d000-7fc47097c000 ---p 0002b000 08:05 3277880                    /usr/local/java/jdk1.8.0_144/jre/lib/amd64/libjava.so
7fc47097c000-7fc47097e000 rw-p 0002a000 08:05 3277880                    /usr/local/java/jdk1.8.0_144/jre/lib/amd64/libjava.so
7fc47097e000-7fc47098b000 r-xp 00000000 08:05 3277829                    /usr/local/java/jdk1.8.0_144/jre/lib/amd64/libverify.so
7fc47098b000-7fc470b8b000 ---p 0000d000 08:05 3277829                    /usr/local/java/jdk1.8.0_144/jre/lib/amd64/libverify.so
7fc470b8b000-7fc470b8d000 rw-p 0000d000 08:05 3277829                    /usr/local/java/jdk1.8.0_144/jre/lib/amd64/libverify.so
7fc470b8d000-7fc470b94000 r-xp 00000000 08:05 1836644                    /lib/x86_64-linux-gnu/librt-2.23.so
7fc470b94000-7fc470d93000 ---p 00007000 08:05 1836644                    /lib/x86_64-linux-gnu/librt-2.23.so
7fc470d93000-7fc470d94000 r--p 00006000 08:05 1836644                    /lib/x86_64-linux-gnu/librt-2.23.so
7fc470d94000-7fc470d95000 rw-p 00007000 08:05 1836644                    /lib/x86_64-linux-gnu/librt-2.23.so
7fc470d95000-7fc470e9d000 r-xp 00000000 08:05 1836659                    /lib/x86_64-linux-gnu/libm-2.23.so
7fc470e9d000-7fc47109c000 ---p 00108000 08:05 1836659                    /lib/x86_64-linux-gnu/libm-2.23.so
7fc47109c000-7fc47109d000 r--p 00107000 08:05 1836659                    /lib/x86_64-linux-gnu/libm-2.23.so
7fc47109d000-7fc47109e000 rw-p 00108000 08:05 1836659                    /lib/x86_64-linux-gnu/libm-2.23.so
7fc47109e000-7fc471d71000 r-xp 00000000 08:05 3277884                    /usr/local/java/jdk1.8.0_144/jre/lib/amd64/server/libjvm.so
7fc471d71000-7fc471f70000 ---p 00cd3000 08:05 3277884                    /usr/local/java/jdk1.8.0_144/jre/lib/amd64/server/libjvm.so
7fc471f70000-7fc47204a000 rw-p 00cd2000 08:05 3277884                    /usr/local/java/jdk1.8.0_144/jre/lib/amd64/server/libjvm.so
7fc47204a000-7fc472095000 rw-p 00000000 00:00 0 
7fc472095000-7fc472255000 r-xp 00000000 08:05 1836669                    /lib/x86_64-linux-gnu/libc-2.23.so
7fc472255000-7fc472455000 ---p 001c0000 08:05 1836669                    /lib/x86_64-linux-gnu/libc-2.23.so
7fc472455000-7fc472459000 r--p 001c0000 08:05 1836669                    /lib/x86_64-linux-gnu/libc-2.23.so
7fc472459000-7fc47245b000 rw-p 001c4000 08:05 1836669                    /lib/x86_64-linux-gnu/libc-2.23.so
7fc47245b000-7fc47245f000 rw-p 00000000 00:00 0 
7fc47245f000-7fc472462000 r-xp 00000000 08:05 1836648                    /lib/x86_64-linux-gnu/libdl-2.23.so
7fc472462000-7fc472661000 ---p 00003000 08:05 1836648                    /lib/x86_64-linux-gnu/libdl-2.23.so
7fc472661000-7fc472662000 r--p 00002000 08:05 1836648                    /lib/x86_64-linux-gnu/libdl-2.23.so
7fc472662000-7fc472663000 rw-p 00003000 08:05 1836648                    /lib/x86_64-linux-gnu/libdl-2.23.so
7fc472663000-7fc472678000 r-xp 00000000 08:05 2493435                    /usr/local/java/jdk1.8.0_144/lib/amd64/jli/libjli.so
7fc472678000-7fc472878000 ---p 00015000 08:05 2493435                    /usr/local/java/jdk1.8.0_144/lib/amd64/jli/libjli.so
7fc472878000-7fc472879000 rw-p 00015000 08:05 2493435                    /usr/local/java/jdk1.8.0_144/lib/amd64/jli/libjli.so
7fc472879000-7fc472891000 r-xp 00000000 08:05 1836636                    /lib/x86_64-linux-gnu/libpthread-2.23.so
7fc472891000-7fc472a90000 ---p 00018000 08:05 1836636                    /lib/x86_64-linux-gnu/libpthread-2.23.so
7fc472a90000-7fc472a91000 r--p 00017000 08:05 1836636                    /lib/x86_64-linux-gnu/libpthread-2.23.so
7fc472a91000-7fc472a92000 rw-p 00018000 08:05 1836636                    /lib/x86_64-linux-gnu/libpthread-2.23.so
7fc472a92000-7fc472a96000 rw-p 00000000 00:00 0 
7fc472a96000-7fc472abc000 r-xp 00000000 08:05 1835389                    /lib/x86_64-linux-gnu/ld-2.23.so
7fc472abc000-7fc472b66000 rw-p 00000000 00:00 0 
7fc472b66000-7fc472b69000 ---p 00000000 00:00 0 
7fc472b69000-7fc472c6b000 rw-p 00000000 00:00 0 
7fc472c6b000-7fc472c6c000 r--s 0002e000 00:2b 9702062                    /home/gpaiva/Desktop/projects/code/git/Bitbucket/JOT/lib/jogamp-all-platforms/jar/joal-natives-linux-amd64.jar
7fc472c6c000-7fc472c6d000 r--s 00001000 00:2b 9702125                    /home/gpaiva/Desktop/projects/code/git/Bitbucket/JOT/lib/jogamp-all-platforms/jar/gluegen-rt-natives-windows-i586.jar
7fc472c6d000-7fc472c6e000 r--s 00001000 00:2b 9702129                    /home/gpaiva/Desktop/projects/code/git/Bitbucket/JOT/lib/jogamp-all-platforms/jar/gluegen-rt-natives-windows-amd64.jar
7fc472c6e000-7fc472c6f000 r--s 00001000 00:2b 9702099                    /home/gpaiva/Desktop/projects/code/git/Bitbucket/JOT/lib/jogamp-all-platforms/jar/gluegen-rt-natives-macosx-universal.jar
7fc472c6f000-7fc472c71000 r--s 00000000 00:2b 9702147                    /home/gpaiva/Desktop/projects/code/git/Bitbucket/JOT/lib/jogamp-all-platforms/jar/gluegen-rt-natives-linux-i586.jar
7fc472c71000-7fc472c73000 r--s 00000000 00:2b 9702116                    /home/gpaiva/Desktop/projects/code/git/Bitbucket/JOT/lib/jogamp-all-platforms/jar/gluegen-rt-natives-linux-amd64.jar
7fc472c73000-7fc472caf000 rw-p 00000000 00:00 0 
7fc472caf000-7fc472cb7000 rw-s 00000000 08:05 11272371                   /tmp/hsperfdata_gpaiva/11638
7fc472cb7000-7fc472cb8000 rw-p 00000000 00:00 0 
7fc472cb8000-7fc472cb9000 r--p 00000000 00:00 0 
7fc472cb9000-7fc472cbb000 rw-p 00000000 00:00 0 
7fc472cbb000-7fc472cbc000 r--p 00025000 08:05 1835389                    /lib/x86_64-linux-gnu/ld-2.23.so
7fc472cbc000-7fc472cbd000 rw-p 00026000 08:05 1835389                    /lib/x86_64-linux-gnu/ld-2.23.so
7fc472cbd000-7fc472cbe000 rw-p 00000000 00:00 0 
7fffd9e8b000-7fffd9ead000 rw-p 00000000 00:00 0                          [stack]
7fffd9ff8000-7fffd9ffa000 r--p 00000000 00:00 0                          [vvar]
7fffd9ffa000-7fffd9ffc000 r-xp 00000000 00:00 0                          [vdso]
ffffffffff600000-ffffffffff601000 r-xp 00000000 00:00 0                  [vsyscall]

VM Arguments:
jvm_args: -Dfile.encoding=UTF-8 -Djava.util.logging.SimpleFormatter.format=%5$s%6$s%n 
java_command: jot.demo.gui.GameMain Tim
java_class_path (initial): /home/gpaiva/Desktop/projects/code/git/Bitbucket/JOT/lib/commons-math/commons-math3-3.6.1.jar:/home/gpaiva/Desktop/projects/code/git/Bitbucket/JOT/lib/jogamp-all-platforms/jar/gluegen-rt-natives-linux-amd64.jar:/home/gpaiva/Desktop/projects/code/git/Bitbucket/JOT/lib/jogamp-all-platforms/jar/gluegen-rt-natives-linux-i586.jar:/home/gpaiva/Desktop/projects/code/git/Bitbucket/JOT/lib/jogamp-all-platforms/jar/gluegen-rt-natives-macosx-universal.jar:/home/gpaiva/Desktop/projects/code/git/Bitbucket/JOT/lib/jogamp-all-platforms/jar/gluegen-rt-natives-windows-amd64.jar:/home/gpaiva/Desktop/projects/code/git/Bitbucket/JOT/lib/jogamp-all-platforms/jar/gluegen-rt-natives-windows-i586.jar:/home/gpaiva/Desktop/projects/code/git/Bitbucket/JOT/lib/jogamp-all-platforms/jar/gluegen-rt.jar:/home/gpaiva/Desktop/projects/code/git/Bitbucket/JOT/lib/jogamp-all-platforms/jar/gluegen.jar:/home/gpaiva/Desktop/projects/code/git/Bitbucket/JOT/lib/jogamp-all-platforms/jar/joal-natives-linux-amd64.jar:/home/gpaiva/Desktop/projects/code/git/Bitbucket/JOT/lib/jogamp-all-platforms/jar/joal-natives-linux-i586.jar:/home/gpaiva/Desktop/projects/code/git/Bitbucket/JOT/lib/jogamp-all-platforms/jar/joal-natives-macosx-universal.jar:/home/gpaiva/Desktop/projects/code/git/Bitbucket/JOT/lib/jogamp-all-platforms/jar/joal-natives-windows-amd64.jar:/home/gpaiva/Desktop/projects/code/git/Bitbucket/JOT/lib/jogamp-all-platforms/jar/joal-natives-windows-i586.jar:/home/gpaiva/Desktop/projects/code/git/Bitbucket/JOT/lib/jogamp-all-platforms/jar/joal.jar:/home/gpaiva/Desktop/projects/code/git/Bitbucket/JOT/lib/jogamp-all-platforms/jar/jocl-natives-linux-amd64.jar:/home/gpaiva/Desktop/projects/code/git/Bitbucket/JOT/lib/jogamp-all-platforms/jar/jocl-natives-linux-i586.jar:/home/gpaiva/Desktop/projects/code/git/Bitbucket/JOT/lib/jogamp-all-platforms/jar/jocl-natives-macosx-universal.jar:/home/gpaiva/Desktop/projects/code/git/Bitbucket/JOT/lib/jogamp-all-platforms/jar/jocl-natives-windows-a
Launcher Type: SUN_STANDARD

Environment Variables:
JAVA_HOME=/usr/local/java/jdk1.8.0_144
JRE_HOME=/usr/local/java/jre1.8.0_144
PATH=/home/gpaiva/bin:/home/gpaiva/.local/bin:/usr/local/sbin:/usr/local/bin:/usr/sbin:/usr/bin:/sbin:/bin:/usr/games:/usr/local/games:/home/gpaiva/omnetpp-5.1/bin:/home/gpaiva/bin:/usr/local/java/jdk1.8.0_144/bin:/home/gpaiva/bin:/usr/local/java/jre1.8.0_144/bin
LD_LIBRARY_PATH=/usr/local/java/jdk1.8.0_144/jre/lib/amd64:/usr/local/java/jdk1.8.0_144/jre/lib/i386:
SHELL=/bin/bash
DISPLAY=:0

Signal Handlers:
SIGSEGV: [libjvm.so+0xacba10], sa_mask[0]=11111111011111111101111111111110, sa_flags=SA_RESTART|SA_SIGINFO
SIGBUS: [libjvm.so+0xacba10], sa_mask[0]=11111111011111111101111111111110, sa_flags=SA_RESTART|SA_SIGINFO
SIGFPE: [libjvm.so+0x924ba0], sa_mask[0]=11111111011111111101111111111110, sa_flags=SA_RESTART|SA_SIGINFO
SIGPIPE: [libjvm.so+0x924ba0], sa_mask[0]=11111111011111111101111111111110, sa_flags=SA_RESTART|SA_SIGINFO
SIGXFSZ: [libjvm.so+0x924ba0], sa_mask[0]=11111111011111111101111111111110, sa_flags=SA_RESTART|SA_SIGINFO
SIGILL: [libjvm.so+0x924ba0], sa_mask[0]=11111111011111111101111111111110, sa_flags=SA_RESTART|SA_SIGINFO
SIGUSR1: SIG_DFL, sa_mask[0]=00000000000000000000000000000000, sa_flags=none
SIGUSR2: [libjvm.so+0x9263e0], sa_mask[0]=00100000000000000000000000000000, sa_flags=SA_RESTART|SA_SIGINFO
SIGHUP: [libjvm.so+0x9277e0], sa_mask[0]=11111111011111111101111111111110, sa_flags=SA_RESTART|SA_SIGINFO
SIGINT: SIG_IGN, sa_mask[0]=00000000000000000000000000000000, sa_flags=none
SIGTERM: [libjvm.so+0x9277e0], sa_mask[0]=11111111011111111101111111111110, sa_flags=SA_RESTART|SA_SIGINFO
SIGQUIT: [libjvm.so+0x9277e0], sa_mask[0]=11111111011111111101111111111110, sa_flags=SA_RESTART|SA_SIGINFO


---------------  S Y S T E M  ---------------

OS:DISTRIB_ID=LinuxMint
DISTRIB_RELEASE=18.2
DISTRIB_CODENAME=sonya
DISTRIB_DESCRIPTION="Linux Mint 18.2 Sonya"

uname:Linux 4.4.0-89-generic #112-Ubuntu SMP Mon Jul 31 19:38:41 UTC 2017 x86_64
libc:glibc 2.23 NPTL 2.23 
rlimit: STACK 8192k, CORE 0k, NPROC 15636, NOFILE 1048576, AS infinity
load average:2,12 2,84 2,40

/proc/meminfo:
MemTotal:        4045356 kB
MemFree:          126896 kB
MemAvailable:    1710360 kB
Buffers:           36444 kB
Cached:          1723172 kB
SwapCached:        29976 kB
Active:          2022228 kB
Inactive:        1568660 kB
Active(anon):    1150548 kB
Inactive(anon):   696848 kB
Active(file):     871680 kB
Inactive(file):   871812 kB
Unevictable:          32 kB
Mlocked:              32 kB
SwapTotal:       3998204 kB
SwapFree:        3435756 kB
Dirty:              2268 kB
Writeback:             0 kB
AnonPages:       1825936 kB
Mapped:           174680 kB
Shmem:             16076 kB
Slab:             158344 kB
SReclaimable:      90284 kB
SUnreclaim:        68060 kB
KernelStack:        8544 kB
PageTables:        33816 kB
NFS_Unstable:          0 kB
Bounce:                0 kB
WritebackTmp:          0 kB
CommitLimit:     6020880 kB
Committed_AS:    5429784 kB
VmallocTotal:   34359738367 kB
VmallocUsed:           0 kB
VmallocChunk:          0 kB
HardwareCorrupted:     0 kB
AnonHugePages:    882688 kB
CmaTotal:              0 kB
CmaFree:               0 kB
HugePages_Total:       0
HugePages_Free:        0
HugePages_Rsvd:        0
HugePages_Surp:        0
Hugepagesize:       2048 kB
DirectMap4k:     1143616 kB
DirectMap2M:     3049472 kB


CPU:total 2 (initial active 2) (2 cores per cpu, 1 threads per core) family 6 model 23 stepping 6, cmov, cx8, fxsr, mmx, sse, sse2, sse3, ssse3, sse4.1, tsc

/proc/cpuinfo:
processor	: 0
vendor_id	: GenuineIntel
cpu family	: 6
model		: 23
model name	: Intel(R) Core(TM)2 Duo CPU     T9300  @ 2.50GHz
stepping	: 6
microcode	: 0x60c
cpu MHz		: 2401.000
cache size	: 6144 KB
physical id	: 0
siblings	: 2
core id		: 0
cpu cores	: 2
apicid		: 0
initial apicid	: 0
fpu		: yes
fpu_exception	: yes
cpuid level	: 10
wp		: yes
flags		: fpu vme de pse tsc msr pae mce cx8 apic sep mtrr pge mca cmov pat pse36 clflush dts acpi mmx fxsr sse sse2 ss ht tm pbe syscall nx lm constant_tsc arch_perfmon pebs bts rep_good nopl aperfmperf pni dtes64 monitor ds_cpl vmx est tm2 ssse3 cx16 xtpr pdcm sse4_1 lahf_lm tpr_shadow vnmi flexpriority dtherm ida
bugs		:
bogomips	: 4987.48
clflush size	: 64
cache_alignment	: 64
address sizes	: 36 bits physical, 48 bits virtual
power management:

processor	: 1
vendor_id	: GenuineIntel
cpu family	: 6
model		: 23
model name	: Intel(R) Core(TM)2 Duo CPU     T9300  @ 2.50GHz
stepping	: 6
microcode	: 0x60c
cpu MHz		: 2401.000
cache size	: 6144 KB
physical id	: 0
siblings	: 2
core id		: 1
cpu cores	: 2
apicid		: 1
initial apicid	: 1
fpu		: yes
fpu_exception	: yes
cpuid level	: 10
wp		: yes
flags		: fpu vme de pse tsc msr pae mce cx8 apic sep mtrr pge mca cmov pat pse36 clflush dts acpi mmx fxsr sse sse2 ss ht tm pbe syscall nx lm constant_tsc arch_perfmon pebs bts rep_good nopl aperfmperf pni dtes64 monitor ds_cpl vmx est tm2 ssse3 cx16 xtpr pdcm sse4_1 lahf_lm tpr_shadow vnmi flexpriority dtherm ida
bugs		:
bogomips	: 4987.48
clflush size	: 64
cache_alignment	: 64
address sizes	: 36 bits physical, 48 bits virtual
power management:



Memory: 4k page, physical 4045356k(126896k free), swap 3998204k(3435756k free)

vm_info: Java HotSpot(TM) 64-Bit Server VM (25.144-b01) for linux-amd64 JRE (1.8.0_144-b01), built on Jul 21 2017 21:57:33 by "java_re" with gcc 4.3.0 20080428 (Red Hat 4.3.0-8)

time: Tue Aug 15 21:25:55 2017
elapsed time: 12 seconds (0d 0h 0m 12s)

