#
# A fatal error has been detected by the Java Runtime Environment:
#
#  SIGSEGV (0xb) at pc=0x00007f4ec5e9dbc9, pid=14070, tid=0x00007f4ea64fd700
#
# JRE version: Java(TM) SE Runtime Environment (8.0_144-b01) (build 1.8.0_144-b01)
# Java VM: Java HotSpot(TM) 64-Bit Server VM (25.144-b01 mixed mode linux-amd64 compressed oops)
# Problematic frame:
# C  [libGL.so.1+0xd7bc9]
#
# Failed to write core dump. Core dumps have been disabled. To enable core dumping, try "ulimit -c unlimited" before starting Java again
#
# If you would like to submit a bug report, please visit:
#   http://bugreport.java.com/bugreport/crash.jsp
# The crash happened outside the Java Virtual Machine in native code.
# See problematic frame for where to report the bug.
#

---------------  T H R E A D  ---------------

Current thread (0x00007f4ed869b000):  JavaThread "Thread-3" [_thread_in_native, id=14193, stack(0x00007f4ea63fd000,0x00007f4ea64fe000)]

siginfo: si_signo: 11 (SIGSEGV), si_code: 1 (SEGV_MAPERR), si_addr: 0x00000000000008b8

Registers:
RAX=0x0000000000000000, RBX=0x00007f4ec730c3a0, RCX=0x00000000eda1cfd0, RDX=0x0000000000000001
RSP=0x00007f4ea64fc3e8, RBP=0x00007f4ea64fc430, RSI=0x00000000eda1cfd0, RDI=0x0000000000000001
R8 =0x0000000000000001, R9 =0x0000000000000000, R10=0x00007f4f01015548, R11=0x00007f4f16349fa0
R12=0x0000000000000000, R13=0x00007f4ec730c3a0, R14=0x00007f4ea64fc508, R15=0x00007f4ed869b000
RIP=0x00007f4ec5e9dbc9, EFLAGS=0x0000000000010246, CSGSFS=0x0000000000000033, ERR=0x0000000000000004
  TRAPNO=0x000000000000000e

Top of Stack: (sp=0x00007f4ea64fc3e8)
0x00007f4ea64fc3e8:   00007f4ec59691fd 00007f4ed869b000
0x00007f4ea64fc3f8:   00007f00d869b000 00007f4ea64fc4f8
0x00007f4ea64fc408:   0000000100000000 00007f4ea64fc508
0x00007f4ea64fc418:   00007f4ed869b1f8 00007f4ec5e9dbc0
0x00007f4ea64fc428:   00000000eda1cfd0 00007f4ea64fc4b8
0x00007f4ea64fc438:   00007f4f01015574 00007f4ec5e9dbc0
0x00007f4ea64fc448:   00007f4ed869b000 00007f4ec730c3a0
0x00007f4ea64fc458:   0000000000000000 00007f4ea64fc4b8
0x00007f4ea64fc468:   00007f4f01015307 00007f4f010152c2
0x00007f4ea64fc478:   00007f4ea64fc478 00007f4ec730c3a0
0x00007f4ea64fc488:   00007f4ea64fc508 00007f4ec61f2028
0x00007f4ea64fc498:   0000000000000000 00007f4ec730c3a0
0x00007f4ea64fc4a8:   0000000000000000 00007f4ea64fc4d8
0x00007f4ea64fc4b8:   00007f4ea64fc550 00007f4f01007ffd
0x00007f4ea64fc4c8:   0000000000000000 00007f4f01011278
0x00007f4ea64fc4d8:   00007f4ec5e9dbc0 00007f4ea64fc588
0x00007f4ea64fc4e8:   0000000000000000 0000000000000000
0x00007f4ea64fc4f8:   00000000eda1cfc0 0000000000000001
0x00007f4ea64fc508:   00000000c28ad768 00007f4ea64fc510
0x00007f4ea64fc518:   00007f4ec730c4a3 00007f4ea64fc588
0x00007f4ea64fc528:   00007f4ec61f2028 0000000000000000
0x00007f4ea64fc538:   00007f4ec730c4b8 00007f4ea64fc4d8
0x00007f4ea64fc548:   00007f4ea64fc570 00007f4ea64fc5d0
0x00007f4ea64fc558:   00007f4f01008042 00007f4ec5e9dbc0
0x00007f4ea64fc568:   0000000000000000 0000000000000000
0x00007f4ea64fc578:   00000000eda1cfc0 0000000000000001
0x00007f4ea64fc588:   00000000c28ad768 00007f4ea64fc590
0x00007f4ea64fc598:   00007f4ea69681b5 00007f4ea64fc5e8
0x00007f4ea64fc5a8:   00007f4ea696a5b0 00007f4e9ea64390
0x00007f4ea64fc5b8:   00007f4ea69681d0 00007f4ea64fc570
0x00007f4ea64fc5c8:   00007f4ea64fc5e0 00007f4ea64fc630
0x00007f4ea64fc5d8:   00007f4f01007ffd 00000000c28ad768 

Instructions: (pc=0x00007f4ec5e9dbc9)
0x00007f4ec5e9dba9:   00 0f 1f 80 00 00 00 00 66 66 66 66 66 66 2e 0f
0x00007f4ec5e9dbb9:   1f 84 00 00 00 00 00 64 48 8b 04 25 78 ff ff ff
0x00007f4ec5e9dbc9:   ff a0 b8 08 00 00 cc cc cc cc cc cc cc cc cc cc
0x00007f4ec5e9dbd9:   cc cc cc cc cc cc cc 1b 4c 01 d8 ff a0 b8 08 00 

Register to memory mapping:

RAX=0x0000000000000000 is an unknown value
RBX={method} {0x00007f4ec730c3a0} 'dispatch_glDeleteTextures1' '(ILjava/lang/Object;IZJ)V' in 'jogamp/opengl/gl4/GL4bcImpl'
RCX=0x00000000eda1cfd0 is an oop

[error occurred during error reporting (printing register info), id 0xb]

Stack: [0x00007f4ea63fd000,0x00007f4ea64fe000],  sp=0x00007f4ea64fc3e8,  free space=1020k
Native frames: (J=compiled Java code, j=interpreted, Vv=VM code, C=native code)
C  [libGL.so.1+0xd7bc9]
j  jogamp.opengl.gl4.GL4bcImpl.dispatch_glDeleteTextures1(ILjava/lang/Object;IZJ)V+0
j  jogamp.opengl.gl4.GL4bcImpl.glDeleteTextures(I[II)V+107
j  com.jogamp.opengl.util.texture.Texture.destroy(Lcom/jogamp/opengl/GL;)V+21
j  jot.manager.SceneManager.lambda$dispose$0(Lcom/jogamp/opengl/GL2;Lcom/jogamp/opengl/util/texture/Texture;)V+2
j  jot.manager.SceneManager$$Lambda$38.accept(Ljava/lang/Object;)V+8
j  java.util.concurrent.ConcurrentHashMap$ValueSpliterator.forEachRemaining(Ljava/util/function/Consumer;)V+26
J 2637 C1 java.util.stream.ReferencePipeline$Head.forEach(Ljava/util/function/Consumer;)V (26 bytes) @ 0x00007f4f018926ec [0x00007f4f01892140+0x5ac]
j  jot.manager.SceneManager.dispose(Lcom/jogamp/opengl/GL2;)V+17
j  jot.gui.Game.lambda$gameShutdown$0()V+29
j  jot.gui.Game$$Lambda$37.run()V+4
j  java.lang.Thread.run()V+11
v  ~StubRoutines::call_stub
V  [libjvm.so+0x693e96]  JavaCalls::call_helper(JavaValue*, methodHandle*, JavaCallArguments*, Thread*)+0x1056
V  [libjvm.so+0x6943a1]  JavaCalls::call_virtual(JavaValue*, KlassHandle, Symbol*, Symbol*, JavaCallArguments*, Thread*)+0x321
V  [libjvm.so+0x694847]  JavaCalls::call_virtual(JavaValue*, Handle, KlassHandle, Symbol*, Symbol*, Thread*)+0x47
V  [libjvm.so+0x72fbd0]  thread_entry(JavaThread*, Thread*)+0xa0
V  [libjvm.so+0xa79753]  JavaThread::thread_main_inner()+0x103
V  [libjvm.so+0xa7989c]  JavaThread::run()+0x11c
V  [libjvm.so+0x92a338]  java_start(Thread*)+0x108
C  [libpthread.so.0+0x76ba]  start_thread+0xca

Java frames: (J=compiled Java code, j=interpreted, Vv=VM code)
j  jogamp.opengl.gl4.GL4bcImpl.dispatch_glDeleteTextures1(ILjava/lang/Object;IZJ)V+0
j  jogamp.opengl.gl4.GL4bcImpl.glDeleteTextures(I[II)V+107
j  com.jogamp.opengl.util.texture.Texture.destroy(Lcom/jogamp/opengl/GL;)V+21
j  jot.manager.SceneManager.lambda$dispose$0(Lcom/jogamp/opengl/GL2;Lcom/jogamp/opengl/util/texture/Texture;)V+2
j  jot.manager.SceneManager$$Lambda$38.accept(Ljava/lang/Object;)V+8
j  java.util.concurrent.ConcurrentHashMap$ValueSpliterator.forEachRemaining(Ljava/util/function/Consumer;)V+26
J 2637 C1 java.util.stream.ReferencePipeline$Head.forEach(Ljava/util/function/Consumer;)V (26 bytes) @ 0x00007f4f018926ec [0x00007f4f01892140+0x5ac]
j  jot.manager.SceneManager.dispose(Lcom/jogamp/opengl/GL2;)V+17
j  jot.gui.Game.lambda$gameShutdown$0()V+29
j  jot.gui.Game$$Lambda$37.run()V+4
j  java.lang.Thread.run()V+11
v  ~StubRoutines::call_stub

---------------  P R O C E S S  ---------------

Java Threads: ( => current thread )
=>0x00007f4ed869b000 JavaThread "Thread-3" [_thread_in_native, id=14193, stack(0x00007f4ea63fd000,0x00007f4ea64fe000)]
  0x00007f4f1000c000 JavaThread "DestroyJavaVM" [_thread_blocked, id=14073, stack(0x00007f4f1744a000,0x00007f4f1754b000)]
  0x00007f4f107d2000 JavaThread "main-Display-.x11_:0-1-EDT-1" daemon [_thread_blocked, id=14135, stack(0x00007f4ec6519000,0x00007f4ec661a000)]
  0x00007f4f106b2800 JavaThread "main-SharedResourceRunner" daemon [_thread_blocked, id=14118, stack(0x00007f4ec406e000,0x00007f4ec416f000)]
  0x00007f4f10697800 JavaThread "main-SharedResourceRunner" daemon [_thread_blocked, id=14097, stack(0x00007f4ec5809000,0x00007f4ec590a000)]
  0x00007f4f10663000 JavaThread "AWT-XAWT" daemon [_thread_in_native, id=14093, stack(0x00007f4ecc029000,0x00007f4ecc12a000)]
  0x00007f4f10647000 JavaThread "Java2D Disposer" daemon [_thread_blocked, id=14092, stack(0x00007f4efc22a000,0x00007f4efc32b000)]
  0x00007f4f105b5000 JavaThread "process reaper" daemon [_thread_blocked, id=14088, stack(0x00007f4efc753000,0x00007f4efc78c000)]
  0x00007f4f100bd000 JavaThread "Service Thread" daemon [_thread_blocked, id=14083, stack(0x00007f4efce6a000,0x00007f4efcf6b000)]
  0x00007f4f100ba800 JavaThread "C1 CompilerThread1" daemon [_thread_blocked, id=14082, stack(0x00007f4efcf6b000,0x00007f4efd06c000)]
  0x00007f4f100b7800 JavaThread "C2 CompilerThread0" daemon [_thread_blocked, id=14081, stack(0x00007f4efd06c000,0x00007f4efd16d000)]
  0x00007f4f100b6000 JavaThread "Signal Dispatcher" daemon [_thread_blocked, id=14080, stack(0x00007f4efd16d000,0x00007f4efd26e000)]
  0x00007f4f10081800 JavaThread "Finalizer" daemon [_thread_blocked, id=14079, stack(0x00007f4efd548000,0x00007f4efd649000)]
  0x00007f4f1007d000 JavaThread "Reference Handler" daemon [_thread_blocked, id=14078, stack(0x00007f4efd649000,0x00007f4efd74a000)]

Other Threads:
  0x00007f4f10075800 VMThread [stack: 0x00007f4efd74a000,0x00007f4efd84b000] [id=14077]
  0x00007f4f100c0000 WatcherThread [stack: 0x00007f4efcd69000,0x00007f4efce6a000] [id=14084]

VM state:not at safepoint (normal execution)

VM Mutex/Monitor currently owned by a thread: None

Heap:
 PSYoungGen      total 162304K, used 105526K [0x00000000eb700000, 0x00000000fc180000, 0x0000000100000000)
  eden space 72192K, 50% used [0x00000000eb700000,0x00000000eda91c48,0x00000000efd80000)
  from space 90112K, 76% used [0x00000000f5d00000,0x00000000fa07be68,0x00000000fb500000)
  to   space 97792K, 0% used [0x00000000efd80000,0x00000000efd80000,0x00000000f5d00000)
 ParOldGen       total 190464K, used 99838K [0x00000000c2400000, 0x00000000cde00000, 0x00000000eb700000)
  object space 190464K, 52% used [0x00000000c2400000,0x00000000c857fbe0,0x00000000cde00000)
 Metaspace       used 27038K, capacity 27754K, committed 28160K, reserved 1075200K
  class space    used 2925K, capacity 3222K, committed 3328K, reserved 1048576K

Card table byte_map: [0x00007f4f1402c000,0x00007f4f1421b000] byte_map_base: 0x00007f4f13a1a000

Marking Bits: (ParMarkBitMap*) 0x00007f4f1694bdc0
 Begin Bits: [0x00007f4efedd4000, 0x00007f4effd44000)
 End Bits:   [0x00007f4effd44000, 0x00007f4f00cb4000)

Polling page: 0x00007f4f1759c000

CodeCache: size=245760Kb used=8925Kb max_used=9858Kb free=236834Kb
 bounds [0x00007f4f01000000, 0x00007f4f019b0000, 0x00007f4f10000000]
 total_blobs=3770 nmethods=2708 adapters=976
 compilation: enabled

Compilation events (10 events):
Event: 28,588 Thread 0x00007f4f100ba800 nmethod 3056 0x00007f4f01693310 code [0x00007f4f01693480, 0x00007f4f016936d8]
Event: 28,622 Thread 0x00007f4f100b7800 3057       4       org.apache.commons.math3.util.MathArrays::linearCombination (332 bytes)
Event: 28,623 Thread 0x00007f4f100ba800 3059       3       java.util.Formatter::parse (151 bytes)
Event: 28,625 Thread 0x00007f4f100b7800 nmethod 3057 0x00007f4f011e6a50 code [0x00007f4f011e6ba0, 0x00007f4f011e6df8]
Event: 28,625 Thread 0x00007f4f100b7800 3060       4       java.util.Formatter$FixedString::<init> (15 bytes)
Event: 28,626 Thread 0x00007f4f100b7800 nmethod 3060 0x00007f4f0155c850 code [0x00007f4f0155c9a0, 0x00007f4f0155ca18]
Event: 28,629 Thread 0x00007f4f100ba800 nmethod 3059 0x00007f4f016b8b90 code [0x00007f4f016b8fa0, 0x00007f4f016bb618]
Event: 28,629 Thread 0x00007f4f100ba800 3058       3       org.apache.commons.math3.geometry.euclidean.threed.Vector3D::negate (23 bytes)
Event: 28,629 Thread 0x00007f4f100ba800 nmethod 3058 0x00007f4f01394190 code [0x00007f4f01394320, 0x00007f4f013945d0]
Event: 28,630 Thread 0x00007f4f100b7800 3062       4       sun.misc.FloatingDecimal$BinaryToASCIIBuffer::getChars (502 bytes)

GC Heap History (10 events):
Event: 5,376 GC heap before
{Heap before GC invocations=9 (full 3):
 PSYoungGen      total 81408K, used 29184K [0x00000000eb700000, 0x00000000f8f00000, 0x0000000100000000)
  eden space 52224K, 0% used [0x00000000eb700000,0x00000000eb700000,0x00000000eea00000)
  from space 29184K, 100% used [0x00000000f2000000,0x00000000f3c80000,0x00000000f3c80000)
  to   space 55296K, 0% used [0x00000000eea00000,0x00000000eea00000,0x00000000f2000000)
 ParOldGen       total 101888K, used 70986K [0x00000000c2400000, 0x00000000c8780000, 0x00000000eb700000)
  object space 101888K, 69% used [0x00000000c2400000,0x00000000c69528b0,0x00000000c8780000)
 Metaspace       used 21886K, capacity 22570K, committed 22832K, reserved 1069056K
  class space    used 2322K, capacity 2622K, committed 2688K, reserved 1048576K
Event: 5,541 GC heap after
Heap after GC invocations=9 (full 3):
 PSYoungGen      total 81408K, used 0K [0x00000000eb700000, 0x00000000f8f00000, 0x0000000100000000)
  eden space 52224K, 0% used [0x00000000eb700000,0x00000000eb700000,0x00000000eea00000)
  from space 29184K, 0% used [0x00000000f2000000,0x00000000f2000000,0x00000000f3c80000)
  to   space 55296K, 0% used [0x00000000eea00000,0x00000000eea00000,0x00000000f2000000)
 ParOldGen       total 190464K, used 99822K [0x00000000c2400000, 0x00000000cde00000, 0x00000000eb700000)
  object space 190464K, 52% used [0x00000000c2400000,0x00000000c857bbe0,0x00000000cde00000)
 Metaspace       used 21886K, capacity 22570K, committed 22832K, reserved 1069056K
  class space    used 2322K, capacity 2622K, committed 2688K, reserved 1048576K
}
Event: 5,572 GC heap before
{Heap before GC invocations=10 (full 3):
 PSYoungGen      total 81408K, used 52224K [0x00000000eb700000, 0x00000000f8f00000, 0x0000000100000000)
  eden space 52224K, 100% used [0x00000000eb700000,0x00000000eea00000,0x00000000eea00000)
  from space 29184K, 0% used [0x00000000f2000000,0x00000000f2000000,0x00000000f3c80000)
  to   space 55296K, 0% used [0x00000000eea00000,0x00000000eea00000,0x00000000f2000000)
 ParOldGen       total 190464K, used 99822K [0x00000000c2400000, 0x00000000cde00000, 0x00000000eb700000)
  object space 190464K, 52% used [0x00000000c2400000,0x00000000c857bbe0,0x00000000cde00000)
 Metaspace       used 21886K, capacity 22570K, committed 22832K, reserved 1069056K
  class space    used 2322K, capacity 2622K, committed 2688K, reserved 1048576K
Event: 5,639 GC heap after
Heap after GC invocations=10 (full 3):
 PSYoungGen      total 107520K, used 52512K [0x00000000eb700000, 0x00000000f8480000, 0x0000000100000000)
  eden space 52224K, 0% used [0x00000000eb700000,0x00000000eb700000,0x00000000eea00000)
  from space 55296K, 94% used [0x00000000eea00000,0x00000000f1d48000,0x00000000f2000000)
  to   space 66560K, 0% used [0x00000000f4380000,0x00000000f4380000,0x00000000f8480000)
 ParOldGen       total 190464K, used 99822K [0x00000000c2400000, 0x00000000cde00000, 0x00000000eb700000)
  object space 190464K, 52% used [0x00000000c2400000,0x00000000c857bbe0,0x00000000cde00000)
 Metaspace       used 21886K, capacity 22570K, committed 22832K, reserved 1069056K
  class space    used 2322K, capacity 2622K, committed 2688K, reserved 1048576K
}
Event: 8,299 GC heap before
{Heap before GC invocations=11 (full 3):
 PSYoungGen      total 107520K, used 104736K [0x00000000eb700000, 0x00000000f8480000, 0x0000000100000000)
  eden space 52224K, 100% used [0x00000000eb700000,0x00000000eea00000,0x00000000eea00000)
  from space 55296K, 94% used [0x00000000eea00000,0x00000000f1d48000,0x00000000f2000000)
  to   space 66560K, 0% used [0x00000000f4380000,0x00000000f4380000,0x00000000f8480000)
 ParOldGen       total 190464K, used 99822K [0x00000000c2400000, 0x00000000cde00000, 0x00000000eb700000)
  object space 190464K, 52% used [0x00000000c2400000,0x00000000c857bbe0,0x00000000cde00000)
 Metaspace       used 22474K, capacity 23100K, committed 23552K, reserved 1071104K
  class space    used 2397K, capacity 2691K, committed 2816K, reserved 1048576K
Event: 8,440 GC heap after
Heap after GC invocations=11 (full 3):
 PSYoungGen      total 131072K, used 65307K [0x00000000eb700000, 0x00000000f9b00000, 0x0000000100000000)
  eden space 64512K, 0% used [0x00000000eb700000,0x00000000eb700000,0x00000000ef600000)
  from space 66560K, 98% used [0x00000000f4380000,0x00000000f8346ca8,0x00000000f8480000)
  to   space 79360K, 0% used [0x00000000ef600000,0x00000000ef600000,0x00000000f4380000)
 ParOldGen       total 190464K, used 99822K [0x00000000c2400000, 0x00000000cde00000, 0x00000000eb700000)
  object space 190464K, 52% used [0x00000000c2400000,0x00000000c857bbe0,0x00000000cde00000)
 Metaspace       used 22474K, capacity 23100K, committed 23552K, reserved 1071104K
  class space    used 2397K, capacity 2691K, committed 2816K, reserved 1048576K
}
Event: 9,671 GC heap before
{Heap before GC invocations=12 (full 3):
 PSYoungGen      total 131072K, used 129555K [0x00000000eb700000, 0x00000000f9b00000, 0x0000000100000000)
  eden space 64512K, 99% used [0x00000000eb700000,0x00000000ef5be0f8,0x00000000ef600000)
  from space 66560K, 98% used [0x00000000f4380000,0x00000000f8346ca8,0x00000000f8480000)
  to   space 79360K, 0% used [0x00000000ef600000,0x00000000ef600000,0x00000000f4380000)
 ParOldGen       total 190464K, used 99822K [0x00000000c2400000, 0x00000000cde00000, 0x00000000eb700000)
  object space 190464K, 52% used [0x00000000c2400000,0x00000000c857bbe0,0x00000000cde00000)
 Metaspace       used 26138K, capacity 26816K, committed 27264K, reserved 1073152K
  class space    used 2892K, capacity 3179K, committed 3200K, reserved 1048576K
Event: 9,740 GC heap after
Heap after GC invocations=12 (full 3):
 PSYoungGen      total 143872K, used 70631K [0x00000000eb700000, 0x00000000fb500000, 0x0000000100000000)
  eden space 64512K, 0% used [0x00000000eb700000,0x00000000eb700000,0x00000000ef600000)
  from space 79360K, 89% used [0x00000000ef600000,0x00000000f3af9cf0,0x00000000f4380000)
  to   space 90112K, 0% used [0x00000000f5d00000,0x00000000f5d00000,0x00000000fb500000)
 ParOldGen       total 190464K, used 99830K [0x00000000c2400000, 0x00000000cde00000, 0x00000000eb700000)
  object space 190464K, 52% used [0x00000000c2400000,0x00000000c857dbe0,0x00000000cde00000)
 Metaspace       used 26138K, capacity 26816K, committed 27264K, reserved 1073152K
  class space    used 2892K, capacity 3179K, committed 3200K, reserved 1048576K
}
Event: 19,363 GC heap before
{Heap before GC invocations=13 (full 3):
 PSYoungGen      total 143872K, used 135143K [0x00000000eb700000, 0x00000000fb500000, 0x0000000100000000)
  eden space 64512K, 100% used [0x00000000eb700000,0x00000000ef600000,0x00000000ef600000)
  from space 79360K, 89% used [0x00000000ef600000,0x00000000f3af9cf0,0x00000000f4380000)
  to   space 90112K, 0% used [0x00000000f5d00000,0x00000000f5d00000,0x00000000fb500000)
 ParOldGen       total 190464K, used 99830K [0x00000000c2400000, 0x00000000cde00000, 0x00000000eb700000)
  object space 190464K, 52% used [0x00000000c2400000,0x00000000c857dbe0,0x00000000cde00000)
 Metaspace       used 26993K, capacity 27678K, committed 28160K, reserved 1075200K
  class space    used 2922K, capacity 3220K, committed 3328K, reserved 1048576K
Event: 19,474 GC heap after
Heap after GC invocations=13 (full 3):
 PSYoungGen      total 162304K, used 69103K [0x00000000eb700000, 0x00000000fc180000, 0x0000000100000000)
  eden space 72192K, 0% used [0x00000000eb700000,0x00000000eb700000,0x00000000efd80000)
  from space 90112K, 76% used [0x00000000f5d00000,0x00000000fa07be68,0x00000000fb500000)
  to   space 97792K, 0% used [0x00000000efd80000,0x00000000efd80000,0x00000000f5d00000)
 ParOldGen       total 190464K, used 99838K [0x00000000c2400000, 0x00000000cde00000, 0x00000000eb700000)
  object space 190464K, 52% used [0x00000000c2400000,0x00000000c857fbe0,0x00000000cde00000)
 Metaspace       used 26993K, capacity 27678K, committed 28160K, reserved 1075200K
  class space    used 2922K, capacity 3220K, committed 3328K, reserved 1048576K
}

Deoptimization events (10 events):
Event: 27,462 Thread 0x00007f4f1084e000 Uncommon trap: reason=unstable_if action=reinterpret pc=0x00007f4f0191964c method=sun.misc.FloatingDecimal$BinaryToASCIIBuffer.dtoa(IJIZ)V @ 1494
Event: 28,436 Thread 0x00007f4f1084e000 Uncommon trap: reason=unstable_if action=reinterpret pc=0x00007f4f015bb6f0 method=sun.misc.FloatingDecimal$BinaryToASCIIBuffer.dtoa(IJIZ)V @ 97
Event: 28,446 Thread 0x00007f4f1084e000 Uncommon trap: reason=unstable_if action=reinterpret pc=0x00007f4f014ff8a4 method=java.util.concurrent.ConcurrentLinkedQueue.first()Ljava/util/concurrent/ConcurrentLinkedQueue$Node; @ 32
Event: 28,446 Thread 0x00007f4f1084e000 Uncommon trap: reason=unstable_if action=reinterpret pc=0x00007f4f01942100 method=java.util.concurrent.ConcurrentLinkedQueue$Itr.advance()Ljava/lang/Object; @ 51
Event: 28,447 Thread 0x00007f4f1084e000 Uncommon trap: reason=unstable_if action=reinterpret pc=0x00007f4f01151994 method=java.util.concurrent.ConcurrentLinkedQueue$Itr.advance()Ljava/lang/Object; @ 51
Event: 28,457 Thread 0x00007f4f1084e000 Uncommon trap: reason=unstable_if action=reinterpret pc=0x00007f4f012a9f80 method=sun.misc.FloatingDecimal$BinaryToASCIIBuffer.getChars([C)I @ 233
Event: 28,457 Thread 0x00007f4f1084e000 Uncommon trap: reason=unstable_if action=reinterpret pc=0x00007f4f019a14a4 method=jot.math.geometry.PolygonMesh.render(Lcom/jogamp/opengl/GL2;)V @ 104
Event: 28,618 Thread 0x00007f4f1084e000 Uncommon trap: reason=unstable_if action=reinterpret pc=0x00007f4f01945e90 method=jot.io.device.handlers.KeyBoard.isDetecting(Ljava/lang/String;)Z @ 75
Event: 28,619 Thread 0x00007f4f1084e000 Uncommon trap: reason=unstable_if action=reinterpret pc=0x00007f4f01186618 method=java.util.Formatter.parse(Ljava/lang/String;)[Ljava/util/Formatter$FormatString; @ 47
Event: 28,637 Thread 0x00007f4ed869b000 Uncommon trap: reason=bimorphic action=maybe_recompile pc=0x00007f4f01990df4 method=java.util.stream.StreamOpFlag.fromCharacteristics(Ljava/util/Spliterator;)I @ 1

Internal exceptions (10 events):
Event: 1,720 Thread 0x00007f4f1000c000 Exception <a 'java/lang/NoClassDefFoundError': jot/util/ExtensionAIOptions> (0x00000000ec1212e0) thrown at [/HUDSON3/workspace/8-2-build-linux-amd64/jdk8u144/9417/hotspot/src/share/vm/oops/constantPool.cpp, line 235]
Event: 1,720 Thread 0x00007f4f1000c000 Exception <a 'java/lang/NoClassDefFoundError': jot/util/ExtensionAIOptions> (0x00000000ec121548) thrown at [/HUDSON3/workspace/8-2-build-linux-amd64/jdk8u144/9417/hotspot/src/share/vm/oops/constantPool.cpp, line 235]
Event: 1,720 Thread 0x00007f4f1000c000 Exception <a 'java/lang/NoClassDefFoundError': jot/util/ExtensionAIOptions> (0x00000000ec1217b0) thrown at [/HUDSON3/workspace/8-2-build-linux-amd64/jdk8u144/9417/hotspot/src/share/vm/oops/constantPool.cpp, line 235]
Event: 1,720 Thread 0x00007f4f1000c000 Exception <a 'java/lang/NoClassDefFoundError': jot/util/ExtensionAIOptions> (0x00000000ec121a18) thrown at [/HUDSON3/workspace/8-2-build-linux-amd64/jdk8u144/9417/hotspot/src/share/vm/oops/constantPool.cpp, line 235]
Event: 1,720 Thread 0x00007f4f1000c000 Exception <a 'java/lang/NoClassDefFoundError': jot/util/ExtensionAIOptions> (0x00000000ec121c80) thrown at [/HUDSON3/workspace/8-2-build-linux-amd64/jdk8u144/9417/hotspot/src/share/vm/oops/constantPool.cpp, line 235]
Event: 1,720 Thread 0x00007f4f1000c000 Exception <a 'java/lang/NoClassDefFoundError': jot/util/ExtensionAIOptions> (0x00000000ec121ee8) thrown at [/HUDSON3/workspace/8-2-build-linux-amd64/jdk8u144/9417/hotspot/src/share/vm/oops/constantPool.cpp, line 235]
Event: 1,858 Thread 0x00007f4f1000c000 Exception <a 'java/io/FileNotFoundException'> (0x00000000ec50cc48) thrown at [/HUDSON3/workspace/8-2-build-linux-amd64/jdk8u144/9417/hotspot/src/share/vm/prims/jni.cpp, line 709]
Event: 1,858 Thread 0x00007f4f1000c000 Exception <a 'java/io/FileNotFoundException'> (0x00000000ec50d608) thrown at [/HUDSON3/workspace/8-2-build-linux-amd64/jdk8u144/9417/hotspot/src/share/vm/prims/jni.cpp, line 709]
Event: 11,444 Thread 0x00007f4f1084e000 Implicit null exception at 0x00007f4f0185869c to 0x00007f4f0185995d
Event: 28,457 Thread 0x00007f4f1084e000 Implicit null exception at 0x00007f4f0199e78e to 0x00007f4f019a148d

Events (10 events):
Event: 28,637 loading class java/util/concurrent/ConcurrentHashMap$ValueSpliterator done
Event: 28,637 Thread 0x00007f4ed869b000 Uncommon trap: trap_request=0xffffffc6 fr.pc=0x00007f4f01990df4
Event: 28,637 Thread 0x00007f4ed869b000 DEOPT PACKING pc=0x00007f4f01990df4 sp=0x00007f4ea64fc6f0
Event: 28,637 Thread 0x00007f4ed869b000 DEOPT UNPACKING pc=0x00007f4f01004f69 sp=0x00007f4ea64fc6a8 mode 2
Event: 28,637 loading class com/jogamp/opengl/GL2
Event: 28,637 loading class com/jogamp/opengl/GL2 done
Event: 28,637 loading class com/jogamp/opengl/util/texture/Texture
Event: 28,637 loading class com/jogamp/opengl/util/texture/Texture done
Event: 28,637 loading class com/jogamp/opengl/GL2
Event: 28,637 loading class com/jogamp/opengl/GL2 done


Dynamic libraries:
00400000-00401000 r-xp 00000000 08:05 3148066                            /usr/local/java/jdk1.8.0_144/bin/java
00600000-00601000 rw-p 00000000 08:05 3148066                            /usr/local/java/jdk1.8.0_144/bin/java
006c0000-006e1000 rw-p 00000000 00:00 0                                  [heap]
405c7000-405c9000 r-xs 00000000 08:05 11272366                           /tmp/.glmz5NXH (deleted)
40d62000-40dfe000 rw-p 00000000 00:00 0 
4103f000-410db000 rw-p 00000000 00:00 0 
c2400000-cde00000 rw-p 00000000 00:00 0 
cde00000-eb700000 ---p 00000000 00:00 0 
eb700000-fc180000 rw-p 00000000 00:00 0 
fc180000-100000000 ---p 00000000 00:00 0 
100000000-100340000 rw-p 00000000 00:00 0 
100340000-140000000 ---p 00000000 00:00 0 
7f4e9ceda000-7f4e9d2da000 rw-s 2d6b9000 00:06 523                        /dev/nvidiactl
7f4e9d6da000-7f4e9dada000 rw-s 32343000 00:06 523                        /dev/nvidiactl
7f4e9dcda000-7f4e9dd1a000 rw-p 00000000 00:00 0 
7f4e9dd1a000-7f4e9deda000 ---p 00000000 00:00 0 
7f4e9deda000-7f4e9df43000 r-xp 00000000 08:05 3277887                    /usr/local/java/jdk1.8.0_144/jre/lib/amd64/libt2k.so
7f4e9df43000-7f4e9e143000 ---p 00069000 08:05 3277887                    /usr/local/java/jdk1.8.0_144/jre/lib/amd64/libt2k.so
7f4e9e143000-7f4e9e14a000 rw-p 00069000 08:05 3277887                    /usr/local/java/jdk1.8.0_144/jre/lib/amd64/libt2k.so
7f4e9e14a000-7f4e9eafc000 rw-p 00000000 00:00 0 
7f4e9eafc000-7f4e9ecfc000 rw-p 00000000 00:00 0 
7f4e9ecfc000-7f4ea4f7f000 rw-p 00000000 00:00 0 
7f4ea4f7f000-7f4ea537f000 rw-s 37e8b000 00:06 523                        /dev/nvidiactl
7f4ea537f000-7f4ea577f000 rw-s 101627000 00:06 523                       /dev/nvidiactl
7f4ea577f000-7f4ea5b50000 rw-p 00000000 00:00 0 
7f4ea5b50000-7f4ea5f50000 rw-s 6f4dc000 00:06 523                        /dev/nvidiactl
7f4ea5f50000-7f4ea6321000 rw-p 00000000 00:00 0 
7f4ea63fd000-7f4ea6400000 ---p 00000000 00:00 0 
7f4ea6400000-7f4ea64fe000 rw-p 00000000 00:00 0 
7f4ea64fe000-7f4ea66fe000 rw-s 139a89000 00:06 523                       /dev/nvidiactl
7f4ea66fe000-7f4ea6701000 ---p 00000000 00:00 0 
7f4ea6701000-7f4ea69ff000 rw-p 00000000 00:00 0 
7f4ea69ff000-7f4eaaa00000 rw-s 00000000 00:13 6                          /dev/shm/pulse-shm-340349428
7f4eaaa00000-7f4eaea01000 rw-s 00000000 00:13 9                          /dev/shm/pulse-shm-1071192101
7f4eaea01000-7f4eaea02000 ---p 00000000 00:00 0 
7f4eaea02000-7f4eaf202000 rw-p 00000000 00:00 0 
7f4eaf202000-7f4eaf22c000 r-xp 00000000 08:05 11414085                   /usr/lib/x86_64-linux-gnu/libvorbis.so.0.4.8
7f4eaf22c000-7f4eaf42c000 ---p 0002a000 08:05 11414085                   /usr/lib/x86_64-linux-gnu/libvorbis.so.0.4.8
7f4eaf42c000-7f4eaf42d000 r--p 0002a000 08:05 11414085                   /usr/lib/x86_64-linux-gnu/libvorbis.so.0.4.8
7f4eaf42d000-7f4eaf42e000 rw-p 0002b000 08:05 11414085                   /usr/lib/x86_64-linux-gnu/libvorbis.so.0.4.8
7f4eaf42e000-7f4eaf435000 r-xp 00000000 08:05 11413751                   /usr/lib/x86_64-linux-gnu/libogg.so.0.8.2
7f4eaf435000-7f4eaf635000 ---p 00007000 08:05 11413751                   /usr/lib/x86_64-linux-gnu/libogg.so.0.8.2
7f4eaf635000-7f4eaf636000 r--p 00007000 08:05 11413751                   /usr/lib/x86_64-linux-gnu/libogg.so.0.8.2
7f4eaf636000-7f4eaf637000 rw-p 00008000 08:05 11413751                   /usr/lib/x86_64-linux-gnu/libogg.so.0.8.2
7f4eaf637000-7f4eaf6a5000 r-xp 00000000 08:05 1839749                    /lib/x86_64-linux-gnu/libpcre.so.3.13.2
7f4eaf6a5000-7f4eaf8a5000 ---p 0006e000 08:05 1839749                    /lib/x86_64-linux-gnu/libpcre.so.3.13.2
7f4eaf8a5000-7f4eaf8a6000 r--p 0006e000 08:05 1839749                    /lib/x86_64-linux-gnu/libpcre.so.3.13.2
7f4eaf8a6000-7f4eaf8a7000 rw-p 0006f000 08:05 1839749                    /lib/x86_64-linux-gnu/libpcre.so.3.13.2
7f4eaf8a7000-7f4eaf8be000 r-xp 00000000 08:05 1836653                    /lib/x86_64-linux-gnu/libresolv-2.23.so
7f4eaf8be000-7f4eafabe000 ---p 00017000 08:05 1836653                    /lib/x86_64-linux-gnu/libresolv-2.23.so
7f4eafabe000-7f4eafabf000 r--p 00017000 08:05 1836653                    /lib/x86_64-linux-gnu/libresolv-2.23.so
7f4eafabf000-7f4eafac0000 rw-p 00018000 08:05 1836653                    /lib/x86_64-linux-gnu/libresolv-2.23.so
7f4eafac0000-7f4eafac2000 rw-p 00000000 00:00 0 
7f4eafac2000-7f4eafb4f000 r-xp 00000000 08:05 11414087                   /usr/lib/x86_64-linux-gnu/libvorbisenc.so.2.0.11
7f4eafb4f000-7f4eafd4e000 ---p 0008d000 08:05 11414087                   /usr/lib/x86_64-linux-gnu/libvorbisenc.so.2.0.11
7f4eafd4e000-7f4eafd6a000 r--p 0008c000 08:05 11414087                   /usr/lib/x86_64-linux-gnu/libvorbisenc.so.2.0.11
7f4eafd6a000-7f4eafd6b000 rw-p 000a8000 08:05 11414087                   /usr/lib/x86_64-linux-gnu/libvorbisenc.so.2.0.11
7f4eafd6b000-7f4eafdde000 r-xp 00000000 08:05 11412614                   /usr/lib/x86_64-linux-gnu/libFLAC.so.8.3.0
7f4eafdde000-7f4eaffde000 ---p 00073000 08:05 11412614                   /usr/lib/x86_64-linux-gnu/libFLAC.so.8.3.0
7f4eaffde000-7f4eaffdf000 r--p 00073000 08:05 11412614                   /usr/lib/x86_64-linux-gnu/libFLAC.so.8.3.0
7f4eaffdf000-7f4eaffe0000 rw-p 00074000 08:05 11412614                   /usr/lib/x86_64-linux-gnu/libFLAC.so.8.3.0
7f4eaffe0000-7f4eb0001000 r-xp 00000000 08:05 1839687                    /lib/x86_64-linux-gnu/liblzma.so.5.0.0
7f4eb0001000-7f4eb0200000 ---p 00021000 08:05 1839687                    /lib/x86_64-linux-gnu/liblzma.so.5.0.0
7f4eb0200000-7f4eb0201000 r--p 00020000 08:05 1839687                    /lib/x86_64-linux-gnu/liblzma.so.5.0.0
7f4eb0201000-7f4eb0202000 rw-p 00021000 08:05 1839687                    /lib/x86_64-linux-gnu/liblzma.so.5.0.0
7f4eb0202000-7f4eb0221000 r-xp 00000000 08:05 1839778                    /lib/x86_64-linux-gnu/libselinux.so.1
7f4eb0221000-7f4eb0420000 ---p 0001f000 08:05 1839778                    /lib/x86_64-linux-gnu/libselinux.so.1
7f4eb0420000-7f4eb0421000 r--p 0001e000 08:05 1839778                    /lib/x86_64-linux-gnu/libselinux.so.1
7f4eb0421000-7f4eb0422000 rw-p 0001f000 08:05 1839778                    /lib/x86_64-linux-gnu/libselinux.so.1
7f4eb0422000-7f4eb0424000 rw-p 00000000 00:00 0 
7f4eb0424000-7f4eb0429000 r-xp 00000000 08:05 11412867                   /usr/lib/x86_64-linux-gnu/libasyncns.so.0.3.1
7f4eb0429000-7f4eb0628000 ---p 00005000 08:05 11412867                   /usr/lib/x86_64-linux-gnu/libasyncns.so.0.3.1
7f4eb0628000-7f4eb0629000 r--p 00004000 08:05 11412867                   /usr/lib/x86_64-linux-gnu/libasyncns.so.0.3.1
7f4eb0629000-7f4eb062a000 rw-p 00005000 08:05 11412867                   /usr/lib/x86_64-linux-gnu/libasyncns.so.0.3.1
7f4eb062a000-7f4eb068c000 r-xp 00000000 08:05 11409293                   /usr/lib/x86_64-linux-gnu/libsndfile.so.1.0.25
7f4eb068c000-7f4eb088c000 ---p 00062000 08:05 11409293                   /usr/lib/x86_64-linux-gnu/libsndfile.so.1.0.25
7f4eb088c000-7f4eb088e000 r--p 00062000 08:05 11409293                   /usr/lib/x86_64-linux-gnu/libsndfile.so.1.0.25
7f4eb088e000-7f4eb088f000 rw-p 00064000 08:05 11409293                   /usr/lib/x86_64-linux-gnu/libsndfile.so.1.0.25
7f4eb088f000-7f4eb0893000 rw-p 00000000 00:00 0 
7f4eb0893000-7f4eb089b000 r-xp 00000000 08:05 1839806                    /lib/x86_64-linux-gnu/libwrap.so.0.7.6
7f4eb089b000-7f4eb0a9a000 ---p 00008000 08:05 1839806                    /lib/x86_64-linux-gnu/libwrap.so.0.7.6
7f4eb0a9a000-7f4eb0a9b000 r--p 00007000 08:05 1839806                    /lib/x86_64-linux-gnu/libwrap.so.0.7.6
7f4eb0a9b000-7f4eb0a9c000 rw-p 00008000 08:05 1839806                    /lib/x86_64-linux-gnu/libwrap.so.0.7.6
7f4eb0a9c000-7f4eb0a9d000 rw-p 00000000 00:00 0 
7f4eb0a9d000-7f4eb0b1d000 r-xp 00000000 08:05 1840664                    /lib/x86_64-linux-gnu/libsystemd.so.0.14.0
7f4eb0b1d000-7f4eb0b20000 r--p 0007f000 08:05 1840664                    /lib/x86_64-linux-gnu/libsystemd.so.0.14.0
7f4eb0b20000-7f4eb0b21000 rw-p 00082000 08:05 1840664                    /lib/x86_64-linux-gnu/libsystemd.so.0.14.0
7f4eb0b21000-7f4eb0b22000 rw-p 00000000 00:00 0 
7f4eb0b22000-7f4eb0b6c000 r-xp 00000000 08:05 1836611                    /lib/x86_64-linux-gnu/libdbus-1.so.3.14.6
7f4eb0b6c000-7f4eb0d6c000 ---p 0004a000 08:05 1836611                    /lib/x86_64-linux-gnu/libdbus-1.so.3.14.6
7f4eb0d6c000-7f4eb0d6d000 r--p 0004a000 08:05 1836611                    /lib/x86_64-linux-gnu/libdbus-1.so.3.14.6
7f4eb0d6d000-7f4eb0d6e000 rw-p 0004b000 08:05 1836611                    /lib/x86_64-linux-gnu/libdbus-1.so.3.14.6
7f4eb0d6e000-7f4eb0de8000 r-xp 00000000 08:05 11798505                   /usr/lib/x86_64-linux-gnu/pulseaudio/libpulsecommon-8.0.so
7f4eb0de8000-7f4eb0fe7000 ---p 0007a000 08:05 11798505                   /usr/lib/x86_64-linux-gnu/pulseaudio/libpulsecommon-8.0.so
7f4eb0fe7000-7f4eb0fe8000 r--p 00079000 08:05 11798505                   /usr/lib/x86_64-linux-gnu/pulseaudio/libpulsecommon-8.0.so
7f4eb0fe8000-7f4eb0fe9000 rw-p 0007a000 08:05 11798505                   /usr/lib/x86_64-linux-gnu/pulseaudio/libpulsecommon-8.0.so
7f4eb0fe9000-7f4eb0ff3000 r-xp 00000000 08:05 1839679                    /lib/x86_64-linux-gnu/libjson-c.so.2.0.0
7f4eb0ff3000-7f4eb11f2000 ---p 0000a000 08:05 1839679                    /lib/x86_64-linux-gnu/libjson-c.so.2.0.0
7f4eb11f2000-7f4eb11f3000 r--p 00009000 08:05 1839679                    /lib/x86_64-linux-gnu/libjson-c.so.2.0.0
7f4eb11f3000-7f4eb11f4000 rw-p 0000a000 08:05 1839679                    /lib/x86_64-linux-gnu/libjson-c.so.2.0.0
7f4eb11f4000-7f4eb1242000 r-xp 00000000 08:05 11405634                   /usr/lib/x86_64-linux-gnu/libpulse.so.0.19.0
7f4eb1242000-7f4eb1442000 ---p 0004e000 08:05 11405634                   /usr/lib/x86_64-linux-gnu/libpulse.so.0.19.0
7f4eb1442000-7f4eb1443000 r--p 0004e000 08:05 11405634                   /usr/lib/x86_64-linux-gnu/libpulse.so.0.19.0
7f4eb1443000-7f4eb1444000 rw-p 0004f000 08:05 11405634                   /usr/lib/x86_64-linux-gnu/libpulse.so.0.19.0
7f4eb1444000-7f4eb1452000 r-xp 00000000 08:05 11272392                   /tmp/jogamp_0000/file_cache/jln2518447982807392317/jln767654222998717078/natives/linux-amd64/libjoal.so
7f4eb1452000-7f4eb1651000 ---p 0000e000 08:05 11272392                   /tmp/jogamp_0000/file_cache/jln2518447982807392317/jln767654222998717078/natives/linux-amd64/libjoal.so
7f4eb1651000-7f4eb1652000 rw-p 0000d000 08:05 11272392                   /tmp/jogamp_0000/file_cache/jln2518447982807392317/jln767654222998717078/natives/linux-amd64/libjoal.so
7f4eb1652000-7f4eb16bb000 r-xp 00000000 08:05 11414836                   /usr/lib/x86_64-linux-gnu/libopenal.so.1.16.0
7f4eb16bb000-7f4eb18ba000 ---p 00069000 08:05 11414836                   /usr/lib/x86_64-linux-gnu/libopenal.so.1.16.0
7f4eb18ba000-7f4eb18be000 r--p 00068000 08:05 11414836                   /usr/lib/x86_64-linux-gnu/libopenal.so.1.16.0
7f4eb18be000-7f4eb18bf000 rw-p 0006c000 08:05 11414836                   /usr/lib/x86_64-linux-gnu/libopenal.so.1.16.0
7f4eb18bf000-7f4eb18c2000 rw-p 00000000 00:00 0 
7f4eb1910000-7f4eb1a10000 rw-s 1b11f000 00:06 523                        /dev/nvidiactl
7f4eb1a10000-7f4eb1a1a000 r-xp 00000000 08:05 11412801                   /usr/lib/x86_64-linux-gnu/libXrandr.so.2.2.0
7f4eb1a1a000-7f4eb1c19000 ---p 0000a000 08:05 11412801                   /usr/lib/x86_64-linux-gnu/libXrandr.so.2.2.0
7f4eb1c19000-7f4eb1c1a000 r--p 00009000 08:05 11412801                   /usr/lib/x86_64-linux-gnu/libXrandr.so.2.2.0
7f4eb1c1a000-7f4eb1c1b000 rw-p 0000a000 08:05 11412801                   /usr/lib/x86_64-linux-gnu/libXrandr.so.2.2.0
7f4eb1c1b000-7f4eb1c2c000 r-xp 00000000 08:05 11272353                   /tmp/jogamp_0000/file_cache/jln2518447982807392317/jln767654222998717078/natives/linux-amd64/libnewt.so
7f4eb1c2c000-7f4eb1e2b000 ---p 00011000 08:05 11272353                   /tmp/jogamp_0000/file_cache/jln2518447982807392317/jln767654222998717078/natives/linux-amd64/libnewt.so
7f4eb1e2b000-7f4eb1e2c000 rw-p 00010000 08:05 11272353                   /tmp/jogamp_0000/file_cache/jln2518447982807392317/jln767654222998717078/natives/linux-amd64/libnewt.so
7f4eb1e2c000-7f4eb1eac000 rw-s 122b71000 00:06 523                       /dev/nvidiactl
7f4eb1eac000-7f4eb1fac000 rw-s 1399e4000 00:06 523                       /dev/nvidiactl
7f4eb1fac000-7f4eb2060000 rw-s b7417000 00:06 523                        /dev/nvidiactl
7f4eb2060000-7f4eb2062000 r-xp 00000000 08:05 11412793                   /usr/lib/x86_64-linux-gnu/libXinerama.so.1.0.0
7f4eb2062000-7f4eb2261000 ---p 00002000 08:05 11412793                   /usr/lib/x86_64-linux-gnu/libXinerama.so.1.0.0
7f4eb2261000-7f4eb2262000 r--p 00001000 08:05 11412793                   /usr/lib/x86_64-linux-gnu/libXinerama.so.1.0.0
7f4eb2262000-7f4eb2263000 rw-p 00002000 08:05 11412793                   /usr/lib/x86_64-linux-gnu/libXinerama.so.1.0.0
7f4eb2263000-7f4eb229a000 r-xp 00000000 08:05 11414039                   /usr/lib/x86_64-linux-gnu/libtxc_dxtn_s2tc.so.0.0.0
7f4eb229a000-7f4eb2499000 ---p 00037000 08:05 11414039                   /usr/lib/x86_64-linux-gnu/libtxc_dxtn_s2tc.so.0.0.0
7f4eb2499000-7f4eb249a000 r--p 00036000 08:05 11414039                   /usr/lib/x86_64-linux-gnu/libtxc_dxtn_s2tc.so.0.0.0
7f4eb249a000-7f4eb249b000 rw-p 00037000 08:05 11414039                   /usr/lib/x86_64-linux-gnu/libtxc_dxtn_s2tc.so.0.0.0
7f4eb249b000-7f4eb249c000 ---p 00000000 00:00 0 
7f4eb249c000-7f4eb2c9c000 rw-p 00000000 00:00 0 
7f4eb2c9c000-7f4eb2c9d000 ---p 00000000 00:00 0 
7f4eb2c9d000-7f4eb349d000 rw-p 00000000 00:00 0 
7f4eb349d000-7f4eb34b0000 r-xp 00000000 08:05 1839616                    /lib/x86_64-linux-gnu/libbsd.so.0.8.2
7f4eb34b0000-7f4eb36af000 ---p 00013000 08:05 1839616                    /lib/x86_64-linux-gnu/libbsd.so.0.8.2
7f4eb36af000-7f4eb36b0000 r--p 00012000 08:05 1839616                    /lib/x86_64-linux-gnu/libbsd.so.0.8.2
7f4eb36b0000-7f4eb36b1000 rw-p 00013000 08:05 1839616                    /lib/x86_64-linux-gnu/libbsd.so.0.8.2
7f4eb36b1000-7f4eb36b2000 rw-p 00000000 00:00 0 
7f4eb36b2000-7f4eb36d7000 r-xp 00000000 08:05 1839792                    /lib/x86_64-linux-gnu/libtinfo.so.5.9
7f4eb36d7000-7f4eb38d6000 ---p 00025000 08:05 1839792                    /lib/x86_64-linux-gnu/libtinfo.so.5.9
7f4eb38d6000-7f4eb38da000 r--p 00024000 08:05 1839792                    /lib/x86_64-linux-gnu/libtinfo.so.5.9
7f4eb38da000-7f4eb38db000 rw-p 00028000 08:05 1839792                    /lib/x86_64-linux-gnu/libtinfo.so.5.9
7f4eb38db000-7f4eb390c000 r-xp 00000000 08:05 11413116                   /usr/lib/x86_64-linux-gnu/libedit.so.2.0.53
7f4eb390c000-7f4eb3b0c000 ---p 00031000 08:05 11413116                   /usr/lib/x86_64-linux-gnu/libedit.so.2.0.53
7f4eb3b0c000-7f4eb3b0e000 r--p 00031000 08:05 11413116                   /usr/lib/x86_64-linux-gnu/libedit.so.2.0.53
7f4eb3b0e000-7f4eb3b0f000 rw-p 00033000 08:05 11413116                   /usr/lib/x86_64-linux-gnu/libedit.so.2.0.53
7f4eb3b0f000-7f4eb3b13000 rw-p 00000000 00:00 0 
7f4eb3b13000-7f4eb3b2c000 r-xp 00000000 08:05 1836596                    /lib/x86_64-linux-gnu/libz.so.1.2.8
7f4eb3b2c000-7f4eb3d2b000 ---p 00019000 08:05 1836596                    /lib/x86_64-linux-gnu/libz.so.1.2.8
7f4eb3d2b000-7f4eb3d2c000 r--p 00018000 08:05 1836596                    /lib/x86_64-linux-gnu/libz.so.1.2.8
7f4eb3d2c000-7f4eb3d2d000 rw-p 00019000 08:05 1836596                    /lib/x86_64-linux-gnu/libz.so.1.2.8
7f4eb3d2d000-7f4eb3d3f000 r-xp 00000000 08:05 1839664                    /lib/x86_64-linux-gnu/libgpg-error.so.0.17.0
7f4eb3d3f000-7f4eb3f3f000 ---p 00012000 08:05 1839664                    /lib/x86_64-linux-gnu/libgpg-error.so.0.17.0
7f4eb3f3f000-7f4eb3f40000 r--p 00012000 08:05 1839664                    /lib/x86_64-linux-gnu/libgpg-error.so.0.17.0
7f4eb3f40000-7f4eb3f41000 rw-p 00013000 08:05 1839664                    /lib/x86_64-linux-gnu/libgpg-error.so.0.17.0
7f4eb3f41000-7f4eb40bb000 r-xp 00000000 08:05 11413561                   /usr/lib/x86_64-linux-gnu/libstdc++.so.6.0.23
7f4eb40bb000-7f4eb42bb000 ---p 0017a000 08:05 11413561                   /usr/lib/x86_64-linux-gnu/libstdc++.so.6.0.23
7f4eb42bb000-7f4eb42c5000 r--p 0017a000 08:05 11413561                   /usr/lib/x86_64-linux-gnu/libstdc++.so.6.0.23
7f4eb42c5000-7f4eb42c7000 rw-p 00184000 08:05 11413561                   /usr/lib/x86_64-linux-gnu/libstdc++.so.6.0.23
7f4eb42c7000-7f4eb42cb000 rw-p 00000000 00:00 0 
7f4eb42cb000-7f4eb67bd000 r-xp 00000000 08:05 11412646                   /usr/lib/x86_64-linux-gnu/libLLVM-3.8.so.1
7f4eb67bd000-7f4eb69bd000 ---p 024f2000 08:05 11412646                   /usr/lib/x86_64-linux-gnu/libLLVM-3.8.so.1
7f4eb69bd000-7f4eb6c72000 r--p 024f2000 08:05 11412646                   /usr/lib/x86_64-linux-gnu/libLLVM-3.8.so.1
7f4eb6c72000-7f4eb6c74000 rw-p 027a7000 08:05 11412646                   /usr/lib/x86_64-linux-gnu/libLLVM-3.8.so.1
7f4eb6c74000-7f4eb6c9e000 rw-p 00000000 00:00 0 
7f4eb6c9e000-7f4eb6cb5000 r-xp 00000000 08:05 11413121                   /usr/lib/x86_64-linux-gnu/libelf-0.165.so
7f4eb6cb5000-7f4eb6eb4000 ---p 00017000 08:05 11413121                   /usr/lib/x86_64-linux-gnu/libelf-0.165.so
7f4eb6eb4000-7f4eb6eb5000 r--p 00016000 08:05 11413121                   /usr/lib/x86_64-linux-gnu/libelf-0.165.so
7f4eb6eb5000-7f4eb6eb6000 rw-p 00017000 08:05 11413121                   /usr/lib/x86_64-linux-gnu/libelf-0.165.so
7f4eb6eb6000-7f4eb6ebf000 r-xp 00000000 08:05 11408914                   /usr/lib/x86_64-linux-gnu/libdrm_amdgpu.so.1.0.0
7f4eb6ebf000-7f4eb70be000 ---p 00009000 08:05 11408914                   /usr/lib/x86_64-linux-gnu/libdrm_amdgpu.so.1.0.0
7f4eb70be000-7f4eb70bf000 r--p 00008000 08:05 11408914                   /usr/lib/x86_64-linux-gnu/libdrm_amdgpu.so.1.0.0
7f4eb70bf000-7f4eb70c0000 rw-p 00009000 08:05 11408914                   /usr/lib/x86_64-linux-gnu/libdrm_amdgpu.so.1.0.0
7f4eb70c0000-7f4eb70cb000 r-xp 00000000 08:05 11408904                   /usr/lib/x86_64-linux-gnu/libdrm_radeon.so.1.0.1
7f4eb70cb000-7f4eb72ca000 ---p 0000b000 08:05 11408904                   /usr/lib/x86_64-linux-gnu/libdrm_radeon.so.1.0.1
7f4eb72ca000-7f4eb72cb000 r--p 0000a000 08:05 11408904                   /usr/lib/x86_64-linux-gnu/libdrm_radeon.so.1.0.1
7f4eb72cb000-7f4eb72cc000 rw-p 0000b000 08:05 11408904                   /usr/lib/x86_64-linux-gnu/libdrm_radeon.so.1.0.1
7f4eb72cc000-7f4eb7bc4000 r-xp 00000000 08:05 11798821                   /usr/lib/x86_64-linux-gnu/dri/swrast_dri.so
7f4eb7bc4000-7f4eb7dc4000 ---p 008f8000 08:05 11798821                   /usr/lib/x86_64-linux-gnu/dri/swrast_dri.so
7f4eb7dc4000-7f4eb7dfd000 r--p 008f8000 08:05 11798821                   /usr/lib/x86_64-linux-gnu/dri/swrast_dri.so
7f4eb7dfd000-7f4eb7e09000 rw-p 00931000 08:05 11798821                   /usr/lib/x86_64-linux-gnu/dri/swrast_dri.so
7f4eb7e09000-7f4eb8000000 rw-p 00000000 00:00 0 
7f4eb8000000-7f4eb840a000 rw-p 00000000 00:00 0 
7f4eb840a000-7f4ebc000000 ---p 00000000 00:00 0 
7f4ebc044000-7f4ebc04b000 r-xp 00000000 08:05 11408908                   /usr/lib/x86_64-linux-gnu/libdrm_nouveau.so.2.0.0
7f4ebc04b000-7f4ebc24a000 ---p 00007000 08:05 11408908                   /usr/lib/x86_64-linux-gnu/libdrm_nouveau.so.2.0.0
7f4ebc24a000-7f4ebc24b000 r--p 00006000 08:05 11408908                   /usr/lib/x86_64-linux-gnu/libdrm_nouveau.so.2.0.0
7f4ebc24b000-7f4ebc24c000 rw-p 00007000 08:05 11408908                   /usr/lib/x86_64-linux-gnu/libdrm_nouveau.so.2.0.0
7f4ebc24c000-7f4ebc324000 r-xp 00000000 08:05 1835377                    /lib/x86_64-linux-gnu/libgcrypt.so.20.0.5
7f4ebc324000-7f4ebc523000 ---p 000d8000 08:05 1835377                    /lib/x86_64-linux-gnu/libgcrypt.so.20.0.5
7f4ebc523000-7f4ebc524000 r--p 000d7000 08:05 1835377                    /lib/x86_64-linux-gnu/libgcrypt.so.20.0.5
7f4ebc524000-7f4ebc52c000 rw-p 000d8000 08:05 1835377                    /lib/x86_64-linux-gnu/libgcrypt.so.20.0.5
7f4ebc52c000-7f4ebc72d000 rw-p 00000000 00:00 0 
7f4ebc72d000-7f4ebc789000 r-xp 00000000 08:05 11272332                   /tmp/jogamp_0000/file_cache/jln2518447982807392317/jln767654222998717078/natives/linux-amd64/libjogl_mobile.so
7f4ebc789000-7f4ebc989000 ---p 0005c000 08:05 11272332                   /tmp/jogamp_0000/file_cache/jln2518447982807392317/jln767654222998717078/natives/linux-amd64/libjogl_mobile.so
7f4ebc989000-7f4ebc98a000 rw-p 0005c000 08:05 11272332                   /tmp/jogamp_0000/file_cache/jln2518447982807392317/jln767654222998717078/natives/linux-amd64/libjogl_mobile.so
7f4ebc98a000-7f4ebc991000 r-xp 00000000 08:05 11413159                   /usr/lib/x86_64-linux-gnu/libffi.so.6.0.4
7f4ebc991000-7f4ebcb90000 ---p 00007000 08:05 11413159                   /usr/lib/x86_64-linux-gnu/libffi.so.6.0.4
7f4ebcb90000-7f4ebcb91000 r--p 00006000 08:05 11413159                   /usr/lib/x86_64-linux-gnu/libffi.so.6.0.4
7f4ebcb91000-7f4ebcb92000 rw-p 00007000 08:05 11413159                   /usr/lib/x86_64-linux-gnu/libffi.so.6.0.4
7f4ebcb92000-7f4ebcba2000 r-xp 00000000 08:05 11408932                   /usr/lib/x86_64-linux-gnu/libdrm.so.2.4.0
7f4ebcba2000-7f4ebcda1000 ---p 00010000 08:05 11408932                   /usr/lib/x86_64-linux-gnu/libdrm.so.2.4.0
7f4ebcda1000-7f4ebcda2000 r--p 0000f000 08:05 11408932                   /usr/lib/x86_64-linux-gnu/libdrm.so.2.4.0
7f4ebcda2000-7f4ebcda3000 rw-p 00010000 08:05 11408932                   /usr/lib/x86_64-linux-gnu/libdrm.so.2.4.0
7f4ebcda3000-7f4ebcdc9000 r-xp 00000000 08:05 1839960                    /lib/x86_64-linux-gnu/libexpat.so.1.6.0
7f4ebcdc9000-7f4ebcfc9000 ---p 00026000 08:05 1839960                    /lib/x86_64-linux-gnu/libexpat.so.1.6.0
7f4ebcfc9000-7f4ebcfcb000 r--p 00026000 08:05 1839960                    /lib/x86_64-linux-gnu/libexpat.so.1.6.0
7f4ebcfcb000-7f4ebcfcc000 rw-p 00028000 08:05 1839960                    /lib/x86_64-linux-gnu/libexpat.so.1.6.0
7f4ebcfcc000-7f4ebcfd9000 r-xp 00000000 08:05 11407388                   /usr/lib/x86_64-linux-gnu/libgbm.so.1.0.0
7f4ebcfd9000-7f4ebd1d8000 ---p 0000d000 08:05 11407388                   /usr/lib/x86_64-linux-gnu/libgbm.so.1.0.0
7f4ebd1d8000-7f4ebd1d9000 r--p 0000c000 08:05 11407388                   /usr/lib/x86_64-linux-gnu/libgbm.so.1.0.0
7f4ebd1d9000-7f4ebd1da000 rw-p 0000d000 08:05 11407388                   /usr/lib/x86_64-linux-gnu/libgbm.so.1.0.0
7f4ebd1da000-7f4ebd1ea000 r-xp 00000000 08:05 11407520                   /usr/lib/x86_64-linux-gnu/libwayland-server.so.0.1.0
7f4ebd1ea000-7f4ebd3e9000 ---p 00010000 08:05 11407520                   /usr/lib/x86_64-linux-gnu/libwayland-server.so.0.1.0
7f4ebd3e9000-7f4ebd3eb000 r--p 0000f000 08:05 11407520                   /usr/lib/x86_64-linux-gnu/libwayland-server.so.0.1.0
7f4ebd3eb000-7f4ebd3ec000 rw-p 00011000 08:05 11407520                   /usr/lib/x86_64-linux-gnu/libwayland-server.so.0.1.0
7f4ebd3ec000-7f4ebedae000 r-xp 00000000 08:05 11540977                   /usr/lib/nvidia-340/libnvidia-glcore.so.340.102
7f4ebedae000-7f4ebedcc000 rwxp 019c2000 08:05 11540977                   /usr/lib/nvidia-340/libnvidia-glcore.so.340.102
7f4ebedcc000-7f4ebf24a000 r-xp 019e0000 08:05 11540977                   /usr/lib/nvidia-340/libnvidia-glcore.so.340.102
7f4ebf24a000-7f4ebf449000 ---p 01e5e000 08:05 11540977                   /usr/lib/nvidia-340/libnvidia-glcore.so.340.102
7f4ebf449000-7f4ebffe3000 rw-p 01e5d000 08:05 11540977                   /usr/lib/nvidia-340/libnvidia-glcore.so.340.102
7f4ebffe3000-7f4ec0000000 rw-p 00000000 00:00 0 
7f4ec0000000-7f4ec03da000 rw-p 00000000 00:00 0 
7f4ec03da000-7f4ec4000000 ---p 00000000 00:00 0 
7f4ec4020000-7f4ec4027000 r--s 00000000 08:05 11802929                   /usr/lib/x86_64-linux-gnu/gconv/gconv-modules.cache
7f4ec4027000-7f4ec402e000 rw-s 40a6f000 00:06 523                        /dev/nvidiactl
7f4ec402e000-7f4ec406e000 rw-s 49713000 00:06 523                        /dev/nvidiactl
7f4ec406e000-7f4ec4071000 ---p 00000000 00:00 0 
7f4ec4071000-7f4ec416f000 rw-p 00000000 00:00 0 
7f4ec416f000-7f4ec417b000 r-xp 00000000 08:05 11403363                   /usr/lib/x86_64-linux-gnu/libwayland-client.so.0.3.0
7f4ec417b000-7f4ec437b000 ---p 0000c000 08:05 11403363                   /usr/lib/x86_64-linux-gnu/libwayland-client.so.0.3.0
7f4ec437b000-7f4ec437d000 r--p 0000c000 08:05 11403363                   /usr/lib/x86_64-linux-gnu/libwayland-client.so.0.3.0
7f4ec437d000-7f4ec437e000 rw-p 0000e000 08:05 11403363                   /usr/lib/x86_64-linux-gnu/libwayland-client.so.0.3.0
7f4ec437e000-7f4ec437f000 r-xp 00000000 08:05 11414234                   /usr/lib/x86_64-linux-gnu/libxshmfence.so.1.0.0
7f4ec437f000-7f4ec457f000 ---p 00001000 08:05 11414234                   /usr/lib/x86_64-linux-gnu/libxshmfence.so.1.0.0
7f4ec457f000-7f4ec4580000 r--p 00001000 08:05 11414234                   /usr/lib/x86_64-linux-gnu/libxshmfence.so.1.0.0
7f4ec4580000-7f4ec4581000 rw-p 00002000 08:05 11414234                   /usr/lib/x86_64-linux-gnu/libxshmfence.so.1.0.0
7f4ec4581000-7f4ec4586000 r-xp 00000000 08:05 11414208                   /usr/lib/x86_64-linux-gnu/libxcb-sync.so.1.0.0
7f4ec4586000-7f4ec4786000 ---p 00005000 08:05 11414208                   /usr/lib/x86_64-linux-gnu/libxcb-sync.so.1.0.0
7f4ec4786000-7f4ec4787000 r--p 00005000 08:05 11414208                   /usr/lib/x86_64-linux-gnu/libxcb-sync.so.1.0.0
7f4ec4787000-7f4ec4788000 rw-p 00006000 08:05 11414208                   /usr/lib/x86_64-linux-gnu/libxcb-sync.so.1.0.0
7f4ec4788000-7f4ec478e000 r-xp 00000000 08:05 11414212                   /usr/lib/x86_64-linux-gnu/libxcb-xfixes.so.0.0.0
7f4ec478e000-7f4ec498e000 ---p 00006000 08:05 11414212                   /usr/lib/x86_64-linux-gnu/libxcb-xfixes.so.0.0.0
7f4ec498e000-7f4ec498f000 r--p 00006000 08:05 11414212                   /usr/lib/x86_64-linux-gnu/libxcb-xfixes.so.0.0.0
7f4ec498f000-7f4ec4990000 rw-p 00007000 08:05 11414212                   /usr/lib/x86_64-linux-gnu/libxcb-xfixes.so.0.0.0
7f4ec4990000-7f4ec4992000 r-xp 00000000 08:05 11414196                   /usr/lib/x86_64-linux-gnu/libxcb-present.so.0.0.0
7f4ec4992000-7f4ec4b91000 ---p 00002000 08:05 11414196                   /usr/lib/x86_64-linux-gnu/libxcb-present.so.0.0.0
7f4ec4b91000-7f4ec4b92000 r--p 00001000 08:05 11414196                   /usr/lib/x86_64-linux-gnu/libxcb-present.so.0.0.0
7f4ec4b92000-7f4ec4b93000 rw-p 00002000 08:05 11414196                   /usr/lib/x86_64-linux-gnu/libxcb-present.so.0.0.0
7f4ec4b93000-7f4ec4b95000 r-xp 00000000 08:05 11414186                   /usr/lib/x86_64-linux-gnu/libxcb-dri3.so.0.0.0
7f4ec4b95000-7f4ec4d94000 ---p 00002000 08:05 11414186                   /usr/lib/x86_64-linux-gnu/libxcb-dri3.so.0.0.0
7f4ec4d94000-7f4ec4d95000 r--p 00001000 08:05 11414186                   /usr/lib/x86_64-linux-gnu/libxcb-dri3.so.0.0.0
7f4ec4d95000-7f4ec4d96000 rw-p 00002000 08:05 11414186                   /usr/lib/x86_64-linux-gnu/libxcb-dri3.so.0.0.0
7f4ec4d96000-7f4ec4d9a000 r-xp 00000000 08:05 11414184                   /usr/lib/x86_64-linux-gnu/libxcb-dri2.so.0.0.0
7f4ec4d9a000-7f4ec4f99000 ---p 00004000 08:05 11414184                   /usr/lib/x86_64-linux-gnu/libxcb-dri2.so.0.0.0
7f4ec4f99000-7f4ec4f9a000 r--p 00003000 08:05 11414184                   /usr/lib/x86_64-linux-gnu/libxcb-dri2.so.0.0.0
7f4ec4f9a000-7f4ec4f9b000 rw-p 00004000 08:05 11414184                   /usr/lib/x86_64-linux-gnu/libxcb-dri2.so.0.0.0
7f4ec4f9b000-7f4ec4f9c000 r-xp 00000000 08:05 11412764                   /usr/lib/x86_64-linux-gnu/libX11-xcb.so.1.0.0
7f4ec4f9c000-7f4ec519b000 ---p 00001000 08:05 11412764                   /usr/lib/x86_64-linux-gnu/libX11-xcb.so.1.0.0
7f4ec519b000-7f4ec519c000 r--p 00000000 08:05 11412764                   /usr/lib/x86_64-linux-gnu/libX11-xcb.so.1.0.0
7f4ec519c000-7f4ec519d000 rw-p 00001000 08:05 11412764                   /usr/lib/x86_64-linux-gnu/libX11-xcb.so.1.0.0
7f4ec519d000-7f4ec51ce000 r-xp 00000000 08:05 11798822                   /usr/lib/x86_64-linux-gnu/mesa-egl/libEGL.so.1.0.0
7f4ec51ce000-7f4ec53ce000 ---p 00031000 08:05 11798822                   /usr/lib/x86_64-linux-gnu/mesa-egl/libEGL.so.1.0.0
7f4ec53ce000-7f4ec53cf000 r--p 00031000 08:05 11798822                   /usr/lib/x86_64-linux-gnu/mesa-egl/libEGL.so.1.0.0
7f4ec53cf000-7f4ec53d0000 rw-p 00032000 08:05 11798822                   /usr/lib/x86_64-linux-gnu/mesa-egl/libEGL.so.1.0.0
7f4ec53d0000-7f4ec53d1000 rw-p 00000000 00:00 0 
7f4ec53d1000-7f4ec53fa000 r-xp 00000000 08:05 11408536                   /usr/lib/x86_64-linux-gnu/libglapi.so.0.0.0
7f4ec53fa000-7f4ec55fa000 ---p 00029000 08:05 11408536                   /usr/lib/x86_64-linux-gnu/libglapi.so.0.0.0
7f4ec55fa000-7f4ec55fe000 r--p 00029000 08:05 11408536                   /usr/lib/x86_64-linux-gnu/libglapi.so.0.0.0
7f4ec55fe000-7f4ec55ff000 rw-p 0002d000 08:05 11408536                   /usr/lib/x86_64-linux-gnu/libglapi.so.0.0.0
7f4ec55ff000-7f4ec5600000 rw-p 00000000 00:00 0 
7f4ec5600000-7f4ec5608000 r-xp 00000000 08:05 11798546                   /usr/lib/x86_64-linux-gnu/mesa-egl/libGLESv2.so.2.0.0
7f4ec5608000-7f4ec5807000 ---p 00008000 08:05 11798546                   /usr/lib/x86_64-linux-gnu/mesa-egl/libGLESv2.so.2.0.0
7f4ec5807000-7f4ec5808000 r--p 00007000 08:05 11798546                   /usr/lib/x86_64-linux-gnu/mesa-egl/libGLESv2.so.2.0.0
7f4ec5808000-7f4ec5809000 rw-p 00008000 08:05 11798546                   /usr/lib/x86_64-linux-gnu/mesa-egl/libGLESv2.so.2.0.0
7f4ec5809000-7f4ec580c000 ---p 00000000 00:00 0 
7f4ec580c000-7f4ec590a000 rw-p 00000000 00:00 0 
7f4ec590a000-7f4ec59c2000 r-xp 00000000 08:05 11272331                   /tmp/jogamp_0000/file_cache/jln2518447982807392317/jln767654222998717078/natives/linux-amd64/libjogl_desktop.so
7f4ec59c2000-7f4ec5bc2000 ---p 000b8000 08:05 11272331                   /tmp/jogamp_0000/file_cache/jln2518447982807392317/jln767654222998717078/natives/linux-amd64/libjogl_desktop.so
7f4ec5bc2000-7f4ec5bc3000 rw-p 000b8000 08:05 11272331                   /tmp/jogamp_0000/file_cache/jln2518447982807392317/jln767654222998717078/natives/linux-amd64/libjogl_desktop.so
7f4ec5bc3000-7f4ec5bc6000 r-xp 00000000 08:05 11540978                   /usr/lib/nvidia-340/tls/libnvidia-tls.so.340.102
7f4ec5bc6000-7f4ec5dc5000 ---p 00003000 08:05 11540978                   /usr/lib/nvidia-340/tls/libnvidia-tls.so.340.102
7f4ec5dc5000-7f4ec5dc6000 rw-p 00002000 08:05 11540978                   /usr/lib/nvidia-340/tls/libnvidia-tls.so.340.102
7f4ec5dc6000-7f4ec5e8d000 r-xp 00000000 08:05 11540959                   /usr/lib/nvidia-340/libGL.so.340.102
7f4ec5e8d000-7f4ec5ebc000 rwxp 000c7000 08:05 11540959                   /usr/lib/nvidia-340/libGL.so.340.102
7f4ec5ebc000-7f4ec5ed8000 r-xp 000f6000 08:05 11540959                   /usr/lib/nvidia-340/libGL.so.340.102
7f4ec5ed8000-7f4ec60d7000 ---p 00112000 08:05 11540959                   /usr/lib/nvidia-340/libGL.so.340.102
7f4ec60d7000-7f4ec60fc000 rw-p 00111000 08:05 11540959                   /usr/lib/nvidia-340/libGL.so.340.102
7f4ec60fc000-7f4ec6312000 rw-p 00000000 00:00 0 
7f4ec6312000-7f4ec6319000 r-xp 00000000 08:05 11272340                   /tmp/jogamp_0000/file_cache/jln2518447982807392317/jln767654222998717078/natives/linux-amd64/libnativewindow_x11.so
7f4ec6319000-7f4ec6518000 ---p 00007000 08:05 11272340                   /tmp/jogamp_0000/file_cache/jln2518447982807392317/jln767654222998717078/natives/linux-amd64/libnativewindow_x11.so
7f4ec6518000-7f4ec6519000 rw-p 00006000 08:05 11272340                   /tmp/jogamp_0000/file_cache/jln2518447982807392317/jln767654222998717078/natives/linux-amd64/libnativewindow_x11.so
7f4ec6519000-7f4ec651c000 ---p 00000000 00:00 0 
7f4ec651c000-7f4ec661a000 rw-p 00000000 00:00 0 
7f4ec661a000-7f4ec661d000 ---p 00000000 00:00 0 
7f4ec661d000-7f4ec671b000 rw-p 00000000 00:00 0 
7f4ec671b000-7f4ec6720000 r-xp 00000000 08:05 11412819                   /usr/lib/x86_64-linux-gnu/libXxf86vm.so.1.0.0
7f4ec6720000-7f4ec691f000 ---p 00005000 08:05 11412819                   /usr/lib/x86_64-linux-gnu/libXxf86vm.so.1.0.0
7f4ec691f000-7f4ec6920000 r--p 00004000 08:05 11412819                   /usr/lib/x86_64-linux-gnu/libXxf86vm.so.1.0.0
7f4ec6920000-7f4ec6921000 rw-p 00005000 08:05 11412819                   /usr/lib/x86_64-linux-gnu/libXxf86vm.so.1.0.0
7f4ec6921000-7f4ec6923000 r-xp 00000000 08:05 11272337                   /tmp/jogamp_0000/file_cache/jln2518447982807392317/jln767654222998717078/natives/linux-amd64/libnativewindow_awt.so
7f4ec6923000-7f4ec6b22000 ---p 00002000 08:05 11272337                   /tmp/jogamp_0000/file_cache/jln2518447982807392317/jln767654222998717078/natives/linux-amd64/libnativewindow_awt.so
7f4ec6b22000-7f4ec6b23000 rw-p 00001000 08:05 11272337                   /tmp/jogamp_0000/file_cache/jln2518447982807392317/jln767654222998717078/natives/linux-amd64/libnativewindow_awt.so
7f4ec6b23000-7f4ec6b24000 r-xp 00000000 08:05 3277878                    /usr/local/java/jdk1.8.0_144/jre/lib/amd64/libjawt.so
7f4ec6b24000-7f4ec6d23000 ---p 00001000 08:05 3277878                    /usr/local/java/jdk1.8.0_144/jre/lib/amd64/libjawt.so
7f4ec6d23000-7f4ec6d24000 rw-p 00000000 08:05 3277878                    /usr/local/java/jdk1.8.0_144/jre/lib/amd64/libjawt.so
7f4ec6d24000-7f4ec6d29000 r-xp 00000000 08:05 11412785                   /usr/lib/x86_64-linux-gnu/libXfixes.so.3.1.0
7f4ec6d29000-7f4ec6f28000 ---p 00005000 08:05 11412785                   /usr/lib/x86_64-linux-gnu/libXfixes.so.3.1.0
7f4ec6f28000-7f4ec6f29000 r--p 00004000 08:05 11412785                   /usr/lib/x86_64-linux-gnu/libXfixes.so.3.1.0
7f4ec6f29000-7f4ec6f2a000 rw-p 00005000 08:05 11412785                   /usr/lib/x86_64-linux-gnu/libXfixes.so.3.1.0
7f4ec6f2a000-7f4ec6f33000 r-xp 00000000 08:05 11412777                   /usr/lib/x86_64-linux-gnu/libXcursor.so.1.0.2
7f4ec6f33000-7f4ec7132000 ---p 00009000 08:05 11412777                   /usr/lib/x86_64-linux-gnu/libXcursor.so.1.0.2
7f4ec7132000-7f4ec7133000 r--p 00008000 08:05 11412777                   /usr/lib/x86_64-linux-gnu/libXcursor.so.1.0.2
7f4ec7133000-7f4ec7134000 rw-p 00009000 08:05 11412777                   /usr/lib/x86_64-linux-gnu/libXcursor.so.1.0.2
7f4ec7134000-7f4ec7334000 rw-p 00000000 00:00 0 
7f4ec7334000-7f4ec734a000 r-xp 00000000 08:05 1836839                    /lib/x86_64-linux-gnu/libgcc_s.so.1
7f4ec734a000-7f4ec7549000 ---p 00016000 08:05 1836839                    /lib/x86_64-linux-gnu/libgcc_s.so.1
7f4ec7549000-7f4ec754a000 r--p 00015000 08:05 1836839                    /lib/x86_64-linux-gnu/libgcc_s.so.1
7f4ec754a000-7f4ec754b000 rw-p 00016000 08:05 1836839                    /lib/x86_64-linux-gnu/libgcc_s.so.1
7f4ec754b000-7f4ec75b0000 r-xp 00000000 08:05 3277847                    /usr/local/java/jdk1.8.0_144/jre/lib/amd64/libfontmanager.so
7f4ec75b0000-7f4ec77af000 ---p 00065000 08:05 3277847                    /usr/local/java/jdk1.8.0_144/jre/lib/amd64/libfontmanager.so
7f4ec77af000-7f4ec77b4000 rw-p 00064000 08:05 3277847                    /usr/local/java/jdk1.8.0_144/jre/lib/amd64/libfontmanager.so
7f4ec77b4000-7f4ec77c4000 rw-p 00000000 00:00 0 
7f4ec77c4000-7f4ec77c9000 r-xp 00000000 08:05 11412781                   /usr/lib/x86_64-linux-gnu/libXdmcp.so.6.0.0
7f4ec77c9000-7f4ec79c8000 ---p 00005000 08:05 11412781                   /usr/lib/x86_64-linux-gnu/libXdmcp.so.6.0.0
7f4ec79c8000-7f4ec79c9000 r--p 00004000 08:05 11412781                   /usr/lib/x86_64-linux-gnu/libXdmcp.so.6.0.0
7f4ec79c9000-7f4ec79ca000 rw-p 00005000 08:05 11412781                   /usr/lib/x86_64-linux-gnu/libXdmcp.so.6.0.0
7f4ec79ca000-7f4ec79cc000 r-xp 00000000 08:05 11412770                   /usr/lib/x86_64-linux-gnu/libXau.so.6.0.0
7f4ec79cc000-7f4ec7bcc000 ---p 00002000 08:05 11412770                   /usr/lib/x86_64-linux-gnu/libXau.so.6.0.0
7f4ec7bcc000-7f4ec7bcd000 r--p 00002000 08:05 11412770                   /usr/lib/x86_64-linux-gnu/libXau.so.6.0.0
7f4ec7bcd000-7f4ec7bce000 rw-p 00003000 08:05 11412770                   /usr/lib/x86_64-linux-gnu/libXau.so.6.0.0
7f4ec7bce000-7f4ec7bef000 r-xp 00000000 08:05 11414216                   /usr/lib/x86_64-linux-gnu/libxcb.so.1.1.0
7f4ec7bef000-7f4ec7dee000 ---p 00021000 08:05 11414216                   /usr/lib/x86_64-linux-gnu/libxcb.so.1.1.0
7f4ec7dee000-7f4ec7def000 r--p 00020000 08:05 11414216                   /usr/lib/x86_64-linux-gnu/libxcb.so.1.1.0
7f4ec7def000-7f4ec7df0000 rw-p 00021000 08:05 11414216                   /usr/lib/x86_64-linux-gnu/libxcb.so.1.1.0
7f4ec7df0000-7f4ec7dff000 r-xp 00000000 08:05 11412791                   /usr/lib/x86_64-linux-gnu/libXi.so.6.1.0
7f4ec7dff000-7f4ec7ffe000 ---p 0000f000 08:05 11412791                   /usr/lib/x86_64-linux-gnu/libXi.so.6.1.0
7f4ec7ffe000-7f4ec7fff000 r--p 0000e000 08:05 11412791                   /usr/lib/x86_64-linux-gnu/libXi.so.6.1.0
7f4ec7fff000-7f4ec8000000 rw-p 0000f000 08:05 11412791                   /usr/lib/x86_64-linux-gnu/libXi.so.6.1.0
7f4ec8000000-7f4ec82c3000 rw-p 00000000 00:00 0 
7f4ec82c3000-7f4ecc000000 ---p 00000000 00:00 0 
7f4ecc004000-7f4ecc005000 rw-s c0018000 00:06 534                        /dev/nvidia1
7f4ecc005000-7f4ecc006000 rw-s baa75000 00:06 523                        /dev/nvidiactl
7f4ecc006000-7f4ecc007000 rw-s f3c08000 00:06 534                        /dev/nvidia1
7f4ecc007000-7f4ecc027000 rw-s 51b73000 00:06 523                        /dev/nvidiactl
7f4ecc027000-7f4ecc028000 rw-s f3641000 00:06 534                        /dev/nvidia1
7f4ecc028000-7f4ecc029000 rw-s 2a2d4000 00:06 523                        /dev/nvidiactl
7f4ecc029000-7f4ecc02c000 ---p 00000000 00:00 0 
7f4ecc02c000-7f4ecc12a000 rw-p 00000000 00:00 0 
7f4ecc12a000-7f4ecc12f000 r-xp 00000000 08:05 11412809                   /usr/lib/x86_64-linux-gnu/libXtst.so.6.1.0
7f4ecc12f000-7f4ecc32e000 ---p 00005000 08:05 11412809                   /usr/lib/x86_64-linux-gnu/libXtst.so.6.1.0
7f4ecc32e000-7f4ecc32f000 r--p 00004000 08:05 11412809                   /usr/lib/x86_64-linux-gnu/libXtst.so.6.1.0
7f4ecc32f000-7f4ecc330000 rw-p 00005000 08:05 11412809                   /usr/lib/x86_64-linux-gnu/libXtst.so.6.1.0
7f4ecc330000-7f4ecc339000 r-xp 00000000 08:05 11412803                   /usr/lib/x86_64-linux-gnu/libXrender.so.1.3.0
7f4ecc339000-7f4ecc538000 ---p 00009000 08:05 11412803                   /usr/lib/x86_64-linux-gnu/libXrender.so.1.3.0
7f4ecc538000-7f4ecc539000 r--p 00008000 08:05 11412803                   /usr/lib/x86_64-linux-gnu/libXrender.so.1.3.0
7f4ecc539000-7f4ecc53a000 rw-p 00009000 08:05 11412803                   /usr/lib/x86_64-linux-gnu/libXrender.so.1.3.0
7f4ecc53a000-7f4ecc66f000 r-xp 00000000 08:05 11412766                   /usr/lib/x86_64-linux-gnu/libX11.so.6.3.0
7f4ecc66f000-7f4ecc86f000 ---p 00135000 08:05 11412766                   /usr/lib/x86_64-linux-gnu/libX11.so.6.3.0
7f4ecc86f000-7f4ecc870000 r--p 00135000 08:05 11412766                   /usr/lib/x86_64-linux-gnu/libX11.so.6.3.0
7f4ecc870000-7f4ecc874000 rw-p 00136000 08:05 11412766                   /usr/lib/x86_64-linux-gnu/libX11.so.6.3.0
7f4ecc874000-7f4ecc885000 r-xp 00000000 08:05 11412783                   /usr/lib/x86_64-linux-gnu/libXext.so.6.4.0
7f4ecc885000-7f4ecca84000 ---p 00011000 08:05 11412783                   /usr/lib/x86_64-linux-gnu/libXext.so.6.4.0
7f4ecca84000-7f4ecca85000 r--p 00010000 08:05 11412783                   /usr/lib/x86_64-linux-gnu/libXext.so.6.4.0
7f4ecca85000-7f4ecca86000 rw-p 00011000 08:05 11412783                   /usr/lib/x86_64-linux-gnu/libXext.so.6.4.0
7f4ecca86000-7f4ecca87000 rw-s 55280000 00:06 523                        /dev/nvidiactl
7f4ecca87000-7f4ecca89000 rw-s 00000000 08:05 11272366                   /tmp/.glmz5NXH (deleted)
7f4ecca89000-7f4ecca90000 rw-s 138a16000 00:06 523                       /dev/nvidiactl
7f4ecca90000-7f4ecca94000 rw-s 11b7a6000 00:06 523                       /dev/nvidiactl
7f4ecca94000-7f4eccad4000 rw-s 1100c5000 00:06 523                       /dev/nvidiactl
7f4eccad4000-7f4eccb28000 r-xp 00000000 08:05 3277855                    /usr/local/java/jdk1.8.0_144/jre/lib/amd64/libawt_xawt.so
7f4eccb28000-7f4eccd28000 ---p 00054000 08:05 3277855                    /usr/local/java/jdk1.8.0_144/jre/lib/amd64/libawt_xawt.so
7f4eccd28000-7f4eccd2c000 rw-p 00054000 08:05 3277855                    /usr/local/java/jdk1.8.0_144/jre/lib/amd64/libawt_xawt.so
7f4eccd2c000-7f4eccd2d000 rw-p 00000000 00:00 0 
7f4eccd2d000-7f4eccdcf000 r-xp 00000000 08:05 3277891                    /usr/local/java/jdk1.8.0_144/jre/lib/amd64/libawt.so
7f4eccdcf000-7f4eccfcf000 ---p 000a2000 08:05 3277891                    /usr/local/java/jdk1.8.0_144/jre/lib/amd64/libawt.so
7f4eccfcf000-7f4eccfdb000 rw-p 000a2000 08:05 3277891                    /usr/local/java/jdk1.8.0_144/jre/lib/amd64/libawt.so
7f4eccfdb000-7f4ed0000000 rw-p 00000000 00:00 0 
7f4ed0000000-7f4ed0021000 rw-p 00000000 00:00 0 
7f4ed0021000-7f4ed4000000 ---p 00000000 00:00 0 
7f4ed4000000-7f4ed4021000 rw-p 00000000 00:00 0 
7f4ed4021000-7f4ed8000000 ---p 00000000 00:00 0 
7f4ed8000000-7f4ed9bc3000 rw-p 00000000 00:00 0 
7f4ed9bc3000-7f4edc000000 ---p 00000000 00:00 0 
7f4edc000000-7f4edc021000 rw-p 00000000 00:00 0 
7f4edc021000-7f4ee0000000 ---p 00000000 00:00 0 
7f4ee0000000-7f4ee0021000 rw-p 00000000 00:00 0 
7f4ee0021000-7f4ee4000000 ---p 00000000 00:00 0 
7f4ee4000000-7f4ee4eb5000 rw-p 00000000 00:00 0 
7f4ee4eb5000-7f4ee8000000 ---p 00000000 00:00 0 
7f4ee8000000-7f4ee8021000 rw-p 00000000 00:00 0 
7f4ee8021000-7f4eec000000 ---p 00000000 00:00 0 
7f4eec000000-7f4eec021000 rw-p 00000000 00:00 0 
7f4eec021000-7f4ef0000000 ---p 00000000 00:00 0 
7f4ef0000000-7f4ef0021000 rw-p 00000000 00:00 0 
7f4ef0021000-7f4ef4000000 ---p 00000000 00:00 0 
7f4ef4000000-7f4ef4021000 rw-p 00000000 00:00 0 
7f4ef4021000-7f4ef8000000 ---p 00000000 00:00 0 
7f4ef8000000-7f4ef8021000 rw-p 00000000 00:00 0 
7f4ef8021000-7f4efc000000 ---p 00000000 00:00 0 
7f4efc000000-7f4efc001000 rw-s c0015000 00:06 534                        /dev/nvidia1
7f4efc001000-7f4efc002000 rw-s 113772000 00:06 523                       /dev/nvidiactl
7f4efc002000-7f4efc003000 rw-s f3c06000 00:06 534                        /dev/nvidia1
7f4efc003000-7f4efc023000 rw-s 11363f000 00:06 523                       /dev/nvidiactl
7f4efc023000-7f4efc024000 rw-s f3641000 00:06 534                        /dev/nvidia1
7f4efc024000-7f4efc025000 rw-s 2a2d4000 00:06 523                        /dev/nvidiactl
7f4efc025000-7f4efc026000 rw-s 101f5a000 00:06 523                       /dev/nvidiactl
7f4efc026000-7f4efc027000 rw-s f3060000 00:06 534                        /dev/nvidia1
7f4efc027000-7f4efc028000 rwxp 00000000 00:00 0 
7f4efc028000-7f4efc02a000 r-xp 00000000 08:05 11272370                   /tmp/jogamp_0000/file_cache/jln2518447982807392317/jln767654222998717078/natives/linux-amd64/libgluegen-rt.so
7f4efc02a000-7f4efc229000 ---p 00002000 08:05 11272370                   /tmp/jogamp_0000/file_cache/jln2518447982807392317/jln767654222998717078/natives/linux-amd64/libgluegen-rt.so
7f4efc229000-7f4efc22a000 rw-p 00001000 08:05 11272370                   /tmp/jogamp_0000/file_cache/jln2518447982807392317/jln767654222998717078/natives/linux-amd64/libgluegen-rt.so
7f4efc22a000-7f4efc22d000 ---p 00000000 00:00 0 
7f4efc22d000-7f4efc32b000 rw-p 00000000 00:00 0 
7f4efc32b000-7f4efc33c000 r-xp 00000000 08:05 3277853                    /usr/local/java/jdk1.8.0_144/jre/lib/amd64/libnio.so
7f4efc33c000-7f4efc53b000 ---p 00011000 08:05 3277853                    /usr/local/java/jdk1.8.0_144/jre/lib/amd64/libnio.so
7f4efc53b000-7f4efc53c000 rw-p 00010000 08:05 3277853                    /usr/local/java/jdk1.8.0_144/jre/lib/amd64/libnio.so
7f4efc53c000-7f4efc552000 r-xp 00000000 08:05 3277828                    /usr/local/java/jdk1.8.0_144/jre/lib/amd64/libnet.so
7f4efc552000-7f4efc752000 ---p 00016000 08:05 3277828                    /usr/local/java/jdk1.8.0_144/jre/lib/amd64/libnet.so
7f4efc752000-7f4efc753000 rw-p 00016000 08:05 3277828                    /usr/local/java/jdk1.8.0_144/jre/lib/amd64/libnet.so
7f4efc753000-7f4efc756000 ---p 00000000 00:00 0 
7f4efc756000-7f4efc78c000 rw-p 00000000 00:00 0 
7f4efc78c000-7f4efc78d000 r--p 00000000 00:00 0 
7f4efc78d000-7f4efc792000 r--s 0009a000 08:05 1978199                    /usr/local/java/jdk1.8.0_144/jre/lib/jsse.jar
7f4efc792000-7f4efc992000 rw-p 00000000 00:00 0 
7f4efc992000-7f4efcb92000 rw-p 00000000 00:00 0 
7f4efcb92000-7f4efcbad000 r--s 001d3000 08:05 3277904                    /usr/local/java/jdk1.8.0_144/jre/lib/ext/nashorn.jar
7f4efcbad000-7f4efcbc9000 r--s 00393000 08:05 3277908                    /usr/local/java/jdk1.8.0_144/jre/lib/ext/cldrdata.jar
7f4efcbc9000-7f4efcbd3000 r--s 00116000 08:05 3277905                    /usr/local/java/jdk1.8.0_144/jre/lib/ext/localedata.jar
7f4efcbd3000-7f4efcbd5000 r--s 00015000 00:2b 8912912                    /home/gpaiva/Desktop/projects/code/git/Bitbucket/JOT/lib/Framework-Toolkit-Components-1.0.jar
7f4efcbd5000-7f4efcbd7000 r--s 0000d000 00:2b 8912936                    /home/gpaiva/Desktop/projects/code/git/Bitbucket/JOT/lib/Extension-Toolkit-Component-Physics-1.0.jar
7f4efcbd7000-7f4efcbd9000 r--s 00013000 00:2b 8912935                    /home/gpaiva/Desktop/projects/code/git/Bitbucket/JOT/lib/Extension-Toolkit-Component-Geometry-1.0.jar
7f4efcbd9000-7f4efcbdc000 r--s 00020000 00:2b 8912913                    /home/gpaiva/Desktop/projects/code/git/Bitbucket/JOT/lib/Core-Toolkit-Components-1.0.jar
7f4efcbdc000-7f4efcc9d000 r--s 00427000 00:2b 9705236                    /home/gpaiva/Desktop/projects/code/git/Bitbucket/JOT/lib/colladabeans-1.4.1.jar
7f4efcc9d000-7f4efccdb000 r--s 0025d000 00:2b 9705202                    /home/gpaiva/Desktop/projects/code/git/Bitbucket/JOT/lib/xmlbeans-2.6.0/lib/xbean.jar
7f4efccdb000-7f4efccff000 r--s 0031e000 00:2b 9702045                    /home/gpaiva/Desktop/projects/code/git/Bitbucket/JOT/lib/jogamp-all-platforms/jar/jogl-all.jar
7f4efccff000-7f4efcd1f000 r--s 002cd000 00:2b 9702051                    /home/gpaiva/Desktop/projects/code/git/Bitbucket/JOT/lib/jogamp-all-platforms/jar/jogl-all-noawt.jar
7f4efcd1f000-7f4efcd21000 r--s 00032000 00:2b 9702110                    /home/gpaiva/Desktop/projects/code/git/Bitbucket/JOT/lib/jogamp-all-platforms/jar/jogl-all-noawt-natives-windows-i586.jar
7f4efcd21000-7f4efcd22000 r--s 0003a000 00:2b 9702111                    /home/gpaiva/Desktop/projects/code/git/Bitbucket/JOT/lib/jogamp-all-platforms/jar/jogl-all-noawt-natives-windows-amd64.jar
7f4efcd22000-7f4efcd23000 r--s 0006c000 00:2b 9702161                    /home/gpaiva/Desktop/projects/code/git/Bitbucket/JOT/lib/jogamp-all-platforms/jar/jogl-all-noawt-natives-macosx-universal.jar
7f4efcd23000-7f4efcd25000 r--s 00034000 00:2b 9702083                    /home/gpaiva/Desktop/projects/code/git/Bitbucket/JOT/lib/jogamp-all-platforms/jar/jogl-all-noawt-natives-linux-i586.jar
7f4efcd25000-7f4efcd26000 r--s 00036000 00:2b 9702097                    /home/gpaiva/Desktop/projects/code/git/Bitbucket/JOT/lib/jogamp-all-platforms/jar/jogl-all-noawt-natives-linux-amd64.jar
7f4efcd26000-7f4efcd28000 r--s 00032000 00:2b 9702151                    /home/gpaiva/Desktop/projects/code/git/Bitbucket/JOT/lib/jogamp-all-platforms/jar/jogl-all-natives-windows-i586.jar
7f4efcd28000-7f4efcd29000 r--s 0003a000 00:2b 9702121                    /home/gpaiva/Desktop/projects/code/git/Bitbucket/JOT/lib/jogamp-all-platforms/jar/jogl-all-natives-windows-amd64.jar
7f4efcd29000-7f4efcd2a000 r--s 0006c000 00:2b 9702135                    /home/gpaiva/Desktop/projects/code/git/Bitbucket/JOT/lib/jogamp-all-platforms/jar/jogl-all-natives-macosx-universal.jar
7f4efcd2a000-7f4efcd2c000 r--s 00034000 00:2b 9702071                    /home/gpaiva/Desktop/projects/code/git/Bitbucket/JOT/lib/jogamp-all-platforms/jar/jogl-all-natives-linux-i586.jar
7f4efcd2c000-7f4efcd2d000 r--s 00036000 00:2b 9702146                    /home/gpaiva/Desktop/projects/code/git/Bitbucket/JOT/lib/jogamp-all-platforms/jar/jogl-all-natives-linux-amd64.jar
7f4efcd2d000-7f4efcd32000 r--s 00031000 00:2b 9702043                    /home/gpaiva/Desktop/projects/code/git/Bitbucket/JOT/lib/jogamp-all-platforms/jar/jocl.jar
7f4efcd32000-7f4efcd33000 r--s 00003000 00:2b 9702070                    /home/gpaiva/Desktop/projects/code/git/Bitbucket/JOT/lib/jogamp-all-platforms/jar/jocl-natives-windows-i586.jar
7f4efcd33000-7f4efcd34000 r--s 00003000 00:2b 9702072                    /home/gpaiva/Desktop/projects/code/git/Bitbucket/JOT/lib/jogamp-all-platforms/jar/jocl-natives-windows-amd64.jar
7f4efcd34000-7f4efcd35000 r--s 00005000 00:2b 9702149                    /home/gpaiva/Desktop/projects/code/git/Bitbucket/JOT/lib/jogamp-all-platforms/jar/jocl-natives-macosx-universal.jar
7f4efcd35000-7f4efcd36000 r--s 00002000 00:2b 9702061                    /home/gpaiva/Desktop/projects/code/git/Bitbucket/JOT/lib/jogamp-all-platforms/jar/jocl-natives-linux-i586.jar
7f4efcd36000-7f4efcd38000 r--s 0000f000 00:2b 9702042                    /home/gpaiva/Desktop/projects/code/git/Bitbucket/JOT/lib/jogamp-all-platforms/jar/joal.jar
7f4efcd38000-7f4efcd42000 r--s 000ca000 00:2b 9702047                    /home/gpaiva/Desktop/projects/code/git/Bitbucket/JOT/lib/jogamp-all-platforms/jar/gluegen.jar
7f4efcd42000-7f4efcd69000 r--s 001f6000 00:2b 9705159                    /home/gpaiva/Desktop/projects/code/git/Bitbucket/JOT/lib/commons-math/commons-math3-3.6.1.jar
7f4efcd69000-7f4efcd6a000 ---p 00000000 00:00 0 
7f4efcd6a000-7f4efce6a000 rw-p 00000000 00:00 0 
7f4efce6a000-7f4efce6d000 ---p 00000000 00:00 0 
7f4efce6d000-7f4efcf6b000 rw-p 00000000 00:00 0 
7f4efcf6b000-7f4efcf6e000 ---p 00000000 00:00 0 
7f4efcf6e000-7f4efd06c000 rw-p 00000000 00:00 0 
7f4efd06c000-7f4efd06f000 ---p 00000000 00:00 0 
7f4efd06f000-7f4efd16d000 rw-p 00000000 00:00 0 
7f4efd16d000-7f4efd170000 ---p 00000000 00:00 0 
7f4efd170000-7f4efd26e000 rw-p 00000000 00:00 0 
7f4efd26e000-7f4efd548000 r--p 00000000 08:05 11403624                   /usr/lib/locale/locale-archive
7f4efd548000-7f4efd54b000 ---p 00000000 00:00 0 
7f4efd54b000-7f4efd649000 rw-p 00000000 00:00 0 
7f4efd649000-7f4efd64c000 ---p 00000000 00:00 0 
7f4efd64c000-7f4efd74a000 rw-p 00000000 00:00 0 
7f4efd74a000-7f4efd74b000 ---p 00000000 00:00 0 
7f4efd74b000-7f4efe196000 rw-p 00000000 00:00 0 
7f4efe196000-7f4efe370000 r--s 03d4d000 08:05 1978207                    /usr/local/java/jdk1.8.0_144/jre/lib/rt.jar
7f4efe370000-7f4f00cb4000 rw-p 00000000 00:00 0 
7f4f00cb4000-7f4f00cb5000 ---p 00000000 00:00 0 
7f4f00cb5000-7f4f00db5000 rw-p 00000000 00:00 0 
7f4f00db5000-7f4f00db6000 ---p 00000000 00:00 0 
7f4f00db6000-7f4f00f13000 rw-p 00000000 00:00 0 
7f4f00f13000-7f4f01000000 ---p 00000000 00:00 0 
7f4f01000000-7f4f019b0000 rwxp 00000000 00:00 0 
7f4f019b0000-7f4f10000000 ---p 00000000 00:00 0 
7f4f10000000-7f4f10a8f000 rw-p 00000000 00:00 0 
7f4f10a8f000-7f4f14000000 ---p 00000000 00:00 0 
7f4f14000000-7f4f14001000 r--s 00002000 00:2b 9702064                    /home/gpaiva/Desktop/projects/code/git/Bitbucket/JOT/lib/jogamp-all-platforms/jar/jocl-natives-linux-amd64.jar
7f4f14001000-7f4f14002000 r--s 0002b000 00:2b 9702068                    /home/gpaiva/Desktop/projects/code/git/Bitbucket/JOT/lib/jogamp-all-platforms/jar/joal-natives-windows-i586.jar
7f4f14002000-7f4f14003000 r--s 0002d000 00:2b 9702077                    /home/gpaiva/Desktop/projects/code/git/Bitbucket/JOT/lib/jogamp-all-platforms/jar/joal-natives-windows-amd64.jar
7f4f14003000-7f4f14004000 r--s 00057000 00:2b 9702148                    /home/gpaiva/Desktop/projects/code/git/Bitbucket/JOT/lib/jogamp-all-platforms/jar/joal-natives-macosx-universal.jar
7f4f14004000-7f4f14005000 r--s 00030000 00:2b 9702060                    /home/gpaiva/Desktop/projects/code/git/Bitbucket/JOT/lib/jogamp-all-platforms/jar/joal-natives-linux-i586.jar
7f4f14005000-7f4f1400b000 r--s 0004f000 00:2b 9702044                    /home/gpaiva/Desktop/projects/code/git/Bitbucket/JOT/lib/jogamp-all-platforms/jar/gluegen-rt.jar
7f4f1400b000-7f4f14089000 rw-p 00000000 00:00 0 
7f4f14089000-7f4f14175000 ---p 00000000 00:00 0 
7f4f14175000-7f4f141fb000 rw-p 00000000 00:00 0 
7f4f141fb000-7f4f1421a000 ---p 00000000 00:00 0 
7f4f1421a000-7f4f14242000 rw-p 00000000 00:00 0 
7f4f14242000-7f4f145db000 ---p 00000000 00:00 0 
7f4f145db000-7f4f145f5000 r-xp 00000000 08:05 3277851                    /usr/local/java/jdk1.8.0_144/jre/lib/amd64/libzip.so
7f4f145f5000-7f4f147f5000 ---p 0001a000 08:05 3277851                    /usr/local/java/jdk1.8.0_144/jre/lib/amd64/libzip.so
7f4f147f5000-7f4f147f6000 rw-p 0001a000 08:05 3277851                    /usr/local/java/jdk1.8.0_144/jre/lib/amd64/libzip.so
7f4f147f6000-7f4f14801000 r-xp 00000000 08:05 1836624                    /lib/x86_64-linux-gnu/libnss_files-2.23.so
7f4f14801000-7f4f14a00000 ---p 0000b000 08:05 1836624                    /lib/x86_64-linux-gnu/libnss_files-2.23.so
7f4f14a00000-7f4f14a01000 r--p 0000a000 08:05 1836624                    /lib/x86_64-linux-gnu/libnss_files-2.23.so
7f4f14a01000-7f4f14a02000 rw-p 0000b000 08:05 1836624                    /lib/x86_64-linux-gnu/libnss_files-2.23.so
7f4f14a02000-7f4f14a08000 rw-p 00000000 00:00 0 
7f4f14a08000-7f4f14a13000 r-xp 00000000 08:05 1836638                    /lib/x86_64-linux-gnu/libnss_nis-2.23.so
7f4f14a13000-7f4f14c12000 ---p 0000b000 08:05 1836638                    /lib/x86_64-linux-gnu/libnss_nis-2.23.so
7f4f14c12000-7f4f14c13000 r--p 0000a000 08:05 1836638                    /lib/x86_64-linux-gnu/libnss_nis-2.23.so
7f4f14c13000-7f4f14c14000 rw-p 0000b000 08:05 1836638                    /lib/x86_64-linux-gnu/libnss_nis-2.23.so
7f4f14c14000-7f4f14c2a000 r-xp 00000000 08:05 1835387                    /lib/x86_64-linux-gnu/libnsl-2.23.so
7f4f14c2a000-7f4f14e29000 ---p 00016000 08:05 1835387                    /lib/x86_64-linux-gnu/libnsl-2.23.so
7f4f14e29000-7f4f14e2a000 r--p 00015000 08:05 1835387                    /lib/x86_64-linux-gnu/libnsl-2.23.so
7f4f14e2a000-7f4f14e2b000 rw-p 00016000 08:05 1835387                    /lib/x86_64-linux-gnu/libnsl-2.23.so
7f4f14e2b000-7f4f14e2d000 rw-p 00000000 00:00 0 
7f4f14e2d000-7f4f14e35000 r-xp 00000000 08:05 1836649                    /lib/x86_64-linux-gnu/libnss_compat-2.23.so
7f4f14e35000-7f4f15034000 ---p 00008000 08:05 1836649                    /lib/x86_64-linux-gnu/libnss_compat-2.23.so
7f4f15034000-7f4f15035000 r--p 00007000 08:05 1836649                    /lib/x86_64-linux-gnu/libnss_compat-2.23.so
7f4f15035000-7f4f15036000 rw-p 00008000 08:05 1836649                    /lib/x86_64-linux-gnu/libnss_compat-2.23.so
7f4f15036000-7f4f15061000 r-xp 00000000 08:05 3277880                    /usr/local/java/jdk1.8.0_144/jre/lib/amd64/libjava.so
7f4f15061000-7f4f15260000 ---p 0002b000 08:05 3277880                    /usr/local/java/jdk1.8.0_144/jre/lib/amd64/libjava.so
7f4f15260000-7f4f15262000 rw-p 0002a000 08:05 3277880                    /usr/local/java/jdk1.8.0_144/jre/lib/amd64/libjava.so
7f4f15262000-7f4f1526f000 r-xp 00000000 08:05 3277829                    /usr/local/java/jdk1.8.0_144/jre/lib/amd64/libverify.so
7f4f1526f000-7f4f1546f000 ---p 0000d000 08:05 3277829                    /usr/local/java/jdk1.8.0_144/jre/lib/amd64/libverify.so
7f4f1546f000-7f4f15471000 rw-p 0000d000 08:05 3277829                    /usr/local/java/jdk1.8.0_144/jre/lib/amd64/libverify.so
7f4f15471000-7f4f15478000 r-xp 00000000 08:05 1836644                    /lib/x86_64-linux-gnu/librt-2.23.so
7f4f15478000-7f4f15677000 ---p 00007000 08:05 1836644                    /lib/x86_64-linux-gnu/librt-2.23.so
7f4f15677000-7f4f15678000 r--p 00006000 08:05 1836644                    /lib/x86_64-linux-gnu/librt-2.23.so
7f4f15678000-7f4f15679000 rw-p 00007000 08:05 1836644                    /lib/x86_64-linux-gnu/librt-2.23.so
7f4f15679000-7f4f15781000 r-xp 00000000 08:05 1836659                    /lib/x86_64-linux-gnu/libm-2.23.so
7f4f15781000-7f4f15980000 ---p 00108000 08:05 1836659                    /lib/x86_64-linux-gnu/libm-2.23.so
7f4f15980000-7f4f15981000 r--p 00107000 08:05 1836659                    /lib/x86_64-linux-gnu/libm-2.23.so
7f4f15981000-7f4f15982000 rw-p 00108000 08:05 1836659                    /lib/x86_64-linux-gnu/libm-2.23.so
7f4f15982000-7f4f16655000 r-xp 00000000 08:05 3277884                    /usr/local/java/jdk1.8.0_144/jre/lib/amd64/server/libjvm.so
7f4f16655000-7f4f16854000 ---p 00cd3000 08:05 3277884                    /usr/local/java/jdk1.8.0_144/jre/lib/amd64/server/libjvm.so
7f4f16854000-7f4f1692e000 rw-p 00cd2000 08:05 3277884                    /usr/local/java/jdk1.8.0_144/jre/lib/amd64/server/libjvm.so
7f4f1692e000-7f4f16979000 rw-p 00000000 00:00 0 
7f4f16979000-7f4f16b39000 r-xp 00000000 08:05 1836669                    /lib/x86_64-linux-gnu/libc-2.23.so
7f4f16b39000-7f4f16d39000 ---p 001c0000 08:05 1836669                    /lib/x86_64-linux-gnu/libc-2.23.so
7f4f16d39000-7f4f16d3d000 r--p 001c0000 08:05 1836669                    /lib/x86_64-linux-gnu/libc-2.23.so
7f4f16d3d000-7f4f16d3f000 rw-p 001c4000 08:05 1836669                    /lib/x86_64-linux-gnu/libc-2.23.so
7f4f16d3f000-7f4f16d43000 rw-p 00000000 00:00 0 
7f4f16d43000-7f4f16d46000 r-xp 00000000 08:05 1836648                    /lib/x86_64-linux-gnu/libdl-2.23.so
7f4f16d46000-7f4f16f45000 ---p 00003000 08:05 1836648                    /lib/x86_64-linux-gnu/libdl-2.23.so
7f4f16f45000-7f4f16f46000 r--p 00002000 08:05 1836648                    /lib/x86_64-linux-gnu/libdl-2.23.so
7f4f16f46000-7f4f16f47000 rw-p 00003000 08:05 1836648                    /lib/x86_64-linux-gnu/libdl-2.23.so
7f4f16f47000-7f4f16f5c000 r-xp 00000000 08:05 2493435                    /usr/local/java/jdk1.8.0_144/lib/amd64/jli/libjli.so
7f4f16f5c000-7f4f1715c000 ---p 00015000 08:05 2493435                    /usr/local/java/jdk1.8.0_144/lib/amd64/jli/libjli.so
7f4f1715c000-7f4f1715d000 rw-p 00015000 08:05 2493435                    /usr/local/java/jdk1.8.0_144/lib/amd64/jli/libjli.so
7f4f1715d000-7f4f17175000 r-xp 00000000 08:05 1836636                    /lib/x86_64-linux-gnu/libpthread-2.23.so
7f4f17175000-7f4f17374000 ---p 00018000 08:05 1836636                    /lib/x86_64-linux-gnu/libpthread-2.23.so
7f4f17374000-7f4f17375000 r--p 00017000 08:05 1836636                    /lib/x86_64-linux-gnu/libpthread-2.23.so
7f4f17375000-7f4f17376000 rw-p 00018000 08:05 1836636                    /lib/x86_64-linux-gnu/libpthread-2.23.so
7f4f17376000-7f4f1737a000 rw-p 00000000 00:00 0 
7f4f1737a000-7f4f173a0000 r-xp 00000000 08:05 1835389                    /lib/x86_64-linux-gnu/ld-2.23.so
7f4f173a0000-7f4f1744a000 rw-p 00000000 00:00 0 
7f4f1744a000-7f4f1744d000 ---p 00000000 00:00 0 
7f4f1744d000-7f4f1754f000 rw-p 00000000 00:00 0 
7f4f1754f000-7f4f17550000 r--s 0002e000 00:2b 9702062                    /home/gpaiva/Desktop/projects/code/git/Bitbucket/JOT/lib/jogamp-all-platforms/jar/joal-natives-linux-amd64.jar
7f4f17550000-7f4f17551000 r--s 00001000 00:2b 9702125                    /home/gpaiva/Desktop/projects/code/git/Bitbucket/JOT/lib/jogamp-all-platforms/jar/gluegen-rt-natives-windows-i586.jar
7f4f17551000-7f4f17552000 r--s 00001000 00:2b 9702129                    /home/gpaiva/Desktop/projects/code/git/Bitbucket/JOT/lib/jogamp-all-platforms/jar/gluegen-rt-natives-windows-amd64.jar
7f4f17552000-7f4f17553000 r--s 00001000 00:2b 9702099                    /home/gpaiva/Desktop/projects/code/git/Bitbucket/JOT/lib/jogamp-all-platforms/jar/gluegen-rt-natives-macosx-universal.jar
7f4f17553000-7f4f17555000 r--s 00000000 00:2b 9702147                    /home/gpaiva/Desktop/projects/code/git/Bitbucket/JOT/lib/jogamp-all-platforms/jar/gluegen-rt-natives-linux-i586.jar
7f4f17555000-7f4f17557000 r--s 00000000 00:2b 9702116                    /home/gpaiva/Desktop/projects/code/git/Bitbucket/JOT/lib/jogamp-all-platforms/jar/gluegen-rt-natives-linux-amd64.jar
7f4f17557000-7f4f17593000 rw-p 00000000 00:00 0 
7f4f17593000-7f4f1759b000 rw-s 00000000 08:05 11272364                   /tmp/hsperfdata_gpaiva/14070
7f4f1759b000-7f4f1759c000 rw-p 00000000 00:00 0 
7f4f1759c000-7f4f1759d000 r--p 00000000 00:00 0 
7f4f1759d000-7f4f1759f000 rw-p 00000000 00:00 0 
7f4f1759f000-7f4f175a0000 r--p 00025000 08:05 1835389                    /lib/x86_64-linux-gnu/ld-2.23.so
7f4f175a0000-7f4f175a1000 rw-p 00026000 08:05 1835389                    /lib/x86_64-linux-gnu/ld-2.23.so
7f4f175a1000-7f4f175a2000 rw-p 00000000 00:00 0 
7ffe22821000-7ffe22843000 rw-p 00000000 00:00 0                          [stack]
7ffe228c4000-7ffe228c6000 r--p 00000000 00:00 0                          [vvar]
7ffe228c6000-7ffe228c8000 r-xp 00000000 00:00 0                          [vdso]
ffffffffff600000-ffffffffff601000 r-xp 00000000 00:00 0                  [vsyscall]

VM Arguments:
jvm_args: -Dfile.encoding=UTF-8 -Djava.util.logging.SimpleFormatter.format=%5$s%6$s%n 
java_command: jot.demo.gui.GameMain Kenny
java_class_path (initial): /home/gpaiva/Desktop/projects/code/git/Bitbucket/JOT/lib/commons-math/commons-math3-3.6.1.jar:/home/gpaiva/Desktop/projects/code/git/Bitbucket/JOT/lib/jogamp-all-platforms/jar/gluegen-rt-natives-linux-amd64.jar:/home/gpaiva/Desktop/projects/code/git/Bitbucket/JOT/lib/jogamp-all-platforms/jar/gluegen-rt-natives-linux-i586.jar:/home/gpaiva/Desktop/projects/code/git/Bitbucket/JOT/lib/jogamp-all-platforms/jar/gluegen-rt-natives-macosx-universal.jar:/home/gpaiva/Desktop/projects/code/git/Bitbucket/JOT/lib/jogamp-all-platforms/jar/gluegen-rt-natives-windows-amd64.jar:/home/gpaiva/Desktop/projects/code/git/Bitbucket/JOT/lib/jogamp-all-platforms/jar/gluegen-rt-natives-windows-i586.jar:/home/gpaiva/Desktop/projects/code/git/Bitbucket/JOT/lib/jogamp-all-platforms/jar/gluegen-rt.jar:/home/gpaiva/Desktop/projects/code/git/Bitbucket/JOT/lib/jogamp-all-platforms/jar/gluegen.jar:/home/gpaiva/Desktop/projects/code/git/Bitbucket/JOT/lib/jogamp-all-platforms/jar/joal-natives-linux-amd64.jar:/home/gpaiva/Desktop/projects/code/git/Bitbucket/JOT/lib/jogamp-all-platforms/jar/joal-natives-linux-i586.jar:/home/gpaiva/Desktop/projects/code/git/Bitbucket/JOT/lib/jogamp-all-platforms/jar/joal-natives-macosx-universal.jar:/home/gpaiva/Desktop/projects/code/git/Bitbucket/JOT/lib/jogamp-all-platforms/jar/joal-natives-windows-amd64.jar:/home/gpaiva/Desktop/projects/code/git/Bitbucket/JOT/lib/jogamp-all-platforms/jar/joal-natives-windows-i586.jar:/home/gpaiva/Desktop/projects/code/git/Bitbucket/JOT/lib/jogamp-all-platforms/jar/joal.jar:/home/gpaiva/Desktop/projects/code/git/Bitbucket/JOT/lib/jogamp-all-platforms/jar/jocl-natives-linux-amd64.jar:/home/gpaiva/Desktop/projects/code/git/Bitbucket/JOT/lib/jogamp-all-platforms/jar/jocl-natives-linux-i586.jar:/home/gpaiva/Desktop/projects/code/git/Bitbucket/JOT/lib/jogamp-all-platforms/jar/jocl-natives-macosx-universal.jar:/home/gpaiva/Desktop/projects/code/git/Bitbucket/JOT/lib/jogamp-all-platforms/jar/jocl-natives-windows-a
Launcher Type: SUN_STANDARD

Environment Variables:
JAVA_HOME=/usr/local/java/jdk1.8.0_144
JRE_HOME=/usr/local/java/jre1.8.0_144
PATH=/home/gpaiva/bin:/home/gpaiva/.local/bin:/usr/local/sbin:/usr/local/bin:/usr/sbin:/usr/bin:/sbin:/bin:/usr/games:/usr/local/games:/home/gpaiva/omnetpp-5.1/bin:/home/gpaiva/bin:/usr/local/java/jdk1.8.0_144/bin:/home/gpaiva/bin:/usr/local/java/jre1.8.0_144/bin
LD_LIBRARY_PATH=/usr/local/java/jdk1.8.0_144/jre/lib/amd64:/usr/local/java/jdk1.8.0_144/jre/lib/i386:
SHELL=/bin/bash
DISPLAY=:0

Signal Handlers:
SIGSEGV: [libjvm.so+0xacba10], sa_mask[0]=11111111011111111101111111111110, sa_flags=SA_RESTART|SA_SIGINFO
SIGBUS: [libjvm.so+0xacba10], sa_mask[0]=11111111011111111101111111111110, sa_flags=SA_RESTART|SA_SIGINFO
SIGFPE: [libjvm.so+0x924ba0], sa_mask[0]=11111111011111111101111111111110, sa_flags=SA_RESTART|SA_SIGINFO
SIGPIPE: [libjvm.so+0x924ba0], sa_mask[0]=11111111011111111101111111111110, sa_flags=SA_RESTART|SA_SIGINFO
SIGXFSZ: [libjvm.so+0x924ba0], sa_mask[0]=11111111011111111101111111111110, sa_flags=SA_RESTART|SA_SIGINFO
SIGILL: [libjvm.so+0x924ba0], sa_mask[0]=11111111011111111101111111111110, sa_flags=SA_RESTART|SA_SIGINFO
SIGUSR1: SIG_DFL, sa_mask[0]=00000000000000000000000000000000, sa_flags=none
SIGUSR2: [libjvm.so+0x9263e0], sa_mask[0]=00100000000000000000000000000000, sa_flags=SA_RESTART|SA_SIGINFO
SIGHUP: [libjvm.so+0x9277e0], sa_mask[0]=11111111011111111101111111111110, sa_flags=SA_RESTART|SA_SIGINFO
SIGINT: SIG_IGN, sa_mask[0]=00000000000000000000000000000000, sa_flags=none
SIGTERM: [libjvm.so+0x9277e0], sa_mask[0]=11111111011111111101111111111110, sa_flags=SA_RESTART|SA_SIGINFO
SIGQUIT: [libjvm.so+0x9277e0], sa_mask[0]=11111111011111111101111111111110, sa_flags=SA_RESTART|SA_SIGINFO


---------------  S Y S T E M  ---------------

OS:DISTRIB_ID=LinuxMint
DISTRIB_RELEASE=18.2
DISTRIB_CODENAME=sonya
DISTRIB_DESCRIPTION="Linux Mint 18.2 Sonya"

uname:Linux 4.4.0-89-generic #112-Ubuntu SMP Mon Jul 31 19:38:41 UTC 2017 x86_64
libc:glibc 2.23 NPTL 2.23 
rlimit: STACK 8192k, CORE 0k, NPROC 15636, NOFILE 1048576, AS infinity
load average:2,33 1,70 1,74

/proc/meminfo:
MemTotal:        4045356 kB
MemFree:          195596 kB
MemAvailable:     964120 kB
Buffers:           46956 kB
Cached:           901832 kB
SwapCached:        29612 kB
Active:          2331084 kB
Inactive:        1117172 kB
Active(anon):    1672108 kB
Inactive(anon):   843596 kB
Active(file):     658976 kB
Inactive(file):   273576 kB
Unevictable:          32 kB
Mlocked:              32 kB
SwapTotal:       3998204 kB
SwapFree:        3433096 kB
Dirty:               168 kB
Writeback:             0 kB
AnonPages:       2494080 kB
Mapped:           185208 kB
Shmem:             16188 kB
Slab:             152024 kB
SReclaimable:      82288 kB
SUnreclaim:        69736 kB
KernelStack:        8624 kB
PageTables:        35168 kB
NFS_Unstable:          0 kB
Bounce:                0 kB
WritebackTmp:          0 kB
CommitLimit:     6020880 kB
Committed_AS:    6075156 kB
VmallocTotal:   34359738367 kB
VmallocUsed:           0 kB
VmallocChunk:          0 kB
HardwareCorrupted:     0 kB
AnonHugePages:    995328 kB
CmaTotal:              0 kB
CmaFree:               0 kB
HugePages_Total:       0
HugePages_Free:        0
HugePages_Rsvd:        0
HugePages_Surp:        0
Hugepagesize:       2048 kB
DirectMap4k:     1157952 kB
DirectMap2M:     3035136 kB


CPU:total 2 (initial active 2) (2 cores per cpu, 1 threads per core) family 6 model 23 stepping 6, cmov, cx8, fxsr, mmx, sse, sse2, sse3, ssse3, sse4.1, tsc

/proc/cpuinfo:
processor	: 0
vendor_id	: GenuineIntel
cpu family	: 6
model		: 23
model name	: Intel(R) Core(TM)2 Duo CPU     T9300  @ 2.50GHz
stepping	: 6
microcode	: 0x60c
cpu MHz		: 2401.000
cache size	: 6144 KB
physical id	: 0
siblings	: 2
core id		: 0
cpu cores	: 2
apicid		: 0
initial apicid	: 0
fpu		: yes
fpu_exception	: yes
cpuid level	: 10
wp		: yes
flags		: fpu vme de pse tsc msr pae mce cx8 apic sep mtrr pge mca cmov pat pse36 clflush dts acpi mmx fxsr sse sse2 ss ht tm pbe syscall nx lm constant_tsc arch_perfmon pebs bts rep_good nopl aperfmperf pni dtes64 monitor ds_cpl vmx est tm2 ssse3 cx16 xtpr pdcm sse4_1 lahf_lm tpr_shadow vnmi flexpriority dtherm ida
bugs		:
bogomips	: 4987.48
clflush size	: 64
cache_alignment	: 64
address sizes	: 36 bits physical, 48 bits virtual
power management:

processor	: 1
vendor_id	: GenuineIntel
cpu family	: 6
model		: 23
model name	: Intel(R) Core(TM)2 Duo CPU     T9300  @ 2.50GHz
stepping	: 6
microcode	: 0x60c
cpu MHz		: 2401.000
cache size	: 6144 KB
physical id	: 0
siblings	: 2
core id		: 1
cpu cores	: 2
apicid		: 1
initial apicid	: 1
fpu		: yes
fpu_exception	: yes
cpuid level	: 10
wp		: yes
flags		: fpu vme de pse tsc msr pae mce cx8 apic sep mtrr pge mca cmov pat pse36 clflush dts acpi mmx fxsr sse sse2 ss ht tm pbe syscall nx lm constant_tsc arch_perfmon pebs bts rep_good nopl aperfmperf pni dtes64 monitor ds_cpl vmx est tm2 ssse3 cx16 xtpr pdcm sse4_1 lahf_lm tpr_shadow vnmi flexpriority dtherm ida
bugs		:
bogomips	: 4987.48
clflush size	: 64
cache_alignment	: 64
address sizes	: 36 bits physical, 48 bits virtual
power management:



Memory: 4k page, physical 4045356k(195596k free), swap 3998204k(3433096k free)

vm_info: Java HotSpot(TM) 64-Bit Server VM (25.144-b01) for linux-amd64 JRE (1.8.0_144-b01), built on Jul 21 2017 21:57:33 by "java_re" with gcc 4.3.0 20080428 (Red Hat 4.3.0-8)

time: Tue Aug 15 21:42:26 2017
elapsed time: 28 seconds (0d 0h 0m 28s)

