#
# A fatal error has been detected by the Java Runtime Environment:
#
#  SIGSEGV (0xb) at pc=0x00007f04f22cfbc9, pid=29778, tid=0x00007f04c9513700
#
# JRE version: Java(TM) SE Runtime Environment (8.0_144-b01) (build 1.8.0_144-b01)
# Java VM: Java HotSpot(TM) 64-Bit Server VM (25.144-b01 mixed mode linux-amd64 compressed oops)
# Problematic frame:
# C  [libGL.so.1+0xd7bc9]
#
# Failed to write core dump. Core dumps have been disabled. To enable core dumping, try "ulimit -c unlimited" before starting Java again
#
# If you would like to submit a bug report, please visit:
#   http://bugreport.java.com/bugreport/crash.jsp
# The crash happened outside the Java Virtual Machine in native code.
# See problematic frame for where to report the bug.
#

---------------  T H R E A D  ---------------

Current thread (0x00007f0509766000):  JavaThread "Thread-3" [_thread_in_native, id=29914, stack(0x00007f04c9413000,0x00007f04c9514000)]

siginfo: si_signo: 11 (SIGSEGV), si_code: 1 (SEGV_MAPERR), si_addr: 0x00000000000008b8

Registers:
RAX=0x0000000000000000, RBX=0x00007f04f373e3a0, RCX=0x00000000ee0e8080, RDX=0x0000000000000001
RSP=0x00007f04c95121e8, RBP=0x00007f04c9512230, RSI=0x00000000ee0e8080, RDI=0x0000000000000001
R8 =0x0000000000000001, R9 =0x0000000000000000, R10=0x00007f052d015548, R11=0x00007f054278cfa0
R12=0x0000000000000000, R13=0x00007f04f373e3a0, R14=0x00007f04c9512308, R15=0x00007f0509766000
RIP=0x00007f04f22cfbc9, EFLAGS=0x0000000000010246, CSGSFS=0x0000000000000033, ERR=0x0000000000000004
  TRAPNO=0x000000000000000e

Top of Stack: (sp=0x00007f04c95121e8)
0x00007f04c95121e8:   00007f04f1d9b1fd 00007f0509766000
0x00007f04c95121f8:   00007f0009766000 00007f04c95122f8
0x00007f04c9512208:   0000000100000000 00007f04c9512308
0x00007f04c9512218:   00007f05097661f8 00007f04f22cfbc0
0x00007f04c9512228:   00000000ee0e8080 00007f04c95122b8
0x00007f04c9512238:   00007f052d015574 00007f04f22cfbc0
0x00007f04c9512248:   00007f0509766000 00007f04f373e3a0
0x00007f04c9512258:   0000000000000000 00007f04c95122b8
0x00007f04c9512268:   00007f052d015307 00007f052d0152c2
0x00007f04c9512278:   00007f04c9512278 00007f04f373e3a0
0x00007f04c9512288:   00007f04c9512308 00007f04f2624028
0x00007f04c9512298:   0000000000000000 00007f04f373e3a0
0x00007f04c95122a8:   0000000000000000 00007f04c95122d8
0x00007f04c95122b8:   00007f04c9512350 00007f052d007ffd
0x00007f04c95122c8:   0000000000000000 00007f052d011278
0x00007f04c95122d8:   00007f04f22cfbc0 00007f04c9512388
0x00007f04c95122e8:   0000000000000000 0000000000000000
0x00007f04c95122f8:   00000000ee0e8070 0000000000000001
0x00007f04c9512308:   00000000c2856fd0 00007f04c9512310
0x00007f04c9512318:   00007f04f373e4a3 00007f04c9512388
0x00007f04c9512328:   00007f04f2624028 0000000000000000
0x00007f04c9512338:   00007f04f373e4b8 00007f04c95122d8
0x00007f04c9512348:   00007f04c9512370 00007f04c95123d0
0x00007f04c9512358:   00007f052d008042 00007f04f22cfbc0
0x00007f04c9512368:   0000000000000000 0000000000000000
0x00007f04c9512378:   00000000ee0e8070 0000000000000001
0x00007f04c9512388:   00000000c2856fd0 00007f04c9512390
0x00007f04c9512398:   00007f04d2db248d 00007f04c95123e8
0x00007f04c95123a8:   00007f04d2db4888 00007f04d2dd33d0
0x00007f04c95123b8:   00007f04d2db24a8 00007f04c9512370
0x00007f04c95123c8:   00007f04c95123e0 00007f04c9512430
0x00007f04c95123d8:   00007f052d007ffd 00000000c2856fd0 

Instructions: (pc=0x00007f04f22cfbc9)
0x00007f04f22cfba9:   00 0f 1f 80 00 00 00 00 66 66 66 66 66 66 2e 0f
0x00007f04f22cfbb9:   1f 84 00 00 00 00 00 64 48 8b 04 25 78 ff ff ff
0x00007f04f22cfbc9:   ff a0 b8 08 00 00 cc cc cc cc cc cc cc cc cc cc
0x00007f04f22cfbd9:   cc cc cc cc cc cc cc 1b 4c 01 d8 ff a0 b8 08 00 

Register to memory mapping:

RAX=0x0000000000000000 is an unknown value
RBX={method} {0x00007f04f373e3a0} 'dispatch_glDeleteTextures1' '(ILjava/lang/Object;IZJ)V' in 'jogamp/opengl/gl4/GL4bcImpl'
RCX=0x00000000ee0e8080 is an oop

[error occurred during error reporting (printing register info), id 0xb]

Stack: [0x00007f04c9413000,0x00007f04c9514000],  sp=0x00007f04c95121e8,  free space=1020k
Native frames: (J=compiled Java code, j=interpreted, Vv=VM code, C=native code)
C  [libGL.so.1+0xd7bc9]
j  jogamp.opengl.gl4.GL4bcImpl.dispatch_glDeleteTextures1(ILjava/lang/Object;IZJ)V+0
j  jogamp.opengl.gl4.GL4bcImpl.glDeleteTextures(I[II)V+107
j  com.jogamp.opengl.util.texture.Texture.destroy(Lcom/jogamp/opengl/GL;)V+21
j  jot.manager.SceneManager.lambda$dispose$0(Lcom/jogamp/opengl/GL2;Lcom/jogamp/opengl/util/texture/Texture;)V+2
j  jot.manager.SceneManager$$Lambda$38.accept(Ljava/lang/Object;)V+8
j  java.util.concurrent.ConcurrentHashMap$ValueSpliterator.forEachRemaining(Ljava/util/function/Consumer;)V+26
J 2661 C1 java.util.stream.ReferencePipeline$Head.forEach(Ljava/util/function/Consumer;)V (26 bytes) @ 0x00007f052d85eeac [0x00007f052d85e900+0x5ac]
j  jot.manager.SceneManager.dispose(Lcom/jogamp/opengl/GL2;)V+17
j  jot.gui.Game.lambda$gameShutdown$0()V+29
j  jot.gui.Game$$Lambda$37.run()V+4
j  java.lang.Thread.run()V+11
v  ~StubRoutines::call_stub
V  [libjvm.so+0x693e96]  JavaCalls::call_helper(JavaValue*, methodHandle*, JavaCallArguments*, Thread*)+0x1056
V  [libjvm.so+0x6943a1]  JavaCalls::call_virtual(JavaValue*, KlassHandle, Symbol*, Symbol*, JavaCallArguments*, Thread*)+0x321
V  [libjvm.so+0x694847]  JavaCalls::call_virtual(JavaValue*, Handle, KlassHandle, Symbol*, Symbol*, Thread*)+0x47
V  [libjvm.so+0x72fbd0]  thread_entry(JavaThread*, Thread*)+0xa0
V  [libjvm.so+0xa79753]  JavaThread::thread_main_inner()+0x103
V  [libjvm.so+0xa7989c]  JavaThread::run()+0x11c
V  [libjvm.so+0x92a338]  java_start(Thread*)+0x108
C  [libpthread.so.0+0x76ba]  start_thread+0xca

Java frames: (J=compiled Java code, j=interpreted, Vv=VM code)
j  jogamp.opengl.gl4.GL4bcImpl.dispatch_glDeleteTextures1(ILjava/lang/Object;IZJ)V+0
j  jogamp.opengl.gl4.GL4bcImpl.glDeleteTextures(I[II)V+107
j  com.jogamp.opengl.util.texture.Texture.destroy(Lcom/jogamp/opengl/GL;)V+21
j  jot.manager.SceneManager.lambda$dispose$0(Lcom/jogamp/opengl/GL2;Lcom/jogamp/opengl/util/texture/Texture;)V+2
j  jot.manager.SceneManager$$Lambda$38.accept(Ljava/lang/Object;)V+8
j  java.util.concurrent.ConcurrentHashMap$ValueSpliterator.forEachRemaining(Ljava/util/function/Consumer;)V+26
J 2661 C1 java.util.stream.ReferencePipeline$Head.forEach(Ljava/util/function/Consumer;)V (26 bytes) @ 0x00007f052d85eeac [0x00007f052d85e900+0x5ac]
j  jot.manager.SceneManager.dispose(Lcom/jogamp/opengl/GL2;)V+17
j  jot.gui.Game.lambda$gameShutdown$0()V+29
j  jot.gui.Game$$Lambda$37.run()V+4
j  java.lang.Thread.run()V+11
v  ~StubRoutines::call_stub

---------------  P R O C E S S  ---------------

Java Threads: ( => current thread )
=>0x00007f0509766000 JavaThread "Thread-3" [_thread_in_native, id=29914, stack(0x00007f04c9413000,0x00007f04c9514000)]
  0x00007f053c00c000 JavaThread "DestroyJavaVM" [_thread_blocked, id=29783, stack(0x00007f054388d000,0x00007f054398e000)]
  0x00007f053c5b0000 JavaThread "main-Display-.x11_:0-1-EDT-1" daemon [_thread_blocked, id=29830, stack(0x00007f04ddf3d000,0x00007f04de03e000)]
  0x00007f053c6e8000 JavaThread "main-SharedResourceRunner" daemon [_thread_blocked, id=29819, stack(0x00007f04f2a4c000,0x00007f04f2b4d000)]
  0x00007f053c6c7800 JavaThread "main-SharedResourceRunner" daemon [_thread_blocked, id=29817, stack(0x00007f04f294b000,0x00007f04f2a4c000)]
  0x00007f053c693000 JavaThread "AWT-XAWT" daemon [_thread_in_native, id=29814, stack(0x00007f0528098000,0x00007f0528199000)]
  0x00007f053c676800 JavaThread "Java2D Disposer" daemon [_thread_blocked, id=29813, stack(0x00007f052866d000,0x00007f052876e000)]
  0x00007f053c5e4800 JavaThread "process reaper" daemon [_thread_blocked, id=29809, stack(0x00007f0528b96000,0x00007f0528bcf000)]
  0x00007f053c0bd000 JavaThread "Service Thread" daemon [_thread_blocked, id=29792, stack(0x00007f052926e000,0x00007f052936f000)]
  0x00007f053c0ba000 JavaThread "C1 CompilerThread1" daemon [_thread_blocked, id=29791, stack(0x00007f052936f000,0x00007f0529470000)]
  0x00007f053c0b7800 JavaThread "C2 CompilerThread0" daemon [_thread_blocked, id=29790, stack(0x00007f0529470000,0x00007f0529571000)]
  0x00007f053c0b6000 JavaThread "Signal Dispatcher" daemon [_thread_blocked, id=29789, stack(0x00007f0529571000,0x00007f0529672000)]
  0x00007f053c081800 JavaThread "Finalizer" daemon [_thread_blocked, id=29788, stack(0x00007f052994c000,0x00007f0529a4d000)]
  0x00007f053c07d000 JavaThread "Reference Handler" daemon [_thread_blocked, id=29787, stack(0x00007f0529a4d000,0x00007f0529b4e000)]

Other Threads:
  0x00007f053c075800 VMThread [stack: 0x00007f0529b4e000,0x00007f0529c4f000] [id=29786]
  0x00007f053c0c0000 WatcherThread [stack: 0x00007f052916d000,0x00007f052926e000] [id=29793]

VM state:not at safepoint (normal execution)

VM Mutex/Monitor currently owned by a thread: None

Heap:
 PSYoungGen      total 107008K, used 46224K [0x00000000eb700000, 0x00000000f5200000, 0x0000000100000000)
  eden space 61440K, 70% used [0x00000000eb700000,0x00000000ee17e178,0x00000000ef300000)
  from space 45568K, 5% used [0x00000000f2580000,0x00000000f28261d8,0x00000000f5200000)
  to   space 48640K, 0% used [0x00000000ef300000,0x00000000ef300000,0x00000000f2280000)
 ParOldGen       total 199168K, used 166178K [0x00000000c2400000, 0x00000000ce680000, 0x00000000eb700000)
  object space 199168K, 83% used [0x00000000c2400000,0x00000000cc648b58,0x00000000ce680000)
 Metaspace       used 27040K, capacity 27754K, committed 28160K, reserved 1075200K
  class space    used 2922K, capacity 3222K, committed 3328K, reserved 1048576K

Card table byte_map: [0x00007f054046f000,0x00007f054065e000] byte_map_base: 0x00007f053fe5d000

Marking Bits: (ParMarkBitMap*) 0x00007f0542d8edc0
 Begin Bits: [0x00007f052b120000, 0x00007f052c090000)
 End Bits:   [0x00007f052c090000, 0x00007f052d000000)

Polling page: 0x00007f05439df000

CodeCache: size=245760Kb used=9557Kb max_used=10146Kb free=236202Kb
 bounds [0x00007f052d000000, 0x00007f052da10000, 0x00007f053c000000]
 total_blobs=3873 nmethods=2812 adapters=976
 compilation: enabled

Compilation events (10 events):
Event: 38,545 Thread 0x00007f053c0ba000 3052       3       jot.physics.Material::setRenderable (6 bytes)
Event: 38,545 Thread 0x00007f053c0ba000 nmethod 3052 0x00007f052d1bc450 code [0x00007f052d1bc5a0, 0x00007f052d1bc6f0]
Event: 38,662 Thread 0x00007f053c0ba000 3053       3       com.jogamp.opengl.glu.GLU::<init> (16 bytes)
Event: 38,662 Thread 0x00007f053c0ba000 nmethod 3053 0x00007f052d16fad0 code [0x00007f052d16fc60, 0x00007f052d170110]
Event: 38,751 Thread 0x00007f053c0b7800 3056   !   4       java.util.regex.Pattern::matcher (44 bytes)
Event: 38,753 Thread 0x00007f053c0ba000 3054       3       java.util.Formatter::parse (151 bytes)
Event: 38,755 Thread 0x00007f053c0ba000 nmethod 3054 0x00007f052d5bab10 code [0x00007f052d5baf20, 0x00007f052d5bd598]
Event: 38,761 Thread 0x00007f053c0b7800 nmethod 3056 0x00007f052d35ba50 code [0x00007f052d35bbc0, 0x00007f052d35c018]
Event: 38,761 Thread 0x00007f053c0b7800 3055       4       java.util.Formatter$FixedString::<init> (15 bytes)
Event: 38,762 Thread 0x00007f053c0b7800 nmethod 3055 0x00007f052d982bd0 code [0x00007f052d982d20, 0x00007f052d982d98]

GC Heap History (10 events):
Event: 14,339 GC heap before
{Heap before GC invocations=16 (full 4):
 PSYoungGen      total 81408K, used 29856K [0x00000000eb700000, 0x00000000f3980000, 0x0000000100000000)
  eden space 38400K, 0% used [0x00000000eb700000,0x00000000eb700000,0x00000000edc80000)
  from space 43008K, 69% used [0x00000000f0900000,0x00000000f2628000,0x00000000f3300000)
  to   space 45568K, 0% used [0x00000000edc80000,0x00000000edc80000,0x00000000f0900000)
 ParOldGen       total 126976K, used 114072K [0x00000000c2400000, 0x00000000ca000000, 0x00000000eb700000)
  object space 126976K, 89% used [0x00000000c2400000,0x00000000c9366098,0x00000000ca000000)
 Metaspace       used 22188K, capacity 22826K, committed 23088K, reserved 1069056K
  class space    used 2341K, capacity 2622K, committed 2688K, reserved 1048576K
Event: 14,528 GC heap after
Heap after GC invocations=16 (full 4):
 PSYoungGen      total 81408K, used 16971K [0x00000000eb700000, 0x00000000f3980000, 0x0000000100000000)
  eden space 38400K, 0% used [0x00000000eb700000,0x00000000eb700000,0x00000000edc80000)
  from space 43008K, 39% used [0x00000000f0900000,0x00000000f1992f60,0x00000000f3300000)
  to   space 45568K, 0% used [0x00000000edc80000,0x00000000edc80000,0x00000000f0900000)
 ParOldGen       total 199168K, used 126500K [0x00000000c2400000, 0x00000000ce680000, 0x00000000eb700000)
  object space 199168K, 63% used [0x00000000c2400000,0x00000000c9f89048,0x00000000ce680000)
 Metaspace       used 22188K, capacity 22826K, committed 23088K, reserved 1069056K
  class space    used 2341K, capacity 2622K, committed 2688K, reserved 1048576K
}
Event: 15,602 GC heap before
{Heap before GC invocations=17 (full 4):
 PSYoungGen      total 81408K, used 55371K [0x00000000eb700000, 0x00000000f3980000, 0x0000000100000000)
  eden space 38400K, 100% used [0x00000000eb700000,0x00000000edc80000,0x00000000edc80000)
  from space 43008K, 39% used [0x00000000f0900000,0x00000000f1992f60,0x00000000f3300000)
  to   space 45568K, 0% used [0x00000000edc80000,0x00000000edc80000,0x00000000f0900000)
 ParOldGen       total 199168K, used 126500K [0x00000000c2400000, 0x00000000ce680000, 0x00000000eb700000)
  object space 199168K, 63% used [0x00000000c2400000,0x00000000c9f89048,0x00000000ce680000)
 Metaspace       used 22194K, capacity 22826K, committed 23088K, reserved 1069056K
  class space    used 2341K, capacity 2622K, committed 2688K, reserved 1048576K
Event: 15,673 GC heap after
Heap after GC invocations=17 (full 4):
 PSYoungGen      total 83968K, used 39872K [0x00000000eb700000, 0x00000000f4c80000, 0x0000000100000000)
  eden space 38400K, 0% used [0x00000000eb700000,0x00000000eb700000,0x00000000edc80000)
  from space 45568K, 87% used [0x00000000edc80000,0x00000000f0370000,0x00000000f0900000)
  to   space 50688K, 0% used [0x00000000f1b00000,0x00000000f1b00000,0x00000000f4c80000)
 ParOldGen       total 199168K, used 143548K [0x00000000c2400000, 0x00000000ce680000, 0x00000000eb700000)
  object space 199168K, 72% used [0x00000000c2400000,0x00000000cb02f048,0x00000000ce680000)
 Metaspace       used 22194K, capacity 22826K, committed 23088K, reserved 1069056K
  class space    used 2341K, capacity 2622K, committed 2688K, reserved 1048576K
}
Event: 18,438 GC heap before
{Heap before GC invocations=18 (full 4):
 PSYoungGen      total 83968K, used 78272K [0x00000000eb700000, 0x00000000f4c80000, 0x0000000100000000)
  eden space 38400K, 100% used [0x00000000eb700000,0x00000000edc80000,0x00000000edc80000)
  from space 45568K, 87% used [0x00000000edc80000,0x00000000f0370000,0x00000000f0900000)
  to   space 50688K, 0% used [0x00000000f1b00000,0x00000000f1b00000,0x00000000f4c80000)
 ParOldGen       total 199168K, used 143548K [0x00000000c2400000, 0x00000000ce680000, 0x00000000eb700000)
  object space 199168K, 72% used [0x00000000c2400000,0x00000000cb02f048,0x00000000ce680000)
 Metaspace       used 25695K, capacity 26312K, committed 26752K, reserved 1073152K
  class space    used 2815K, capacity 3077K, committed 3200K, reserved 1048576K
Event: 18,516 GC heap after
Heap after GC invocations=18 (full 4):
 PSYoungGen      total 98304K, used 4507K [0x00000000eb700000, 0x00000000f4a00000, 0x0000000100000000)
  eden space 50176K, 0% used [0x00000000eb700000,0x00000000eb700000,0x00000000ee800000)
  from space 48128K, 9% used [0x00000000f1b00000,0x00000000f1f66e20,0x00000000f4a00000)
  to   space 50176K, 0% used [0x00000000ee800000,0x00000000ee800000,0x00000000f1900000)
 ParOldGen       total 199168K, used 164476K [0x00000000c2400000, 0x00000000ce680000, 0x00000000eb700000)
  object space 199168K, 82% used [0x00000000c2400000,0x00000000cc49f048,0x00000000ce680000)
 Metaspace       used 25695K, capacity 26312K, committed 26752K, reserved 1073152K
  class space    used 2815K, capacity 3077K, committed 3200K, reserved 1048576K
}
Event: 19,392 GC heap before
{Heap before GC invocations=19 (full 4):
 PSYoungGen      total 98304K, used 54683K [0x00000000eb700000, 0x00000000f4a00000, 0x0000000100000000)
  eden space 50176K, 100% used [0x00000000eb700000,0x00000000ee800000,0x00000000ee800000)
  from space 48128K, 9% used [0x00000000f1b00000,0x00000000f1f66e20,0x00000000f4a00000)
  to   space 50176K, 0% used [0x00000000ee800000,0x00000000ee800000,0x00000000f1900000)
 ParOldGen       total 199168K, used 164476K [0x00000000c2400000, 0x00000000ce680000, 0x00000000eb700000)
  object space 199168K, 82% used [0x00000000c2400000,0x00000000cc49f048,0x00000000ce680000)
 Metaspace       used 26437K, capacity 27008K, committed 27264K, reserved 1073152K
  class space    used 2909K, capacity 3179K, committed 3200K, reserved 1048576K
Event: 19,414 GC heap after
Heap after GC invocations=19 (full 4):
 PSYoungGen      total 100352K, used 3769K [0x00000000eb700000, 0x00000000f5600000, 0x0000000100000000)
  eden space 50176K, 0% used [0x00000000eb700000,0x00000000eb700000,0x00000000ee800000)
  from space 50176K, 7% used [0x00000000ee800000,0x00000000eebae490,0x00000000f1900000)
  to   space 49664K, 0% used [0x00000000f2580000,0x00000000f2580000,0x00000000f5600000)
 ParOldGen       total 199168K, used 166170K [0x00000000c2400000, 0x00000000ce680000, 0x00000000eb700000)
  object space 199168K, 83% used [0x00000000c2400000,0x00000000cc646b58,0x00000000ce680000)
 Metaspace       used 26437K, capacity 27008K, committed 27264K, reserved 1073152K
  class space    used 2909K, capacity 3179K, committed 3200K, reserved 1048576K
}
Event: 28,260 GC heap before
{Heap before GC invocations=20 (full 4):
 PSYoungGen      total 100352K, used 53945K [0x00000000eb700000, 0x00000000f5600000, 0x0000000100000000)
  eden space 50176K, 100% used [0x00000000eb700000,0x00000000ee800000,0x00000000ee800000)
  from space 50176K, 7% used [0x00000000ee800000,0x00000000eebae490,0x00000000f1900000)
  to   space 49664K, 0% used [0x00000000f2580000,0x00000000f2580000,0x00000000f5600000)
 ParOldGen       total 199168K, used 166170K [0x00000000c2400000, 0x00000000ce680000, 0x00000000eb700000)
  object space 199168K, 83% used [0x00000000c2400000,0x00000000cc646b58,0x00000000ce680000)
 Metaspace       used 27006K, capacity 27742K, committed 28160K, reserved 1075200K
  class space    used 2919K, capacity 3220K, committed 3328K, reserved 1048576K
Event: 28,275 GC heap after
Heap after GC invocations=20 (full 4):
 PSYoungGen      total 107008K, used 2712K [0x00000000eb700000, 0x00000000f5200000, 0x0000000100000000)
  eden space 61440K, 0% used [0x00000000eb700000,0x00000000eb700000,0x00000000ef300000)
  from space 45568K, 5% used [0x00000000f2580000,0x00000000f28261d8,0x00000000f5200000)
  to   space 48640K, 0% used [0x00000000ef300000,0x00000000ef300000,0x00000000f2280000)
 ParOldGen       total 199168K, used 166178K [0x00000000c2400000, 0x00000000ce680000, 0x00000000eb700000)
  object space 199168K, 83% used [0x00000000c2400000,0x00000000cc648b58,0x00000000ce680000)
 Metaspace       used 27006K, capacity 27742K, committed 28160K, reserved 1075200K
  class space    used 2919K, capacity 3220K, committed 3328K, reserved 1048576K
}

Deoptimization events (10 events):
Event: 22,108 Thread 0x00007f053c391800 Uncommon trap: reason=predicate action=maybe_recompile pc=0x00007f052d8a697c method=java.util.Arrays.fill([Ljava/lang/Object;Ljava/lang/Object;)V @ 10
Event: 22,155 Thread 0x00007f053c391800 Uncommon trap: reason=array_check action=maybe_recompile pc=0x00007f052d87d388 method=java.util.Arrays.fill([Ljava/lang/Object;Ljava/lang/Object;)V @ 13
Event: 22,160 Thread 0x00007f053c391800 Uncommon trap: reason=array_check action=maybe_recompile pc=0x00007f052d87d388 method=java.util.Arrays.fill([Ljava/lang/Object;Ljava/lang/Object;)V @ 13
Event: 22,194 Thread 0x00007f053c391800 Uncommon trap: reason=array_check action=maybe_recompile pc=0x00007f052d87d388 method=java.util.Arrays.fill([Ljava/lang/Object;Ljava/lang/Object;)V @ 13
Event: 22,212 Thread 0x00007f053c391800 Uncommon trap: reason=array_check action=maybe_recompile pc=0x00007f052d87d388 method=java.util.Arrays.fill([Ljava/lang/Object;Ljava/lang/Object;)V @ 13
Event: 23,111 Thread 0x00007f053c391800 Uncommon trap: reason=unstable_if action=reinterpret pc=0x00007f052d8e63ac method=sun.misc.FloatingDecimal$BinaryToASCIIBuffer.dtoa(IJIZ)V @ 921
Event: 33,440 Thread 0x00007f053c391800 Uncommon trap: reason=unstable_if action=reinterpret pc=0x00007f052d918728 method=sun.misc.FloatingDecimal$BinaryToASCIIBuffer.dtoa(IJIZ)V @ 1494
Event: 35,620 Thread 0x00007f053c391800 Uncommon trap: reason=unstable_if action=reinterpret pc=0x00007f052d9b99e8 method=jot.io.device.handlers.KeyBoard.isDetecting(Ljava/lang/String;)Z @ 75
Event: 38,746 Thread 0x00007f053c391800 Uncommon trap: reason=unstable_if action=reinterpret pc=0x00007f052d8ac690 method=java.util.Formatter.parse(Ljava/lang/String;)[Ljava/util/Formatter$FormatString; @ 47
Event: 38,802 Thread 0x00007f0509766000 Uncommon trap: reason=bimorphic action=maybe_recompile pc=0x00007f052d4e4a74 method=java.util.stream.StreamOpFlag.fromCharacteristics(Ljava/util/Spliterator;)I @ 1

Internal exceptions (10 events):
Event: 1,843 Thread 0x00007f053c00c000 Exception <a 'java/lang/NoClassDefFoundError': jot/util/ExtensionAIOptions> (0x00000000ec11bce8) thrown at [/HUDSON3/workspace/8-2-build-linux-amd64/jdk8u144/9417/hotspot/src/share/vm/oops/constantPool.cpp, line 235]
Event: 1,843 Thread 0x00007f053c00c000 Exception <a 'java/lang/NoClassDefFoundError': jot/util/ExtensionAIOptions> (0x00000000ec11bf50) thrown at [/HUDSON3/workspace/8-2-build-linux-amd64/jdk8u144/9417/hotspot/src/share/vm/oops/constantPool.cpp, line 235]
Event: 1,843 Thread 0x00007f053c00c000 Exception <a 'java/lang/NoClassDefFoundError': jot/util/ExtensionAIOptions> (0x00000000ec11c1b8) thrown at [/HUDSON3/workspace/8-2-build-linux-amd64/jdk8u144/9417/hotspot/src/share/vm/oops/constantPool.cpp, line 235]
Event: 1,843 Thread 0x00007f053c00c000 Exception <a 'java/lang/NoClassDefFoundError': jot/util/ExtensionAIOptions> (0x00000000ec11c420) thrown at [/HUDSON3/workspace/8-2-build-linux-amd64/jdk8u144/9417/hotspot/src/share/vm/oops/constantPool.cpp, line 235]
Event: 1,843 Thread 0x00007f053c00c000 Exception <a 'java/lang/NoClassDefFoundError': jot/util/ExtensionAIOptions> (0x00000000ec11c688) thrown at [/HUDSON3/workspace/8-2-build-linux-amd64/jdk8u144/9417/hotspot/src/share/vm/oops/constantPool.cpp, line 235]
Event: 1,843 Thread 0x00007f053c00c000 Exception <a 'java/lang/NoClassDefFoundError': jot/util/ExtensionAIOptions> (0x00000000ec11c8f0) thrown at [/HUDSON3/workspace/8-2-build-linux-amd64/jdk8u144/9417/hotspot/src/share/vm/oops/constantPool.cpp, line 235]
Event: 1,843 Thread 0x00007f053c00c000 Exception <a 'java/lang/NoClassDefFoundError': jot/util/ExtensionAIOptions> (0x00000000ec11cb58) thrown at [/HUDSON3/workspace/8-2-build-linux-amd64/jdk8u144/9417/hotspot/src/share/vm/oops/constantPool.cpp, line 235]
Event: 2,354 Thread 0x00007f053c00c000 Exception <a 'java/io/FileNotFoundException'> (0x00000000ec5054d8) thrown at [/HUDSON3/workspace/8-2-build-linux-amd64/jdk8u144/9417/hotspot/src/share/vm/prims/jni.cpp, line 709]
Event: 2,354 Thread 0x00007f053c00c000 Exception <a 'java/io/FileNotFoundException'> (0x00000000ec505e98) thrown at [/HUDSON3/workspace/8-2-build-linux-amd64/jdk8u144/9417/hotspot/src/share/vm/prims/jni.cpp, line 709]
Event: 20,898 Thread 0x00007f053c391800 Implicit null exception at 0x00007f052d82291a to 0x00007f052d823c01

Events (10 events):
Event: 38,802 loading class java/util/concurrent/ConcurrentHashMap$ValueSpliterator done
Event: 38,802 Thread 0x00007f0509766000 Uncommon trap: trap_request=0xffffffc6 fr.pc=0x00007f052d4e4a74
Event: 38,802 Thread 0x00007f0509766000 DEOPT PACKING pc=0x00007f052d4e4a74 sp=0x00007f04c95124f0
Event: 38,802 Thread 0x00007f0509766000 DEOPT UNPACKING pc=0x00007f052d004f69 sp=0x00007f04c95124a8 mode 2
Event: 38,802 loading class com/jogamp/opengl/GL2
Event: 38,802 loading class com/jogamp/opengl/GL2 done
Event: 38,802 loading class com/jogamp/opengl/util/texture/Texture
Event: 38,802 loading class com/jogamp/opengl/util/texture/Texture done
Event: 38,802 loading class com/jogamp/opengl/GL2
Event: 38,802 loading class com/jogamp/opengl/GL2 done


Dynamic libraries:
00400000-00401000 r-xp 00000000 08:05 3148066                            /usr/local/java/jdk1.8.0_144/bin/java
00600000-00601000 rw-p 00000000 08:05 3148066                            /usr/local/java/jdk1.8.0_144/bin/java
01688000-016a9000 rw-p 00000000 00:00 0                                  [heap]
40488000-40524000 rw-p 00000000 00:00 0 
40daa000-40e46000 rw-p 00000000 00:00 0 
41eec000-41eee000 r-xs 00000000 08:05 11272367                           /tmp/.gliYUlFf (deleted)
c2400000-ce680000 rw-p 00000000 00:00 0 
ce680000-eb700000 ---p 00000000 00:00 0 
eb700000-f5200000 rw-p 00000000 00:00 0 
f5200000-100000000 ---p 00000000 00:00 0 
100000000-100340000 rw-p 00000000 00:00 0 
100340000-140000000 ---p 00000000 00:00 0 
7f04c9413000-7f04c9416000 ---p 00000000 00:00 0 
7f04c9416000-7f04c9514000 rw-p 00000000 00:00 0 
7f04c9514000-7f04c9914000 rw-s 0273f000 00:06 523                        /dev/nvidiactl
7f04c9914000-7f04c9d14000 rw-s 041ac000 00:06 523                        /dev/nvidiactl
7f04c9d14000-7f04ca114000 rw-s 050e5000 00:06 523                        /dev/nvidiactl
7f04ca114000-7f04caab6000 rw-p 00000000 00:00 0 
7f04caab6000-7f04cacb6000 rw-p 00000000 00:00 0 
7f04cacb6000-7f04d0f39000 rw-p 00000000 00:00 0 
7f04d0f39000-7f04d1339000 rw-s 1229ae000 00:06 523                       /dev/nvidiactl
7f04d1339000-7f04d1739000 rw-s 91d1d000 00:06 523                        /dev/nvidiactl
7f04d1739000-7f04d1b0a000 rw-p 00000000 00:00 0 
7f04d1b0a000-7f04d1f0a000 rw-s 6f720000 00:06 523                        /dev/nvidiactl
7f04d1f0a000-7f04d22db000 rw-p 00000000 00:00 0 
7f04d23b8000-7f04d23f8000 rw-p 00000000 00:00 0 
7f04d23f8000-7f04d25b8000 ---p 00000000 00:00 0 
7f04d25b8000-7f04d27b8000 rw-s b8b30000 00:06 523                        /dev/nvidiactl
7f04d27b8000-7f04d2821000 r-xp 00000000 08:05 3277887                    /usr/local/java/jdk1.8.0_144/jre/lib/amd64/libt2k.so
7f04d2821000-7f04d2a21000 ---p 00069000 08:05 3277887                    /usr/local/java/jdk1.8.0_144/jre/lib/amd64/libt2k.so
7f04d2a21000-7f04d2a28000 rw-p 00069000 08:05 3277887                    /usr/local/java/jdk1.8.0_144/jre/lib/amd64/libt2k.so
7f04d2a28000-7f04d2a38000 rw-p 00000000 00:00 0 
7f04d2b78000-7f04d2b7b000 ---p 00000000 00:00 0 
7f04d2b7b000-7f04d2e79000 rw-p 00000000 00:00 0 
7f04d2e79000-7f04d2e7a000 ---p 00000000 00:00 0 
7f04d2e7a000-7f04d2f7a000 rw-p 00000000 00:00 0 
7f04d2f7a000-7f04d6f7b000 rw-s 00000000 00:13 6                          /dev/shm/pulse-shm-340349428
7f04d6f7b000-7f04daf7c000 rw-s 00000000 00:13 9                          /dev/shm/pulse-shm-3633337691
7f04daf7c000-7f04daf7d000 ---p 00000000 00:00 0 
7f04daf7d000-7f04db77d000 rw-p 00000000 00:00 0 
7f04db77d000-7f04db7a7000 r-xp 00000000 08:05 11414085                   /usr/lib/x86_64-linux-gnu/libvorbis.so.0.4.8
7f04db7a7000-7f04db9a7000 ---p 0002a000 08:05 11414085                   /usr/lib/x86_64-linux-gnu/libvorbis.so.0.4.8
7f04db9a7000-7f04db9a8000 r--p 0002a000 08:05 11414085                   /usr/lib/x86_64-linux-gnu/libvorbis.so.0.4.8
7f04db9a8000-7f04db9a9000 rw-p 0002b000 08:05 11414085                   /usr/lib/x86_64-linux-gnu/libvorbis.so.0.4.8
7f04db9a9000-7f04db9b0000 r-xp 00000000 08:05 11413751                   /usr/lib/x86_64-linux-gnu/libogg.so.0.8.2
7f04db9b0000-7f04dbbb0000 ---p 00007000 08:05 11413751                   /usr/lib/x86_64-linux-gnu/libogg.so.0.8.2
7f04dbbb0000-7f04dbbb1000 r--p 00007000 08:05 11413751                   /usr/lib/x86_64-linux-gnu/libogg.so.0.8.2
7f04dbbb1000-7f04dbbb2000 rw-p 00008000 08:05 11413751                   /usr/lib/x86_64-linux-gnu/libogg.so.0.8.2
7f04dbbb2000-7f04dbc20000 r-xp 00000000 08:05 1839749                    /lib/x86_64-linux-gnu/libpcre.so.3.13.2
7f04dbc20000-7f04dbe20000 ---p 0006e000 08:05 1839749                    /lib/x86_64-linux-gnu/libpcre.so.3.13.2
7f04dbe20000-7f04dbe21000 r--p 0006e000 08:05 1839749                    /lib/x86_64-linux-gnu/libpcre.so.3.13.2
7f04dbe21000-7f04dbe22000 rw-p 0006f000 08:05 1839749                    /lib/x86_64-linux-gnu/libpcre.so.3.13.2
7f04dbe22000-7f04dbe39000 r-xp 00000000 08:05 1836653                    /lib/x86_64-linux-gnu/libresolv-2.23.so
7f04dbe39000-7f04dc039000 ---p 00017000 08:05 1836653                    /lib/x86_64-linux-gnu/libresolv-2.23.so
7f04dc039000-7f04dc03a000 r--p 00017000 08:05 1836653                    /lib/x86_64-linux-gnu/libresolv-2.23.so
7f04dc03a000-7f04dc03b000 rw-p 00018000 08:05 1836653                    /lib/x86_64-linux-gnu/libresolv-2.23.so
7f04dc03b000-7f04dc03d000 rw-p 00000000 00:00 0 
7f04dc03d000-7f04dc0ca000 r-xp 00000000 08:05 11414087                   /usr/lib/x86_64-linux-gnu/libvorbisenc.so.2.0.11
7f04dc0ca000-7f04dc2c9000 ---p 0008d000 08:05 11414087                   /usr/lib/x86_64-linux-gnu/libvorbisenc.so.2.0.11
7f04dc2c9000-7f04dc2e5000 r--p 0008c000 08:05 11414087                   /usr/lib/x86_64-linux-gnu/libvorbisenc.so.2.0.11
7f04dc2e5000-7f04dc2e6000 rw-p 000a8000 08:05 11414087                   /usr/lib/x86_64-linux-gnu/libvorbisenc.so.2.0.11
7f04dc2e6000-7f04dc359000 r-xp 00000000 08:05 11412614                   /usr/lib/x86_64-linux-gnu/libFLAC.so.8.3.0
7f04dc359000-7f04dc559000 ---p 00073000 08:05 11412614                   /usr/lib/x86_64-linux-gnu/libFLAC.so.8.3.0
7f04dc559000-7f04dc55a000 r--p 00073000 08:05 11412614                   /usr/lib/x86_64-linux-gnu/libFLAC.so.8.3.0
7f04dc55a000-7f04dc55b000 rw-p 00074000 08:05 11412614                   /usr/lib/x86_64-linux-gnu/libFLAC.so.8.3.0
7f04dc55b000-7f04dc57c000 r-xp 00000000 08:05 1839687                    /lib/x86_64-linux-gnu/liblzma.so.5.0.0
7f04dc57c000-7f04dc77b000 ---p 00021000 08:05 1839687                    /lib/x86_64-linux-gnu/liblzma.so.5.0.0
7f04dc77b000-7f04dc77c000 r--p 00020000 08:05 1839687                    /lib/x86_64-linux-gnu/liblzma.so.5.0.0
7f04dc77c000-7f04dc77d000 rw-p 00021000 08:05 1839687                    /lib/x86_64-linux-gnu/liblzma.so.5.0.0
7f04dc77d000-7f04dc79c000 r-xp 00000000 08:05 1839778                    /lib/x86_64-linux-gnu/libselinux.so.1
7f04dc79c000-7f04dc99b000 ---p 0001f000 08:05 1839778                    /lib/x86_64-linux-gnu/libselinux.so.1
7f04dc99b000-7f04dc99c000 r--p 0001e000 08:05 1839778                    /lib/x86_64-linux-gnu/libselinux.so.1
7f04dc99c000-7f04dc99d000 rw-p 0001f000 08:05 1839778                    /lib/x86_64-linux-gnu/libselinux.so.1
7f04dc99d000-7f04dc99f000 rw-p 00000000 00:00 0 
7f04dc99f000-7f04dc9a4000 r-xp 00000000 08:05 11412867                   /usr/lib/x86_64-linux-gnu/libasyncns.so.0.3.1
7f04dc9a4000-7f04dcba3000 ---p 00005000 08:05 11412867                   /usr/lib/x86_64-linux-gnu/libasyncns.so.0.3.1
7f04dcba3000-7f04dcba4000 r--p 00004000 08:05 11412867                   /usr/lib/x86_64-linux-gnu/libasyncns.so.0.3.1
7f04dcba4000-7f04dcba5000 rw-p 00005000 08:05 11412867                   /usr/lib/x86_64-linux-gnu/libasyncns.so.0.3.1
7f04dcba5000-7f04dcc07000 r-xp 00000000 08:05 11409293                   /usr/lib/x86_64-linux-gnu/libsndfile.so.1.0.25
7f04dcc07000-7f04dce07000 ---p 00062000 08:05 11409293                   /usr/lib/x86_64-linux-gnu/libsndfile.so.1.0.25
7f04dce07000-7f04dce09000 r--p 00062000 08:05 11409293                   /usr/lib/x86_64-linux-gnu/libsndfile.so.1.0.25
7f04dce09000-7f04dce0a000 rw-p 00064000 08:05 11409293                   /usr/lib/x86_64-linux-gnu/libsndfile.so.1.0.25
7f04dce0a000-7f04dce0e000 rw-p 00000000 00:00 0 
7f04dce0e000-7f04dce16000 r-xp 00000000 08:05 1839806                    /lib/x86_64-linux-gnu/libwrap.so.0.7.6
7f04dce16000-7f04dd015000 ---p 00008000 08:05 1839806                    /lib/x86_64-linux-gnu/libwrap.so.0.7.6
7f04dd015000-7f04dd016000 r--p 00007000 08:05 1839806                    /lib/x86_64-linux-gnu/libwrap.so.0.7.6
7f04dd016000-7f04dd017000 rw-p 00008000 08:05 1839806                    /lib/x86_64-linux-gnu/libwrap.so.0.7.6
7f04dd017000-7f04dd018000 rw-p 00000000 00:00 0 
7f04dd018000-7f04dd098000 r-xp 00000000 08:05 1840664                    /lib/x86_64-linux-gnu/libsystemd.so.0.14.0
7f04dd098000-7f04dd09b000 r--p 0007f000 08:05 1840664                    /lib/x86_64-linux-gnu/libsystemd.so.0.14.0
7f04dd09b000-7f04dd09c000 rw-p 00082000 08:05 1840664                    /lib/x86_64-linux-gnu/libsystemd.so.0.14.0
7f04dd09c000-7f04dd09d000 rw-p 00000000 00:00 0 
7f04dd09d000-7f04dd0e7000 r-xp 00000000 08:05 1836611                    /lib/x86_64-linux-gnu/libdbus-1.so.3.14.6
7f04dd0e7000-7f04dd2e7000 ---p 0004a000 08:05 1836611                    /lib/x86_64-linux-gnu/libdbus-1.so.3.14.6
7f04dd2e7000-7f04dd2e8000 r--p 0004a000 08:05 1836611                    /lib/x86_64-linux-gnu/libdbus-1.so.3.14.6
7f04dd2e8000-7f04dd2e9000 rw-p 0004b000 08:05 1836611                    /lib/x86_64-linux-gnu/libdbus-1.so.3.14.6
7f04dd2e9000-7f04dd363000 r-xp 00000000 08:05 11798505                   /usr/lib/x86_64-linux-gnu/pulseaudio/libpulsecommon-8.0.so
7f04dd363000-7f04dd562000 ---p 0007a000 08:05 11798505                   /usr/lib/x86_64-linux-gnu/pulseaudio/libpulsecommon-8.0.so
7f04dd562000-7f04dd563000 r--p 00079000 08:05 11798505                   /usr/lib/x86_64-linux-gnu/pulseaudio/libpulsecommon-8.0.so
7f04dd563000-7f04dd564000 rw-p 0007a000 08:05 11798505                   /usr/lib/x86_64-linux-gnu/pulseaudio/libpulsecommon-8.0.so
7f04dd564000-7f04dd56e000 r-xp 00000000 08:05 1839679                    /lib/x86_64-linux-gnu/libjson-c.so.2.0.0
7f04dd56e000-7f04dd76d000 ---p 0000a000 08:05 1839679                    /lib/x86_64-linux-gnu/libjson-c.so.2.0.0
7f04dd76d000-7f04dd76e000 r--p 00009000 08:05 1839679                    /lib/x86_64-linux-gnu/libjson-c.so.2.0.0
7f04dd76e000-7f04dd76f000 rw-p 0000a000 08:05 1839679                    /lib/x86_64-linux-gnu/libjson-c.so.2.0.0
7f04dd76f000-7f04dd7bd000 r-xp 00000000 08:05 11405634                   /usr/lib/x86_64-linux-gnu/libpulse.so.0.19.0
7f04dd7bd000-7f04dd9bd000 ---p 0004e000 08:05 11405634                   /usr/lib/x86_64-linux-gnu/libpulse.so.0.19.0
7f04dd9bd000-7f04dd9be000 r--p 0004e000 08:05 11405634                   /usr/lib/x86_64-linux-gnu/libpulse.so.0.19.0
7f04dd9be000-7f04dd9bf000 rw-p 0004f000 08:05 11405634                   /usr/lib/x86_64-linux-gnu/libpulse.so.0.19.0
7f04dd9bf000-7f04dd9cd000 r-xp 00000000 08:05 11272394                   /tmp/jogamp_0000/file_cache/jln8305198192852585865/jln2211750326213024124/natives/linux-amd64/libjoal.so
7f04dd9cd000-7f04ddbcc000 ---p 0000e000 08:05 11272394                   /tmp/jogamp_0000/file_cache/jln8305198192852585865/jln2211750326213024124/natives/linux-amd64/libjoal.so
7f04ddbcc000-7f04ddbcd000 rw-p 0000d000 08:05 11272394                   /tmp/jogamp_0000/file_cache/jln8305198192852585865/jln2211750326213024124/natives/linux-amd64/libjoal.so
7f04ddbcd000-7f04ddc36000 r-xp 00000000 08:05 11414836                   /usr/lib/x86_64-linux-gnu/libopenal.so.1.16.0
7f04ddc36000-7f04dde35000 ---p 00069000 08:05 11414836                   /usr/lib/x86_64-linux-gnu/libopenal.so.1.16.0
7f04dde35000-7f04dde39000 r--p 00068000 08:05 11414836                   /usr/lib/x86_64-linux-gnu/libopenal.so.1.16.0
7f04dde39000-7f04dde3a000 rw-p 0006c000 08:05 11414836                   /usr/lib/x86_64-linux-gnu/libopenal.so.1.16.0
7f04dde3a000-7f04dde3d000 rw-p 00000000 00:00 0 
7f04dde3d000-7f04ddf3d000 rw-s 21705000 00:06 523                        /dev/nvidiactl
7f04ddf3d000-7f04ddf40000 ---p 00000000 00:00 0 
7f04ddf40000-7f04de03e000 rw-p 00000000 00:00 0 
7f04de03e000-7f04de048000 r-xp 00000000 08:05 11412801                   /usr/lib/x86_64-linux-gnu/libXrandr.so.2.2.0
7f04de048000-7f04de247000 ---p 0000a000 08:05 11412801                   /usr/lib/x86_64-linux-gnu/libXrandr.so.2.2.0
7f04de247000-7f04de248000 r--p 00009000 08:05 11412801                   /usr/lib/x86_64-linux-gnu/libXrandr.so.2.2.0
7f04de248000-7f04de249000 rw-p 0000a000 08:05 11412801                   /usr/lib/x86_64-linux-gnu/libXrandr.so.2.2.0
7f04de249000-7f04de25a000 r-xp 00000000 08:05 11272353                   /tmp/jogamp_0000/file_cache/jln8305198192852585865/jln2211750326213024124/natives/linux-amd64/libnewt.so
7f04de25a000-7f04de459000 ---p 00011000 08:05 11272353                   /tmp/jogamp_0000/file_cache/jln8305198192852585865/jln2211750326213024124/natives/linux-amd64/libnewt.so
7f04de459000-7f04de45a000 rw-p 00010000 08:05 11272353                   /tmp/jogamp_0000/file_cache/jln8305198192852585865/jln2211750326213024124/natives/linux-amd64/libnewt.so
7f04de45a000-7f04de4da000 rw-s 36033000 00:06 523                        /dev/nvidiactl
7f04de4da000-7f04de5da000 rw-s 6db4e000 00:06 523                        /dev/nvidiactl
7f04de5da000-7f04de68e000 rw-s b7417000 00:06 523                        /dev/nvidiactl
7f04de68e000-7f04de690000 r-xp 00000000 08:05 11412793                   /usr/lib/x86_64-linux-gnu/libXinerama.so.1.0.0
7f04de690000-7f04de88f000 ---p 00002000 08:05 11412793                   /usr/lib/x86_64-linux-gnu/libXinerama.so.1.0.0
7f04de88f000-7f04de890000 r--p 00001000 08:05 11412793                   /usr/lib/x86_64-linux-gnu/libXinerama.so.1.0.0
7f04de890000-7f04de891000 rw-p 00002000 08:05 11412793                   /usr/lib/x86_64-linux-gnu/libXinerama.so.1.0.0
7f04de891000-7f04de8c8000 r-xp 00000000 08:05 11414039                   /usr/lib/x86_64-linux-gnu/libtxc_dxtn_s2tc.so.0.0.0
7f04de8c8000-7f04deac7000 ---p 00037000 08:05 11414039                   /usr/lib/x86_64-linux-gnu/libtxc_dxtn_s2tc.so.0.0.0
7f04deac7000-7f04deac8000 r--p 00036000 08:05 11414039                   /usr/lib/x86_64-linux-gnu/libtxc_dxtn_s2tc.so.0.0.0
7f04deac8000-7f04deac9000 rw-p 00037000 08:05 11414039                   /usr/lib/x86_64-linux-gnu/libtxc_dxtn_s2tc.so.0.0.0
7f04deac9000-7f04deaca000 ---p 00000000 00:00 0 
7f04deaca000-7f04df2ca000 rw-p 00000000 00:00 0 
7f04df2ca000-7f04df2cb000 ---p 00000000 00:00 0 
7f04df2cb000-7f04dfacb000 rw-p 00000000 00:00 0 
7f04dfacb000-7f04dfade000 r-xp 00000000 08:05 1839616                    /lib/x86_64-linux-gnu/libbsd.so.0.8.2
7f04dfade000-7f04dfcdd000 ---p 00013000 08:05 1839616                    /lib/x86_64-linux-gnu/libbsd.so.0.8.2
7f04dfcdd000-7f04dfcde000 r--p 00012000 08:05 1839616                    /lib/x86_64-linux-gnu/libbsd.so.0.8.2
7f04dfcde000-7f04dfcdf000 rw-p 00013000 08:05 1839616                    /lib/x86_64-linux-gnu/libbsd.so.0.8.2
7f04dfcdf000-7f04dfce0000 rw-p 00000000 00:00 0 
7f04dfce0000-7f04dfd05000 r-xp 00000000 08:05 1839792                    /lib/x86_64-linux-gnu/libtinfo.so.5.9
7f04dfd05000-7f04dff04000 ---p 00025000 08:05 1839792                    /lib/x86_64-linux-gnu/libtinfo.so.5.9
7f04dff04000-7f04dff08000 r--p 00024000 08:05 1839792                    /lib/x86_64-linux-gnu/libtinfo.so.5.9
7f04dff08000-7f04dff09000 rw-p 00028000 08:05 1839792                    /lib/x86_64-linux-gnu/libtinfo.so.5.9
7f04dff09000-7f04dff3a000 r-xp 00000000 08:05 11413116                   /usr/lib/x86_64-linux-gnu/libedit.so.2.0.53
7f04dff3a000-7f04e013a000 ---p 00031000 08:05 11413116                   /usr/lib/x86_64-linux-gnu/libedit.so.2.0.53
7f04e013a000-7f04e013c000 r--p 00031000 08:05 11413116                   /usr/lib/x86_64-linux-gnu/libedit.so.2.0.53
7f04e013c000-7f04e013d000 rw-p 00033000 08:05 11413116                   /usr/lib/x86_64-linux-gnu/libedit.so.2.0.53
7f04e013d000-7f04e0141000 rw-p 00000000 00:00 0 
7f04e0141000-7f04e015a000 r-xp 00000000 08:05 1836596                    /lib/x86_64-linux-gnu/libz.so.1.2.8
7f04e015a000-7f04e0359000 ---p 00019000 08:05 1836596                    /lib/x86_64-linux-gnu/libz.so.1.2.8
7f04e0359000-7f04e035a000 r--p 00018000 08:05 1836596                    /lib/x86_64-linux-gnu/libz.so.1.2.8
7f04e035a000-7f04e035b000 rw-p 00019000 08:05 1836596                    /lib/x86_64-linux-gnu/libz.so.1.2.8
7f04e035b000-7f04e036d000 r-xp 00000000 08:05 1839664                    /lib/x86_64-linux-gnu/libgpg-error.so.0.17.0
7f04e036d000-7f04e056d000 ---p 00012000 08:05 1839664                    /lib/x86_64-linux-gnu/libgpg-error.so.0.17.0
7f04e056d000-7f04e056e000 r--p 00012000 08:05 1839664                    /lib/x86_64-linux-gnu/libgpg-error.so.0.17.0
7f04e056e000-7f04e056f000 rw-p 00013000 08:05 1839664                    /lib/x86_64-linux-gnu/libgpg-error.so.0.17.0
7f04e056f000-7f04e06e9000 r-xp 00000000 08:05 11413561                   /usr/lib/x86_64-linux-gnu/libstdc++.so.6.0.23
7f04e06e9000-7f04e08e9000 ---p 0017a000 08:05 11413561                   /usr/lib/x86_64-linux-gnu/libstdc++.so.6.0.23
7f04e08e9000-7f04e08f3000 r--p 0017a000 08:05 11413561                   /usr/lib/x86_64-linux-gnu/libstdc++.so.6.0.23
7f04e08f3000-7f04e08f5000 rw-p 00184000 08:05 11413561                   /usr/lib/x86_64-linux-gnu/libstdc++.so.6.0.23
7f04e08f5000-7f04e08f9000 rw-p 00000000 00:00 0 
7f04e08f9000-7f04e2deb000 r-xp 00000000 08:05 11412646                   /usr/lib/x86_64-linux-gnu/libLLVM-3.8.so.1
7f04e2deb000-7f04e2feb000 ---p 024f2000 08:05 11412646                   /usr/lib/x86_64-linux-gnu/libLLVM-3.8.so.1
7f04e2feb000-7f04e32a0000 r--p 024f2000 08:05 11412646                   /usr/lib/x86_64-linux-gnu/libLLVM-3.8.so.1
7f04e32a0000-7f04e32a2000 rw-p 027a7000 08:05 11412646                   /usr/lib/x86_64-linux-gnu/libLLVM-3.8.so.1
7f04e32a2000-7f04e32cc000 rw-p 00000000 00:00 0 
7f04e32cc000-7f04e3bc4000 r-xp 00000000 08:05 11798821                   /usr/lib/x86_64-linux-gnu/dri/swrast_dri.so
7f04e3bc4000-7f04e3dc4000 ---p 008f8000 08:05 11798821                   /usr/lib/x86_64-linux-gnu/dri/swrast_dri.so
7f04e3dc4000-7f04e3dfd000 r--p 008f8000 08:05 11798821                   /usr/lib/x86_64-linux-gnu/dri/swrast_dri.so
7f04e3dfd000-7f04e3e09000 rw-p 00931000 08:05 11798821                   /usr/lib/x86_64-linux-gnu/dri/swrast_dri.so
7f04e3e09000-7f04e4000000 rw-p 00000000 00:00 0 
7f04e4000000-7f04e469d000 rw-p 00000000 00:00 0 
7f04e469d000-7f04e8000000 ---p 00000000 00:00 0 
7f04e805f000-7f04e8076000 r-xp 00000000 08:05 11413121                   /usr/lib/x86_64-linux-gnu/libelf-0.165.so
7f04e8076000-7f04e8275000 ---p 00017000 08:05 11413121                   /usr/lib/x86_64-linux-gnu/libelf-0.165.so
7f04e8275000-7f04e8276000 r--p 00016000 08:05 11413121                   /usr/lib/x86_64-linux-gnu/libelf-0.165.so
7f04e8276000-7f04e8277000 rw-p 00017000 08:05 11413121                   /usr/lib/x86_64-linux-gnu/libelf-0.165.so
7f04e8277000-7f04e8280000 r-xp 00000000 08:05 11408914                   /usr/lib/x86_64-linux-gnu/libdrm_amdgpu.so.1.0.0
7f04e8280000-7f04e847f000 ---p 00009000 08:05 11408914                   /usr/lib/x86_64-linux-gnu/libdrm_amdgpu.so.1.0.0
7f04e847f000-7f04e8480000 r--p 00008000 08:05 11408914                   /usr/lib/x86_64-linux-gnu/libdrm_amdgpu.so.1.0.0
7f04e8480000-7f04e8481000 rw-p 00009000 08:05 11408914                   /usr/lib/x86_64-linux-gnu/libdrm_amdgpu.so.1.0.0
7f04e8481000-7f04e848c000 r-xp 00000000 08:05 11408904                   /usr/lib/x86_64-linux-gnu/libdrm_radeon.so.1.0.1
7f04e848c000-7f04e868b000 ---p 0000b000 08:05 11408904                   /usr/lib/x86_64-linux-gnu/libdrm_radeon.so.1.0.1
7f04e868b000-7f04e868c000 r--p 0000a000 08:05 11408904                   /usr/lib/x86_64-linux-gnu/libdrm_radeon.so.1.0.1
7f04e868c000-7f04e868d000 rw-p 0000b000 08:05 11408904                   /usr/lib/x86_64-linux-gnu/libdrm_radeon.so.1.0.1
7f04e868d000-7f04e8694000 r-xp 00000000 08:05 11408908                   /usr/lib/x86_64-linux-gnu/libdrm_nouveau.so.2.0.0
7f04e8694000-7f04e8893000 ---p 00007000 08:05 11408908                   /usr/lib/x86_64-linux-gnu/libdrm_nouveau.so.2.0.0
7f04e8893000-7f04e8894000 r--p 00006000 08:05 11408908                   /usr/lib/x86_64-linux-gnu/libdrm_nouveau.so.2.0.0
7f04e8894000-7f04e8895000 rw-p 00007000 08:05 11408908                   /usr/lib/x86_64-linux-gnu/libdrm_nouveau.so.2.0.0
7f04e8895000-7f04e896d000 r-xp 00000000 08:05 1835377                    /lib/x86_64-linux-gnu/libgcrypt.so.20.0.5
7f04e896d000-7f04e8b6c000 ---p 000d8000 08:05 1835377                    /lib/x86_64-linux-gnu/libgcrypt.so.20.0.5
7f04e8b6c000-7f04e8b6d000 r--p 000d7000 08:05 1835377                    /lib/x86_64-linux-gnu/libgcrypt.so.20.0.5
7f04e8b6d000-7f04e8b75000 rw-p 000d8000 08:05 1835377                    /lib/x86_64-linux-gnu/libgcrypt.so.20.0.5
7f04e8b75000-7f04e8d76000 rw-p 00000000 00:00 0 
7f04e8d76000-7f04e8dd2000 r-xp 00000000 08:05 11272332                   /tmp/jogamp_0000/file_cache/jln8305198192852585865/jln2211750326213024124/natives/linux-amd64/libjogl_mobile.so
7f04e8dd2000-7f04e8fd2000 ---p 0005c000 08:05 11272332                   /tmp/jogamp_0000/file_cache/jln8305198192852585865/jln2211750326213024124/natives/linux-amd64/libjogl_mobile.so
7f04e8fd2000-7f04e8fd3000 rw-p 0005c000 08:05 11272332                   /tmp/jogamp_0000/file_cache/jln8305198192852585865/jln2211750326213024124/natives/linux-amd64/libjogl_mobile.so
7f04e8fd3000-7f04e8fda000 r-xp 00000000 08:05 11413159                   /usr/lib/x86_64-linux-gnu/libffi.so.6.0.4
7f04e8fda000-7f04e91d9000 ---p 00007000 08:05 11413159                   /usr/lib/x86_64-linux-gnu/libffi.so.6.0.4
7f04e91d9000-7f04e91da000 r--p 00006000 08:05 11413159                   /usr/lib/x86_64-linux-gnu/libffi.so.6.0.4
7f04e91da000-7f04e91db000 rw-p 00007000 08:05 11413159                   /usr/lib/x86_64-linux-gnu/libffi.so.6.0.4
7f04e91db000-7f04e91eb000 r-xp 00000000 08:05 11408932                   /usr/lib/x86_64-linux-gnu/libdrm.so.2.4.0
7f04e91eb000-7f04e93ea000 ---p 00010000 08:05 11408932                   /usr/lib/x86_64-linux-gnu/libdrm.so.2.4.0
7f04e93ea000-7f04e93eb000 r--p 0000f000 08:05 11408932                   /usr/lib/x86_64-linux-gnu/libdrm.so.2.4.0
7f04e93eb000-7f04e93ec000 rw-p 00010000 08:05 11408932                   /usr/lib/x86_64-linux-gnu/libdrm.so.2.4.0
7f04e93ec000-7f04eadae000 r-xp 00000000 08:05 11540977                   /usr/lib/nvidia-340/libnvidia-glcore.so.340.102
7f04eadae000-7f04eadcc000 rwxp 019c2000 08:05 11540977                   /usr/lib/nvidia-340/libnvidia-glcore.so.340.102
7f04eadcc000-7f04eb24a000 r-xp 019e0000 08:05 11540977                   /usr/lib/nvidia-340/libnvidia-glcore.so.340.102
7f04eb24a000-7f04eb449000 ---p 01e5e000 08:05 11540977                   /usr/lib/nvidia-340/libnvidia-glcore.so.340.102
7f04eb449000-7f04ebfe3000 rw-p 01e5d000 08:05 11540977                   /usr/lib/nvidia-340/libnvidia-glcore.so.340.102
7f04ebfe3000-7f04ec000000 rw-p 00000000 00:00 0 
7f04ec000000-7f04ec307000 rw-p 00000000 00:00 0 
7f04ec307000-7f04f0000000 ---p 00000000 00:00 0 
7f04f0019000-7f04f0059000 rw-s 7660c000 00:06 523                        /dev/nvidiactl
7f04f0059000-7f04f007f000 r-xp 00000000 08:05 1839960                    /lib/x86_64-linux-gnu/libexpat.so.1.6.0
7f04f007f000-7f04f027f000 ---p 00026000 08:05 1839960                    /lib/x86_64-linux-gnu/libexpat.so.1.6.0
7f04f027f000-7f04f0281000 r--p 00026000 08:05 1839960                    /lib/x86_64-linux-gnu/libexpat.so.1.6.0
7f04f0281000-7f04f0282000 rw-p 00028000 08:05 1839960                    /lib/x86_64-linux-gnu/libexpat.so.1.6.0
7f04f0282000-7f04f028f000 r-xp 00000000 08:05 11407388                   /usr/lib/x86_64-linux-gnu/libgbm.so.1.0.0
7f04f028f000-7f04f048e000 ---p 0000d000 08:05 11407388                   /usr/lib/x86_64-linux-gnu/libgbm.so.1.0.0
7f04f048e000-7f04f048f000 r--p 0000c000 08:05 11407388                   /usr/lib/x86_64-linux-gnu/libgbm.so.1.0.0
7f04f048f000-7f04f0490000 rw-p 0000d000 08:05 11407388                   /usr/lib/x86_64-linux-gnu/libgbm.so.1.0.0
7f04f0490000-7f04f04a0000 r-xp 00000000 08:05 11407520                   /usr/lib/x86_64-linux-gnu/libwayland-server.so.0.1.0
7f04f04a0000-7f04f069f000 ---p 00010000 08:05 11407520                   /usr/lib/x86_64-linux-gnu/libwayland-server.so.0.1.0
7f04f069f000-7f04f06a1000 r--p 0000f000 08:05 11407520                   /usr/lib/x86_64-linux-gnu/libwayland-server.so.0.1.0
7f04f06a1000-7f04f06a2000 rw-p 00011000 08:05 11407520                   /usr/lib/x86_64-linux-gnu/libwayland-server.so.0.1.0
7f04f06a2000-7f04f06ae000 r-xp 00000000 08:05 11403363                   /usr/lib/x86_64-linux-gnu/libwayland-client.so.0.3.0
7f04f06ae000-7f04f08ae000 ---p 0000c000 08:05 11403363                   /usr/lib/x86_64-linux-gnu/libwayland-client.so.0.3.0
7f04f08ae000-7f04f08b0000 r--p 0000c000 08:05 11403363                   /usr/lib/x86_64-linux-gnu/libwayland-client.so.0.3.0
7f04f08b0000-7f04f08b1000 rw-p 0000e000 08:05 11403363                   /usr/lib/x86_64-linux-gnu/libwayland-client.so.0.3.0
7f04f08b1000-7f04f08b2000 r-xp 00000000 08:05 11414234                   /usr/lib/x86_64-linux-gnu/libxshmfence.so.1.0.0
7f04f08b2000-7f04f0ab2000 ---p 00001000 08:05 11414234                   /usr/lib/x86_64-linux-gnu/libxshmfence.so.1.0.0
7f04f0ab2000-7f04f0ab3000 r--p 00001000 08:05 11414234                   /usr/lib/x86_64-linux-gnu/libxshmfence.so.1.0.0
7f04f0ab3000-7f04f0ab4000 rw-p 00002000 08:05 11414234                   /usr/lib/x86_64-linux-gnu/libxshmfence.so.1.0.0
7f04f0ab4000-7f04f0ab9000 r-xp 00000000 08:05 11414208                   /usr/lib/x86_64-linux-gnu/libxcb-sync.so.1.0.0
7f04f0ab9000-7f04f0cb9000 ---p 00005000 08:05 11414208                   /usr/lib/x86_64-linux-gnu/libxcb-sync.so.1.0.0
7f04f0cb9000-7f04f0cba000 r--p 00005000 08:05 11414208                   /usr/lib/x86_64-linux-gnu/libxcb-sync.so.1.0.0
7f04f0cba000-7f04f0cbb000 rw-p 00006000 08:05 11414208                   /usr/lib/x86_64-linux-gnu/libxcb-sync.so.1.0.0
7f04f0cbb000-7f04f0cc1000 r-xp 00000000 08:05 11414212                   /usr/lib/x86_64-linux-gnu/libxcb-xfixes.so.0.0.0
7f04f0cc1000-7f04f0ec1000 ---p 00006000 08:05 11414212                   /usr/lib/x86_64-linux-gnu/libxcb-xfixes.so.0.0.0
7f04f0ec1000-7f04f0ec2000 r--p 00006000 08:05 11414212                   /usr/lib/x86_64-linux-gnu/libxcb-xfixes.so.0.0.0
7f04f0ec2000-7f04f0ec3000 rw-p 00007000 08:05 11414212                   /usr/lib/x86_64-linux-gnu/libxcb-xfixes.so.0.0.0
7f04f0ec3000-7f04f0ec5000 r-xp 00000000 08:05 11414196                   /usr/lib/x86_64-linux-gnu/libxcb-present.so.0.0.0
7f04f0ec5000-7f04f10c4000 ---p 00002000 08:05 11414196                   /usr/lib/x86_64-linux-gnu/libxcb-present.so.0.0.0
7f04f10c4000-7f04f10c5000 r--p 00001000 08:05 11414196                   /usr/lib/x86_64-linux-gnu/libxcb-present.so.0.0.0
7f04f10c5000-7f04f10c6000 rw-p 00002000 08:05 11414196                   /usr/lib/x86_64-linux-gnu/libxcb-present.so.0.0.0
7f04f10c6000-7f04f10c8000 r-xp 00000000 08:05 11414186                   /usr/lib/x86_64-linux-gnu/libxcb-dri3.so.0.0.0
7f04f10c8000-7f04f12c7000 ---p 00002000 08:05 11414186                   /usr/lib/x86_64-linux-gnu/libxcb-dri3.so.0.0.0
7f04f12c7000-7f04f12c8000 r--p 00001000 08:05 11414186                   /usr/lib/x86_64-linux-gnu/libxcb-dri3.so.0.0.0
7f04f12c8000-7f04f12c9000 rw-p 00002000 08:05 11414186                   /usr/lib/x86_64-linux-gnu/libxcb-dri3.so.0.0.0
7f04f12c9000-7f04f12cd000 r-xp 00000000 08:05 11414184                   /usr/lib/x86_64-linux-gnu/libxcb-dri2.so.0.0.0
7f04f12cd000-7f04f14cc000 ---p 00004000 08:05 11414184                   /usr/lib/x86_64-linux-gnu/libxcb-dri2.so.0.0.0
7f04f14cc000-7f04f14cd000 r--p 00003000 08:05 11414184                   /usr/lib/x86_64-linux-gnu/libxcb-dri2.so.0.0.0
7f04f14cd000-7f04f14ce000 rw-p 00004000 08:05 11414184                   /usr/lib/x86_64-linux-gnu/libxcb-dri2.so.0.0.0
7f04f14ce000-7f04f14cf000 r-xp 00000000 08:05 11412764                   /usr/lib/x86_64-linux-gnu/libX11-xcb.so.1.0.0
7f04f14cf000-7f04f16ce000 ---p 00001000 08:05 11412764                   /usr/lib/x86_64-linux-gnu/libX11-xcb.so.1.0.0
7f04f16ce000-7f04f16cf000 r--p 00000000 08:05 11412764                   /usr/lib/x86_64-linux-gnu/libX11-xcb.so.1.0.0
7f04f16cf000-7f04f16d0000 rw-p 00001000 08:05 11412764                   /usr/lib/x86_64-linux-gnu/libX11-xcb.so.1.0.0
7f04f16d0000-7f04f1701000 r-xp 00000000 08:05 11798822                   /usr/lib/x86_64-linux-gnu/mesa-egl/libEGL.so.1.0.0
7f04f1701000-7f04f1901000 ---p 00031000 08:05 11798822                   /usr/lib/x86_64-linux-gnu/mesa-egl/libEGL.so.1.0.0
7f04f1901000-7f04f1902000 r--p 00031000 08:05 11798822                   /usr/lib/x86_64-linux-gnu/mesa-egl/libEGL.so.1.0.0
7f04f1902000-7f04f1903000 rw-p 00032000 08:05 11798822                   /usr/lib/x86_64-linux-gnu/mesa-egl/libEGL.so.1.0.0
7f04f1903000-7f04f1904000 rw-p 00000000 00:00 0 
7f04f1904000-7f04f192d000 r-xp 00000000 08:05 11408536                   /usr/lib/x86_64-linux-gnu/libglapi.so.0.0.0
7f04f192d000-7f04f1b2d000 ---p 00029000 08:05 11408536                   /usr/lib/x86_64-linux-gnu/libglapi.so.0.0.0
7f04f1b2d000-7f04f1b31000 r--p 00029000 08:05 11408536                   /usr/lib/x86_64-linux-gnu/libglapi.so.0.0.0
7f04f1b31000-7f04f1b32000 rw-p 0002d000 08:05 11408536                   /usr/lib/x86_64-linux-gnu/libglapi.so.0.0.0
7f04f1b32000-7f04f1b33000 rw-p 00000000 00:00 0 
7f04f1b33000-7f04f1b3b000 r-xp 00000000 08:05 11798546                   /usr/lib/x86_64-linux-gnu/mesa-egl/libGLESv2.so.2.0.0
7f04f1b3b000-7f04f1d3a000 ---p 00008000 08:05 11798546                   /usr/lib/x86_64-linux-gnu/mesa-egl/libGLESv2.so.2.0.0
7f04f1d3a000-7f04f1d3b000 r--p 00007000 08:05 11798546                   /usr/lib/x86_64-linux-gnu/mesa-egl/libGLESv2.so.2.0.0
7f04f1d3b000-7f04f1d3c000 rw-p 00008000 08:05 11798546                   /usr/lib/x86_64-linux-gnu/mesa-egl/libGLESv2.so.2.0.0
7f04f1d3c000-7f04f1df4000 r-xp 00000000 08:05 11272331                   /tmp/jogamp_0000/file_cache/jln8305198192852585865/jln2211750326213024124/natives/linux-amd64/libjogl_desktop.so
7f04f1df4000-7f04f1ff4000 ---p 000b8000 08:05 11272331                   /tmp/jogamp_0000/file_cache/jln8305198192852585865/jln2211750326213024124/natives/linux-amd64/libjogl_desktop.so
7f04f1ff4000-7f04f1ff5000 rw-p 000b8000 08:05 11272331                   /tmp/jogamp_0000/file_cache/jln8305198192852585865/jln2211750326213024124/natives/linux-amd64/libjogl_desktop.so
7f04f1ff5000-7f04f1ff8000 r-xp 00000000 08:05 11540978                   /usr/lib/nvidia-340/tls/libnvidia-tls.so.340.102
7f04f1ff8000-7f04f21f7000 ---p 00003000 08:05 11540978                   /usr/lib/nvidia-340/tls/libnvidia-tls.so.340.102
7f04f21f7000-7f04f21f8000 rw-p 00002000 08:05 11540978                   /usr/lib/nvidia-340/tls/libnvidia-tls.so.340.102
7f04f21f8000-7f04f22bf000 r-xp 00000000 08:05 11540959                   /usr/lib/nvidia-340/libGL.so.340.102
7f04f22bf000-7f04f22ee000 rwxp 000c7000 08:05 11540959                   /usr/lib/nvidia-340/libGL.so.340.102
7f04f22ee000-7f04f230a000 r-xp 000f6000 08:05 11540959                   /usr/lib/nvidia-340/libGL.so.340.102
7f04f230a000-7f04f2509000 ---p 00112000 08:05 11540959                   /usr/lib/nvidia-340/libGL.so.340.102
7f04f2509000-7f04f252e000 rw-p 00111000 08:05 11540959                   /usr/lib/nvidia-340/libGL.so.340.102
7f04f252e000-7f04f2744000 rw-p 00000000 00:00 0 
7f04f2744000-7f04f274b000 r-xp 00000000 08:05 11272340                   /tmp/jogamp_0000/file_cache/jln8305198192852585865/jln2211750326213024124/natives/linux-amd64/libnativewindow_x11.so
7f04f274b000-7f04f294a000 ---p 00007000 08:05 11272340                   /tmp/jogamp_0000/file_cache/jln8305198192852585865/jln2211750326213024124/natives/linux-amd64/libnativewindow_x11.so
7f04f294a000-7f04f294b000 rw-p 00006000 08:05 11272340                   /tmp/jogamp_0000/file_cache/jln8305198192852585865/jln2211750326213024124/natives/linux-amd64/libnativewindow_x11.so
7f04f294b000-7f04f294e000 ---p 00000000 00:00 0 
7f04f294e000-7f04f2a4c000 rw-p 00000000 00:00 0 
7f04f2a4c000-7f04f2a4f000 ---p 00000000 00:00 0 
7f04f2a4f000-7f04f2b4d000 rw-p 00000000 00:00 0 
7f04f2b4d000-7f04f2b52000 r-xp 00000000 08:05 11412819                   /usr/lib/x86_64-linux-gnu/libXxf86vm.so.1.0.0
7f04f2b52000-7f04f2d51000 ---p 00005000 08:05 11412819                   /usr/lib/x86_64-linux-gnu/libXxf86vm.so.1.0.0
7f04f2d51000-7f04f2d52000 r--p 00004000 08:05 11412819                   /usr/lib/x86_64-linux-gnu/libXxf86vm.so.1.0.0
7f04f2d52000-7f04f2d53000 rw-p 00005000 08:05 11412819                   /usr/lib/x86_64-linux-gnu/libXxf86vm.so.1.0.0
7f04f2d53000-7f04f2d55000 r-xp 00000000 08:05 11272337                   /tmp/jogamp_0000/file_cache/jln8305198192852585865/jln2211750326213024124/natives/linux-amd64/libnativewindow_awt.so
7f04f2d55000-7f04f2f54000 ---p 00002000 08:05 11272337                   /tmp/jogamp_0000/file_cache/jln8305198192852585865/jln2211750326213024124/natives/linux-amd64/libnativewindow_awt.so
7f04f2f54000-7f04f2f55000 rw-p 00001000 08:05 11272337                   /tmp/jogamp_0000/file_cache/jln8305198192852585865/jln2211750326213024124/natives/linux-amd64/libnativewindow_awt.so
7f04f2f55000-7f04f2f56000 r-xp 00000000 08:05 3277878                    /usr/local/java/jdk1.8.0_144/jre/lib/amd64/libjawt.so
7f04f2f56000-7f04f3155000 ---p 00001000 08:05 3277878                    /usr/local/java/jdk1.8.0_144/jre/lib/amd64/libjawt.so
7f04f3155000-7f04f3156000 rw-p 00000000 08:05 3277878                    /usr/local/java/jdk1.8.0_144/jre/lib/amd64/libjawt.so
7f04f3156000-7f04f315b000 r-xp 00000000 08:05 11412785                   /usr/lib/x86_64-linux-gnu/libXfixes.so.3.1.0
7f04f315b000-7f04f335a000 ---p 00005000 08:05 11412785                   /usr/lib/x86_64-linux-gnu/libXfixes.so.3.1.0
7f04f335a000-7f04f335b000 r--p 00004000 08:05 11412785                   /usr/lib/x86_64-linux-gnu/libXfixes.so.3.1.0
7f04f335b000-7f04f335c000 rw-p 00005000 08:05 11412785                   /usr/lib/x86_64-linux-gnu/libXfixes.so.3.1.0
7f04f335c000-7f04f3365000 r-xp 00000000 08:05 11412777                   /usr/lib/x86_64-linux-gnu/libXcursor.so.1.0.2
7f04f3365000-7f04f3564000 ---p 00009000 08:05 11412777                   /usr/lib/x86_64-linux-gnu/libXcursor.so.1.0.2
7f04f3564000-7f04f3565000 r--p 00008000 08:05 11412777                   /usr/lib/x86_64-linux-gnu/libXcursor.so.1.0.2
7f04f3565000-7f04f3566000 rw-p 00009000 08:05 11412777                   /usr/lib/x86_64-linux-gnu/libXcursor.so.1.0.2
7f04f3566000-7f04f3766000 rw-p 00000000 00:00 0 
7f04f3766000-7f04f377c000 r-xp 00000000 08:05 1836839                    /lib/x86_64-linux-gnu/libgcc_s.so.1
7f04f377c000-7f04f397b000 ---p 00016000 08:05 1836839                    /lib/x86_64-linux-gnu/libgcc_s.so.1
7f04f397b000-7f04f397c000 r--p 00015000 08:05 1836839                    /lib/x86_64-linux-gnu/libgcc_s.so.1
7f04f397c000-7f04f397d000 rw-p 00016000 08:05 1836839                    /lib/x86_64-linux-gnu/libgcc_s.so.1
7f04f397d000-7f04f39e2000 r-xp 00000000 08:05 3277847                    /usr/local/java/jdk1.8.0_144/jre/lib/amd64/libfontmanager.so
7f04f39e2000-7f04f3be1000 ---p 00065000 08:05 3277847                    /usr/local/java/jdk1.8.0_144/jre/lib/amd64/libfontmanager.so
7f04f3be1000-7f04f3be6000 rw-p 00064000 08:05 3277847                    /usr/local/java/jdk1.8.0_144/jre/lib/amd64/libfontmanager.so
7f04f3be6000-7f04f3bf6000 rw-p 00000000 00:00 0 
7f04f3bf6000-7f04f3bfb000 r-xp 00000000 08:05 11412781                   /usr/lib/x86_64-linux-gnu/libXdmcp.so.6.0.0
7f04f3bfb000-7f04f3dfa000 ---p 00005000 08:05 11412781                   /usr/lib/x86_64-linux-gnu/libXdmcp.so.6.0.0
7f04f3dfa000-7f04f3dfb000 r--p 00004000 08:05 11412781                   /usr/lib/x86_64-linux-gnu/libXdmcp.so.6.0.0
7f04f3dfb000-7f04f3dfc000 rw-p 00005000 08:05 11412781                   /usr/lib/x86_64-linux-gnu/libXdmcp.so.6.0.0
7f04f3dfc000-7f04f3dfe000 r-xp 00000000 08:05 11412770                   /usr/lib/x86_64-linux-gnu/libXau.so.6.0.0
7f04f3dfe000-7f04f3ffe000 ---p 00002000 08:05 11412770                   /usr/lib/x86_64-linux-gnu/libXau.so.6.0.0
7f04f3ffe000-7f04f3fff000 r--p 00002000 08:05 11412770                   /usr/lib/x86_64-linux-gnu/libXau.so.6.0.0
7f04f3fff000-7f04f4000000 rw-p 00003000 08:05 11412770                   /usr/lib/x86_64-linux-gnu/libXau.so.6.0.0
7f04f4000000-7f04f4021000 rw-p 00000000 00:00 0 
7f04f4021000-7f04f8000000 ---p 00000000 00:00 0 
7f04f8007000-7f04f800e000 r--s 00000000 08:05 11802929                   /usr/lib/x86_64-linux-gnu/gconv/gconv-modules.cache
7f04f800e000-7f04f8015000 rw-s 2a278000 00:06 523                        /dev/nvidiactl
7f04f8015000-7f04f8016000 rw-s c0018000 00:06 534                        /dev/nvidia1
7f04f8016000-7f04f8017000 rw-s 497e5000 00:06 523                        /dev/nvidiactl
7f04f8017000-7f04f8018000 rw-s f3c08000 00:06 534                        /dev/nvidia1
7f04f8018000-7f04f8039000 r-xp 00000000 08:05 11414216                   /usr/lib/x86_64-linux-gnu/libxcb.so.1.1.0
7f04f8039000-7f04f8238000 ---p 00021000 08:05 11414216                   /usr/lib/x86_64-linux-gnu/libxcb.so.1.1.0
7f04f8238000-7f04f8239000 r--p 00020000 08:05 11414216                   /usr/lib/x86_64-linux-gnu/libxcb.so.1.1.0
7f04f8239000-7f04f823a000 rw-p 00021000 08:05 11414216                   /usr/lib/x86_64-linux-gnu/libxcb.so.1.1.0
7f04f823a000-7f04f8249000 r-xp 00000000 08:05 11412791                   /usr/lib/x86_64-linux-gnu/libXi.so.6.1.0
7f04f8249000-7f04f8448000 ---p 0000f000 08:05 11412791                   /usr/lib/x86_64-linux-gnu/libXi.so.6.1.0
7f04f8448000-7f04f8449000 r--p 0000e000 08:05 11412791                   /usr/lib/x86_64-linux-gnu/libXi.so.6.1.0
7f04f8449000-7f04f844a000 rw-p 0000f000 08:05 11412791                   /usr/lib/x86_64-linux-gnu/libXi.so.6.1.0
7f04f844a000-7f04f844f000 r-xp 00000000 08:05 11412809                   /usr/lib/x86_64-linux-gnu/libXtst.so.6.1.0
7f04f844f000-7f04f864e000 ---p 00005000 08:05 11412809                   /usr/lib/x86_64-linux-gnu/libXtst.so.6.1.0
7f04f864e000-7f04f864f000 r--p 00004000 08:05 11412809                   /usr/lib/x86_64-linux-gnu/libXtst.so.6.1.0
7f04f864f000-7f04f8650000 rw-p 00005000 08:05 11412809                   /usr/lib/x86_64-linux-gnu/libXtst.so.6.1.0
7f04f8650000-7f04f8659000 r-xp 00000000 08:05 11412803                   /usr/lib/x86_64-linux-gnu/libXrender.so.1.3.0
7f04f8659000-7f04f8858000 ---p 00009000 08:05 11412803                   /usr/lib/x86_64-linux-gnu/libXrender.so.1.3.0
7f04f8858000-7f04f8859000 r--p 00008000 08:05 11412803                   /usr/lib/x86_64-linux-gnu/libXrender.so.1.3.0
7f04f8859000-7f04f885a000 rw-p 00009000 08:05 11412803                   /usr/lib/x86_64-linux-gnu/libXrender.so.1.3.0
7f04f885a000-7f04f898f000 r-xp 00000000 08:05 11412766                   /usr/lib/x86_64-linux-gnu/libX11.so.6.3.0
7f04f898f000-7f04f8b8f000 ---p 00135000 08:05 11412766                   /usr/lib/x86_64-linux-gnu/libX11.so.6.3.0
7f04f8b8f000-7f04f8b90000 r--p 00135000 08:05 11412766                   /usr/lib/x86_64-linux-gnu/libX11.so.6.3.0
7f04f8b90000-7f04f8b94000 rw-p 00136000 08:05 11412766                   /usr/lib/x86_64-linux-gnu/libX11.so.6.3.0
7f04f8b94000-7f04f8ba5000 r-xp 00000000 08:05 11412783                   /usr/lib/x86_64-linux-gnu/libXext.so.6.4.0
7f04f8ba5000-7f04f8da4000 ---p 00011000 08:05 11412783                   /usr/lib/x86_64-linux-gnu/libXext.so.6.4.0
7f04f8da4000-7f04f8da5000 r--p 00010000 08:05 11412783                   /usr/lib/x86_64-linux-gnu/libXext.so.6.4.0
7f04f8da5000-7f04f8da6000 rw-p 00011000 08:05 11412783                   /usr/lib/x86_64-linux-gnu/libXext.so.6.4.0
7f04f8da6000-7f04f8dfa000 r-xp 00000000 08:05 3277855                    /usr/local/java/jdk1.8.0_144/jre/lib/amd64/libawt_xawt.so
7f04f8dfa000-7f04f8ffa000 ---p 00054000 08:05 3277855                    /usr/local/java/jdk1.8.0_144/jre/lib/amd64/libawt_xawt.so
7f04f8ffa000-7f04f8ffe000 rw-p 00054000 08:05 3277855                    /usr/local/java/jdk1.8.0_144/jre/lib/amd64/libawt_xawt.so
7f04f8ffe000-7f04fc000000 rw-p 00000000 00:00 0 
7f04fc000000-7f04fc021000 rw-p 00000000 00:00 0 
7f04fc021000-7f0500000000 ---p 00000000 00:00 0 
7f0500000000-7f0500021000 rw-p 00000000 00:00 0 
7f0500021000-7f0504000000 ---p 00000000 00:00 0 
7f0504000000-7f050473b000 rw-p 00000000 00:00 0 
7f050473b000-7f0508000000 ---p 00000000 00:00 0 
7f0508000000-7f05097bd000 rw-p 00000000 00:00 0 
7f05097bd000-7f050c000000 ---p 00000000 00:00 0 
7f050c000000-7f050c021000 rw-p 00000000 00:00 0 
7f050c021000-7f0510000000 ---p 00000000 00:00 0 
7f0510000000-7f0511111000 rw-p 00000000 00:00 0 
7f0511111000-7f0514000000 ---p 00000000 00:00 0 
7f0514000000-7f0514021000 rw-p 00000000 00:00 0 
7f0514021000-7f0518000000 ---p 00000000 00:00 0 
7f0518000000-7f0518021000 rw-p 00000000 00:00 0 
7f0518021000-7f051c000000 ---p 00000000 00:00 0 
7f051c000000-7f051c021000 rw-p 00000000 00:00 0 
7f051c021000-7f0520000000 ---p 00000000 00:00 0 
7f0520000000-7f0520021000 rw-p 00000000 00:00 0 
7f0520021000-7f0524000000 ---p 00000000 00:00 0 
7f0524000000-7f0524021000 rw-p 00000000 00:00 0 
7f0524021000-7f0528000000 ---p 00000000 00:00 0 
7f0528000000-7f0528020000 rw-s 3cec5000 00:06 523                        /dev/nvidiactl
7f0528020000-7f0528021000 rw-s f3641000 00:06 534                        /dev/nvidia1
7f0528021000-7f0528022000 rw-s 2a2d4000 00:06 523                        /dev/nvidiactl
7f0528022000-7f0528023000 rw-s ba5f6000 00:06 523                        /dev/nvidiactl
7f0528023000-7f0528025000 rw-s 00000000 08:05 11272367                   /tmp/.gliYUlFf (deleted)
7f0528025000-7f052802c000 rw-s 1b0f0000 00:06 523                        /dev/nvidiactl
7f052802c000-7f052802d000 rw-s c0015000 00:06 534                        /dev/nvidia1
7f052802d000-7f052802e000 rw-s 225b8000 00:06 523                        /dev/nvidiactl
7f052802e000-7f0528032000 rw-s 5187d000 00:06 523                        /dev/nvidiactl
7f0528032000-7f0528033000 rw-s f3c06000 00:06 534                        /dev/nvidia1
7f0528033000-7f0528073000 rw-s 14e13000 00:06 523                        /dev/nvidiactl
7f0528073000-7f0528093000 rw-s b688d000 00:06 523                        /dev/nvidiactl
7f0528093000-7f0528094000 rw-s f3641000 00:06 534                        /dev/nvidia1
7f0528094000-7f0528095000 rw-s 2a2d4000 00:06 523                        /dev/nvidiactl
7f0528095000-7f0528096000 rw-s 0a49c000 00:06 523                        /dev/nvidiactl
7f0528096000-7f0528097000 rw-s f3060000 00:06 534                        /dev/nvidia1
7f0528097000-7f0528098000 rwxp 00000000 00:00 0 
7f0528098000-7f052809b000 ---p 00000000 00:00 0 
7f052809b000-7f0528199000 rw-p 00000000 00:00 0 
7f0528199000-7f052823b000 r-xp 00000000 08:05 3277891                    /usr/local/java/jdk1.8.0_144/jre/lib/amd64/libawt.so
7f052823b000-7f052843b000 ---p 000a2000 08:05 3277891                    /usr/local/java/jdk1.8.0_144/jre/lib/amd64/libawt.so
7f052843b000-7f0528447000 rw-p 000a2000 08:05 3277891                    /usr/local/java/jdk1.8.0_144/jre/lib/amd64/libawt.so
7f0528447000-7f052846b000 rw-p 00000000 00:00 0 
7f052846b000-7f052846d000 r-xp 00000000 08:05 11272410                   /tmp/jogamp_0000/file_cache/jln8305198192852585865/jln2211750326213024124/natives/linux-amd64/libgluegen-rt.so
7f052846d000-7f052866c000 ---p 00002000 08:05 11272410                   /tmp/jogamp_0000/file_cache/jln8305198192852585865/jln2211750326213024124/natives/linux-amd64/libgluegen-rt.so
7f052866c000-7f052866d000 rw-p 00001000 08:05 11272410                   /tmp/jogamp_0000/file_cache/jln8305198192852585865/jln2211750326213024124/natives/linux-amd64/libgluegen-rt.so
7f052866d000-7f0528670000 ---p 00000000 00:00 0 
7f0528670000-7f052876e000 rw-p 00000000 00:00 0 
7f052876e000-7f052877f000 r-xp 00000000 08:05 3277853                    /usr/local/java/jdk1.8.0_144/jre/lib/amd64/libnio.so
7f052877f000-7f052897e000 ---p 00011000 08:05 3277853                    /usr/local/java/jdk1.8.0_144/jre/lib/amd64/libnio.so
7f052897e000-7f052897f000 rw-p 00010000 08:05 3277853                    /usr/local/java/jdk1.8.0_144/jre/lib/amd64/libnio.so
7f052897f000-7f0528995000 r-xp 00000000 08:05 3277828                    /usr/local/java/jdk1.8.0_144/jre/lib/amd64/libnet.so
7f0528995000-7f0528b95000 ---p 00016000 08:05 3277828                    /usr/local/java/jdk1.8.0_144/jre/lib/amd64/libnet.so
7f0528b95000-7f0528b96000 rw-p 00016000 08:05 3277828                    /usr/local/java/jdk1.8.0_144/jre/lib/amd64/libnet.so
7f0528b96000-7f0528b99000 ---p 00000000 00:00 0 
7f0528b99000-7f0528bcf000 rw-p 00000000 00:00 0 
7f0528bcf000-7f0528bd0000 r--p 00000000 00:00 0 
7f0528bd0000-7f0528bd5000 r--s 0009a000 08:05 1978199                    /usr/local/java/jdk1.8.0_144/jre/lib/jsse.jar
7f0528bd5000-7f0528dd5000 rw-p 00000000 00:00 0 
7f0528dd5000-7f0528fd5000 rw-p 00000000 00:00 0 
7f0528fd5000-7f0528ff0000 r--s 001d3000 08:05 3277904                    /usr/local/java/jdk1.8.0_144/jre/lib/ext/nashorn.jar
7f0528ff0000-7f052900c000 r--s 00393000 08:05 3277908                    /usr/local/java/jdk1.8.0_144/jre/lib/ext/cldrdata.jar
7f052900c000-7f0529016000 r--s 00116000 08:05 3277905                    /usr/local/java/jdk1.8.0_144/jre/lib/ext/localedata.jar
7f0529016000-7f0529018000 r--s 00014000 00:2b 8652635                    /home/gpaiva/Desktop/projects/code/git/GitHub/JOT/lib/Framework-Toolkit-Components-1.0.jar
7f0529018000-7f052901a000 r--s 0000d000 00:2b 8652633                    /home/gpaiva/Desktop/projects/code/git/GitHub/JOT/lib/Extension-Toolkit-Component-Physics-1.0.jar
7f052901a000-7f052901c000 r--s 00013000 00:2b 8652632                    /home/gpaiva/Desktop/projects/code/git/GitHub/JOT/lib/Extension-Toolkit-Component-Geometry-1.0.jar
7f052901c000-7f052901f000 r--s 00020000 00:2b 8652629                    /home/gpaiva/Desktop/projects/code/git/GitHub/JOT/lib/Core-Toolkit-Components-1.0.jar
7f052901f000-7f05290e0000 r--s 00427000 00:2b 8657450                    /home/gpaiva/Desktop/projects/code/git/GitHub/JOT/lib/colladabeans-1.4.1.jar
7f05290e0000-7f052911e000 r--s 0025d000 00:2b 8657125                    /home/gpaiva/Desktop/projects/code/git/GitHub/JOT/lib/xmlbeans-2.6.0/lib/xbean.jar
7f052911e000-7f0529142000 r--s 0031e000 00:2b 8652766                    /home/gpaiva/Desktop/projects/code/git/GitHub/JOT/lib/jogamp-all-platforms/jar/jogl-all.jar
7f0529142000-7f0529162000 r--s 002cd000 00:2b 8652772                    /home/gpaiva/Desktop/projects/code/git/GitHub/JOT/lib/jogamp-all-platforms/jar/jogl-all-noawt.jar
7f0529162000-7f0529164000 r--s 00032000 00:2b 8652832                    /home/gpaiva/Desktop/projects/code/git/GitHub/JOT/lib/jogamp-all-platforms/jar/jogl-all-noawt-natives-windows-i586.jar
7f0529164000-7f0529165000 r--s 0003a000 00:2b 8652833                    /home/gpaiva/Desktop/projects/code/git/GitHub/JOT/lib/jogamp-all-platforms/jar/jogl-all-noawt-natives-windows-amd64.jar
7f0529165000-7f0529166000 r--s 0006c000 00:2b 8652883                    /home/gpaiva/Desktop/projects/code/git/GitHub/JOT/lib/jogamp-all-platforms/jar/jogl-all-noawt-natives-macosx-universal.jar
7f0529166000-7f0529168000 r--s 00034000 00:2b 8652804                    /home/gpaiva/Desktop/projects/code/git/GitHub/JOT/lib/jogamp-all-platforms/jar/jogl-all-noawt-natives-linux-i586.jar
7f0529168000-7f0529169000 r--s 00036000 00:2b 8652818                    /home/gpaiva/Desktop/projects/code/git/GitHub/JOT/lib/jogamp-all-platforms/jar/jogl-all-noawt-natives-linux-amd64.jar
7f0529169000-7f052916b000 r--s 00032000 00:2b 8652873                    /home/gpaiva/Desktop/projects/code/git/GitHub/JOT/lib/jogamp-all-platforms/jar/jogl-all-natives-windows-i586.jar
7f052916b000-7f052916c000 r--s 0003a000 00:2b 8652843                    /home/gpaiva/Desktop/projects/code/git/GitHub/JOT/lib/jogamp-all-platforms/jar/jogl-all-natives-windows-amd64.jar
7f052916c000-7f052916d000 r--s 0006c000 00:2b 8652857                    /home/gpaiva/Desktop/projects/code/git/GitHub/JOT/lib/jogamp-all-platforms/jar/jogl-all-natives-macosx-universal.jar
7f052916d000-7f052916e000 ---p 00000000 00:00 0 
7f052916e000-7f052926e000 rw-p 00000000 00:00 0 
7f052926e000-7f0529271000 ---p 00000000 00:00 0 
7f0529271000-7f052936f000 rw-p 00000000 00:00 0 
7f052936f000-7f0529372000 ---p 00000000 00:00 0 
7f0529372000-7f0529470000 rw-p 00000000 00:00 0 
7f0529470000-7f0529473000 ---p 00000000 00:00 0 
7f0529473000-7f0529571000 rw-p 00000000 00:00 0 
7f0529571000-7f0529574000 ---p 00000000 00:00 0 
7f0529574000-7f0529672000 rw-p 00000000 00:00 0 
7f0529672000-7f052994c000 r--p 00000000 08:05 11403624                   /usr/lib/locale/locale-archive
7f052994c000-7f052994f000 ---p 00000000 00:00 0 
7f052994f000-7f0529a4d000 rw-p 00000000 00:00 0 
7f0529a4d000-7f0529a50000 ---p 00000000 00:00 0 
7f0529a50000-7f0529b4e000 rw-p 00000000 00:00 0 
7f0529b4e000-7f0529b4f000 ---p 00000000 00:00 0 
7f0529b4f000-7f052a558000 rw-p 00000000 00:00 0 
7f052a558000-7f052a732000 r--s 03d4d000 08:05 1978207                    /usr/local/java/jdk1.8.0_144/jre/lib/rt.jar
7f052a732000-7f052d000000 rw-p 00000000 00:00 0 
7f052d000000-7f052da10000 rwxp 00000000 00:00 0 
7f052da10000-7f053c000000 ---p 00000000 00:00 0 
7f053c000000-7f053ca66000 rw-p 00000000 00:00 0 
7f053ca66000-7f0540000000 ---p 00000000 00:00 0 
7f0540000000-7f0540002000 r--s 00034000 00:2b 8652792                    /home/gpaiva/Desktop/projects/code/git/GitHub/JOT/lib/jogamp-all-platforms/jar/jogl-all-natives-linux-i586.jar
7f0540002000-7f0540003000 r--s 00036000 00:2b 8652868                    /home/gpaiva/Desktop/projects/code/git/GitHub/JOT/lib/jogamp-all-platforms/jar/jogl-all-natives-linux-amd64.jar
7f0540003000-7f0540008000 r--s 00031000 00:2b 8652764                    /home/gpaiva/Desktop/projects/code/git/GitHub/JOT/lib/jogamp-all-platforms/jar/jocl.jar
7f0540008000-7f0540009000 r--s 00003000 00:2b 8652791                    /home/gpaiva/Desktop/projects/code/git/GitHub/JOT/lib/jogamp-all-platforms/jar/jocl-natives-windows-i586.jar
7f0540009000-7f054000a000 r--s 00003000 00:2b 8652793                    /home/gpaiva/Desktop/projects/code/git/GitHub/JOT/lib/jogamp-all-platforms/jar/jocl-natives-windows-amd64.jar
7f054000a000-7f054000b000 r--s 00005000 00:2b 8652871                    /home/gpaiva/Desktop/projects/code/git/GitHub/JOT/lib/jogamp-all-platforms/jar/jocl-natives-macosx-universal.jar
7f054000b000-7f054000c000 r--s 00002000 00:2b 8652782                    /home/gpaiva/Desktop/projects/code/git/GitHub/JOT/lib/jogamp-all-platforms/jar/jocl-natives-linux-i586.jar
7f054000c000-7f054000d000 r--s 00002000 00:2b 8652785                    /home/gpaiva/Desktop/projects/code/git/GitHub/JOT/lib/jogamp-all-platforms/jar/jocl-natives-linux-amd64.jar
7f054000d000-7f054000f000 r--s 0000f000 00:2b 8652763                    /home/gpaiva/Desktop/projects/code/git/GitHub/JOT/lib/jogamp-all-platforms/jar/joal.jar
7f054000f000-7f0540010000 r--s 0002b000 00:2b 8652789                    /home/gpaiva/Desktop/projects/code/git/GitHub/JOT/lib/jogamp-all-platforms/jar/joal-natives-windows-i586.jar
7f0540010000-7f0540011000 r--s 0002d000 00:2b 8652798                    /home/gpaiva/Desktop/projects/code/git/GitHub/JOT/lib/jogamp-all-platforms/jar/joal-natives-windows-amd64.jar
7f0540011000-7f0540012000 r--s 00057000 00:2b 8652870                    /home/gpaiva/Desktop/projects/code/git/GitHub/JOT/lib/jogamp-all-platforms/jar/joal-natives-macosx-universal.jar
7f0540012000-7f0540013000 r--s 00030000 00:2b 8652781                    /home/gpaiva/Desktop/projects/code/git/GitHub/JOT/lib/jogamp-all-platforms/jar/joal-natives-linux-i586.jar
7f0540013000-7f054001d000 r--s 000ca000 00:2b 8652768                    /home/gpaiva/Desktop/projects/code/git/GitHub/JOT/lib/jogamp-all-platforms/jar/gluegen.jar
7f054001d000-7f0540023000 r--s 0004f000 00:2b 8652765                    /home/gpaiva/Desktop/projects/code/git/GitHub/JOT/lib/jogamp-all-platforms/jar/gluegen-rt.jar
7f0540023000-7f054004a000 r--s 001f6000 00:2b 8654923                    /home/gpaiva/Desktop/projects/code/git/GitHub/JOT/lib/commons-math/commons-math3-3.6.1.jar
7f054004a000-7f0540123000 rw-p 00000000 00:00 0 
7f0540123000-7f0540124000 ---p 00000000 00:00 0 
7f0540124000-7f0540224000 rw-p 00000000 00:00 0 
7f0540224000-7f0540225000 ---p 00000000 00:00 0 
7f0540225000-7f0540387000 rw-p 00000000 00:00 0 
7f0540387000-7f054046f000 ---p 00000000 00:00 0 
7f054046f000-7f05404d1000 rw-p 00000000 00:00 0 
7f05404d1000-7f05405b8000 ---p 00000000 00:00 0 
7f05405b8000-7f0540606000 rw-p 00000000 00:00 0 
7f0540606000-7f054065d000 ---p 00000000 00:00 0 
7f054065d000-7f0540687000 rw-p 00000000 00:00 0 
7f0540687000-7f0540a1e000 ---p 00000000 00:00 0 
7f0540a1e000-7f0540a38000 r-xp 00000000 08:05 3277851                    /usr/local/java/jdk1.8.0_144/jre/lib/amd64/libzip.so
7f0540a38000-7f0540c38000 ---p 0001a000 08:05 3277851                    /usr/local/java/jdk1.8.0_144/jre/lib/amd64/libzip.so
7f0540c38000-7f0540c39000 rw-p 0001a000 08:05 3277851                    /usr/local/java/jdk1.8.0_144/jre/lib/amd64/libzip.so
7f0540c39000-7f0540c44000 r-xp 00000000 08:05 1836624                    /lib/x86_64-linux-gnu/libnss_files-2.23.so
7f0540c44000-7f0540e43000 ---p 0000b000 08:05 1836624                    /lib/x86_64-linux-gnu/libnss_files-2.23.so
7f0540e43000-7f0540e44000 r--p 0000a000 08:05 1836624                    /lib/x86_64-linux-gnu/libnss_files-2.23.so
7f0540e44000-7f0540e45000 rw-p 0000b000 08:05 1836624                    /lib/x86_64-linux-gnu/libnss_files-2.23.so
7f0540e45000-7f0540e4b000 rw-p 00000000 00:00 0 
7f0540e4b000-7f0540e56000 r-xp 00000000 08:05 1836638                    /lib/x86_64-linux-gnu/libnss_nis-2.23.so
7f0540e56000-7f0541055000 ---p 0000b000 08:05 1836638                    /lib/x86_64-linux-gnu/libnss_nis-2.23.so
7f0541055000-7f0541056000 r--p 0000a000 08:05 1836638                    /lib/x86_64-linux-gnu/libnss_nis-2.23.so
7f0541056000-7f0541057000 rw-p 0000b000 08:05 1836638                    /lib/x86_64-linux-gnu/libnss_nis-2.23.so
7f0541057000-7f054106d000 r-xp 00000000 08:05 1835387                    /lib/x86_64-linux-gnu/libnsl-2.23.so
7f054106d000-7f054126c000 ---p 00016000 08:05 1835387                    /lib/x86_64-linux-gnu/libnsl-2.23.so
7f054126c000-7f054126d000 r--p 00015000 08:05 1835387                    /lib/x86_64-linux-gnu/libnsl-2.23.so
7f054126d000-7f054126e000 rw-p 00016000 08:05 1835387                    /lib/x86_64-linux-gnu/libnsl-2.23.so
7f054126e000-7f0541270000 rw-p 00000000 00:00 0 
7f0541270000-7f0541278000 r-xp 00000000 08:05 1836649                    /lib/x86_64-linux-gnu/libnss_compat-2.23.so
7f0541278000-7f0541477000 ---p 00008000 08:05 1836649                    /lib/x86_64-linux-gnu/libnss_compat-2.23.so
7f0541477000-7f0541478000 r--p 00007000 08:05 1836649                    /lib/x86_64-linux-gnu/libnss_compat-2.23.so
7f0541478000-7f0541479000 rw-p 00008000 08:05 1836649                    /lib/x86_64-linux-gnu/libnss_compat-2.23.so
7f0541479000-7f05414a4000 r-xp 00000000 08:05 3277880                    /usr/local/java/jdk1.8.0_144/jre/lib/amd64/libjava.so
7f05414a4000-7f05416a3000 ---p 0002b000 08:05 3277880                    /usr/local/java/jdk1.8.0_144/jre/lib/amd64/libjava.so
7f05416a3000-7f05416a5000 rw-p 0002a000 08:05 3277880                    /usr/local/java/jdk1.8.0_144/jre/lib/amd64/libjava.so
7f05416a5000-7f05416b2000 r-xp 00000000 08:05 3277829                    /usr/local/java/jdk1.8.0_144/jre/lib/amd64/libverify.so
7f05416b2000-7f05418b2000 ---p 0000d000 08:05 3277829                    /usr/local/java/jdk1.8.0_144/jre/lib/amd64/libverify.so
7f05418b2000-7f05418b4000 rw-p 0000d000 08:05 3277829                    /usr/local/java/jdk1.8.0_144/jre/lib/amd64/libverify.so
7f05418b4000-7f05418bb000 r-xp 00000000 08:05 1836644                    /lib/x86_64-linux-gnu/librt-2.23.so
7f05418bb000-7f0541aba000 ---p 00007000 08:05 1836644                    /lib/x86_64-linux-gnu/librt-2.23.so
7f0541aba000-7f0541abb000 r--p 00006000 08:05 1836644                    /lib/x86_64-linux-gnu/librt-2.23.so
7f0541abb000-7f0541abc000 rw-p 00007000 08:05 1836644                    /lib/x86_64-linux-gnu/librt-2.23.so
7f0541abc000-7f0541bc4000 r-xp 00000000 08:05 1836659                    /lib/x86_64-linux-gnu/libm-2.23.so
7f0541bc4000-7f0541dc3000 ---p 00108000 08:05 1836659                    /lib/x86_64-linux-gnu/libm-2.23.so
7f0541dc3000-7f0541dc4000 r--p 00107000 08:05 1836659                    /lib/x86_64-linux-gnu/libm-2.23.so
7f0541dc4000-7f0541dc5000 rw-p 00108000 08:05 1836659                    /lib/x86_64-linux-gnu/libm-2.23.so
7f0541dc5000-7f0542a98000 r-xp 00000000 08:05 3277884                    /usr/local/java/jdk1.8.0_144/jre/lib/amd64/server/libjvm.so
7f0542a98000-7f0542c97000 ---p 00cd3000 08:05 3277884                    /usr/local/java/jdk1.8.0_144/jre/lib/amd64/server/libjvm.so
7f0542c97000-7f0542d71000 rw-p 00cd2000 08:05 3277884                    /usr/local/java/jdk1.8.0_144/jre/lib/amd64/server/libjvm.so
7f0542d71000-7f0542dbc000 rw-p 00000000 00:00 0 
7f0542dbc000-7f0542f7c000 r-xp 00000000 08:05 1836669                    /lib/x86_64-linux-gnu/libc-2.23.so
7f0542f7c000-7f054317c000 ---p 001c0000 08:05 1836669                    /lib/x86_64-linux-gnu/libc-2.23.so
7f054317c000-7f0543180000 r--p 001c0000 08:05 1836669                    /lib/x86_64-linux-gnu/libc-2.23.so
7f0543180000-7f0543182000 rw-p 001c4000 08:05 1836669                    /lib/x86_64-linux-gnu/libc-2.23.so
7f0543182000-7f0543186000 rw-p 00000000 00:00 0 
7f0543186000-7f0543189000 r-xp 00000000 08:05 1836648                    /lib/x86_64-linux-gnu/libdl-2.23.so
7f0543189000-7f0543388000 ---p 00003000 08:05 1836648                    /lib/x86_64-linux-gnu/libdl-2.23.so
7f0543388000-7f0543389000 r--p 00002000 08:05 1836648                    /lib/x86_64-linux-gnu/libdl-2.23.so
7f0543389000-7f054338a000 rw-p 00003000 08:05 1836648                    /lib/x86_64-linux-gnu/libdl-2.23.so
7f054338a000-7f054339f000 r-xp 00000000 08:05 2493435                    /usr/local/java/jdk1.8.0_144/lib/amd64/jli/libjli.so
7f054339f000-7f054359f000 ---p 00015000 08:05 2493435                    /usr/local/java/jdk1.8.0_144/lib/amd64/jli/libjli.so
7f054359f000-7f05435a0000 rw-p 00015000 08:05 2493435                    /usr/local/java/jdk1.8.0_144/lib/amd64/jli/libjli.so
7f05435a0000-7f05435b8000 r-xp 00000000 08:05 1836636                    /lib/x86_64-linux-gnu/libpthread-2.23.so
7f05435b8000-7f05437b7000 ---p 00018000 08:05 1836636                    /lib/x86_64-linux-gnu/libpthread-2.23.so
7f05437b7000-7f05437b8000 r--p 00017000 08:05 1836636                    /lib/x86_64-linux-gnu/libpthread-2.23.so
7f05437b8000-7f05437b9000 rw-p 00018000 08:05 1836636                    /lib/x86_64-linux-gnu/libpthread-2.23.so
7f05437b9000-7f05437bd000 rw-p 00000000 00:00 0 
7f05437bd000-7f05437e3000 r-xp 00000000 08:05 1835389                    /lib/x86_64-linux-gnu/ld-2.23.so
7f05437e3000-7f054388d000 rw-p 00000000 00:00 0 
7f054388d000-7f0543890000 ---p 00000000 00:00 0 
7f0543890000-7f0543992000 rw-p 00000000 00:00 0 
7f0543992000-7f0543993000 r--s 0002e000 00:2b 8652783                    /home/gpaiva/Desktop/projects/code/git/GitHub/JOT/lib/jogamp-all-platforms/jar/joal-natives-linux-amd64.jar
7f0543993000-7f0543994000 r--s 00001000 00:2b 8652847                    /home/gpaiva/Desktop/projects/code/git/GitHub/JOT/lib/jogamp-all-platforms/jar/gluegen-rt-natives-windows-i586.jar
7f0543994000-7f0543995000 r--s 00001000 00:2b 8652851                    /home/gpaiva/Desktop/projects/code/git/GitHub/JOT/lib/jogamp-all-platforms/jar/gluegen-rt-natives-windows-amd64.jar
7f0543995000-7f0543996000 r--s 00001000 00:2b 8652820                    /home/gpaiva/Desktop/projects/code/git/GitHub/JOT/lib/jogamp-all-platforms/jar/gluegen-rt-natives-macosx-universal.jar
7f0543996000-7f0543998000 r--s 00000000 00:2b 8652869                    /home/gpaiva/Desktop/projects/code/git/GitHub/JOT/lib/jogamp-all-platforms/jar/gluegen-rt-natives-linux-i586.jar
7f0543998000-7f054399a000 r--s 00000000 00:2b 8652838                    /home/gpaiva/Desktop/projects/code/git/GitHub/JOT/lib/jogamp-all-platforms/jar/gluegen-rt-natives-linux-amd64.jar
7f054399a000-7f05439d6000 rw-p 00000000 00:00 0 
7f05439d6000-7f05439de000 rw-s 00000000 08:05 11272366                   /tmp/hsperfdata_gpaiva/29778
7f05439de000-7f05439df000 rw-p 00000000 00:00 0 
7f05439df000-7f05439e0000 r--p 00000000 00:00 0 
7f05439e0000-7f05439e2000 rw-p 00000000 00:00 0 
7f05439e2000-7f05439e3000 r--p 00025000 08:05 1835389                    /lib/x86_64-linux-gnu/ld-2.23.so
7f05439e3000-7f05439e4000 rw-p 00026000 08:05 1835389                    /lib/x86_64-linux-gnu/ld-2.23.so
7f05439e4000-7f05439e5000 rw-p 00000000 00:00 0 
7ffdc67a9000-7ffdc67cb000 rw-p 00000000 00:00 0                          [stack]
7ffdc67d4000-7ffdc67d6000 r--p 00000000 00:00 0                          [vvar]
7ffdc67d6000-7ffdc67d8000 r-xp 00000000 00:00 0                          [vdso]
ffffffffff600000-ffffffffff601000 r-xp 00000000 00:00 0                  [vsyscall]

VM Arguments:
jvm_args: -Dfile.encoding=UTF-8 -Djava.util.logging.SimpleFormatter.format=%5$s%6$s%n 
java_command: jot.demo.gui.GameMain Kenny
java_class_path (initial): /home/gpaiva/Desktop/projects/code/git/GitHub/JOT/lib/commons-math/commons-math3-3.6.1.jar:/home/gpaiva/Desktop/projects/code/git/GitHub/JOT/lib/jogamp-all-platforms/jar/gluegen-rt-natives-linux-amd64.jar:/home/gpaiva/Desktop/projects/code/git/GitHub/JOT/lib/jogamp-all-platforms/jar/gluegen-rt-natives-linux-i586.jar:/home/gpaiva/Desktop/projects/code/git/GitHub/JOT/lib/jogamp-all-platforms/jar/gluegen-rt-natives-macosx-universal.jar:/home/gpaiva/Desktop/projects/code/git/GitHub/JOT/lib/jogamp-all-platforms/jar/gluegen-rt-natives-windows-amd64.jar:/home/gpaiva/Desktop/projects/code/git/GitHub/JOT/lib/jogamp-all-platforms/jar/gluegen-rt-natives-windows-i586.jar:/home/gpaiva/Desktop/projects/code/git/GitHub/JOT/lib/jogamp-all-platforms/jar/gluegen-rt.jar:/home/gpaiva/Desktop/projects/code/git/GitHub/JOT/lib/jogamp-all-platforms/jar/gluegen.jar:/home/gpaiva/Desktop/projects/code/git/GitHub/JOT/lib/jogamp-all-platforms/jar/joal-natives-linux-amd64.jar:/home/gpaiva/Desktop/projects/code/git/GitHub/JOT/lib/jogamp-all-platforms/jar/joal-natives-linux-i586.jar:/home/gpaiva/Desktop/projects/code/git/GitHub/JOT/lib/jogamp-all-platforms/jar/joal-natives-macosx-universal.jar:/home/gpaiva/Desktop/projects/code/git/GitHub/JOT/lib/jogamp-all-platforms/jar/joal-natives-windows-amd64.jar:/home/gpaiva/Desktop/projects/code/git/GitHub/JOT/lib/jogamp-all-platforms/jar/joal-natives-windows-i586.jar:/home/gpaiva/Desktop/projects/code/git/GitHub/JOT/lib/jogamp-all-platforms/jar/joal.jar:/home/gpaiva/Desktop/projects/code/git/GitHub/JOT/lib/jogamp-all-platforms/jar/jocl-natives-linux-amd64.jar:/home/gpaiva/Desktop/projects/code/git/GitHub/JOT/lib/jogamp-all-platforms/jar/jocl-natives-linux-i586.jar:/home/gpaiva/Desktop/projects/code/git/GitHub/JOT/lib/jogamp-all-platforms/jar/jocl-natives-macosx-universal.jar:/home/gpaiva/Desktop/projects/code/git/GitHub/JOT/lib/jogamp-all-platforms/jar/jocl-natives-windows-amd64.jar:/home/gpaiva/Desktop/projects/code/git/GitHub
Launcher Type: SUN_STANDARD

Environment Variables:
JAVA_HOME=/usr/local/java/jdk1.8.0_144
JRE_HOME=/usr/local/java/jre1.8.0_144
PATH=/home/gpaiva/bin:/home/gpaiva/.local/bin:/usr/local/sbin:/usr/local/bin:/usr/sbin:/usr/bin:/sbin:/bin:/usr/games:/usr/local/games:/home/gpaiva/omnetpp-5.1/bin:/home/gpaiva/bin:/usr/local/java/jdk1.8.0_144/bin:/home/gpaiva/bin:/usr/local/java/jre1.8.0_144/bin
LD_LIBRARY_PATH=/usr/local/java/jdk1.8.0_144/jre/lib/amd64:/usr/local/java/jdk1.8.0_144/jre/lib/i386:
SHELL=/bin/bash
DISPLAY=:0

Signal Handlers:
SIGSEGV: [libjvm.so+0xacba10], sa_mask[0]=11111111011111111101111111111110, sa_flags=SA_RESTART|SA_SIGINFO
SIGBUS: [libjvm.so+0xacba10], sa_mask[0]=11111111011111111101111111111110, sa_flags=SA_RESTART|SA_SIGINFO
SIGFPE: [libjvm.so+0x924ba0], sa_mask[0]=11111111011111111101111111111110, sa_flags=SA_RESTART|SA_SIGINFO
SIGPIPE: [libjvm.so+0x924ba0], sa_mask[0]=11111111011111111101111111111110, sa_flags=SA_RESTART|SA_SIGINFO
SIGXFSZ: [libjvm.so+0x924ba0], sa_mask[0]=11111111011111111101111111111110, sa_flags=SA_RESTART|SA_SIGINFO
SIGILL: [libjvm.so+0x924ba0], sa_mask[0]=11111111011111111101111111111110, sa_flags=SA_RESTART|SA_SIGINFO
SIGUSR1: SIG_DFL, sa_mask[0]=00000000000000000000000000000000, sa_flags=none
SIGUSR2: [libjvm.so+0x9263e0], sa_mask[0]=00100000000000000000000000000000, sa_flags=SA_RESTART|SA_SIGINFO
SIGHUP: [libjvm.so+0x9277e0], sa_mask[0]=11111111011111111101111111111110, sa_flags=SA_RESTART|SA_SIGINFO
SIGINT: SIG_IGN, sa_mask[0]=00000000000000000000000000000000, sa_flags=none
SIGTERM: [libjvm.so+0x9277e0], sa_mask[0]=11111111011111111101111111111110, sa_flags=SA_RESTART|SA_SIGINFO
SIGQUIT: [libjvm.so+0x9277e0], sa_mask[0]=11111111011111111101111111111110, sa_flags=SA_RESTART|SA_SIGINFO


---------------  S Y S T E M  ---------------

OS:DISTRIB_ID=LinuxMint
DISTRIB_RELEASE=18.2
DISTRIB_CODENAME=sonya
DISTRIB_DESCRIPTION="Linux Mint 18.2 Sonya"

uname:Linux 4.4.0-89-generic #112-Ubuntu SMP Mon Jul 31 19:38:41 UTC 2017 x86_64
libc:glibc 2.23 NPTL 2.23 
rlimit: STACK 8192k, CORE 0k, NPROC 15636, NOFILE 1048576, AS infinity
load average:3,00 2,71 1,89

/proc/meminfo:
MemTotal:        4045356 kB
MemFree:          140624 kB
MemAvailable:     702188 kB
Buffers:           22500 kB
Cached:           723316 kB
SwapCached:        31108 kB
Active:          2247484 kB
Inactive:        1239956 kB
Active(anon):    1884156 kB
Inactive(anon):   875340 kB
Active(file):     363328 kB
Inactive(file):   364616 kB
Unevictable:          32 kB
Mlocked:              32 kB
SwapTotal:       3998204 kB
SwapFree:        3434280 kB
Dirty:               672 kB
Writeback:             0 kB
AnonPages:       2735168 kB
Mapped:           178120 kB
Shmem:             17824 kB
Slab:             150112 kB
SReclaimable:      77584 kB
SUnreclaim:        72528 kB
KernelStack:        8672 kB
PageTables:        35752 kB
NFS_Unstable:          0 kB
Bounce:                0 kB
WritebackTmp:          0 kB
CommitLimit:     6020880 kB
Committed_AS:    6224224 kB
VmallocTotal:   34359738367 kB
VmallocUsed:           0 kB
VmallocChunk:          0 kB
HardwareCorrupted:     0 kB
AnonHugePages:   1034240 kB
CmaTotal:              0 kB
CmaFree:               0 kB
HugePages_Total:       0
HugePages_Free:        0
HugePages_Rsvd:        0
HugePages_Surp:        0
Hugepagesize:       2048 kB
DirectMap4k:     1164096 kB
DirectMap2M:     3028992 kB


CPU:total 2 (initial active 2) (2 cores per cpu, 1 threads per core) family 6 model 23 stepping 6, cmov, cx8, fxsr, mmx, sse, sse2, sse3, ssse3, sse4.1, tsc

/proc/cpuinfo:
processor	: 0
vendor_id	: GenuineIntel
cpu family	: 6
model		: 23
model name	: Intel(R) Core(TM)2 Duo CPU     T9300  @ 2.50GHz
stepping	: 6
microcode	: 0x60c
cpu MHz		: 2401.000
cache size	: 6144 KB
physical id	: 0
siblings	: 2
core id		: 0
cpu cores	: 2
apicid		: 0
initial apicid	: 0
fpu		: yes
fpu_exception	: yes
cpuid level	: 10
wp		: yes
flags		: fpu vme de pse tsc msr pae mce cx8 apic sep mtrr pge mca cmov pat pse36 clflush dts acpi mmx fxsr sse sse2 ss ht tm pbe syscall nx lm constant_tsc arch_perfmon pebs bts rep_good nopl aperfmperf pni dtes64 monitor ds_cpl vmx est tm2 ssse3 cx16 xtpr pdcm sse4_1 lahf_lm tpr_shadow vnmi flexpriority dtherm ida
bugs		:
bogomips	: 4987.48
clflush size	: 64
cache_alignment	: 64
address sizes	: 36 bits physical, 48 bits virtual
power management:

processor	: 1
vendor_id	: GenuineIntel
cpu family	: 6
model		: 23
model name	: Intel(R) Core(TM)2 Duo CPU     T9300  @ 2.50GHz
stepping	: 6
microcode	: 0x60c
cpu MHz		: 1600.000
cache size	: 6144 KB
physical id	: 0
siblings	: 2
core id		: 1
cpu cores	: 2
apicid		: 1
initial apicid	: 1
fpu		: yes
fpu_exception	: yes
cpuid level	: 10
wp		: yes
flags		: fpu vme de pse tsc msr pae mce cx8 apic sep mtrr pge mca cmov pat pse36 clflush dts acpi mmx fxsr sse sse2 ss ht tm pbe syscall nx lm constant_tsc arch_perfmon pebs bts rep_good nopl aperfmperf pni dtes64 monitor ds_cpl vmx est tm2 ssse3 cx16 xtpr pdcm sse4_1 lahf_lm tpr_shadow vnmi flexpriority dtherm ida
bugs		:
bogomips	: 4987.48
clflush size	: 64
cache_alignment	: 64
address sizes	: 36 bits physical, 48 bits virtual
power management:



Memory: 4k page, physical 4045356k(140624k free), swap 3998204k(3434280k free)

vm_info: Java HotSpot(TM) 64-Bit Server VM (25.144-b01) for linux-amd64 JRE (1.8.0_144-b01), built on Jul 21 2017 21:57:33 by "java_re" with gcc 4.3.0 20080428 (Red Hat 4.3.0-8)

time: Tue Aug 15 23:11:17 2017
elapsed time: 38 seconds (0d 0h 0m 38s)

