#
# A fatal error has been detected by the Java Runtime Environment:
#
#  SIGSEGV (0xb) at pc=0x00007ff107d8bbc9, pid=14503, tid=0x00007ff0f04c3700
#
# JRE version: Java(TM) SE Runtime Environment (8.0_144-b01) (build 1.8.0_144-b01)
# Java VM: Java HotSpot(TM) 64-Bit Server VM (25.144-b01 mixed mode linux-amd64 compressed oops)
# Problematic frame:
# C  [libGL.so.1+0xd7bc9]
#
# Failed to write core dump. Core dumps have been disabled. To enable core dumping, try "ulimit -c unlimited" before starting Java again
#
# If you would like to submit a bug report, please visit:
#   http://bugreport.java.com/bugreport/crash.jsp
# The crash happened outside the Java Virtual Machine in native code.
# See problematic frame for where to report the bug.
#

---------------  T H R E A D  ---------------

Current thread (0x00007ff1205e8000):  JavaThread "Thread-3" [_thread_in_native, id=14638, stack(0x00007ff0f03c3000,0x00007ff0f04c4000)]

siginfo: si_signo: 11 (SIGSEGV), si_code: 1 (SEGV_MAPERR), si_addr: 0x00000000000008b8

Registers:
RAX=0x0000000000000000, RBX=0x00007ff1444183a0, RCX=0x00000000ec3ac8a0, RDX=0x0000000000000001
RSP=0x00007ff0f04c2368, RBP=0x00007ff0f04c23b0, RSI=0x00000000ec3ac8a0, RDI=0x0000000000000001
R8 =0x0000000000000001, R9 =0x0000000000000000, R10=0x00007ff149015548, R11=0x00007ff160302fa0
R12=0x0000000000000000, R13=0x00007ff1444183a0, R14=0x00007ff0f04c2488, R15=0x00007ff1205e8000
RIP=0x00007ff107d8bbc9, EFLAGS=0x0000000000010246, CSGSFS=0x0000000000000033, ERR=0x0000000000000004
  TRAPNO=0x000000000000000e

Top of Stack: (sp=0x00007ff0f04c2368)
0x00007ff0f04c2368:   00007ff104c431fd 00007ff1205e8000
0x00007ff0f04c2378:   00007f00205e8000 00007ff0f04c2478
0x00007ff0f04c2388:   0000000100000000 00007ff0f04c2488
0x00007ff0f04c2398:   00007ff1205e81f8 00007ff107d8bbc0
0x00007ff0f04c23a8:   00000000ec3ac8a0 00007ff0f04c2438
0x00007ff0f04c23b8:   00007ff149015574 00007ff107d8bbc0
0x00007ff0f04c23c8:   00007ff1205e8000 00007ff1444183a0
0x00007ff0f04c23d8:   0000000000000000 00007ff0f04c2438
0x00007ff0f04c23e8:   00007ff149015307 00007ff1490152c2
0x00007ff0f04c23f8:   00007ff0f04c23f8 00007ff1444183a0
0x00007ff0f04c2408:   00007ff0f04c2488 00007ff1141c6028
0x00007ff0f04c2418:   0000000000000000 00007ff1444183a0
0x00007ff0f04c2428:   0000000000000000 00007ff0f04c2458
0x00007ff0f04c2438:   00007ff0f04c24d0 00007ff149007ffd
0x00007ff0f04c2448:   0000000000000000 00007ff149011278
0x00007ff0f04c2458:   00007ff107d8bbc0 00007ff0f04c2508
0x00007ff0f04c2468:   0000000000000000 0000000000000000
0x00007ff0f04c2478:   00000000ec3ac890 0000000000000001
0x00007ff0f04c2488:   00000000c28c4b08 00007ff0f04c2490
0x00007ff0f04c2498:   00007ff1444184a3 00007ff0f04c2508
0x00007ff0f04c24a8:   00007ff1141c6028 0000000000000000
0x00007ff0f04c24b8:   00007ff1444184b8 00007ff0f04c2458
0x00007ff0f04c24c8:   00007ff0f04c24f0 00007ff0f04c2550
0x00007ff0f04c24d8:   00007ff149008042 00007ff107d8bbc0
0x00007ff0f04c24e8:   0000000000000000 0000000000000000
0x00007ff0f04c24f8:   00000000ec3ac890 0000000000000001
0x00007ff0f04c2508:   00000000c28c4b08 00007ff0f04c2510
0x00007ff0f04c2518:   00007ff0f082dd25 00007ff0f04c2568
0x00007ff0f04c2528:   00007ff0f0830120 00007ff0e8a2f588
0x00007ff0f04c2538:   00007ff0f082dd40 00007ff0f04c24f0
0x00007ff0f04c2548:   00007ff0f04c2560 00007ff0f04c25b0
0x00007ff0f04c2558:   00007ff149007ffd 00000000c28c4b08 

Instructions: (pc=0x00007ff107d8bbc9)
0x00007ff107d8bba9:   00 0f 1f 80 00 00 00 00 66 66 66 66 66 66 2e 0f
0x00007ff107d8bbb9:   1f 84 00 00 00 00 00 64 48 8b 04 25 78 ff ff ff
0x00007ff107d8bbc9:   ff a0 b8 08 00 00 cc cc cc cc cc cc cc cc cc cc
0x00007ff107d8bbd9:   cc cc cc cc cc cc cc 1b 4c 01 d8 ff a0 b8 08 00 

Register to memory mapping:

RAX=0x0000000000000000 is an unknown value
RBX={method} {0x00007ff1444183a0} 'dispatch_glDeleteTextures1' '(ILjava/lang/Object;IZJ)V' in 'jogamp/opengl/gl4/GL4bcImpl'
RCX=0x00000000ec3ac8a0 is an oop

[error occurred during error reporting (printing register info), id 0xb]

Stack: [0x00007ff0f03c3000,0x00007ff0f04c4000],  sp=0x00007ff0f04c2368,  free space=1020k
Native frames: (J=compiled Java code, j=interpreted, Vv=VM code, C=native code)
C  [libGL.so.1+0xd7bc9]
j  jogamp.opengl.gl4.GL4bcImpl.dispatch_glDeleteTextures1(ILjava/lang/Object;IZJ)V+0
j  jogamp.opengl.gl4.GL4bcImpl.glDeleteTextures(I[II)V+107
j  com.jogamp.opengl.util.texture.Texture.destroy(Lcom/jogamp/opengl/GL;)V+21
j  jot.manager.SceneManager.lambda$dispose$0(Lcom/jogamp/opengl/GL2;Lcom/jogamp/opengl/util/texture/Texture;)V+2
j  jot.manager.SceneManager$$Lambda$38.accept(Ljava/lang/Object;)V+8
j  java.util.concurrent.ConcurrentHashMap$ValueSpliterator.forEachRemaining(Ljava/util/function/Consumer;)V+26
J 2649 C1 java.util.stream.ReferencePipeline$Head.forEach(Ljava/util/function/Consumer;)V (26 bytes) @ 0x00007ff1498c85ec [0x00007ff1498c8040+0x5ac]
j  jot.manager.SceneManager.dispose(Lcom/jogamp/opengl/GL2;)V+17
j  jot.gui.Game.lambda$gameShutdown$0()V+29
j  jot.gui.Game$$Lambda$37.run()V+4
j  java.lang.Thread.run()V+11
v  ~StubRoutines::call_stub
V  [libjvm.so+0x693e96]  JavaCalls::call_helper(JavaValue*, methodHandle*, JavaCallArguments*, Thread*)+0x1056
V  [libjvm.so+0x6943a1]  JavaCalls::call_virtual(JavaValue*, KlassHandle, Symbol*, Symbol*, JavaCallArguments*, Thread*)+0x321
V  [libjvm.so+0x694847]  JavaCalls::call_virtual(JavaValue*, Handle, KlassHandle, Symbol*, Symbol*, Thread*)+0x47
V  [libjvm.so+0x72fbd0]  thread_entry(JavaThread*, Thread*)+0xa0
V  [libjvm.so+0xa79753]  JavaThread::thread_main_inner()+0x103
V  [libjvm.so+0xa7989c]  JavaThread::run()+0x11c
V  [libjvm.so+0x92a338]  java_start(Thread*)+0x108
C  [libpthread.so.0+0x76ba]  start_thread+0xca

Java frames: (J=compiled Java code, j=interpreted, Vv=VM code)
j  jogamp.opengl.gl4.GL4bcImpl.dispatch_glDeleteTextures1(ILjava/lang/Object;IZJ)V+0
j  jogamp.opengl.gl4.GL4bcImpl.glDeleteTextures(I[II)V+107
j  com.jogamp.opengl.util.texture.Texture.destroy(Lcom/jogamp/opengl/GL;)V+21
j  jot.manager.SceneManager.lambda$dispose$0(Lcom/jogamp/opengl/GL2;Lcom/jogamp/opengl/util/texture/Texture;)V+2
j  jot.manager.SceneManager$$Lambda$38.accept(Ljava/lang/Object;)V+8
j  java.util.concurrent.ConcurrentHashMap$ValueSpliterator.forEachRemaining(Ljava/util/function/Consumer;)V+26
J 2649 C1 java.util.stream.ReferencePipeline$Head.forEach(Ljava/util/function/Consumer;)V (26 bytes) @ 0x00007ff1498c85ec [0x00007ff1498c8040+0x5ac]
j  jot.manager.SceneManager.dispose(Lcom/jogamp/opengl/GL2;)V+17
j  jot.gui.Game.lambda$gameShutdown$0()V+29
j  jot.gui.Game$$Lambda$37.run()V+4
j  java.lang.Thread.run()V+11
v  ~StubRoutines::call_stub

---------------  P R O C E S S  ---------------

Java Threads: ( => current thread )
=>0x00007ff1205e8000 JavaThread "Thread-3" [_thread_in_native, id=14638, stack(0x00007ff0f03c3000,0x00007ff0f04c4000)]
  0x00007ff15800c000 JavaThread "DestroyJavaVM" [_thread_blocked, id=14505, stack(0x00007ff161403000,0x00007ff161504000)]
  0x00007ff1588f7000 JavaThread "main-Display-.x11_:0-1-EDT-1" daemon [_thread_blocked, id=14545, stack(0x00007ff0fb8d5000,0x00007ff0fb9d6000)]
  0x00007ff158785800 JavaThread "main-SharedResourceRunner" daemon [_thread_blocked, id=14542, stack(0x00007ff102489000,0x00007ff10258a000)]
  0x00007ff158765800 JavaThread "main-SharedResourceRunner" daemon [_thread_blocked, id=14541, stack(0x00007ff104ae3000,0x00007ff104be4000)]
  0x00007ff1586c4800 JavaThread "AWT-XAWT" daemon [_thread_in_native, id=14538, stack(0x00007ff114cf8000,0x00007ff114df9000)]
  0x00007ff1586a8000 JavaThread "Java2D Disposer" daemon [_thread_blocked, id=14537, stack(0x00007ff1461e3000,0x00007ff1462e4000)]
  0x00007ff158616000 JavaThread "process reaper" daemon [_thread_blocked, id=14525, stack(0x00007ff14670c000,0x00007ff146745000)]
  0x00007ff1580bd000 JavaThread "Service Thread" daemon [_thread_blocked, id=14516, stack(0x00007ff146e1d000,0x00007ff146f1e000)]
  0x00007ff1580ba800 JavaThread "C1 CompilerThread1" daemon [_thread_blocked, id=14515, stack(0x00007ff146f1e000,0x00007ff14701f000)]
  0x00007ff1580b7800 JavaThread "C2 CompilerThread0" daemon [_thread_blocked, id=14514, stack(0x00007ff14701f000,0x00007ff147120000)]
  0x00007ff1580b6000 JavaThread "Signal Dispatcher" daemon [_thread_blocked, id=14513, stack(0x00007ff15c011000,0x00007ff15c112000)]
  0x00007ff158081800 JavaThread "Finalizer" daemon [_thread_blocked, id=14512, stack(0x00007ff15c3ec000,0x00007ff15c4ed000)]
  0x00007ff15807d000 JavaThread "Reference Handler" daemon [_thread_blocked, id=14511, stack(0x00007ff15c4ed000,0x00007ff15c5ee000)]

Other Threads:
  0x00007ff158075800 VMThread [stack: 0x00007ff15c5ee000,0x00007ff15c6ef000] [id=14510]
  0x00007ff1580c0000 WatcherThread [stack: 0x00007ff146d1c000,0x00007ff146e1d000] [id=14517]

VM state:not at safepoint (normal execution)

VM Mutex/Monitor currently owned by a thread: None

Heap:
 PSYoungGen      total 134656K, used 53944K [0x00000000eb700000, 0x00000000f8980000, 0x0000000100000000)
  eden space 54784K, 24% used [0x00000000eb700000,0x00000000ec4044e8,0x00000000eec80000)
  from space 79872K, 50% used [0x00000000eec80000,0x00000000f1429cb0,0x00000000f3a80000)
  to   space 77312K, 0% used [0x00000000f3e00000,0x00000000f3e00000,0x00000000f8980000)
 ParOldGen       total 190976K, used 128392K [0x00000000c2400000, 0x00000000cde80000, 0x00000000eb700000)
  object space 190976K, 67% used [0x00000000c2400000,0x00000000ca162060,0x00000000cde80000)
 Metaspace       used 27167K, capacity 27826K, committed 28160K, reserved 1075200K
  class space    used 2926K, capacity 3222K, committed 3328K, reserved 1048576K

Card table byte_map: [0x00007ff15dfe5000,0x00007ff15e1d4000] byte_map_base: 0x00007ff15d9d3000

Marking Bits: (ParMarkBitMap*) 0x00007ff160904dc0
 Begin Bits: [0x00007ff147120000, 0x00007ff148090000)
 End Bits:   [0x00007ff148090000, 0x00007ff149000000)

Polling page: 0x00007ff161555000

CodeCache: size=245760Kb used=10858Kb max_used=11247Kb free=234901Kb
 bounds [0x00007ff149000000, 0x00007ff149b40000, 0x00007ff158000000]
 total_blobs=4092 nmethods=3030 adapters=976
 compilation: enabled

Compilation events (10 events):
Event: 43,625 Thread 0x00007ff1580b7800 3253       4       sun.misc.FloatingDecimal::getBinaryToASCIIConverter (183 bytes)
Event: 43,631 Thread 0x00007ff1580b7800 nmethod 3253 0x00007ff1495e7fd0 code [0x00007ff1495e8160, 0x00007ff1495e8468]
Event: 43,833 Thread 0x00007ff1580ba800 3254       1       java.util.concurrent.locks.AbstractQueuedSynchronizer::setState (6 bytes)
Event: 43,833 Thread 0x00007ff1580ba800 nmethod 3254 0x00007ff149b038d0 code [0x00007ff149b03a20, 0x00007ff149b03b30]
Event: 44,951 Thread 0x00007ff1580ba800 3255       3       jogamp.newt.driver.x11.WindowDriver::sendKeyEvent (106 bytes)
Event: 44,953 Thread 0x00007ff1580ba800 nmethod 3255 0x00007ff14928d550 code [0x00007ff14928d780, 0x00007ff14928e298]
Event: 44,953 Thread 0x00007ff1580ba800 3256       3       com.jogamp.newt.event.KeyEvent::isModifierKey (56 bytes)
Event: 44,953 Thread 0x00007ff1580ba800 nmethod 3256 0x00007ff149472f10 code [0x00007ff149473060, 0x00007ff1494731d0]
Event: 45,290 Thread 0x00007ff1580ba800 3257       1       com.jogamp.newt.event.KeyEvent::getKeyChar (5 bytes)
Event: 45,290 Thread 0x00007ff1580ba800 nmethod 3257 0x00007ff1495e7d10 code [0x00007ff1495e7e60, 0x00007ff1495e7f70]

GC Heap History (10 events):
Event: 8,138 GC heap before
{Heap before GC invocations=12 (full 3):
 PSYoungGen      total 101888K, used 101888K [0x00000000eb700000, 0x00000000fa200000, 0x0000000100000000)
  eden space 39936K, 100% used [0x00000000eb700000,0x00000000ede00000,0x00000000ede00000)
  from space 61952K, 100% used [0x00000000f3400000,0x00000000f7080000,0x00000000f7080000)
  to   space 88064K, 0% used [0x00000000ede00000,0x00000000ede00000,0x00000000f3400000)
 ParOldGen       total 190976K, used 128368K [0x00000000c2400000, 0x00000000cde80000, 0x00000000eb700000)
  object space 190976K, 67% used [0x00000000c2400000,0x00000000ca15c060,0x00000000cde80000)
 Metaspace       used 25613K, capacity 26216K, committed 26496K, reserved 1073152K
  class space    used 2843K, capacity 3109K, committed 3200K, reserved 1048576K
Event: 8,190 GC heap after
Heap after GC invocations=12 (full 3):
 PSYoungGen      total 128000K, used 47231K [0x00000000eb700000, 0x00000000f9280000, 0x0000000100000000)
  eden space 39936K, 0% used [0x00000000eb700000,0x00000000eb700000,0x00000000ede00000)
  from space 88064K, 53% used [0x00000000ede00000,0x00000000f0c1fce8,0x00000000f3400000)
  to   space 88064K, 0% used [0x00000000f3c80000,0x00000000f3c80000,0x00000000f9280000)
 ParOldGen       total 190976K, used 128376K [0x00000000c2400000, 0x00000000cde80000, 0x00000000eb700000)
  object space 190976K, 67% used [0x00000000c2400000,0x00000000ca15e060,0x00000000cde80000)
 Metaspace       used 25613K, capacity 26216K, committed 26496K, reserved 1073152K
  class space    used 2843K, capacity 3109K, committed 3200K, reserved 1048576K
}
Event: 8,857 GC heap before
{Heap before GC invocations=13 (full 3):
 PSYoungGen      total 128000K, used 87034K [0x00000000eb700000, 0x00000000f9280000, 0x0000000100000000)
  eden space 39936K, 99% used [0x00000000eb700000,0x00000000edddede8,0x00000000ede00000)
  from space 88064K, 53% used [0x00000000ede00000,0x00000000f0c1fce8,0x00000000f3400000)
  to   space 88064K, 0% used [0x00000000f3c80000,0x00000000f3c80000,0x00000000f9280000)
 ParOldGen       total 190976K, used 128376K [0x00000000c2400000, 0x00000000cde80000, 0x00000000eb700000)
  object space 190976K, 67% used [0x00000000c2400000,0x00000000ca15e060,0x00000000cde80000)
 Metaspace       used 26120K, capacity 26752K, committed 27008K, reserved 1073152K
  class space    used 2893K, capacity 3179K, committed 3200K, reserved 1048576K
Event: 8,910 GC heap after
Heap after GC invocations=13 (full 3):
 PSYoungGen      total 129536K, used 40650K [0x00000000eb700000, 0x00000000f8c00000, 0x0000000100000000)
  eden space 48128K, 0% used [0x00000000eb700000,0x00000000eb700000,0x00000000ee600000)
  from space 81408K, 49% used [0x00000000f3c80000,0x00000000f6432900,0x00000000f8c00000)
  to   space 84992K, 0% used [0x00000000ee600000,0x00000000ee600000,0x00000000f3900000)
 ParOldGen       total 190976K, used 128376K [0x00000000c2400000, 0x00000000cde80000, 0x00000000eb700000)
  object space 190976K, 67% used [0x00000000c2400000,0x00000000ca15e060,0x00000000cde80000)
 Metaspace       used 26120K, capacity 26752K, committed 27008K, reserved 1073152K
  class space    used 2893K, capacity 3179K, committed 3200K, reserved 1048576K
}
Event: 15,411 GC heap before
{Heap before GC invocations=14 (full 3):
 PSYoungGen      total 129536K, used 88778K [0x00000000eb700000, 0x00000000f8c00000, 0x0000000100000000)
  eden space 48128K, 100% used [0x00000000eb700000,0x00000000ee600000,0x00000000ee600000)
  from space 81408K, 49% used [0x00000000f3c80000,0x00000000f6432900,0x00000000f8c00000)
  to   space 84992K, 0% used [0x00000000ee600000,0x00000000ee600000,0x00000000f3900000)
 ParOldGen       total 190976K, used 128376K [0x00000000c2400000, 0x00000000cde80000, 0x00000000eb700000)
  object space 190976K, 67% used [0x00000000c2400000,0x00000000ca15e060,0x00000000cde80000)
 Metaspace       used 27013K, capacity 27678K, committed 28160K, reserved 1075200K
  class space    used 2925K, capacity 3220K, committed 3328K, reserved 1048576K
Event: 15,454 GC heap after
Heap after GC invocations=14 (full 3):
 PSYoungGen      total 133120K, used 40655K [0x00000000eb700000, 0x00000000f8f00000, 0x0000000100000000)
  eden space 48128K, 0% used [0x00000000eb700000,0x00000000eb700000,0x00000000ee600000)
  from space 84992K, 47% used [0x00000000ee600000,0x00000000f0db3e68,0x00000000f3900000)
  to   space 82432K, 0% used [0x00000000f3e80000,0x00000000f3e80000,0x00000000f8f00000)
 ParOldGen       total 190976K, used 128384K [0x00000000c2400000, 0x00000000cde80000, 0x00000000eb700000)
  object space 190976K, 67% used [0x00000000c2400000,0x00000000ca160060,0x00000000cde80000)
 Metaspace       used 27013K, capacity 27678K, committed 28160K, reserved 1075200K
  class space    used 2925K, capacity 3220K, committed 3328K, reserved 1048576K
}
Event: 27,138 GC heap before
{Heap before GC invocations=15 (full 3):
 PSYoungGen      total 133120K, used 88783K [0x00000000eb700000, 0x00000000f8f00000, 0x0000000100000000)
  eden space 48128K, 100% used [0x00000000eb700000,0x00000000ee600000,0x00000000ee600000)
  from space 84992K, 47% used [0x00000000ee600000,0x00000000f0db3e68,0x00000000f3900000)
  to   space 82432K, 0% used [0x00000000f3e80000,0x00000000f3e80000,0x00000000f8f00000)
 ParOldGen       total 190976K, used 128384K [0x00000000c2400000, 0x00000000cde80000, 0x00000000eb700000)
  object space 190976K, 67% used [0x00000000c2400000,0x00000000ca160060,0x00000000cde80000)
 Metaspace       used 27096K, capacity 27750K, committed 28160K, reserved 1075200K
  class space    used 2925K, capacity 3220K, committed 3328K, reserved 1048576K
Event: 27,187 GC heap after
Heap after GC invocations=15 (full 3):
 PSYoungGen      total 130560K, used 40587K [0x00000000eb700000, 0x00000000f8880000, 0x0000000100000000)
  eden space 54784K, 0% used [0x00000000eb700000,0x00000000eb700000,0x00000000eec80000)
  from space 75776K, 53% used [0x00000000f3e80000,0x00000000f6622cf8,0x00000000f8880000)
  to   space 79872K, 0% used [0x00000000eec80000,0x00000000eec80000,0x00000000f3a80000)
 ParOldGen       total 190976K, used 128392K [0x00000000c2400000, 0x00000000cde80000, 0x00000000eb700000)
  object space 190976K, 67% used [0x00000000c2400000,0x00000000ca162060,0x00000000cde80000)
 Metaspace       used 27096K, capacity 27750K, committed 28160K, reserved 1075200K
  class space    used 2925K, capacity 3220K, committed 3328K, reserved 1048576K
}
Event: 42,734 GC heap before
{Heap before GC invocations=16 (full 3):
 PSYoungGen      total 130560K, used 95371K [0x00000000eb700000, 0x00000000f8880000, 0x0000000100000000)
  eden space 54784K, 100% used [0x00000000eb700000,0x00000000eec80000,0x00000000eec80000)
  from space 75776K, 53% used [0x00000000f3e80000,0x00000000f6622cf8,0x00000000f8880000)
  to   space 79872K, 0% used [0x00000000eec80000,0x00000000eec80000,0x00000000f3a80000)
 ParOldGen       total 190976K, used 128392K [0x00000000c2400000, 0x00000000cde80000, 0x00000000eb700000)
  object space 190976K, 67% used [0x00000000c2400000,0x00000000ca162060,0x00000000cde80000)
 Metaspace       used 27154K, capacity 27814K, committed 28160K, reserved 1075200K
  class space    used 2925K, capacity 3220K, committed 3328K, reserved 1048576K
Event: 42,783 GC heap after
Heap after GC invocations=16 (full 3):
 PSYoungGen      total 134656K, used 40615K [0x00000000eb700000, 0x00000000f8980000, 0x0000000100000000)
  eden space 54784K, 0% used [0x00000000eb700000,0x00000000eb700000,0x00000000eec80000)
  from space 79872K, 50% used [0x00000000eec80000,0x00000000f1429cb0,0x00000000f3a80000)
  to   space 77312K, 0% used [0x00000000f3e00000,0x00000000f3e00000,0x00000000f8980000)
 ParOldGen       total 190976K, used 128392K [0x00000000c2400000, 0x00000000cde80000, 0x00000000eb700000)
  object space 190976K, 67% used [0x00000000c2400000,0x00000000ca162060,0x00000000cde80000)
 Metaspace       used 27154K, capacity 27814K, committed 28160K, reserved 1075200K
  class space    used 2925K, capacity 3220K, committed 3328K, reserved 1048576K
}

Deoptimization events (10 events):
Event: 11,611 Thread 0x00007ff158971800 Uncommon trap: reason=class_check action=maybe_recompile pc=0x00007ff14990acf8 method=java.awt.geom.RectangularShape.getMinX()D @ 1
Event: 11,611 Thread 0x00007ff158971800 Uncommon trap: reason=class_check action=maybe_recompile pc=0x00007ff14990acf8 method=java.awt.geom.RectangularShape.getMinX()D @ 1
Event: 11,611 Thread 0x00007ff158971800 Uncommon trap: reason=class_check action=maybe_recompile pc=0x00007ff14990acf8 method=java.awt.geom.RectangularShape.getMinX()D @ 1
Event: 12,013 Thread 0x00007ff158971800 Uncommon trap: reason=unstable_if action=reinterpret pc=0x00007ff14992f7c0 method=sun.misc.FloatingDecimal$BinaryToASCIIBuffer.dtoa(IJIZ)V @ 97
Event: 15,926 Thread 0x00007ff158971800 Uncommon trap: reason=unstable_if action=reinterpret pc=0x00007ff14997c154 method=sun.misc.FloatingDecimal$BinaryToASCIIBuffer.dtoa(IJIZ)V @ 1056
Event: 19,995 Thread 0x00007ff158971800 Uncommon trap: reason=unstable_if action=reinterpret pc=0x00007ff149775244 method=java.util.ArrayList.remove(I)Ljava/lang/Object; @ 31
Event: 27,927 Thread 0x00007ff158971800 Uncommon trap: reason=unstable_if action=reinterpret pc=0x00007ff149a7dfb0 method=sun.misc.FloatingDecimal$BinaryToASCIIBuffer.dtoa(IJIZ)V @ 859
Event: 32,799 Thread 0x00007ff158971800 Uncommon trap: reason=unstable_if action=reinterpret pc=0x00007ff149a7b644 method=jot.io.device.handlers.KeyBoard.isDetecting(Ljava/lang/String;)Z @ 75
Event: 46,246 Thread 0x00007ff158971800 Uncommon trap: reason=unstable_if action=reinterpret pc=0x00007ff1499219a0 method=java.util.Formatter.parse(Ljava/lang/String;)[Ljava/util/Formatter$FormatString; @ 47
Event: 46,265 Thread 0x00007ff1205e8000 Uncommon trap: reason=bimorphic action=maybe_recompile pc=0x00007ff149a937f4 method=java.util.stream.StreamOpFlag.fromCharacteristics(Ljava/util/Spliterator;)I @ 1

Internal exceptions (10 events):
Event: 1,313 Thread 0x00007ff15800c000 Exception <a 'java/lang/NoClassDefFoundError': jot/util/ExtensionAIOptions> (0x00000000ec121d40) thrown at [/HUDSON3/workspace/8-2-build-linux-amd64/jdk8u144/9417/hotspot/src/share/vm/oops/constantPool.cpp, line 235]
Event: 1,313 Thread 0x00007ff15800c000 Exception <a 'java/lang/NoClassDefFoundError': jot/util/ExtensionAIOptions> (0x00000000ec121fa8) thrown at [/HUDSON3/workspace/8-2-build-linux-amd64/jdk8u144/9417/hotspot/src/share/vm/oops/constantPool.cpp, line 235]
Event: 1,313 Thread 0x00007ff15800c000 Exception <a 'java/lang/NoClassDefFoundError': jot/util/ExtensionAIOptions> (0x00000000ec122210) thrown at [/HUDSON3/workspace/8-2-build-linux-amd64/jdk8u144/9417/hotspot/src/share/vm/oops/constantPool.cpp, line 235]
Event: 1,313 Thread 0x00007ff15800c000 Exception <a 'java/lang/NoClassDefFoundError': jot/util/ExtensionAIOptions> (0x00000000ec122478) thrown at [/HUDSON3/workspace/8-2-build-linux-amd64/jdk8u144/9417/hotspot/src/share/vm/oops/constantPool.cpp, line 235]
Event: 1,313 Thread 0x00007ff15800c000 Exception <a 'java/lang/NoClassDefFoundError': jot/util/ExtensionAIOptions> (0x00000000ec1226e0) thrown at [/HUDSON3/workspace/8-2-build-linux-amd64/jdk8u144/9417/hotspot/src/share/vm/oops/constantPool.cpp, line 235]
Event: 1,313 Thread 0x00007ff15800c000 Exception <a 'java/lang/NoClassDefFoundError': jot/util/ExtensionAIOptions> (0x00000000ec122948) thrown at [/HUDSON3/workspace/8-2-build-linux-amd64/jdk8u144/9417/hotspot/src/share/vm/oops/constantPool.cpp, line 235]
Event: 1,313 Thread 0x00007ff15800c000 Exception <a 'java/lang/NoClassDefFoundError': jot/util/ExtensionAIOptions> (0x00000000ec122bb0) thrown at [/HUDSON3/workspace/8-2-build-linux-amd64/jdk8u144/9417/hotspot/src/share/vm/oops/constantPool.cpp, line 235]
Event: 1,555 Thread 0x00007ff15800c000 Exception <a 'java/io/FileNotFoundException'> (0x00000000ec50da20) thrown at [/HUDSON3/workspace/8-2-build-linux-amd64/jdk8u144/9417/hotspot/src/share/vm/prims/jni.cpp, line 709]
Event: 1,555 Thread 0x00007ff15800c000 Exception <a 'java/io/FileNotFoundException'> (0x00000000ec50e3e0) thrown at [/HUDSON3/workspace/8-2-build-linux-amd64/jdk8u144/9417/hotspot/src/share/vm/prims/jni.cpp, line 709]
Event: 10,501 Thread 0x00007ff158971800 Implicit null exception at 0x00007ff149883e13 to 0x00007ff1498850d1

Events (10 events):
Event: 46,265 loading class java/util/concurrent/ConcurrentHashMap$ValueSpliterator done
Event: 46,265 Thread 0x00007ff1205e8000 Uncommon trap: trap_request=0xffffffc6 fr.pc=0x00007ff149a937f4
Event: 46,265 Thread 0x00007ff1205e8000 DEOPT PACKING pc=0x00007ff149a937f4 sp=0x00007ff0f04c2670
Event: 46,265 Thread 0x00007ff1205e8000 DEOPT UNPACKING pc=0x00007ff149004f69 sp=0x00007ff0f04c2628 mode 2
Event: 46,265 loading class com/jogamp/opengl/GL2
Event: 46,265 loading class com/jogamp/opengl/GL2 done
Event: 46,265 loading class com/jogamp/opengl/util/texture/Texture
Event: 46,265 loading class com/jogamp/opengl/util/texture/Texture done
Event: 46,265 loading class com/jogamp/opengl/GL2
Event: 46,265 loading class com/jogamp/opengl/GL2 done


Dynamic libraries:
00400000-00401000 r-xp 00000000 08:05 3148066                            /usr/local/java/jdk1.8.0_144/bin/java
00600000-00601000 rw-p 00000000 08:05 3148066                            /usr/local/java/jdk1.8.0_144/bin/java
006a5000-006c6000 rw-p 00000000 00:00 0                                  [heap]
417bd000-41859000 rw-p 00000000 00:00 0 
41934000-419d0000 rw-p 00000000 00:00 0 
41c2a000-41c2c000 r-xs 00000000 08:05 11272392                           /tmp/.glIEwccW (deleted)
c2400000-cde80000 rw-p 00000000 00:00 0 
cde80000-eb700000 ---p 00000000 00:00 0 
eb700000-f8980000 rw-p 00000000 00:00 0 
f8980000-100000000 ---p 00000000 00:00 0 
100000000-100340000 rw-p 00000000 00:00 0 
100340000-140000000 ---p 00000000 00:00 0 
7ff0e6ea0000-7ff0e72a0000 rw-s 36b51000 00:06 523                        /dev/nvidiactl
7ff0e7ca0000-7ff0e7ce0000 rw-p 00000000 00:00 0 
7ff0e7ce0000-7ff0e7ea0000 ---p 00000000 00:00 0 
7ff0e7ea0000-7ff0e7f09000 r-xp 00000000 08:05 3277887                    /usr/local/java/jdk1.8.0_144/jre/lib/amd64/libt2k.so
7ff0e7f09000-7ff0e8109000 ---p 00069000 08:05 3277887                    /usr/local/java/jdk1.8.0_144/jre/lib/amd64/libt2k.so
7ff0e8109000-7ff0e8110000 rw-p 00069000 08:05 3277887                    /usr/local/java/jdk1.8.0_144/jre/lib/amd64/libt2k.so
7ff0e8110000-7ff0e8ac2000 rw-p 00000000 00:00 0 
7ff0e8ac2000-7ff0e8cc2000 rw-p 00000000 00:00 0 
7ff0e8cc2000-7ff0eef45000 rw-p 00000000 00:00 0 
7ff0ef345000-7ff0ef745000 rw-s 1fbe3000 00:06 523                        /dev/nvidiactl
7ff0ef745000-7ff0efb16000 rw-p 00000000 00:00 0 
7ff0efd16000-7ff0eff16000 rw-s 13984d000 00:06 523                       /dev/nvidiactl
7ff0eff16000-7ff0f02e7000 rw-p 00000000 00:00 0 
7ff0f03c3000-7ff0f03c6000 ---p 00000000 00:00 0 
7ff0f03c6000-7ff0f04c4000 rw-p 00000000 00:00 0 
7ff0f04c4000-7ff0f06c4000 rw-s 19f18000 00:06 523                        /dev/nvidiactl
7ff0f06c4000-7ff0f08c4000 rw-p 00000000 00:00 0 
7ff0f08c4000-7ff0f48c5000 rw-s 00000000 00:13 6                          /dev/shm/pulse-shm-340349428
7ff0f48c5000-7ff0f88c6000 rw-s 00000000 00:13 9                          /dev/shm/pulse-shm-3593612123
7ff0f88c6000-7ff0f88c7000 ---p 00000000 00:00 0 
7ff0f88c7000-7ff0f90c7000 rw-p 00000000 00:00 0 
7ff0f90c7000-7ff0f90f1000 r-xp 00000000 08:05 11414085                   /usr/lib/x86_64-linux-gnu/libvorbis.so.0.4.8
7ff0f90f1000-7ff0f92f1000 ---p 0002a000 08:05 11414085                   /usr/lib/x86_64-linux-gnu/libvorbis.so.0.4.8
7ff0f92f1000-7ff0f92f2000 r--p 0002a000 08:05 11414085                   /usr/lib/x86_64-linux-gnu/libvorbis.so.0.4.8
7ff0f92f2000-7ff0f92f3000 rw-p 0002b000 08:05 11414085                   /usr/lib/x86_64-linux-gnu/libvorbis.so.0.4.8
7ff0f92f3000-7ff0f92fa000 r-xp 00000000 08:05 11413751                   /usr/lib/x86_64-linux-gnu/libogg.so.0.8.2
7ff0f92fa000-7ff0f94fa000 ---p 00007000 08:05 11413751                   /usr/lib/x86_64-linux-gnu/libogg.so.0.8.2
7ff0f94fa000-7ff0f94fb000 r--p 00007000 08:05 11413751                   /usr/lib/x86_64-linux-gnu/libogg.so.0.8.2
7ff0f94fb000-7ff0f94fc000 rw-p 00008000 08:05 11413751                   /usr/lib/x86_64-linux-gnu/libogg.so.0.8.2
7ff0f94fc000-7ff0f956a000 r-xp 00000000 08:05 1839749                    /lib/x86_64-linux-gnu/libpcre.so.3.13.2
7ff0f956a000-7ff0f976a000 ---p 0006e000 08:05 1839749                    /lib/x86_64-linux-gnu/libpcre.so.3.13.2
7ff0f976a000-7ff0f976b000 r--p 0006e000 08:05 1839749                    /lib/x86_64-linux-gnu/libpcre.so.3.13.2
7ff0f976b000-7ff0f976c000 rw-p 0006f000 08:05 1839749                    /lib/x86_64-linux-gnu/libpcre.so.3.13.2
7ff0f976c000-7ff0f9783000 r-xp 00000000 08:05 1836653                    /lib/x86_64-linux-gnu/libresolv-2.23.so
7ff0f9783000-7ff0f9983000 ---p 00017000 08:05 1836653                    /lib/x86_64-linux-gnu/libresolv-2.23.so
7ff0f9983000-7ff0f9984000 r--p 00017000 08:05 1836653                    /lib/x86_64-linux-gnu/libresolv-2.23.so
7ff0f9984000-7ff0f9985000 rw-p 00018000 08:05 1836653                    /lib/x86_64-linux-gnu/libresolv-2.23.so
7ff0f9985000-7ff0f9987000 rw-p 00000000 00:00 0 
7ff0f9987000-7ff0f9a14000 r-xp 00000000 08:05 11414087                   /usr/lib/x86_64-linux-gnu/libvorbisenc.so.2.0.11
7ff0f9a14000-7ff0f9c13000 ---p 0008d000 08:05 11414087                   /usr/lib/x86_64-linux-gnu/libvorbisenc.so.2.0.11
7ff0f9c13000-7ff0f9c2f000 r--p 0008c000 08:05 11414087                   /usr/lib/x86_64-linux-gnu/libvorbisenc.so.2.0.11
7ff0f9c2f000-7ff0f9c30000 rw-p 000a8000 08:05 11414087                   /usr/lib/x86_64-linux-gnu/libvorbisenc.so.2.0.11
7ff0f9c30000-7ff0f9ca3000 r-xp 00000000 08:05 11412614                   /usr/lib/x86_64-linux-gnu/libFLAC.so.8.3.0
7ff0f9ca3000-7ff0f9ea3000 ---p 00073000 08:05 11412614                   /usr/lib/x86_64-linux-gnu/libFLAC.so.8.3.0
7ff0f9ea3000-7ff0f9ea4000 r--p 00073000 08:05 11412614                   /usr/lib/x86_64-linux-gnu/libFLAC.so.8.3.0
7ff0f9ea4000-7ff0f9ea5000 rw-p 00074000 08:05 11412614                   /usr/lib/x86_64-linux-gnu/libFLAC.so.8.3.0
7ff0f9ea5000-7ff0f9ec6000 r-xp 00000000 08:05 1839687                    /lib/x86_64-linux-gnu/liblzma.so.5.0.0
7ff0f9ec6000-7ff0fa0c5000 ---p 00021000 08:05 1839687                    /lib/x86_64-linux-gnu/liblzma.so.5.0.0
7ff0fa0c5000-7ff0fa0c6000 r--p 00020000 08:05 1839687                    /lib/x86_64-linux-gnu/liblzma.so.5.0.0
7ff0fa0c6000-7ff0fa0c7000 rw-p 00021000 08:05 1839687                    /lib/x86_64-linux-gnu/liblzma.so.5.0.0
7ff0fa0c7000-7ff0fa0e6000 r-xp 00000000 08:05 1839778                    /lib/x86_64-linux-gnu/libselinux.so.1
7ff0fa0e6000-7ff0fa2e5000 ---p 0001f000 08:05 1839778                    /lib/x86_64-linux-gnu/libselinux.so.1
7ff0fa2e5000-7ff0fa2e6000 r--p 0001e000 08:05 1839778                    /lib/x86_64-linux-gnu/libselinux.so.1
7ff0fa2e6000-7ff0fa2e7000 rw-p 0001f000 08:05 1839778                    /lib/x86_64-linux-gnu/libselinux.so.1
7ff0fa2e7000-7ff0fa2e9000 rw-p 00000000 00:00 0 
7ff0fa2e9000-7ff0fa2ee000 r-xp 00000000 08:05 11412867                   /usr/lib/x86_64-linux-gnu/libasyncns.so.0.3.1
7ff0fa2ee000-7ff0fa4ed000 ---p 00005000 08:05 11412867                   /usr/lib/x86_64-linux-gnu/libasyncns.so.0.3.1
7ff0fa4ed000-7ff0fa4ee000 r--p 00004000 08:05 11412867                   /usr/lib/x86_64-linux-gnu/libasyncns.so.0.3.1
7ff0fa4ee000-7ff0fa4ef000 rw-p 00005000 08:05 11412867                   /usr/lib/x86_64-linux-gnu/libasyncns.so.0.3.1
7ff0fa4ef000-7ff0fa551000 r-xp 00000000 08:05 11409293                   /usr/lib/x86_64-linux-gnu/libsndfile.so.1.0.25
7ff0fa551000-7ff0fa751000 ---p 00062000 08:05 11409293                   /usr/lib/x86_64-linux-gnu/libsndfile.so.1.0.25
7ff0fa751000-7ff0fa753000 r--p 00062000 08:05 11409293                   /usr/lib/x86_64-linux-gnu/libsndfile.so.1.0.25
7ff0fa753000-7ff0fa754000 rw-p 00064000 08:05 11409293                   /usr/lib/x86_64-linux-gnu/libsndfile.so.1.0.25
7ff0fa754000-7ff0fa758000 rw-p 00000000 00:00 0 
7ff0fa758000-7ff0fa760000 r-xp 00000000 08:05 1839806                    /lib/x86_64-linux-gnu/libwrap.so.0.7.6
7ff0fa760000-7ff0fa95f000 ---p 00008000 08:05 1839806                    /lib/x86_64-linux-gnu/libwrap.so.0.7.6
7ff0fa95f000-7ff0fa960000 r--p 00007000 08:05 1839806                    /lib/x86_64-linux-gnu/libwrap.so.0.7.6
7ff0fa960000-7ff0fa961000 rw-p 00008000 08:05 1839806                    /lib/x86_64-linux-gnu/libwrap.so.0.7.6
7ff0fa961000-7ff0fa962000 rw-p 00000000 00:00 0 
7ff0fa962000-7ff0fa9e2000 r-xp 00000000 08:05 1840664                    /lib/x86_64-linux-gnu/libsystemd.so.0.14.0
7ff0fa9e2000-7ff0fa9e5000 r--p 0007f000 08:05 1840664                    /lib/x86_64-linux-gnu/libsystemd.so.0.14.0
7ff0fa9e5000-7ff0fa9e6000 rw-p 00082000 08:05 1840664                    /lib/x86_64-linux-gnu/libsystemd.so.0.14.0
7ff0fa9e6000-7ff0fa9e7000 rw-p 00000000 00:00 0 
7ff0fa9e7000-7ff0faa31000 r-xp 00000000 08:05 1836611                    /lib/x86_64-linux-gnu/libdbus-1.so.3.14.6
7ff0faa31000-7ff0fac31000 ---p 0004a000 08:05 1836611                    /lib/x86_64-linux-gnu/libdbus-1.so.3.14.6
7ff0fac31000-7ff0fac32000 r--p 0004a000 08:05 1836611                    /lib/x86_64-linux-gnu/libdbus-1.so.3.14.6
7ff0fac32000-7ff0fac33000 rw-p 0004b000 08:05 1836611                    /lib/x86_64-linux-gnu/libdbus-1.so.3.14.6
7ff0fac33000-7ff0facad000 r-xp 00000000 08:05 11798505                   /usr/lib/x86_64-linux-gnu/pulseaudio/libpulsecommon-8.0.so
7ff0facad000-7ff0faeac000 ---p 0007a000 08:05 11798505                   /usr/lib/x86_64-linux-gnu/pulseaudio/libpulsecommon-8.0.so
7ff0faeac000-7ff0faead000 r--p 00079000 08:05 11798505                   /usr/lib/x86_64-linux-gnu/pulseaudio/libpulsecommon-8.0.so
7ff0faead000-7ff0faeae000 rw-p 0007a000 08:05 11798505                   /usr/lib/x86_64-linux-gnu/pulseaudio/libpulsecommon-8.0.so
7ff0faeae000-7ff0faeb8000 r-xp 00000000 08:05 1839679                    /lib/x86_64-linux-gnu/libjson-c.so.2.0.0
7ff0faeb8000-7ff0fb0b7000 ---p 0000a000 08:05 1839679                    /lib/x86_64-linux-gnu/libjson-c.so.2.0.0
7ff0fb0b7000-7ff0fb0b8000 r--p 00009000 08:05 1839679                    /lib/x86_64-linux-gnu/libjson-c.so.2.0.0
7ff0fb0b8000-7ff0fb0b9000 rw-p 0000a000 08:05 1839679                    /lib/x86_64-linux-gnu/libjson-c.so.2.0.0
7ff0fb0b9000-7ff0fb107000 r-xp 00000000 08:05 11405634                   /usr/lib/x86_64-linux-gnu/libpulse.so.0.19.0
7ff0fb107000-7ff0fb307000 ---p 0004e000 08:05 11405634                   /usr/lib/x86_64-linux-gnu/libpulse.so.0.19.0
7ff0fb307000-7ff0fb308000 r--p 0004e000 08:05 11405634                   /usr/lib/x86_64-linux-gnu/libpulse.so.0.19.0
7ff0fb308000-7ff0fb309000 rw-p 0004f000 08:05 11405634                   /usr/lib/x86_64-linux-gnu/libpulse.so.0.19.0
7ff0fb309000-7ff0fb317000 r-xp 00000000 08:05 11272394                   /tmp/jogamp_0000/file_cache/jln1843332055598390488/jln321012151454529082/natives/linux-amd64/libjoal.so
7ff0fb317000-7ff0fb516000 ---p 0000e000 08:05 11272394                   /tmp/jogamp_0000/file_cache/jln1843332055598390488/jln321012151454529082/natives/linux-amd64/libjoal.so
7ff0fb516000-7ff0fb517000 rw-p 0000d000 08:05 11272394                   /tmp/jogamp_0000/file_cache/jln1843332055598390488/jln321012151454529082/natives/linux-amd64/libjoal.so
7ff0fb517000-7ff0fb580000 r-xp 00000000 08:05 11414836                   /usr/lib/x86_64-linux-gnu/libopenal.so.1.16.0
7ff0fb580000-7ff0fb77f000 ---p 00069000 08:05 11414836                   /usr/lib/x86_64-linux-gnu/libopenal.so.1.16.0
7ff0fb77f000-7ff0fb783000 r--p 00068000 08:05 11414836                   /usr/lib/x86_64-linux-gnu/libopenal.so.1.16.0
7ff0fb783000-7ff0fb784000 rw-p 0006c000 08:05 11414836                   /usr/lib/x86_64-linux-gnu/libopenal.so.1.16.0
7ff0fb784000-7ff0fb787000 rw-p 00000000 00:00 0 
7ff0fb7d5000-7ff0fb8d5000 rw-s 48954000 00:06 523                        /dev/nvidiactl
7ff0fb8d5000-7ff0fb8d8000 ---p 00000000 00:00 0 
7ff0fb8d8000-7ff0fb9d6000 rw-p 00000000 00:00 0 
7ff0fb9d6000-7ff0fb9e0000 r-xp 00000000 08:05 11412801                   /usr/lib/x86_64-linux-gnu/libXrandr.so.2.2.0
7ff0fb9e0000-7ff0fbbdf000 ---p 0000a000 08:05 11412801                   /usr/lib/x86_64-linux-gnu/libXrandr.so.2.2.0
7ff0fbbdf000-7ff0fbbe0000 r--p 00009000 08:05 11412801                   /usr/lib/x86_64-linux-gnu/libXrandr.so.2.2.0
7ff0fbbe0000-7ff0fbbe1000 rw-p 0000a000 08:05 11412801                   /usr/lib/x86_64-linux-gnu/libXrandr.so.2.2.0
7ff0fbbef000-7ff0fbc2f000 rw-s 13a24e000 00:06 523                       /dev/nvidiactl
7ff0fbc2f000-7ff0fbc40000 r-xp 00000000 08:05 11272371                   /tmp/jogamp_0000/file_cache/jln1843332055598390488/jln321012151454529082/natives/linux-amd64/libnewt.so
7ff0fbc40000-7ff0fbe3f000 ---p 00011000 08:05 11272371                   /tmp/jogamp_0000/file_cache/jln1843332055598390488/jln321012151454529082/natives/linux-amd64/libnewt.so
7ff0fbe3f000-7ff0fbe40000 rw-p 00010000 08:05 11272371                   /tmp/jogamp_0000/file_cache/jln1843332055598390488/jln321012151454529082/natives/linux-amd64/libnewt.so
7ff0fbe40000-7ff0fbec0000 rw-s 13a323000 00:06 523                       /dev/nvidiactl
7ff0fbec0000-7ff0fbfc0000 rw-s 1100bd000 00:06 523                       /dev/nvidiactl
7ff0fbfc0000-7ff0fc000000 rw-s 139065000 00:06 523                       /dev/nvidiactl
7ff0fc000000-7ff0fc002000 r-xp 00000000 08:05 11412793                   /usr/lib/x86_64-linux-gnu/libXinerama.so.1.0.0
7ff0fc002000-7ff0fc201000 ---p 00002000 08:05 11412793                   /usr/lib/x86_64-linux-gnu/libXinerama.so.1.0.0
7ff0fc201000-7ff0fc202000 r--p 00001000 08:05 11412793                   /usr/lib/x86_64-linux-gnu/libXinerama.so.1.0.0
7ff0fc202000-7ff0fc203000 rw-p 00002000 08:05 11412793                   /usr/lib/x86_64-linux-gnu/libXinerama.so.1.0.0
7ff0fc203000-7ff0fc23a000 r-xp 00000000 08:05 11414039                   /usr/lib/x86_64-linux-gnu/libtxc_dxtn_s2tc.so.0.0.0
7ff0fc23a000-7ff0fc439000 ---p 00037000 08:05 11414039                   /usr/lib/x86_64-linux-gnu/libtxc_dxtn_s2tc.so.0.0.0
7ff0fc439000-7ff0fc43a000 r--p 00036000 08:05 11414039                   /usr/lib/x86_64-linux-gnu/libtxc_dxtn_s2tc.so.0.0.0
7ff0fc43a000-7ff0fc43b000 rw-p 00037000 08:05 11414039                   /usr/lib/x86_64-linux-gnu/libtxc_dxtn_s2tc.so.0.0.0
7ff0fc43b000-7ff0fc43c000 ---p 00000000 00:00 0 
7ff0fc43c000-7ff0fcc3c000 rw-p 00000000 00:00 0 
7ff0fcc3c000-7ff0fcc3d000 ---p 00000000 00:00 0 
7ff0fcc3d000-7ff0fd43d000 rw-p 00000000 00:00 0 
7ff0fd43d000-7ff0fd450000 r-xp 00000000 08:05 1839616                    /lib/x86_64-linux-gnu/libbsd.so.0.8.2
7ff0fd450000-7ff0fd64f000 ---p 00013000 08:05 1839616                    /lib/x86_64-linux-gnu/libbsd.so.0.8.2
7ff0fd64f000-7ff0fd650000 r--p 00012000 08:05 1839616                    /lib/x86_64-linux-gnu/libbsd.so.0.8.2
7ff0fd650000-7ff0fd651000 rw-p 00013000 08:05 1839616                    /lib/x86_64-linux-gnu/libbsd.so.0.8.2
7ff0fd651000-7ff0fd652000 rw-p 00000000 00:00 0 
7ff0fd652000-7ff0fd677000 r-xp 00000000 08:05 1839792                    /lib/x86_64-linux-gnu/libtinfo.so.5.9
7ff0fd677000-7ff0fd876000 ---p 00025000 08:05 1839792                    /lib/x86_64-linux-gnu/libtinfo.so.5.9
7ff0fd876000-7ff0fd87a000 r--p 00024000 08:05 1839792                    /lib/x86_64-linux-gnu/libtinfo.so.5.9
7ff0fd87a000-7ff0fd87b000 rw-p 00028000 08:05 1839792                    /lib/x86_64-linux-gnu/libtinfo.so.5.9
7ff0fd87b000-7ff0fd8ac000 r-xp 00000000 08:05 11413116                   /usr/lib/x86_64-linux-gnu/libedit.so.2.0.53
7ff0fd8ac000-7ff0fdaac000 ---p 00031000 08:05 11413116                   /usr/lib/x86_64-linux-gnu/libedit.so.2.0.53
7ff0fdaac000-7ff0fdaae000 r--p 00031000 08:05 11413116                   /usr/lib/x86_64-linux-gnu/libedit.so.2.0.53
7ff0fdaae000-7ff0fdaaf000 rw-p 00033000 08:05 11413116                   /usr/lib/x86_64-linux-gnu/libedit.so.2.0.53
7ff0fdaaf000-7ff0fdab3000 rw-p 00000000 00:00 0 
7ff0fdab3000-7ff0fdacc000 r-xp 00000000 08:05 1836596                    /lib/x86_64-linux-gnu/libz.so.1.2.8
7ff0fdacc000-7ff0fdccb000 ---p 00019000 08:05 1836596                    /lib/x86_64-linux-gnu/libz.so.1.2.8
7ff0fdccb000-7ff0fdccc000 r--p 00018000 08:05 1836596                    /lib/x86_64-linux-gnu/libz.so.1.2.8
7ff0fdccc000-7ff0fdccd000 rw-p 00019000 08:05 1836596                    /lib/x86_64-linux-gnu/libz.so.1.2.8
7ff0fdccd000-7ff0fdcdf000 r-xp 00000000 08:05 1839664                    /lib/x86_64-linux-gnu/libgpg-error.so.0.17.0
7ff0fdcdf000-7ff0fdedf000 ---p 00012000 08:05 1839664                    /lib/x86_64-linux-gnu/libgpg-error.so.0.17.0
7ff0fdedf000-7ff0fdee0000 r--p 00012000 08:05 1839664                    /lib/x86_64-linux-gnu/libgpg-error.so.0.17.0
7ff0fdee0000-7ff0fdee1000 rw-p 00013000 08:05 1839664                    /lib/x86_64-linux-gnu/libgpg-error.so.0.17.0
7ff0fdee1000-7ff0fe05b000 r-xp 00000000 08:05 11413561                   /usr/lib/x86_64-linux-gnu/libstdc++.so.6.0.23
7ff0fe05b000-7ff0fe25b000 ---p 0017a000 08:05 11413561                   /usr/lib/x86_64-linux-gnu/libstdc++.so.6.0.23
7ff0fe25b000-7ff0fe265000 r--p 0017a000 08:05 11413561                   /usr/lib/x86_64-linux-gnu/libstdc++.so.6.0.23
7ff0fe265000-7ff0fe267000 rw-p 00184000 08:05 11413561                   /usr/lib/x86_64-linux-gnu/libstdc++.so.6.0.23
7ff0fe267000-7ff0fe26b000 rw-p 00000000 00:00 0 
7ff0fe26b000-7ff10075d000 r-xp 00000000 08:05 11412646                   /usr/lib/x86_64-linux-gnu/libLLVM-3.8.so.1
7ff10075d000-7ff10095d000 ---p 024f2000 08:05 11412646                   /usr/lib/x86_64-linux-gnu/libLLVM-3.8.so.1
7ff10095d000-7ff100c12000 r--p 024f2000 08:05 11412646                   /usr/lib/x86_64-linux-gnu/libLLVM-3.8.so.1
7ff100c12000-7ff100c14000 rw-p 027a7000 08:05 11412646                   /usr/lib/x86_64-linux-gnu/libLLVM-3.8.so.1
7ff100c14000-7ff100c3e000 rw-p 00000000 00:00 0 
7ff100c3e000-7ff100c55000 r-xp 00000000 08:05 11413121                   /usr/lib/x86_64-linux-gnu/libelf-0.165.so
7ff100c55000-7ff100e54000 ---p 00017000 08:05 11413121                   /usr/lib/x86_64-linux-gnu/libelf-0.165.so
7ff100e54000-7ff100e55000 r--p 00016000 08:05 11413121                   /usr/lib/x86_64-linux-gnu/libelf-0.165.so
7ff100e55000-7ff100e56000 rw-p 00017000 08:05 11413121                   /usr/lib/x86_64-linux-gnu/libelf-0.165.so
7ff100e56000-7ff100e5f000 r-xp 00000000 08:05 11408914                   /usr/lib/x86_64-linux-gnu/libdrm_amdgpu.so.1.0.0
7ff100e5f000-7ff10105e000 ---p 00009000 08:05 11408914                   /usr/lib/x86_64-linux-gnu/libdrm_amdgpu.so.1.0.0
7ff10105e000-7ff10105f000 r--p 00008000 08:05 11408914                   /usr/lib/x86_64-linux-gnu/libdrm_amdgpu.so.1.0.0
7ff10105f000-7ff101060000 rw-p 00009000 08:05 11408914                   /usr/lib/x86_64-linux-gnu/libdrm_amdgpu.so.1.0.0
7ff101060000-7ff10106b000 r-xp 00000000 08:05 11408904                   /usr/lib/x86_64-linux-gnu/libdrm_radeon.so.1.0.1
7ff10106b000-7ff10126a000 ---p 0000b000 08:05 11408904                   /usr/lib/x86_64-linux-gnu/libdrm_radeon.so.1.0.1
7ff10126a000-7ff10126b000 r--p 0000a000 08:05 11408904                   /usr/lib/x86_64-linux-gnu/libdrm_radeon.so.1.0.1
7ff10126b000-7ff10126c000 rw-p 0000b000 08:05 11408904                   /usr/lib/x86_64-linux-gnu/libdrm_radeon.so.1.0.1
7ff10126c000-7ff101273000 r-xp 00000000 08:05 11408908                   /usr/lib/x86_64-linux-gnu/libdrm_nouveau.so.2.0.0
7ff101273000-7ff101472000 ---p 00007000 08:05 11408908                   /usr/lib/x86_64-linux-gnu/libdrm_nouveau.so.2.0.0
7ff101472000-7ff101473000 r--p 00006000 08:05 11408908                   /usr/lib/x86_64-linux-gnu/libdrm_nouveau.so.2.0.0
7ff101473000-7ff101474000 rw-p 00007000 08:05 11408908                   /usr/lib/x86_64-linux-gnu/libdrm_nouveau.so.2.0.0
7ff101474000-7ff10154c000 r-xp 00000000 08:05 1835377                    /lib/x86_64-linux-gnu/libgcrypt.so.20.0.5
7ff10154c000-7ff10174b000 ---p 000d8000 08:05 1835377                    /lib/x86_64-linux-gnu/libgcrypt.so.20.0.5
7ff10174b000-7ff10174c000 r--p 000d7000 08:05 1835377                    /lib/x86_64-linux-gnu/libgcrypt.so.20.0.5
7ff10174c000-7ff101754000 rw-p 000d8000 08:05 1835377                    /lib/x86_64-linux-gnu/libgcrypt.so.20.0.5
7ff101754000-7ff101755000 rw-p 00000000 00:00 0 
7ff101755000-7ff10204d000 r-xp 00000000 08:05 11798821                   /usr/lib/x86_64-linux-gnu/dri/swrast_dri.so
7ff10204d000-7ff10224d000 ---p 008f8000 08:05 11798821                   /usr/lib/x86_64-linux-gnu/dri/swrast_dri.so
7ff10224d000-7ff102286000 r--p 008f8000 08:05 11798821                   /usr/lib/x86_64-linux-gnu/dri/swrast_dri.so
7ff102286000-7ff102292000 rw-p 00931000 08:05 11798821                   /usr/lib/x86_64-linux-gnu/dri/swrast_dri.so
7ff102292000-7ff102489000 rw-p 00000000 00:00 0 
7ff102489000-7ff10248c000 ---p 00000000 00:00 0 
7ff10248c000-7ff10278a000 rw-p 00000000 00:00 0 
7ff10278a000-7ff1027e6000 r-xp 00000000 08:05 11272332                   /tmp/jogamp_0000/file_cache/jln1843332055598390488/jln321012151454529082/natives/linux-amd64/libjogl_mobile.so
7ff1027e6000-7ff1029e6000 ---p 0005c000 08:05 11272332                   /tmp/jogamp_0000/file_cache/jln1843332055598390488/jln321012151454529082/natives/linux-amd64/libjogl_mobile.so
7ff1029e6000-7ff1029e7000 rw-p 0005c000 08:05 11272332                   /tmp/jogamp_0000/file_cache/jln1843332055598390488/jln321012151454529082/natives/linux-amd64/libjogl_mobile.so
7ff1029e7000-7ff1029ee000 r-xp 00000000 08:05 11413159                   /usr/lib/x86_64-linux-gnu/libffi.so.6.0.4
7ff1029ee000-7ff102bed000 ---p 00007000 08:05 11413159                   /usr/lib/x86_64-linux-gnu/libffi.so.6.0.4
7ff102bed000-7ff102bee000 r--p 00006000 08:05 11413159                   /usr/lib/x86_64-linux-gnu/libffi.so.6.0.4
7ff102bee000-7ff102bef000 rw-p 00007000 08:05 11413159                   /usr/lib/x86_64-linux-gnu/libffi.so.6.0.4
7ff102bef000-7ff102bff000 r-xp 00000000 08:05 11408932                   /usr/lib/x86_64-linux-gnu/libdrm.so.2.4.0
7ff102bff000-7ff102dfe000 ---p 00010000 08:05 11408932                   /usr/lib/x86_64-linux-gnu/libdrm.so.2.4.0
7ff102dfe000-7ff102dff000 r--p 0000f000 08:05 11408932                   /usr/lib/x86_64-linux-gnu/libdrm.so.2.4.0
7ff102dff000-7ff102e00000 rw-p 00010000 08:05 11408932                   /usr/lib/x86_64-linux-gnu/libdrm.so.2.4.0
7ff102e00000-7ff102e26000 r-xp 00000000 08:05 1839960                    /lib/x86_64-linux-gnu/libexpat.so.1.6.0
7ff102e26000-7ff103026000 ---p 00026000 08:05 1839960                    /lib/x86_64-linux-gnu/libexpat.so.1.6.0
7ff103026000-7ff103028000 r--p 00026000 08:05 1839960                    /lib/x86_64-linux-gnu/libexpat.so.1.6.0
7ff103028000-7ff103029000 rw-p 00028000 08:05 1839960                    /lib/x86_64-linux-gnu/libexpat.so.1.6.0
7ff103029000-7ff103036000 r-xp 00000000 08:05 11407388                   /usr/lib/x86_64-linux-gnu/libgbm.so.1.0.0
7ff103036000-7ff103235000 ---p 0000d000 08:05 11407388                   /usr/lib/x86_64-linux-gnu/libgbm.so.1.0.0
7ff103235000-7ff103236000 r--p 0000c000 08:05 11407388                   /usr/lib/x86_64-linux-gnu/libgbm.so.1.0.0
7ff103236000-7ff103237000 rw-p 0000d000 08:05 11407388                   /usr/lib/x86_64-linux-gnu/libgbm.so.1.0.0
7ff103237000-7ff103247000 r-xp 00000000 08:05 11407520                   /usr/lib/x86_64-linux-gnu/libwayland-server.so.0.1.0
7ff103247000-7ff103446000 ---p 00010000 08:05 11407520                   /usr/lib/x86_64-linux-gnu/libwayland-server.so.0.1.0
7ff103446000-7ff103448000 r--p 0000f000 08:05 11407520                   /usr/lib/x86_64-linux-gnu/libwayland-server.so.0.1.0
7ff103448000-7ff103449000 rw-p 00011000 08:05 11407520                   /usr/lib/x86_64-linux-gnu/libwayland-server.so.0.1.0
7ff103449000-7ff103455000 r-xp 00000000 08:05 11403363                   /usr/lib/x86_64-linux-gnu/libwayland-client.so.0.3.0
7ff103455000-7ff103655000 ---p 0000c000 08:05 11403363                   /usr/lib/x86_64-linux-gnu/libwayland-client.so.0.3.0
7ff103655000-7ff103657000 r--p 0000c000 08:05 11403363                   /usr/lib/x86_64-linux-gnu/libwayland-client.so.0.3.0
7ff103657000-7ff103658000 rw-p 0000e000 08:05 11403363                   /usr/lib/x86_64-linux-gnu/libwayland-client.so.0.3.0
7ff103658000-7ff103659000 r-xp 00000000 08:05 11414234                   /usr/lib/x86_64-linux-gnu/libxshmfence.so.1.0.0
7ff103659000-7ff103859000 ---p 00001000 08:05 11414234                   /usr/lib/x86_64-linux-gnu/libxshmfence.so.1.0.0
7ff103859000-7ff10385a000 r--p 00001000 08:05 11414234                   /usr/lib/x86_64-linux-gnu/libxshmfence.so.1.0.0
7ff10385a000-7ff10385b000 rw-p 00002000 08:05 11414234                   /usr/lib/x86_64-linux-gnu/libxshmfence.so.1.0.0
7ff10385b000-7ff103860000 r-xp 00000000 08:05 11414208                   /usr/lib/x86_64-linux-gnu/libxcb-sync.so.1.0.0
7ff103860000-7ff103a60000 ---p 00005000 08:05 11414208                   /usr/lib/x86_64-linux-gnu/libxcb-sync.so.1.0.0
7ff103a60000-7ff103a61000 r--p 00005000 08:05 11414208                   /usr/lib/x86_64-linux-gnu/libxcb-sync.so.1.0.0
7ff103a61000-7ff103a62000 rw-p 00006000 08:05 11414208                   /usr/lib/x86_64-linux-gnu/libxcb-sync.so.1.0.0
7ff103a62000-7ff103a68000 r-xp 00000000 08:05 11414212                   /usr/lib/x86_64-linux-gnu/libxcb-xfixes.so.0.0.0
7ff103a68000-7ff103c68000 ---p 00006000 08:05 11414212                   /usr/lib/x86_64-linux-gnu/libxcb-xfixes.so.0.0.0
7ff103c68000-7ff103c69000 r--p 00006000 08:05 11414212                   /usr/lib/x86_64-linux-gnu/libxcb-xfixes.so.0.0.0
7ff103c69000-7ff103c6a000 rw-p 00007000 08:05 11414212                   /usr/lib/x86_64-linux-gnu/libxcb-xfixes.so.0.0.0
7ff103c6a000-7ff103c6c000 r-xp 00000000 08:05 11414196                   /usr/lib/x86_64-linux-gnu/libxcb-present.so.0.0.0
7ff103c6c000-7ff103e6b000 ---p 00002000 08:05 11414196                   /usr/lib/x86_64-linux-gnu/libxcb-present.so.0.0.0
7ff103e6b000-7ff103e6c000 r--p 00001000 08:05 11414196                   /usr/lib/x86_64-linux-gnu/libxcb-present.so.0.0.0
7ff103e6c000-7ff103e6d000 rw-p 00002000 08:05 11414196                   /usr/lib/x86_64-linux-gnu/libxcb-present.so.0.0.0
7ff103e6d000-7ff103e6f000 r-xp 00000000 08:05 11414186                   /usr/lib/x86_64-linux-gnu/libxcb-dri3.so.0.0.0
7ff103e6f000-7ff10406e000 ---p 00002000 08:05 11414186                   /usr/lib/x86_64-linux-gnu/libxcb-dri3.so.0.0.0
7ff10406e000-7ff10406f000 r--p 00001000 08:05 11414186                   /usr/lib/x86_64-linux-gnu/libxcb-dri3.so.0.0.0
7ff10406f000-7ff104070000 rw-p 00002000 08:05 11414186                   /usr/lib/x86_64-linux-gnu/libxcb-dri3.so.0.0.0
7ff104070000-7ff104074000 r-xp 00000000 08:05 11414184                   /usr/lib/x86_64-linux-gnu/libxcb-dri2.so.0.0.0
7ff104074000-7ff104273000 ---p 00004000 08:05 11414184                   /usr/lib/x86_64-linux-gnu/libxcb-dri2.so.0.0.0
7ff104273000-7ff104274000 r--p 00003000 08:05 11414184                   /usr/lib/x86_64-linux-gnu/libxcb-dri2.so.0.0.0
7ff104274000-7ff104275000 rw-p 00004000 08:05 11414184                   /usr/lib/x86_64-linux-gnu/libxcb-dri2.so.0.0.0
7ff104275000-7ff104276000 r-xp 00000000 08:05 11412764                   /usr/lib/x86_64-linux-gnu/libX11-xcb.so.1.0.0
7ff104276000-7ff104475000 ---p 00001000 08:05 11412764                   /usr/lib/x86_64-linux-gnu/libX11-xcb.so.1.0.0
7ff104475000-7ff104476000 r--p 00000000 08:05 11412764                   /usr/lib/x86_64-linux-gnu/libX11-xcb.so.1.0.0
7ff104476000-7ff104477000 rw-p 00001000 08:05 11412764                   /usr/lib/x86_64-linux-gnu/libX11-xcb.so.1.0.0
7ff104477000-7ff1044a8000 r-xp 00000000 08:05 11798822                   /usr/lib/x86_64-linux-gnu/mesa-egl/libEGL.so.1.0.0
7ff1044a8000-7ff1046a8000 ---p 00031000 08:05 11798822                   /usr/lib/x86_64-linux-gnu/mesa-egl/libEGL.so.1.0.0
7ff1046a8000-7ff1046a9000 r--p 00031000 08:05 11798822                   /usr/lib/x86_64-linux-gnu/mesa-egl/libEGL.so.1.0.0
7ff1046a9000-7ff1046aa000 rw-p 00032000 08:05 11798822                   /usr/lib/x86_64-linux-gnu/mesa-egl/libEGL.so.1.0.0
7ff1046aa000-7ff1046ab000 rw-p 00000000 00:00 0 
7ff1046ab000-7ff1046d4000 r-xp 00000000 08:05 11408536                   /usr/lib/x86_64-linux-gnu/libglapi.so.0.0.0
7ff1046d4000-7ff1048d4000 ---p 00029000 08:05 11408536                   /usr/lib/x86_64-linux-gnu/libglapi.so.0.0.0
7ff1048d4000-7ff1048d8000 r--p 00029000 08:05 11408536                   /usr/lib/x86_64-linux-gnu/libglapi.so.0.0.0
7ff1048d8000-7ff1048d9000 rw-p 0002d000 08:05 11408536                   /usr/lib/x86_64-linux-gnu/libglapi.so.0.0.0
7ff1048d9000-7ff1048da000 rw-p 00000000 00:00 0 
7ff1048da000-7ff1048e2000 r-xp 00000000 08:05 11798546                   /usr/lib/x86_64-linux-gnu/mesa-egl/libGLESv2.so.2.0.0
7ff1048e2000-7ff104ae1000 ---p 00008000 08:05 11798546                   /usr/lib/x86_64-linux-gnu/mesa-egl/libGLESv2.so.2.0.0
7ff104ae1000-7ff104ae2000 r--p 00007000 08:05 11798546                   /usr/lib/x86_64-linux-gnu/mesa-egl/libGLESv2.so.2.0.0
7ff104ae2000-7ff104ae3000 rw-p 00008000 08:05 11798546                   /usr/lib/x86_64-linux-gnu/mesa-egl/libGLESv2.so.2.0.0
7ff104ae3000-7ff104ae6000 ---p 00000000 00:00 0 
7ff104ae6000-7ff104be4000 rw-p 00000000 00:00 0 
7ff104be4000-7ff104c9c000 r-xp 00000000 08:05 11272331                   /tmp/jogamp_0000/file_cache/jln1843332055598390488/jln321012151454529082/natives/linux-amd64/libjogl_desktop.so
7ff104c9c000-7ff104e9c000 ---p 000b8000 08:05 11272331                   /tmp/jogamp_0000/file_cache/jln1843332055598390488/jln321012151454529082/natives/linux-amd64/libjogl_desktop.so
7ff104e9c000-7ff104e9d000 rw-p 000b8000 08:05 11272331                   /tmp/jogamp_0000/file_cache/jln1843332055598390488/jln321012151454529082/natives/linux-amd64/libjogl_desktop.so
7ff104e9d000-7ff10685f000 r-xp 00000000 08:05 11540977                   /usr/lib/nvidia-340/libnvidia-glcore.so.340.102
7ff10685f000-7ff10687d000 rwxp 019c2000 08:05 11540977                   /usr/lib/nvidia-340/libnvidia-glcore.so.340.102
7ff10687d000-7ff106cfb000 r-xp 019e0000 08:05 11540977                   /usr/lib/nvidia-340/libnvidia-glcore.so.340.102
7ff106cfb000-7ff106efa000 ---p 01e5e000 08:05 11540977                   /usr/lib/nvidia-340/libnvidia-glcore.so.340.102
7ff106efa000-7ff107a94000 rw-p 01e5d000 08:05 11540977                   /usr/lib/nvidia-340/libnvidia-glcore.so.340.102
7ff107a94000-7ff107ab1000 rw-p 00000000 00:00 0 
7ff107ab1000-7ff107ab4000 r-xp 00000000 08:05 11540978                   /usr/lib/nvidia-340/tls/libnvidia-tls.so.340.102
7ff107ab4000-7ff107cb3000 ---p 00003000 08:05 11540978                   /usr/lib/nvidia-340/tls/libnvidia-tls.so.340.102
7ff107cb3000-7ff107cb4000 rw-p 00002000 08:05 11540978                   /usr/lib/nvidia-340/tls/libnvidia-tls.so.340.102
7ff107cb4000-7ff107d7b000 r-xp 00000000 08:05 11540959                   /usr/lib/nvidia-340/libGL.so.340.102
7ff107d7b000-7ff107daa000 rwxp 000c7000 08:05 11540959                   /usr/lib/nvidia-340/libGL.so.340.102
7ff107daa000-7ff107dc6000 r-xp 000f6000 08:05 11540959                   /usr/lib/nvidia-340/libGL.so.340.102
7ff107dc6000-7ff107fc5000 ---p 00112000 08:05 11540959                   /usr/lib/nvidia-340/libGL.so.340.102
7ff107fc5000-7ff107fea000 rw-p 00111000 08:05 11540959                   /usr/lib/nvidia-340/libGL.so.340.102
7ff107fea000-7ff108000000 rw-p 00000000 00:00 0 
7ff108000000-7ff1083d4000 rw-p 00000000 00:00 0 
7ff1083d4000-7ff10c000000 ---p 00000000 00:00 0 
7ff10c000000-7ff10c409000 rw-p 00000000 00:00 0 
7ff10c409000-7ff110000000 ---p 00000000 00:00 0 
7ff110000000-7ff1104c9000 rw-p 00000000 00:00 0 
7ff1104c9000-7ff114000000 ---p 00000000 00:00 0 
7ff114032000-7ff1140e6000 rw-s b7417000 00:06 523                        /dev/nvidiactl
7ff1140e6000-7ff1142e6000 rw-p 00000000 00:00 0 
7ff1142e6000-7ff1142ed000 r-xp 00000000 08:05 11272370                   /tmp/jogamp_0000/file_cache/jln1843332055598390488/jln321012151454529082/natives/linux-amd64/libnativewindow_x11.so
7ff1142ed000-7ff1144ec000 ---p 00007000 08:05 11272370                   /tmp/jogamp_0000/file_cache/jln1843332055598390488/jln321012151454529082/natives/linux-amd64/libnativewindow_x11.so
7ff1144ec000-7ff1144ed000 rw-p 00006000 08:05 11272370                   /tmp/jogamp_0000/file_cache/jln1843332055598390488/jln321012151454529082/natives/linux-amd64/libnativewindow_x11.so
7ff1144ed000-7ff1144f0000 ---p 00000000 00:00 0 
7ff1144f0000-7ff1145ee000 rw-p 00000000 00:00 0 
7ff1145ee000-7ff1145f1000 ---p 00000000 00:00 0 
7ff1145f1000-7ff1146ef000 rw-p 00000000 00:00 0 
7ff1146ef000-7ff1146f4000 r-xp 00000000 08:05 11412819                   /usr/lib/x86_64-linux-gnu/libXxf86vm.so.1.0.0
7ff1146f4000-7ff1148f3000 ---p 00005000 08:05 11412819                   /usr/lib/x86_64-linux-gnu/libXxf86vm.so.1.0.0
7ff1148f3000-7ff1148f4000 r--p 00004000 08:05 11412819                   /usr/lib/x86_64-linux-gnu/libXxf86vm.so.1.0.0
7ff1148f4000-7ff1148f5000 rw-p 00005000 08:05 11412819                   /usr/lib/x86_64-linux-gnu/libXxf86vm.so.1.0.0
7ff1148f5000-7ff1148f7000 r-xp 00000000 08:05 11272366                   /tmp/jogamp_0000/file_cache/jln1843332055598390488/jln321012151454529082/natives/linux-amd64/libnativewindow_awt.so
7ff1148f7000-7ff114af6000 ---p 00002000 08:05 11272366                   /tmp/jogamp_0000/file_cache/jln1843332055598390488/jln321012151454529082/natives/linux-amd64/libnativewindow_awt.so
7ff114af6000-7ff114af7000 rw-p 00001000 08:05 11272366                   /tmp/jogamp_0000/file_cache/jln1843332055598390488/jln321012151454529082/natives/linux-amd64/libnativewindow_awt.so
7ff114af7000-7ff114af8000 r-xp 00000000 08:05 3277878                    /usr/local/java/jdk1.8.0_144/jre/lib/amd64/libjawt.so
7ff114af8000-7ff114cf7000 ---p 00001000 08:05 3277878                    /usr/local/java/jdk1.8.0_144/jre/lib/amd64/libjawt.so
7ff114cf7000-7ff114cf8000 rw-p 00000000 08:05 3277878                    /usr/local/java/jdk1.8.0_144/jre/lib/amd64/libjawt.so
7ff114cf8000-7ff114cfb000 ---p 00000000 00:00 0 
7ff114cfb000-7ff114df9000 rw-p 00000000 00:00 0 
7ff114df9000-7ff114dfe000 r-xp 00000000 08:05 11412785                   /usr/lib/x86_64-linux-gnu/libXfixes.so.3.1.0
7ff114dfe000-7ff114ffd000 ---p 00005000 08:05 11412785                   /usr/lib/x86_64-linux-gnu/libXfixes.so.3.1.0
7ff114ffd000-7ff114ffe000 r--p 00004000 08:05 11412785                   /usr/lib/x86_64-linux-gnu/libXfixes.so.3.1.0
7ff114ffe000-7ff114fff000 rw-p 00005000 08:05 11412785                   /usr/lib/x86_64-linux-gnu/libXfixes.so.3.1.0
7ff114fff000-7ff118000000 rw-p 00000000 00:00 0 
7ff118000000-7ff118021000 rw-p 00000000 00:00 0 
7ff118021000-7ff11c000000 ---p 00000000 00:00 0 
7ff11c000000-7ff11c021000 rw-p 00000000 00:00 0 
7ff11c021000-7ff120000000 ---p 00000000 00:00 0 
7ff120000000-7ff1221aa000 rw-p 00000000 00:00 0 
7ff1221aa000-7ff124000000 ---p 00000000 00:00 0 
7ff124000000-7ff124021000 rw-p 00000000 00:00 0 
7ff124021000-7ff128000000 ---p 00000000 00:00 0 
7ff128000000-7ff128021000 rw-p 00000000 00:00 0 
7ff128021000-7ff12c000000 ---p 00000000 00:00 0 
7ff12c000000-7ff12cf14000 rw-p 00000000 00:00 0 
7ff12cf14000-7ff130000000 ---p 00000000 00:00 0 
7ff130000000-7ff130021000 rw-p 00000000 00:00 0 
7ff130021000-7ff134000000 ---p 00000000 00:00 0 
7ff134000000-7ff134021000 rw-p 00000000 00:00 0 
7ff134021000-7ff138000000 ---p 00000000 00:00 0 
7ff138000000-7ff138021000 rw-p 00000000 00:00 0 
7ff138021000-7ff13c000000 ---p 00000000 00:00 0 
7ff13c000000-7ff13c021000 rw-p 00000000 00:00 0 
7ff13c021000-7ff140000000 ---p 00000000 00:00 0 
7ff140000000-7ff140021000 rw-p 00000000 00:00 0 
7ff140021000-7ff144000000 ---p 00000000 00:00 0 
7ff144016000-7ff144036000 rw-s 1190f9000 00:06 523                       /dev/nvidiactl
7ff144036000-7ff14403f000 r-xp 00000000 08:05 11412777                   /usr/lib/x86_64-linux-gnu/libXcursor.so.1.0.2
7ff14403f000-7ff14423e000 ---p 00009000 08:05 11412777                   /usr/lib/x86_64-linux-gnu/libXcursor.so.1.0.2
7ff14423e000-7ff14423f000 r--p 00008000 08:05 11412777                   /usr/lib/x86_64-linux-gnu/libXcursor.so.1.0.2
7ff14423f000-7ff144240000 rw-p 00009000 08:05 11412777                   /usr/lib/x86_64-linux-gnu/libXcursor.so.1.0.2
7ff144240000-7ff144440000 rw-p 00000000 00:00 0 
7ff144440000-7ff144456000 r-xp 00000000 08:05 1836839                    /lib/x86_64-linux-gnu/libgcc_s.so.1
7ff144456000-7ff144655000 ---p 00016000 08:05 1836839                    /lib/x86_64-linux-gnu/libgcc_s.so.1
7ff144655000-7ff144656000 r--p 00015000 08:05 1836839                    /lib/x86_64-linux-gnu/libgcc_s.so.1
7ff144656000-7ff144657000 rw-p 00016000 08:05 1836839                    /lib/x86_64-linux-gnu/libgcc_s.so.1
7ff144657000-7ff1446bc000 r-xp 00000000 08:05 3277847                    /usr/local/java/jdk1.8.0_144/jre/lib/amd64/libfontmanager.so
7ff1446bc000-7ff1448bb000 ---p 00065000 08:05 3277847                    /usr/local/java/jdk1.8.0_144/jre/lib/amd64/libfontmanager.so
7ff1448bb000-7ff1448c0000 rw-p 00064000 08:05 3277847                    /usr/local/java/jdk1.8.0_144/jre/lib/amd64/libfontmanager.so
7ff1448c0000-7ff1448d0000 rw-p 00000000 00:00 0 
7ff1448d0000-7ff1448d5000 r-xp 00000000 08:05 11412781                   /usr/lib/x86_64-linux-gnu/libXdmcp.so.6.0.0
7ff1448d5000-7ff144ad4000 ---p 00005000 08:05 11412781                   /usr/lib/x86_64-linux-gnu/libXdmcp.so.6.0.0
7ff144ad4000-7ff144ad5000 r--p 00004000 08:05 11412781                   /usr/lib/x86_64-linux-gnu/libXdmcp.so.6.0.0
7ff144ad5000-7ff144ad6000 rw-p 00005000 08:05 11412781                   /usr/lib/x86_64-linux-gnu/libXdmcp.so.6.0.0
7ff144ad6000-7ff144ad8000 r-xp 00000000 08:05 11412770                   /usr/lib/x86_64-linux-gnu/libXau.so.6.0.0
7ff144ad8000-7ff144cd8000 ---p 00002000 08:05 11412770                   /usr/lib/x86_64-linux-gnu/libXau.so.6.0.0
7ff144cd8000-7ff144cd9000 r--p 00002000 08:05 11412770                   /usr/lib/x86_64-linux-gnu/libXau.so.6.0.0
7ff144cd9000-7ff144cda000 rw-p 00003000 08:05 11412770                   /usr/lib/x86_64-linux-gnu/libXau.so.6.0.0
7ff144cda000-7ff144cfb000 r-xp 00000000 08:05 11414216                   /usr/lib/x86_64-linux-gnu/libxcb.so.1.1.0
7ff144cfb000-7ff144efa000 ---p 00021000 08:05 11414216                   /usr/lib/x86_64-linux-gnu/libxcb.so.1.1.0
7ff144efa000-7ff144efb000 r--p 00020000 08:05 11414216                   /usr/lib/x86_64-linux-gnu/libxcb.so.1.1.0
7ff144efb000-7ff144efc000 rw-p 00021000 08:05 11414216                   /usr/lib/x86_64-linux-gnu/libxcb.so.1.1.0
7ff144efc000-7ff144f0b000 r-xp 00000000 08:05 11412791                   /usr/lib/x86_64-linux-gnu/libXi.so.6.1.0
7ff144f0b000-7ff14510a000 ---p 0000f000 08:05 11412791                   /usr/lib/x86_64-linux-gnu/libXi.so.6.1.0
7ff14510a000-7ff14510b000 r--p 0000e000 08:05 11412791                   /usr/lib/x86_64-linux-gnu/libXi.so.6.1.0
7ff14510b000-7ff14510c000 rw-p 0000f000 08:05 11412791                   /usr/lib/x86_64-linux-gnu/libXi.so.6.1.0
7ff14510c000-7ff145111000 r-xp 00000000 08:05 11412809                   /usr/lib/x86_64-linux-gnu/libXtst.so.6.1.0
7ff145111000-7ff145310000 ---p 00005000 08:05 11412809                   /usr/lib/x86_64-linux-gnu/libXtst.so.6.1.0
7ff145310000-7ff145311000 r--p 00004000 08:05 11412809                   /usr/lib/x86_64-linux-gnu/libXtst.so.6.1.0
7ff145311000-7ff145312000 rw-p 00005000 08:05 11412809                   /usr/lib/x86_64-linux-gnu/libXtst.so.6.1.0
7ff145312000-7ff14531b000 r-xp 00000000 08:05 11412803                   /usr/lib/x86_64-linux-gnu/libXrender.so.1.3.0
7ff14531b000-7ff14551a000 ---p 00009000 08:05 11412803                   /usr/lib/x86_64-linux-gnu/libXrender.so.1.3.0
7ff14551a000-7ff14551b000 r--p 00008000 08:05 11412803                   /usr/lib/x86_64-linux-gnu/libXrender.so.1.3.0
7ff14551b000-7ff14551c000 rw-p 00009000 08:05 11412803                   /usr/lib/x86_64-linux-gnu/libXrender.so.1.3.0
7ff14551c000-7ff145651000 r-xp 00000000 08:05 11412766                   /usr/lib/x86_64-linux-gnu/libX11.so.6.3.0
7ff145651000-7ff145851000 ---p 00135000 08:05 11412766                   /usr/lib/x86_64-linux-gnu/libX11.so.6.3.0
7ff145851000-7ff145852000 r--p 00135000 08:05 11412766                   /usr/lib/x86_64-linux-gnu/libX11.so.6.3.0
7ff145852000-7ff145856000 rw-p 00136000 08:05 11412766                   /usr/lib/x86_64-linux-gnu/libX11.so.6.3.0
7ff145856000-7ff145867000 r-xp 00000000 08:05 11412783                   /usr/lib/x86_64-linux-gnu/libXext.so.6.4.0
7ff145867000-7ff145a66000 ---p 00011000 08:05 11412783                   /usr/lib/x86_64-linux-gnu/libXext.so.6.4.0
7ff145a66000-7ff145a67000 r--p 00010000 08:05 11412783                   /usr/lib/x86_64-linux-gnu/libXext.so.6.4.0
7ff145a67000-7ff145a68000 rw-p 00011000 08:05 11412783                   /usr/lib/x86_64-linux-gnu/libXext.so.6.4.0
7ff145a6d000-7ff145a74000 r--s 00000000 08:05 11802929                   /usr/lib/x86_64-linux-gnu/gconv/gconv-modules.cache
7ff145a74000-7ff145a7b000 rw-s 104c82000 00:06 523                       /dev/nvidiactl
7ff145a7b000-7ff145a7c000 rw-s c0018000 00:06 534                        /dev/nvidia1
7ff145a7c000-7ff145a7d000 rw-s 12290b000 00:06 523                       /dev/nvidiactl
7ff145a7d000-7ff145a7e000 rw-s f3c08000 00:06 534                        /dev/nvidia1
7ff145a7e000-7ff145a7f000 rw-s f3641000 00:06 534                        /dev/nvidia1
7ff145a7f000-7ff145a80000 rw-s 2a2d4000 00:06 523                        /dev/nvidiactl
7ff145a80000-7ff145a81000 rw-s 104c17000 00:06 523                       /dev/nvidiactl
7ff145a81000-7ff145a83000 rw-s 00000000 08:05 11272392                   /tmp/.glIEwccW (deleted)
7ff145a83000-7ff145a8a000 rw-s 139817000 00:06 523                       /dev/nvidiactl
7ff145a8a000-7ff145a8b000 rw-s c0015000 00:06 534                        /dev/nvidia1
7ff145a8b000-7ff145a8c000 rw-s 138af3000 00:06 523                       /dev/nvidiactl
7ff145a8c000-7ff145a90000 rw-s 122808000 00:06 523                       /dev/nvidiactl
7ff145a90000-7ff145a91000 rw-s f3c06000 00:06 534                        /dev/nvidia1
7ff145a91000-7ff145ab1000 rw-s 139063000 00:06 523                       /dev/nvidiactl
7ff145ab1000-7ff145ab2000 rw-s f3641000 00:06 534                        /dev/nvidia1
7ff145ab2000-7ff145ab3000 rw-s 2a2d4000 00:06 523                        /dev/nvidiactl
7ff145ab3000-7ff145ab4000 rw-s 139559000 00:06 523                       /dev/nvidiactl
7ff145ab4000-7ff145ab5000 rw-s f3060000 00:06 534                        /dev/nvidia1
7ff145ab5000-7ff145ab6000 rwxp 00000000 00:00 0 
7ff145ab6000-7ff145b0a000 r-xp 00000000 08:05 3277855                    /usr/local/java/jdk1.8.0_144/jre/lib/amd64/libawt_xawt.so
7ff145b0a000-7ff145d0a000 ---p 00054000 08:05 3277855                    /usr/local/java/jdk1.8.0_144/jre/lib/amd64/libawt_xawt.so
7ff145d0a000-7ff145d0e000 rw-p 00054000 08:05 3277855                    /usr/local/java/jdk1.8.0_144/jre/lib/amd64/libawt_xawt.so
7ff145d0e000-7ff145d0f000 rw-p 00000000 00:00 0 
7ff145d0f000-7ff145db1000 r-xp 00000000 08:05 3277891                    /usr/local/java/jdk1.8.0_144/jre/lib/amd64/libawt.so
7ff145db1000-7ff145fb1000 ---p 000a2000 08:05 3277891                    /usr/local/java/jdk1.8.0_144/jre/lib/amd64/libawt.so
7ff145fb1000-7ff145fbd000 rw-p 000a2000 08:05 3277891                    /usr/local/java/jdk1.8.0_144/jre/lib/amd64/libawt.so
7ff145fbd000-7ff145fe1000 rw-p 00000000 00:00 0 
7ff145fe1000-7ff145fe3000 r-xp 00000000 08:05 11272337                   /tmp/jogamp_0000/file_cache/jln1843332055598390488/jln321012151454529082/natives/linux-amd64/libgluegen-rt.so
7ff145fe3000-7ff1461e2000 ---p 00002000 08:05 11272337                   /tmp/jogamp_0000/file_cache/jln1843332055598390488/jln321012151454529082/natives/linux-amd64/libgluegen-rt.so
7ff1461e2000-7ff1461e3000 rw-p 00001000 08:05 11272337                   /tmp/jogamp_0000/file_cache/jln1843332055598390488/jln321012151454529082/natives/linux-amd64/libgluegen-rt.so
7ff1461e3000-7ff1461e6000 ---p 00000000 00:00 0 
7ff1461e6000-7ff1462e4000 rw-p 00000000 00:00 0 
7ff1462e4000-7ff1462f5000 r-xp 00000000 08:05 3277853                    /usr/local/java/jdk1.8.0_144/jre/lib/amd64/libnio.so
7ff1462f5000-7ff1464f4000 ---p 00011000 08:05 3277853                    /usr/local/java/jdk1.8.0_144/jre/lib/amd64/libnio.so
7ff1464f4000-7ff1464f5000 rw-p 00010000 08:05 3277853                    /usr/local/java/jdk1.8.0_144/jre/lib/amd64/libnio.so
7ff1464f5000-7ff14650b000 r-xp 00000000 08:05 3277828                    /usr/local/java/jdk1.8.0_144/jre/lib/amd64/libnet.so
7ff14650b000-7ff14670b000 ---p 00016000 08:05 3277828                    /usr/local/java/jdk1.8.0_144/jre/lib/amd64/libnet.so
7ff14670b000-7ff14670c000 rw-p 00016000 08:05 3277828                    /usr/local/java/jdk1.8.0_144/jre/lib/amd64/libnet.so
7ff14670c000-7ff14670f000 ---p 00000000 00:00 0 
7ff14670f000-7ff146745000 rw-p 00000000 00:00 0 
7ff146745000-7ff146746000 r--p 00000000 00:00 0 
7ff146746000-7ff14674b000 r--s 0009a000 08:05 1978199                    /usr/local/java/jdk1.8.0_144/jre/lib/jsse.jar
7ff14674b000-7ff14694b000 rw-p 00000000 00:00 0 
7ff14694b000-7ff146b4b000 rw-p 00000000 00:00 0 
7ff146b4b000-7ff146b66000 r--s 001d3000 08:05 3277904                    /usr/local/java/jdk1.8.0_144/jre/lib/ext/nashorn.jar
7ff146b66000-7ff146b82000 r--s 00393000 08:05 3277908                    /usr/local/java/jdk1.8.0_144/jre/lib/ext/cldrdata.jar
7ff146b82000-7ff146b8c000 r--s 00116000 08:05 3277905                    /usr/local/java/jdk1.8.0_144/jre/lib/ext/localedata.jar
7ff146b8c000-7ff146b8e000 r--s 00015000 00:2b 8912912                    /home/gpaiva/Desktop/projects/code/git/Bitbucket/JOT/lib/Framework-Toolkit-Components-1.0.jar
7ff146b8e000-7ff146b90000 r--s 0000d000 00:2b 8912936                    /home/gpaiva/Desktop/projects/code/git/Bitbucket/JOT/lib/Extension-Toolkit-Component-Physics-1.0.jar
7ff146b90000-7ff146b92000 r--s 00013000 00:2b 8912935                    /home/gpaiva/Desktop/projects/code/git/Bitbucket/JOT/lib/Extension-Toolkit-Component-Geometry-1.0.jar
7ff146b92000-7ff146b95000 r--s 00020000 00:2b 8912913                    /home/gpaiva/Desktop/projects/code/git/Bitbucket/JOT/lib/Core-Toolkit-Components-1.0.jar
7ff146b95000-7ff146c56000 r--s 00427000 00:2b 9705236                    /home/gpaiva/Desktop/projects/code/git/Bitbucket/JOT/lib/colladabeans-1.4.1.jar
7ff146c56000-7ff146c94000 r--s 0025d000 00:2b 9705202                    /home/gpaiva/Desktop/projects/code/git/Bitbucket/JOT/lib/xmlbeans-2.6.0/lib/xbean.jar
7ff146c94000-7ff146cb8000 r--s 0031e000 00:2b 9702045                    /home/gpaiva/Desktop/projects/code/git/Bitbucket/JOT/lib/jogamp-all-platforms/jar/jogl-all.jar
7ff146cb8000-7ff146cd8000 r--s 002cd000 00:2b 9702051                    /home/gpaiva/Desktop/projects/code/git/Bitbucket/JOT/lib/jogamp-all-platforms/jar/jogl-all-noawt.jar
7ff146cd8000-7ff146cda000 r--s 00032000 00:2b 9702110                    /home/gpaiva/Desktop/projects/code/git/Bitbucket/JOT/lib/jogamp-all-platforms/jar/jogl-all-noawt-natives-windows-i586.jar
7ff146cda000-7ff146cdb000 r--s 0003a000 00:2b 9702111                    /home/gpaiva/Desktop/projects/code/git/Bitbucket/JOT/lib/jogamp-all-platforms/jar/jogl-all-noawt-natives-windows-amd64.jar
7ff146cdb000-7ff146cdc000 r--s 0006c000 00:2b 9702161                    /home/gpaiva/Desktop/projects/code/git/Bitbucket/JOT/lib/jogamp-all-platforms/jar/jogl-all-noawt-natives-macosx-universal.jar
7ff146cdc000-7ff146cde000 r--s 00034000 00:2b 9702083                    /home/gpaiva/Desktop/projects/code/git/Bitbucket/JOT/lib/jogamp-all-platforms/jar/jogl-all-noawt-natives-linux-i586.jar
7ff146cde000-7ff146cdf000 r--s 00036000 00:2b 9702097                    /home/gpaiva/Desktop/projects/code/git/Bitbucket/JOT/lib/jogamp-all-platforms/jar/jogl-all-noawt-natives-linux-amd64.jar
7ff146cdf000-7ff146ce1000 r--s 00032000 00:2b 9702151                    /home/gpaiva/Desktop/projects/code/git/Bitbucket/JOT/lib/jogamp-all-platforms/jar/jogl-all-natives-windows-i586.jar
7ff146ce1000-7ff146ce2000 r--s 0003a000 00:2b 9702121                    /home/gpaiva/Desktop/projects/code/git/Bitbucket/JOT/lib/jogamp-all-platforms/jar/jogl-all-natives-windows-amd64.jar
7ff146ce2000-7ff146ce3000 r--s 0006c000 00:2b 9702135                    /home/gpaiva/Desktop/projects/code/git/Bitbucket/JOT/lib/jogamp-all-platforms/jar/jogl-all-natives-macosx-universal.jar
7ff146ce3000-7ff146ce5000 r--s 00034000 00:2b 9702071                    /home/gpaiva/Desktop/projects/code/git/Bitbucket/JOT/lib/jogamp-all-platforms/jar/jogl-all-natives-linux-i586.jar
7ff146ce5000-7ff146ce6000 r--s 00036000 00:2b 9702146                    /home/gpaiva/Desktop/projects/code/git/Bitbucket/JOT/lib/jogamp-all-platforms/jar/jogl-all-natives-linux-amd64.jar
7ff146ce6000-7ff146ceb000 r--s 00031000 00:2b 9702043                    /home/gpaiva/Desktop/projects/code/git/Bitbucket/JOT/lib/jogamp-all-platforms/jar/jocl.jar
7ff146ceb000-7ff146cec000 r--s 00003000 00:2b 9702070                    /home/gpaiva/Desktop/projects/code/git/Bitbucket/JOT/lib/jogamp-all-platforms/jar/jocl-natives-windows-i586.jar
7ff146cec000-7ff146ced000 r--s 00003000 00:2b 9702072                    /home/gpaiva/Desktop/projects/code/git/Bitbucket/JOT/lib/jogamp-all-platforms/jar/jocl-natives-windows-amd64.jar
7ff146ced000-7ff146cee000 r--s 00005000 00:2b 9702149                    /home/gpaiva/Desktop/projects/code/git/Bitbucket/JOT/lib/jogamp-all-platforms/jar/jocl-natives-macosx-universal.jar
7ff146cee000-7ff146cef000 r--s 00002000 00:2b 9702061                    /home/gpaiva/Desktop/projects/code/git/Bitbucket/JOT/lib/jogamp-all-platforms/jar/jocl-natives-linux-i586.jar
7ff146cef000-7ff146cf0000 r--s 00002000 00:2b 9702064                    /home/gpaiva/Desktop/projects/code/git/Bitbucket/JOT/lib/jogamp-all-platforms/jar/jocl-natives-linux-amd64.jar
7ff146cf0000-7ff146cf2000 r--s 0000f000 00:2b 9702042                    /home/gpaiva/Desktop/projects/code/git/Bitbucket/JOT/lib/jogamp-all-platforms/jar/joal.jar
7ff146cf2000-7ff146cf3000 r--s 0002b000 00:2b 9702068                    /home/gpaiva/Desktop/projects/code/git/Bitbucket/JOT/lib/jogamp-all-platforms/jar/joal-natives-windows-i586.jar
7ff146cf3000-7ff146cf4000 r--s 0002d000 00:2b 9702077                    /home/gpaiva/Desktop/projects/code/git/Bitbucket/JOT/lib/jogamp-all-platforms/jar/joal-natives-windows-amd64.jar
7ff146cf4000-7ff146cf5000 r--s 00057000 00:2b 9702148                    /home/gpaiva/Desktop/projects/code/git/Bitbucket/JOT/lib/jogamp-all-platforms/jar/joal-natives-macosx-universal.jar
7ff146cf5000-7ff146d1c000 r--s 001f6000 00:2b 9705159                    /home/gpaiva/Desktop/projects/code/git/Bitbucket/JOT/lib/commons-math/commons-math3-3.6.1.jar
7ff146d1c000-7ff146d1d000 ---p 00000000 00:00 0 
7ff146d1d000-7ff146e1d000 rw-p 00000000 00:00 0 
7ff146e1d000-7ff146e20000 ---p 00000000 00:00 0 
7ff146e20000-7ff146f1e000 rw-p 00000000 00:00 0 
7ff146f1e000-7ff146f21000 ---p 00000000 00:00 0 
7ff146f21000-7ff14701f000 rw-p 00000000 00:00 0 
7ff14701f000-7ff147022000 ---p 00000000 00:00 0 
7ff147022000-7ff149000000 rw-p 00000000 00:00 0 
7ff149000000-7ff149b40000 rwxp 00000000 00:00 0 
7ff149b40000-7ff158000000 ---p 00000000 00:00 0 
7ff158000000-7ff158b08000 rw-p 00000000 00:00 0 
7ff158b08000-7ff15c000000 ---p 00000000 00:00 0 
7ff15c000000-7ff15c001000 r--s 00030000 00:2b 9702060                    /home/gpaiva/Desktop/projects/code/git/Bitbucket/JOT/lib/jogamp-all-platforms/jar/joal-natives-linux-i586.jar
7ff15c001000-7ff15c00b000 r--s 000ca000 00:2b 9702047                    /home/gpaiva/Desktop/projects/code/git/Bitbucket/JOT/lib/jogamp-all-platforms/jar/gluegen.jar
7ff15c00b000-7ff15c011000 r--s 0004f000 00:2b 9702044                    /home/gpaiva/Desktop/projects/code/git/Bitbucket/JOT/lib/jogamp-all-platforms/jar/gluegen-rt.jar
7ff15c011000-7ff15c014000 ---p 00000000 00:00 0 
7ff15c014000-7ff15c112000 rw-p 00000000 00:00 0 
7ff15c112000-7ff15c3ec000 r--p 00000000 08:05 11403624                   /usr/lib/locale/locale-archive
7ff15c3ec000-7ff15c3ef000 ---p 00000000 00:00 0 
7ff15c3ef000-7ff15c4ed000 rw-p 00000000 00:00 0 
7ff15c4ed000-7ff15c4f0000 ---p 00000000 00:00 0 
7ff15c4f0000-7ff15c5ee000 rw-p 00000000 00:00 0 
7ff15c5ee000-7ff15c5ef000 ---p 00000000 00:00 0 
7ff15c5ef000-7ff15d05b000 rw-p 00000000 00:00 0 
7ff15d05b000-7ff15d235000 r--s 03d4d000 08:05 1978207                    /usr/local/java/jdk1.8.0_144/jre/lib/rt.jar
7ff15d235000-7ff15dc99000 rw-p 00000000 00:00 0 
7ff15dc99000-7ff15dc9a000 ---p 00000000 00:00 0 
7ff15dc9a000-7ff15dd9a000 rw-p 00000000 00:00 0 
7ff15dd9a000-7ff15dd9b000 ---p 00000000 00:00 0 
7ff15dd9b000-7ff15def9000 rw-p 00000000 00:00 0 
7ff15def9000-7ff15dfe5000 ---p 00000000 00:00 0 
7ff15dfe5000-7ff15e043000 rw-p 00000000 00:00 0 
7ff15e043000-7ff15e12e000 ---p 00000000 00:00 0 
7ff15e12e000-7ff15e198000 rw-p 00000000 00:00 0 
7ff15e198000-7ff15e1d3000 ---p 00000000 00:00 0 
7ff15e1d3000-7ff15e201000 rw-p 00000000 00:00 0 
7ff15e201000-7ff15e594000 ---p 00000000 00:00 0 
7ff15e594000-7ff15e5ae000 r-xp 00000000 08:05 3277851                    /usr/local/java/jdk1.8.0_144/jre/lib/amd64/libzip.so
7ff15e5ae000-7ff15e7ae000 ---p 0001a000 08:05 3277851                    /usr/local/java/jdk1.8.0_144/jre/lib/amd64/libzip.so
7ff15e7ae000-7ff15e7af000 rw-p 0001a000 08:05 3277851                    /usr/local/java/jdk1.8.0_144/jre/lib/amd64/libzip.so
7ff15e7af000-7ff15e7ba000 r-xp 00000000 08:05 1836624                    /lib/x86_64-linux-gnu/libnss_files-2.23.so
7ff15e7ba000-7ff15e9b9000 ---p 0000b000 08:05 1836624                    /lib/x86_64-linux-gnu/libnss_files-2.23.so
7ff15e9b9000-7ff15e9ba000 r--p 0000a000 08:05 1836624                    /lib/x86_64-linux-gnu/libnss_files-2.23.so
7ff15e9ba000-7ff15e9bb000 rw-p 0000b000 08:05 1836624                    /lib/x86_64-linux-gnu/libnss_files-2.23.so
7ff15e9bb000-7ff15e9c1000 rw-p 00000000 00:00 0 
7ff15e9c1000-7ff15e9cc000 r-xp 00000000 08:05 1836638                    /lib/x86_64-linux-gnu/libnss_nis-2.23.so
7ff15e9cc000-7ff15ebcb000 ---p 0000b000 08:05 1836638                    /lib/x86_64-linux-gnu/libnss_nis-2.23.so
7ff15ebcb000-7ff15ebcc000 r--p 0000a000 08:05 1836638                    /lib/x86_64-linux-gnu/libnss_nis-2.23.so
7ff15ebcc000-7ff15ebcd000 rw-p 0000b000 08:05 1836638                    /lib/x86_64-linux-gnu/libnss_nis-2.23.so
7ff15ebcd000-7ff15ebe3000 r-xp 00000000 08:05 1835387                    /lib/x86_64-linux-gnu/libnsl-2.23.so
7ff15ebe3000-7ff15ede2000 ---p 00016000 08:05 1835387                    /lib/x86_64-linux-gnu/libnsl-2.23.so
7ff15ede2000-7ff15ede3000 r--p 00015000 08:05 1835387                    /lib/x86_64-linux-gnu/libnsl-2.23.so
7ff15ede3000-7ff15ede4000 rw-p 00016000 08:05 1835387                    /lib/x86_64-linux-gnu/libnsl-2.23.so
7ff15ede4000-7ff15ede6000 rw-p 00000000 00:00 0 
7ff15ede6000-7ff15edee000 r-xp 00000000 08:05 1836649                    /lib/x86_64-linux-gnu/libnss_compat-2.23.so
7ff15edee000-7ff15efed000 ---p 00008000 08:05 1836649                    /lib/x86_64-linux-gnu/libnss_compat-2.23.so
7ff15efed000-7ff15efee000 r--p 00007000 08:05 1836649                    /lib/x86_64-linux-gnu/libnss_compat-2.23.so
7ff15efee000-7ff15efef000 rw-p 00008000 08:05 1836649                    /lib/x86_64-linux-gnu/libnss_compat-2.23.so
7ff15efef000-7ff15f01a000 r-xp 00000000 08:05 3277880                    /usr/local/java/jdk1.8.0_144/jre/lib/amd64/libjava.so
7ff15f01a000-7ff15f219000 ---p 0002b000 08:05 3277880                    /usr/local/java/jdk1.8.0_144/jre/lib/amd64/libjava.so
7ff15f219000-7ff15f21b000 rw-p 0002a000 08:05 3277880                    /usr/local/java/jdk1.8.0_144/jre/lib/amd64/libjava.so
7ff15f21b000-7ff15f228000 r-xp 00000000 08:05 3277829                    /usr/local/java/jdk1.8.0_144/jre/lib/amd64/libverify.so
7ff15f228000-7ff15f428000 ---p 0000d000 08:05 3277829                    /usr/local/java/jdk1.8.0_144/jre/lib/amd64/libverify.so
7ff15f428000-7ff15f42a000 rw-p 0000d000 08:05 3277829                    /usr/local/java/jdk1.8.0_144/jre/lib/amd64/libverify.so
7ff15f42a000-7ff15f431000 r-xp 00000000 08:05 1836644                    /lib/x86_64-linux-gnu/librt-2.23.so
7ff15f431000-7ff15f630000 ---p 00007000 08:05 1836644                    /lib/x86_64-linux-gnu/librt-2.23.so
7ff15f630000-7ff15f631000 r--p 00006000 08:05 1836644                    /lib/x86_64-linux-gnu/librt-2.23.so
7ff15f631000-7ff15f632000 rw-p 00007000 08:05 1836644                    /lib/x86_64-linux-gnu/librt-2.23.so
7ff15f632000-7ff15f73a000 r-xp 00000000 08:05 1836659                    /lib/x86_64-linux-gnu/libm-2.23.so
7ff15f73a000-7ff15f939000 ---p 00108000 08:05 1836659                    /lib/x86_64-linux-gnu/libm-2.23.so
7ff15f939000-7ff15f93a000 r--p 00107000 08:05 1836659                    /lib/x86_64-linux-gnu/libm-2.23.so
7ff15f93a000-7ff15f93b000 rw-p 00108000 08:05 1836659                    /lib/x86_64-linux-gnu/libm-2.23.so
7ff15f93b000-7ff16060e000 r-xp 00000000 08:05 3277884                    /usr/local/java/jdk1.8.0_144/jre/lib/amd64/server/libjvm.so
7ff16060e000-7ff16080d000 ---p 00cd3000 08:05 3277884                    /usr/local/java/jdk1.8.0_144/jre/lib/amd64/server/libjvm.so
7ff16080d000-7ff1608e7000 rw-p 00cd2000 08:05 3277884                    /usr/local/java/jdk1.8.0_144/jre/lib/amd64/server/libjvm.so
7ff1608e7000-7ff160932000 rw-p 00000000 00:00 0 
7ff160932000-7ff160af2000 r-xp 00000000 08:05 1836669                    /lib/x86_64-linux-gnu/libc-2.23.so
7ff160af2000-7ff160cf2000 ---p 001c0000 08:05 1836669                    /lib/x86_64-linux-gnu/libc-2.23.so
7ff160cf2000-7ff160cf6000 r--p 001c0000 08:05 1836669                    /lib/x86_64-linux-gnu/libc-2.23.so
7ff160cf6000-7ff160cf8000 rw-p 001c4000 08:05 1836669                    /lib/x86_64-linux-gnu/libc-2.23.so
7ff160cf8000-7ff160cfc000 rw-p 00000000 00:00 0 
7ff160cfc000-7ff160cff000 r-xp 00000000 08:05 1836648                    /lib/x86_64-linux-gnu/libdl-2.23.so
7ff160cff000-7ff160efe000 ---p 00003000 08:05 1836648                    /lib/x86_64-linux-gnu/libdl-2.23.so
7ff160efe000-7ff160eff000 r--p 00002000 08:05 1836648                    /lib/x86_64-linux-gnu/libdl-2.23.so
7ff160eff000-7ff160f00000 rw-p 00003000 08:05 1836648                    /lib/x86_64-linux-gnu/libdl-2.23.so
7ff160f00000-7ff160f15000 r-xp 00000000 08:05 2493435                    /usr/local/java/jdk1.8.0_144/lib/amd64/jli/libjli.so
7ff160f15000-7ff161115000 ---p 00015000 08:05 2493435                    /usr/local/java/jdk1.8.0_144/lib/amd64/jli/libjli.so
7ff161115000-7ff161116000 rw-p 00015000 08:05 2493435                    /usr/local/java/jdk1.8.0_144/lib/amd64/jli/libjli.so
7ff161116000-7ff16112e000 r-xp 00000000 08:05 1836636                    /lib/x86_64-linux-gnu/libpthread-2.23.so
7ff16112e000-7ff16132d000 ---p 00018000 08:05 1836636                    /lib/x86_64-linux-gnu/libpthread-2.23.so
7ff16132d000-7ff16132e000 r--p 00017000 08:05 1836636                    /lib/x86_64-linux-gnu/libpthread-2.23.so
7ff16132e000-7ff16132f000 rw-p 00018000 08:05 1836636                    /lib/x86_64-linux-gnu/libpthread-2.23.so
7ff16132f000-7ff161333000 rw-p 00000000 00:00 0 
7ff161333000-7ff161359000 r-xp 00000000 08:05 1835389                    /lib/x86_64-linux-gnu/ld-2.23.so
7ff161359000-7ff161403000 rw-p 00000000 00:00 0 
7ff161403000-7ff161406000 ---p 00000000 00:00 0 
7ff161406000-7ff161508000 rw-p 00000000 00:00 0 
7ff161508000-7ff161509000 r--s 0002e000 00:2b 9702062                    /home/gpaiva/Desktop/projects/code/git/Bitbucket/JOT/lib/jogamp-all-platforms/jar/joal-natives-linux-amd64.jar
7ff161509000-7ff16150a000 r--s 00001000 00:2b 9702125                    /home/gpaiva/Desktop/projects/code/git/Bitbucket/JOT/lib/jogamp-all-platforms/jar/gluegen-rt-natives-windows-i586.jar
7ff16150a000-7ff16150b000 r--s 00001000 00:2b 9702129                    /home/gpaiva/Desktop/projects/code/git/Bitbucket/JOT/lib/jogamp-all-platforms/jar/gluegen-rt-natives-windows-amd64.jar
7ff16150b000-7ff16150c000 r--s 00001000 00:2b 9702099                    /home/gpaiva/Desktop/projects/code/git/Bitbucket/JOT/lib/jogamp-all-platforms/jar/gluegen-rt-natives-macosx-universal.jar
7ff16150c000-7ff16150e000 r--s 00000000 00:2b 9702147                    /home/gpaiva/Desktop/projects/code/git/Bitbucket/JOT/lib/jogamp-all-platforms/jar/gluegen-rt-natives-linux-i586.jar
7ff16150e000-7ff161510000 r--s 00000000 00:2b 9702116                    /home/gpaiva/Desktop/projects/code/git/Bitbucket/JOT/lib/jogamp-all-platforms/jar/gluegen-rt-natives-linux-amd64.jar
7ff161510000-7ff16154c000 rw-p 00000000 00:00 0 
7ff16154c000-7ff161554000 rw-s 00000000 08:05 11272355                   /tmp/hsperfdata_gpaiva/14503
7ff161554000-7ff161555000 rw-p 00000000 00:00 0 
7ff161555000-7ff161556000 r--p 00000000 00:00 0 
7ff161556000-7ff161558000 rw-p 00000000 00:00 0 
7ff161558000-7ff161559000 r--p 00025000 08:05 1835389                    /lib/x86_64-linux-gnu/ld-2.23.so
7ff161559000-7ff16155a000 rw-p 00026000 08:05 1835389                    /lib/x86_64-linux-gnu/ld-2.23.so
7ff16155a000-7ff16155b000 rw-p 00000000 00:00 0 
7ffd40f08000-7ffd40f2a000 rw-p 00000000 00:00 0                          [stack]
7ffd40f46000-7ffd40f48000 r--p 00000000 00:00 0                          [vvar]
7ffd40f48000-7ffd40f4a000 r-xp 00000000 00:00 0                          [vdso]
ffffffffff600000-ffffffffff601000 r-xp 00000000 00:00 0                  [vsyscall]

VM Arguments:
jvm_args: -Dfile.encoding=UTF-8 -Djava.util.logging.SimpleFormatter.format=%5$s%6$s%n 
java_command: jot.demo.gui.GameMain Kenny
java_class_path (initial): /home/gpaiva/Desktop/projects/code/git/Bitbucket/JOT/lib/commons-math/commons-math3-3.6.1.jar:/home/gpaiva/Desktop/projects/code/git/Bitbucket/JOT/lib/jogamp-all-platforms/jar/gluegen-rt-natives-linux-amd64.jar:/home/gpaiva/Desktop/projects/code/git/Bitbucket/JOT/lib/jogamp-all-platforms/jar/gluegen-rt-natives-linux-i586.jar:/home/gpaiva/Desktop/projects/code/git/Bitbucket/JOT/lib/jogamp-all-platforms/jar/gluegen-rt-natives-macosx-universal.jar:/home/gpaiva/Desktop/projects/code/git/Bitbucket/JOT/lib/jogamp-all-platforms/jar/gluegen-rt-natives-windows-amd64.jar:/home/gpaiva/Desktop/projects/code/git/Bitbucket/JOT/lib/jogamp-all-platforms/jar/gluegen-rt-natives-windows-i586.jar:/home/gpaiva/Desktop/projects/code/git/Bitbucket/JOT/lib/jogamp-all-platforms/jar/gluegen-rt.jar:/home/gpaiva/Desktop/projects/code/git/Bitbucket/JOT/lib/jogamp-all-platforms/jar/gluegen.jar:/home/gpaiva/Desktop/projects/code/git/Bitbucket/JOT/lib/jogamp-all-platforms/jar/joal-natives-linux-amd64.jar:/home/gpaiva/Desktop/projects/code/git/Bitbucket/JOT/lib/jogamp-all-platforms/jar/joal-natives-linux-i586.jar:/home/gpaiva/Desktop/projects/code/git/Bitbucket/JOT/lib/jogamp-all-platforms/jar/joal-natives-macosx-universal.jar:/home/gpaiva/Desktop/projects/code/git/Bitbucket/JOT/lib/jogamp-all-platforms/jar/joal-natives-windows-amd64.jar:/home/gpaiva/Desktop/projects/code/git/Bitbucket/JOT/lib/jogamp-all-platforms/jar/joal-natives-windows-i586.jar:/home/gpaiva/Desktop/projects/code/git/Bitbucket/JOT/lib/jogamp-all-platforms/jar/joal.jar:/home/gpaiva/Desktop/projects/code/git/Bitbucket/JOT/lib/jogamp-all-platforms/jar/jocl-natives-linux-amd64.jar:/home/gpaiva/Desktop/projects/code/git/Bitbucket/JOT/lib/jogamp-all-platforms/jar/jocl-natives-linux-i586.jar:/home/gpaiva/Desktop/projects/code/git/Bitbucket/JOT/lib/jogamp-all-platforms/jar/jocl-natives-macosx-universal.jar:/home/gpaiva/Desktop/projects/code/git/Bitbucket/JOT/lib/jogamp-all-platforms/jar/jocl-natives-windows-a
Launcher Type: SUN_STANDARD

Environment Variables:
JAVA_HOME=/usr/local/java/jdk1.8.0_144
JRE_HOME=/usr/local/java/jre1.8.0_144
PATH=/home/gpaiva/bin:/home/gpaiva/.local/bin:/usr/local/sbin:/usr/local/bin:/usr/sbin:/usr/bin:/sbin:/bin:/usr/games:/usr/local/games:/home/gpaiva/omnetpp-5.1/bin:/home/gpaiva/bin:/usr/local/java/jdk1.8.0_144/bin:/home/gpaiva/bin:/usr/local/java/jre1.8.0_144/bin
LD_LIBRARY_PATH=/usr/local/java/jdk1.8.0_144/jre/lib/amd64:/usr/local/java/jdk1.8.0_144/jre/lib/i386:
SHELL=/bin/bash
DISPLAY=:0

Signal Handlers:
SIGSEGV: [libjvm.so+0xacba10], sa_mask[0]=11111111011111111101111111111110, sa_flags=SA_RESTART|SA_SIGINFO
SIGBUS: [libjvm.so+0xacba10], sa_mask[0]=11111111011111111101111111111110, sa_flags=SA_RESTART|SA_SIGINFO
SIGFPE: [libjvm.so+0x924ba0], sa_mask[0]=11111111011111111101111111111110, sa_flags=SA_RESTART|SA_SIGINFO
SIGPIPE: [libjvm.so+0x924ba0], sa_mask[0]=11111111011111111101111111111110, sa_flags=SA_RESTART|SA_SIGINFO
SIGXFSZ: [libjvm.so+0x924ba0], sa_mask[0]=11111111011111111101111111111110, sa_flags=SA_RESTART|SA_SIGINFO
SIGILL: [libjvm.so+0x924ba0], sa_mask[0]=11111111011111111101111111111110, sa_flags=SA_RESTART|SA_SIGINFO
SIGUSR1: SIG_DFL, sa_mask[0]=00000000000000000000000000000000, sa_flags=none
SIGUSR2: [libjvm.so+0x9263e0], sa_mask[0]=00100000000000000000000000000000, sa_flags=SA_RESTART|SA_SIGINFO
SIGHUP: [libjvm.so+0x9277e0], sa_mask[0]=11111111011111111101111111111110, sa_flags=SA_RESTART|SA_SIGINFO
SIGINT: SIG_IGN, sa_mask[0]=00000000000000000000000000000000, sa_flags=none
SIGTERM: [libjvm.so+0x9277e0], sa_mask[0]=11111111011111111101111111111110, sa_flags=SA_RESTART|SA_SIGINFO
SIGQUIT: [libjvm.so+0x9277e0], sa_mask[0]=11111111011111111101111111111110, sa_flags=SA_RESTART|SA_SIGINFO


---------------  S Y S T E M  ---------------

OS:DISTRIB_ID=LinuxMint
DISTRIB_RELEASE=18.2
DISTRIB_CODENAME=sonya
DISTRIB_DESCRIPTION="Linux Mint 18.2 Sonya"

uname:Linux 4.4.0-89-generic #112-Ubuntu SMP Mon Jul 31 19:38:41 UTC 2017 x86_64
libc:glibc 2.23 NPTL 2.23 
rlimit: STACK 8192k, CORE 0k, NPROC 15636, NOFILE 1048576, AS infinity
load average:1,09 1,41 1,62

/proc/meminfo:
MemTotal:        4045356 kB
MemFree:          227852 kB
MemAvailable:     973616 kB
Buffers:           48676 kB
Cached:           877092 kB
SwapCached:        29184 kB
Active:          2309616 kB
Inactive:        1116968 kB
Active(anon):    1663636 kB
Inactive(anon):   853072 kB
Active(file):     645980 kB
Inactive(file):   263896 kB
Unevictable:          32 kB
Mlocked:              32 kB
SwapTotal:       3998204 kB
SwapFree:        3427436 kB
Dirty:                92 kB
Writeback:             0 kB
AnonPages:       2495592 kB
Mapped:           175984 kB
Shmem:             15844 kB
Slab:             151796 kB
SReclaimable:      82116 kB
SUnreclaim:        69680 kB
KernelStack:        8592 kB
PageTables:        35152 kB
NFS_Unstable:          0 kB
Bounce:                0 kB
WritebackTmp:          0 kB
CommitLimit:     6020880 kB
Committed_AS:    6022304 kB
VmallocTotal:   34359738367 kB
VmallocUsed:           0 kB
VmallocChunk:          0 kB
HardwareCorrupted:     0 kB
AnonHugePages:    995328 kB
CmaTotal:              0 kB
CmaFree:               0 kB
HugePages_Total:       0
HugePages_Free:        0
HugePages_Rsvd:        0
HugePages_Surp:        0
Hugepagesize:       2048 kB
DirectMap4k:     1157952 kB
DirectMap2M:     3035136 kB


CPU:total 2 (initial active 2) (2 cores per cpu, 1 threads per core) family 6 model 23 stepping 6, cmov, cx8, fxsr, mmx, sse, sse2, sse3, ssse3, sse4.1, tsc

/proc/cpuinfo:
processor	: 0
vendor_id	: GenuineIntel
cpu family	: 6
model		: 23
model name	: Intel(R) Core(TM)2 Duo CPU     T9300  @ 2.50GHz
stepping	: 6
microcode	: 0x60c
cpu MHz		: 2401.000
cache size	: 6144 KB
physical id	: 0
siblings	: 2
core id		: 0
cpu cores	: 2
apicid		: 0
initial apicid	: 0
fpu		: yes
fpu_exception	: yes
cpuid level	: 10
wp		: yes
flags		: fpu vme de pse tsc msr pae mce cx8 apic sep mtrr pge mca cmov pat pse36 clflush dts acpi mmx fxsr sse sse2 ss ht tm pbe syscall nx lm constant_tsc arch_perfmon pebs bts rep_good nopl aperfmperf pni dtes64 monitor ds_cpl vmx est tm2 ssse3 cx16 xtpr pdcm sse4_1 lahf_lm tpr_shadow vnmi flexpriority dtherm ida
bugs		:
bogomips	: 4987.48
clflush size	: 64
cache_alignment	: 64
address sizes	: 36 bits physical, 48 bits virtual
power management:

processor	: 1
vendor_id	: GenuineIntel
cpu family	: 6
model		: 23
model name	: Intel(R) Core(TM)2 Duo CPU     T9300  @ 2.50GHz
stepping	: 6
microcode	: 0x60c
cpu MHz		: 2000.000
cache size	: 6144 KB
physical id	: 0
siblings	: 2
core id		: 1
cpu cores	: 2
apicid		: 1
initial apicid	: 1
fpu		: yes
fpu_exception	: yes
cpuid level	: 10
wp		: yes
flags		: fpu vme de pse tsc msr pae mce cx8 apic sep mtrr pge mca cmov pat pse36 clflush dts acpi mmx fxsr sse sse2 ss ht tm pbe syscall nx lm constant_tsc arch_perfmon pebs bts rep_good nopl aperfmperf pni dtes64 monitor ds_cpl vmx est tm2 ssse3 cx16 xtpr pdcm sse4_1 lahf_lm tpr_shadow vnmi flexpriority dtherm ida
bugs		:
bogomips	: 4987.48
clflush size	: 64
cache_alignment	: 64
address sizes	: 36 bits physical, 48 bits virtual
power management:



Memory: 4k page, physical 4045356k(227852k free), swap 3998204k(3427436k free)

vm_info: Java HotSpot(TM) 64-Bit Server VM (25.144-b01) for linux-amd64 JRE (1.8.0_144-b01), built on Jul 21 2017 21:57:33 by "java_re" with gcc 4.3.0 20080428 (Red Hat 4.3.0-8)

time: Tue Aug 15 21:44:54 2017
elapsed time: 46 seconds (0d 0h 0m 46s)

