#
# A fatal error has been detected by the Java Runtime Environment:
#
#  SIGSEGV (0xb) at pc=0x00007f89f5240bc9, pid=15739, tid=0x00007f89d1748700
#
# JRE version: Java(TM) SE Runtime Environment (8.0_141-b15) (build 1.8.0_141-b15)
# Java VM: Java HotSpot(TM) 64-Bit Server VM (25.141-b15 mixed mode linux-amd64 compressed oops)
# Problematic frame:
# C  [libGL.so.1+0xd7bc9]
#
# Failed to write core dump. Core dumps have been disabled. To enable core dumping, try "ulimit -c unlimited" before starting Java again
#
# If you would like to submit a bug report, please visit:
#   http://bugreport.java.com/bugreport/crash.jsp
# The crash happened outside the Java Virtual Machine in native code.
# See problematic frame for where to report the bug.
#

---------------  T H R E A D  ---------------

Current thread (0x00007f8a002cd800):  JavaThread "Thread-3" [_thread_in_native, id=15802, stack(0x00007f89d1648000,0x00007f89d1749000)]

siginfo: si_signo: 11 (SIGSEGV), si_code: 1 (SEGV_MAPERR), si_addr: 0x00000000000008b8

Registers:
RAX=0x0000000000000000, RBX=0x00007f89f56cc438, RCX=0x00000000f16196e0, RDX=0x0000000000000001
RSP=0x00007f89d17471e8, RBP=0x00007f89d1747230, RSI=0x00000000f16196e0, RDI=0x0000000000000001
R8 =0x0000000000000001, R9 =0x0000000000000000, R10=0x00007f8a29015548, R11=0x00007f8a3ec0afa0
R12=0x0000000000000000, R13=0x00007f89f56cc438, R14=0x00007f89d1747308, R15=0x00007f8a002cd800
RIP=0x00007f89f5240bc9, EFLAGS=0x0000000000010246, CSGSFS=0x0000000000000033, ERR=0x0000000000000004
  TRAPNO=0x000000000000000e

Top of Stack: (sp=0x00007f89d17471e8)
0x00007f89d17471e8:   00007f89f4d0c1fd 00007f8a002cd800
0x00007f89d17471f8:   00007f00002cd800 00007f89d17472f8
0x00007f89d1747208:   0000000100000000 00007f89d1747308
0x00007f89d1747218:   00007f8a002cd9f8 00007f89f5240bc0
0x00007f89d1747228:   00000000f16196e0 00007f89d17472b8
0x00007f89d1747238:   00007f8a29015574 00007f89f5240bc0
0x00007f89d1747248:   00007f8a002cd800 00007f89f56cc438
0x00007f89d1747258:   0000000000000000 00007f89d17472b8
0x00007f89d1747268:   00007f8a29015307 00007f8a290152c2
0x00007f89d1747278:   00007f89d1747278 00007f89f56cc438
0x00007f89d1747288:   00007f89d1747308 00007f89f57c5028
0x00007f89d1747298:   0000000000000000 00007f89f56cc438
0x00007f89d17472a8:   0000000000000000 00007f89d17472d8
0x00007f89d17472b8:   00007f89d1747350 00007f8a29007ffd
0x00007f89d17472c8:   0000000000000000 00007f8a29011278
0x00007f89d17472d8:   00007f89f5240bc0 00007f89d1747388
0x00007f89d17472e8:   0000000000000000 0000000000000000
0x00007f89d17472f8:   00000000f16196d0 0000000000000001
0x00007f89d1747308:   00000000c2afac60 00007f89d1747310
0x00007f89d1747318:   00007f89f56cc53b 00007f89d1747388
0x00007f89d1747328:   00007f89f57c5028 0000000000000000
0x00007f89d1747338:   00007f89f56cc550 00007f89d17472d8
0x00007f89d1747348:   00007f89d1747370 00007f89d17473d0
0x00007f89d1747358:   00007f8a29008042 00007f89f5240bc0
0x00007f89d1747368:   0000000000000000 0000000000000000
0x00007f89d1747378:   00000000f16196d0 0000000000000001
0x00007f89d1747388:   00000000c2afac60 00007f89d1747390
0x00007f89d1747398:   00007f89d1fc5d95 00007f89d17473e8
0x00007f89d17473a8:   00007f89d1fc8190 00007f89d0d27578
0x00007f89d17473b8:   00007f89d1fc5db0 00007f89d1747370
0x00007f89d17473c8:   00007f89d17473e0 00007f89d1747430
0x00007f89d17473d8:   00007f8a29007ffd 00000000c2afac60 

Instructions: (pc=0x00007f89f5240bc9)
0x00007f89f5240ba9:   00 0f 1f 80 00 00 00 00 66 66 66 66 66 66 2e 0f
0x00007f89f5240bb9:   1f 84 00 00 00 00 00 64 48 8b 04 25 78 ff ff ff
0x00007f89f5240bc9:   ff a0 b8 08 00 00 cc cc cc cc cc cc cc cc cc cc
0x00007f89f5240bd9:   cc cc cc cc cc cc cc 1b 4c 01 d8 ff a0 b8 08 00 

Register to memory mapping:

RAX=0x0000000000000000 is an unknown value
RBX={method} {0x00007f89f56cc438} 'dispatch_glDeleteTextures1' '(ILjava/lang/Object;IZJ)V' in 'jogamp/opengl/gl4/GL4bcImpl'
RCX=0x00000000f16196e0 is an oop

[error occurred during error reporting (printing register info), id 0xb]

Stack: [0x00007f89d1648000,0x00007f89d1749000],  sp=0x00007f89d17471e8,  free space=1020k
Native frames: (J=compiled Java code, j=interpreted, Vv=VM code, C=native code)
C  [libGL.so.1+0xd7bc9]
j  jogamp.opengl.gl4.GL4bcImpl.dispatch_glDeleteTextures1(ILjava/lang/Object;IZJ)V+0
j  jogamp.opengl.gl4.GL4bcImpl.glDeleteTextures(I[II)V+107
j  com.jogamp.opengl.util.texture.Texture.destroy(Lcom/jogamp/opengl/GL;)V+21
j  jot.manager.SceneManager.lambda$dispose$0(Lcom/jogamp/opengl/GL2;Lcom/jogamp/opengl/util/texture/Texture;)V+2
j  jot.manager.SceneManager$$Lambda$40.accept(Ljava/lang/Object;)V+8
j  java.util.concurrent.ConcurrentHashMap$ValueSpliterator.forEachRemaining(Ljava/util/function/Consumer;)V+26
J 2898 C1 java.util.stream.ReferencePipeline$Head.forEach(Ljava/util/function/Consumer;)V (26 bytes) @ 0x00007f8a2992b56c [0x00007f8a2992afc0+0x5ac]
j  jot.manager.SceneManager.dispose(Lcom/jogamp/opengl/GL2;)V+17
j  jot.gui.Game.lambda$gameShutdown$0()V+29
j  jot.gui.Game$$Lambda$39.run()V+4
j  java.lang.Thread.run()V+11
v  ~StubRoutines::call_stub
V  [libjvm.so+0x693e96]  JavaCalls::call_helper(JavaValue*, methodHandle*, JavaCallArguments*, Thread*)+0x1056
V  [libjvm.so+0x6943a1]  JavaCalls::call_virtual(JavaValue*, KlassHandle, Symbol*, Symbol*, JavaCallArguments*, Thread*)+0x321
V  [libjvm.so+0x694847]  JavaCalls::call_virtual(JavaValue*, Handle, KlassHandle, Symbol*, Symbol*, Thread*)+0x47
V  [libjvm.so+0x72fbd0]  thread_entry(JavaThread*, Thread*)+0xa0
V  [libjvm.so+0xa79753]  JavaThread::thread_main_inner()+0x103
V  [libjvm.so+0xa7989c]  JavaThread::run()+0x11c
V  [libjvm.so+0x92a338]  java_start(Thread*)+0x108
C  [libpthread.so.0+0x76ba]  start_thread+0xca

Java frames: (J=compiled Java code, j=interpreted, Vv=VM code)
j  jogamp.opengl.gl4.GL4bcImpl.dispatch_glDeleteTextures1(ILjava/lang/Object;IZJ)V+0
j  jogamp.opengl.gl4.GL4bcImpl.glDeleteTextures(I[II)V+107
j  com.jogamp.opengl.util.texture.Texture.destroy(Lcom/jogamp/opengl/GL;)V+21
j  jot.manager.SceneManager.lambda$dispose$0(Lcom/jogamp/opengl/GL2;Lcom/jogamp/opengl/util/texture/Texture;)V+2
j  jot.manager.SceneManager$$Lambda$40.accept(Ljava/lang/Object;)V+8
j  java.util.concurrent.ConcurrentHashMap$ValueSpliterator.forEachRemaining(Ljava/util/function/Consumer;)V+26
J 2898 C1 java.util.stream.ReferencePipeline$Head.forEach(Ljava/util/function/Consumer;)V (26 bytes) @ 0x00007f8a2992b56c [0x00007f8a2992afc0+0x5ac]
j  jot.manager.SceneManager.dispose(Lcom/jogamp/opengl/GL2;)V+17
j  jot.gui.Game.lambda$gameShutdown$0()V+29
j  jot.gui.Game$$Lambda$39.run()V+4
j  java.lang.Thread.run()V+11
v  ~StubRoutines::call_stub

---------------  P R O C E S S  ---------------

Java Threads: ( => current thread )
=>0x00007f8a002cd800 JavaThread "Thread-3" [_thread_in_native, id=15802, stack(0x00007f89d1648000,0x00007f89d1749000)]
  0x00007f8a3800c000 JavaThread "DestroyJavaVM" [_thread_blocked, id=15743, stack(0x00007f8a3fd0b000,0x00007f8a3fe0c000)]
  0x00007f8a3885d000 JavaThread "main-Display-.x11_:0-1-EDT-1" daemon [_thread_blocked, id=15776, stack(0x00007f89f5abc000,0x00007f89f5bbd000)]
  0x00007f8a3871c000 JavaThread "main-SharedResourceRunner" daemon [_thread_blocked, id=15765, stack(0x00007f89f4038000,0x00007f89f4139000)]
  0x00007f8a38792000 JavaThread "main-SharedResourceRunner" daemon [_thread_blocked, id=15764, stack(0x00007f89f4bac000,0x00007f89f4cad000)]
  0x00007f8a386bd000 JavaThread "AWT-XAWT" daemon [_thread_in_native, id=15761, stack(0x00007f89f62c7000,0x00007f89f63c8000)]
  0x00007f8a386a0800 JavaThread "Java2D Disposer" daemon [_thread_blocked, id=15760, stack(0x00007f8a247e8000,0x00007f8a248e9000)]
  0x00007f8a3861a800 JavaThread "process reaper" daemon [_thread_blocked, id=15756, stack(0x00007f8a25012000,0x00007f8a2504b000)]
  0x00007f8a380bd000 JavaThread "Service Thread" daemon [_thread_blocked, id=15752, stack(0x00007f8a25716000,0x00007f8a25817000)]
  0x00007f8a380ba800 JavaThread "C1 CompilerThread1" daemon [_thread_blocked, id=15751, stack(0x00007f8a25817000,0x00007f8a25918000)]
  0x00007f8a380b7800 JavaThread "C2 CompilerThread0" daemon [_thread_blocked, id=15750, stack(0x00007f8a25918000,0x00007f8a25a19000)]
  0x00007f8a380b3800 JavaThread "Signal Dispatcher" daemon [_thread_blocked, id=15749, stack(0x00007f8a25a19000,0x00007f8a25b1a000)]
  0x00007f8a38081800 JavaThread "Finalizer" daemon [_thread_blocked, id=15748, stack(0x00007f8a25df4000,0x00007f8a25ef5000)]
  0x00007f8a3807d000 JavaThread "Reference Handler" daemon [_thread_blocked, id=15747, stack(0x00007f8a25ef5000,0x00007f8a25ff6000)]

Other Threads:
  0x00007f8a38075800 VMThread [stack: 0x00007f8a25ff6000,0x00007f8a260f7000] [id=15746]
  0x00007f8a380c0800 WatcherThread [stack: 0x00007f8a25615000,0x00007f8a25716000] [id=15753]

VM state:not at safepoint (normal execution)

VM Mutex/Monitor currently owned by a thread: None

Heap:
 PSYoungGen      total 189952K, used 103581K [0x00000000eb700000, 0x00000000f7880000, 0x0000000100000000)
  eden space 181760K, 54% used [0x00000000eb700000,0x00000000f1744fc8,0x00000000f6880000)
  from space 8192K, 61% used [0x00000000f7000000,0x00000000f74e27b8,0x00000000f7800000)
  to   space 7680K, 0% used [0x00000000f6880000,0x00000000f6880000,0x00000000f7000000)
 ParOldGen       total 37376K, used 19380K [0x00000000c2400000, 0x00000000c4880000, 0x00000000eb700000)
  object space 37376K, 51% used [0x00000000c2400000,0x00000000c36ed0a8,0x00000000c4880000)
 Metaspace       used 27645K, capacity 28374K, committed 28672K, reserved 1075200K
  class space    used 2974K, capacity 3262K, committed 3328K, reserved 1048576K

Card table byte_map: [0x00007f8a3c8ed000,0x00007f8a3cadc000] byte_map_base: 0x00007f8a3c2db000

Marking Bits: (ParMarkBitMap*) 0x00007f8a3f20cdc0
 Begin Bits: [0x00007f8a27120000, 0x00007f8a28090000)
 End Bits:   [0x00007f8a28090000, 0x00007f8a29000000)

Polling page: 0x00007f8a3fe5d000

CodeCache: size=245760Kb used=9965Kb max_used=9965Kb free=235794Kb
 bounds [0x00007f8a29000000, 0x00007f8a299d0000, 0x00007f8a38000000]
 total_blobs=3982 nmethods=2915 adapters=981
 compilation: enabled

Compilation events (10 events):
Event: 15,293 Thread 0x00007f8a380ba800 3109       3       sun.misc.FloatingDecimal::appendTo (11 bytes)
Event: 15,293 Thread 0x00007f8a380ba800 nmethod 3109 0x00007f8a29431590 code [0x00007f8a29431700, 0x00007f8a29431938]
Event: 15,293 Thread 0x00007f8a380ba800 3110       3       sun.misc.FloatingDecimal::getBinaryToASCIIConverter (163 bytes)
Event: 15,294 Thread 0x00007f8a380ba800 nmethod 3110 0x00007f8a299ba790 code [0x00007f8a299ba980, 0x00007f8a299bb168]
Event: 15,409 Thread 0x00007f8a380ba800 3112       3       jdk.internal.org.objectweb.asm.MethodWriter::visitCode (1 bytes)
Event: 15,409 Thread 0x00007f8a380ba800 nmethod 3112 0x00007f8a2912d950 code [0x00007f8a2912daa0, 0x00007f8a2912dbf0]
Event: 15,410 Thread 0x00007f8a380ba800 3113       3       java.util.concurrent.CopyOnWriteArrayList::spliterator (11 bytes)
Event: 15,410 Thread 0x00007f8a380ba800 nmethod 3113 0x00007f8a299b9ed0 code [0x00007f8a299ba080, 0x00007f8a299ba518]
Event: 15,410 Thread 0x00007f8a380ba800 3114       3       java.util.Spliterators::spliterator (16 bytes)
Event: 15,410 Thread 0x00007f8a380ba800 nmethod 3114 0x00007f8a29562090 code [0x00007f8a29562220, 0x00007f8a295625b8]

GC Heap History (10 events):
Event: 8,677 GC heap before
{Heap before GC invocations=7 (full 1):
 PSYoungGen      total 66048K, used 66016K [0x00000000eb700000, 0x00000000f0e80000, 0x0000000100000000)
  eden space 63488K, 100% used [0x00000000eb700000,0x00000000ef500000,0x00000000ef500000)
  from space 2560K, 98% used [0x00000000ef500000,0x00000000ef778030,0x00000000ef780000)
  to   space 9216K, 0% used [0x00000000f0580000,0x00000000f0580000,0x00000000f0e80000)
 ParOldGen       total 37376K, used 13632K [0x00000000c2400000, 0x00000000c4880000, 0x00000000eb700000)
  object space 37376K, 36% used [0x00000000c2400000,0x00000000c3150330,0x00000000c4880000)
 Metaspace       used 27066K, capacity 27714K, committed 28160K, reserved 1075200K
  class space    used 2932K, capacity 3238K, committed 3328K, reserved 1048576K
Event: 8,713 GC heap after
Heap after GC invocations=7 (full 1):
 PSYoungGen      total 80384K, used 3700K [0x00000000eb700000, 0x00000000f2c80000, 0x0000000100000000)
  eden space 71168K, 0% used [0x00000000eb700000,0x00000000eb700000,0x00000000efc80000)
  from space 9216K, 40% used [0x00000000f0580000,0x00000000f091d010,0x00000000f0e80000)
  to   space 9216K, 0% used [0x00000000efc80000,0x00000000efc80000,0x00000000f0580000)
 ParOldGen       total 37376K, used 13640K [0x00000000c2400000, 0x00000000c4880000, 0x00000000eb700000)
  object space 37376K, 36% used [0x00000000c2400000,0x00000000c3152330,0x00000000c4880000)
 Metaspace       used 27066K, capacity 27714K, committed 28160K, reserved 1075200K
  class space    used 2932K, capacity 3238K, committed 3328K, reserved 1048576K
}
Event: 9,052 GC heap before
{Heap before GC invocations=8 (full 1):
 PSYoungGen      total 80384K, used 74868K [0x00000000eb700000, 0x00000000f2c80000, 0x0000000100000000)
  eden space 71168K, 100% used [0x00000000eb700000,0x00000000efc80000,0x00000000efc80000)
  from space 9216K, 40% used [0x00000000f0580000,0x00000000f091d010,0x00000000f0e80000)
  to   space 9216K, 0% used [0x00000000efc80000,0x00000000efc80000,0x00000000f0580000)
 ParOldGen       total 37376K, used 13640K [0x00000000c2400000, 0x00000000c4880000, 0x00000000eb700000)
  object space 37376K, 36% used [0x00000000c2400000,0x00000000c3152330,0x00000000c4880000)
 Metaspace       used 27072K, capacity 27714K, committed 28160K, reserved 1075200K
  class space    used 2932K, capacity 3238K, committed 3328K, reserved 1048576K
Event: 9,075 GC heap after
Heap after GC invocations=8 (full 1):
 PSYoungGen      total 80384K, used 5045K [0x00000000eb700000, 0x00000000f3d00000, 0x0000000100000000)
  eden space 71168K, 0% used [0x00000000eb700000,0x00000000eb700000,0x00000000efc80000)
  from space 9216K, 54% used [0x00000000efc80000,0x00000000f016d7f0,0x00000000f0580000)
  to   space 8704K, 0% used [0x00000000f3480000,0x00000000f3480000,0x00000000f3d00000)
 ParOldGen       total 37376K, used 13648K [0x00000000c2400000, 0x00000000c4880000, 0x00000000eb700000)
  object space 37376K, 36% used [0x00000000c2400000,0x00000000c3154330,0x00000000c4880000)
 Metaspace       used 27072K, capacity 27714K, committed 28160K, reserved 1075200K
  class space    used 2932K, capacity 3238K, committed 3328K, reserved 1048576K
}
Event: 9,242 GC heap before
{Heap before GC invocations=9 (full 1):
 PSYoungGen      total 80384K, used 76213K [0x00000000eb700000, 0x00000000f3d00000, 0x0000000100000000)
  eden space 71168K, 100% used [0x00000000eb700000,0x00000000efc80000,0x00000000efc80000)
  from space 9216K, 54% used [0x00000000efc80000,0x00000000f016d7f0,0x00000000f0580000)
  to   space 8704K, 0% used [0x00000000f3480000,0x00000000f3480000,0x00000000f3d00000)
 ParOldGen       total 37376K, used 13648K [0x00000000c2400000, 0x00000000c4880000, 0x00000000eb700000)
  object space 37376K, 36% used [0x00000000c2400000,0x00000000c3154330,0x00000000c4880000)
 Metaspace       used 27076K, capacity 27714K, committed 28160K, reserved 1075200K
  class space    used 2932K, capacity 3238K, committed 3328K, reserved 1048576K
Event: 9,295 GC heap after
Heap after GC invocations=9 (full 1):
 PSYoungGen      total 129024K, used 5696K [0x00000000eb700000, 0x00000000f4780000, 0x0000000100000000)
  eden space 120320K, 0% used [0x00000000eb700000,0x00000000eb700000,0x00000000f2c80000)
  from space 8704K, 65% used [0x00000000f3480000,0x00000000f3a103a8,0x00000000f3d00000)
  to   space 8192K, 0% used [0x00000000f2c80000,0x00000000f2c80000,0x00000000f3480000)
 ParOldGen       total 37376K, used 14248K [0x00000000c2400000, 0x00000000c4880000, 0x00000000eb700000)
  object space 37376K, 38% used [0x00000000c2400000,0x00000000c31ea370,0x00000000c4880000)
 Metaspace       used 27076K, capacity 27714K, committed 28160K, reserved 1075200K
  class space    used 2932K, capacity 3238K, committed 3328K, reserved 1048576K
}
Event: 9,778 GC heap before
{Heap before GC invocations=10 (full 1):
 PSYoungGen      total 129024K, used 126016K [0x00000000eb700000, 0x00000000f4780000, 0x0000000100000000)
  eden space 120320K, 100% used [0x00000000eb700000,0x00000000f2c80000,0x00000000f2c80000)
  from space 8704K, 65% used [0x00000000f3480000,0x00000000f3a103a8,0x00000000f3d00000)
  to   space 8192K, 0% used [0x00000000f2c80000,0x00000000f2c80000,0x00000000f3480000)
 ParOldGen       total 37376K, used 14248K [0x00000000c2400000, 0x00000000c4880000, 0x00000000eb700000)
  object space 37376K, 38% used [0x00000000c2400000,0x00000000c31ea370,0x00000000c4880000)
 Metaspace       used 27080K, capacity 27714K, committed 28160K, reserved 1075200K
  class space    used 2932K, capacity 3238K, committed 3328K, reserved 1048576K
Event: 9,818 GC heap after
Heap after GC invocations=10 (full 1):
 PSYoungGen      total 128512K, used 5041K [0x00000000eb700000, 0x00000000f7800000, 0x0000000100000000)
  eden space 120320K, 0% used [0x00000000eb700000,0x00000000eb700000,0x00000000f2c80000)
  from space 8192K, 61% used [0x00000000f2c80000,0x00000000f316c538,0x00000000f3480000)
  to   space 8192K, 0% used [0x00000000f7000000,0x00000000f7000000,0x00000000f7800000)
 ParOldGen       total 37376K, used 17156K [0x00000000c2400000, 0x00000000c4880000, 0x00000000eb700000)
  object space 37376K, 45% used [0x00000000c2400000,0x00000000c34c10a8,0x00000000c4880000)
 Metaspace       used 27080K, capacity 27714K, committed 28160K, reserved 1075200K
  class space    used 2932K, capacity 3238K, committed 3328K, reserved 1048576K
}
Event: 10,123 GC heap before
{Heap before GC invocations=11 (full 1):
 PSYoungGen      total 128512K, used 125361K [0x00000000eb700000, 0x00000000f7800000, 0x0000000100000000)
  eden space 120320K, 100% used [0x00000000eb700000,0x00000000f2c80000,0x00000000f2c80000)
  from space 8192K, 61% used [0x00000000f2c80000,0x00000000f316c538,0x00000000f3480000)
  to   space 8192K, 0% used [0x00000000f7000000,0x00000000f7000000,0x00000000f7800000)
 ParOldGen       total 37376K, used 17156K [0x00000000c2400000, 0x00000000c4880000, 0x00000000eb700000)
  object space 37376K, 45% used [0x00000000c2400000,0x00000000c34c10a8,0x00000000c4880000)
 Metaspace       used 27096K, capacity 27714K, committed 28160K, reserved 1075200K
  class space    used 2932K, capacity 3238K, committed 3328K, reserved 1048576K
Event: 10,173 GC heap after
Heap after GC invocations=11 (full 1):
 PSYoungGen      total 189952K, used 5001K [0x00000000eb700000, 0x00000000f7880000, 0x0000000100000000)
  eden space 181760K, 0% used [0x00000000eb700000,0x00000000eb700000,0x00000000f6880000)
  from space 8192K, 61% used [0x00000000f7000000,0x00000000f74e27b8,0x00000000f7800000)
  to   space 7680K, 0% used [0x00000000f6880000,0x00000000f6880000,0x00000000f7000000)
 ParOldGen       total 37376K, used 19380K [0x00000000c2400000, 0x00000000c4880000, 0x00000000eb700000)
  object space 37376K, 51% used [0x00000000c2400000,0x00000000c36ed0a8,0x00000000c4880000)
 Metaspace       used 27096K, capacity 27714K, committed 28160K, reserved 1075200K
  class space    used 2932K, capacity 3238K, committed 3328K, reserved 1048576K
}

Deoptimization events (10 events):
Event: 10,375 Thread 0x00007f8a00c8c000 Uncommon trap: reason=unstable_if action=reinterpret pc=0x00007f8a2953fd00 method=java.util.concurrent.ConcurrentHashMap.putVal(Ljava/lang/Object;Ljava/lang/Object;Z)Ljava/lang/Object; @ 206
Event: 11,111 Thread 0x00007f8a00c8c000 Uncommon trap: reason=unstable_if action=reinterpret pc=0x00007f8a2988c5a4 method=java.io.ObjectInputStream$PeekInputStream.read()I @ 4
Event: 11,111 Thread 0x00007f8a00c8c000 Uncommon trap: reason=null_check action=make_not_entrant pc=0x00007f8a298b9bf0 method=java.io.ObjectInputStream.readClassDesc(Z)Ljava/io/ObjectStreamClass; @ 56
Event: 11,111 Thread 0x00007f8a00c8c000 Uncommon trap: reason=unstable_if action=reinterpret pc=0x00007f8a298cdf80 method=java.io.ObjectStreamClass.getClassDataLayout()[Ljava/io/ObjectStreamClass$ClassDataSlot; @ 4
Event: 11,111 Thread 0x00007f8a00c8c000 Uncommon trap: reason=unstable_if action=reinterpret pc=0x00007f8a298b1b50 method=java.io.ObjectInputStream$BlockDataInputStream.readInt()I @ 38
Event: 11,527 Thread 0x00007f8a38485800 Uncommon trap: reason=unstable_if action=reinterpret pc=0x00007f8a29368ba8 method=java.util.HashMap.hash(Ljava/lang/Object;)I @ 1
Event: 11,561 Thread 0x00007f8a00c8c000 Uncommon trap: reason=unstable_if action=reinterpret pc=0x00007f8a294d7538 method=sun.misc.FloatingDecimal$BinaryToASCIIBuffer.dtoa(IJIZ)V @ 1056
Event: 11,573 Thread 0x00007f8a38485800 Uncommon trap: reason=unstable_if action=reinterpret pc=0x00007f8a291ee3c0 method=sun.misc.FloatingDecimal$BinaryToASCIIBuffer.getChars([C)I @ 150
Event: 11,688 Thread 0x00007f8a00c8c000 Uncommon trap: reason=unstable_if action=reinterpret pc=0x00007f8a299313f8 method=jot.math.graph.Node.equals(Ljava/lang/Object;)Z @ 25
Event: 12,076 Thread 0x00007f8a38485800 Uncommon trap: reason=unstable_if action=reinterpret pc=0x00007f8a293aa9f4 method=sun.invoke.util.VerifyAccess.isSamePackage(Ljava/lang/Class;Ljava/lang/Class;)Z @ 101

Internal exceptions (10 events):
Event: 0,357 Thread 0x00007f8a3800c000 Exception <a 'java/security/PrivilegedActionException'> (0x00000000eba2a180) thrown at [/HUDSON3/workspace/8-2-build-linux-amd64/jdk8u141/9370/hotspot/src/share/vm/prims/jvm.cpp, line 1390]
Event: 0,357 Thread 0x00007f8a3800c000 Exception <a 'java/security/PrivilegedActionException'> (0x00000000eba2c6a8) thrown at [/HUDSON3/workspace/8-2-build-linux-amd64/jdk8u141/9370/hotspot/src/share/vm/prims/jvm.cpp, line 1390]
Event: 0,357 Thread 0x00007f8a3800c000 Exception <a 'java/security/PrivilegedActionException'> (0x00000000eba2c8b8) thrown at [/HUDSON3/workspace/8-2-build-linux-amd64/jdk8u141/9370/hotspot/src/share/vm/prims/jvm.cpp, line 1390]
Event: 0,515 Thread 0x00007f8a3800c000 Exception <a 'java/lang/NoSuchFieldError': method resolution failed> (0x00000000ebb58c98) thrown at [/HUDSON3/workspace/8-2-build-linux-amd64/jdk8u141/9370/hotspot/src/share/vm/prims/methodHandles.cpp, line 1146]
Event: 0,520 Thread 0x00007f8a3800c000 Exception <a 'java/lang/NoSuchFieldError': method resolution failed> (0x00000000ebb66098) thrown at [/HUDSON3/workspace/8-2-build-linux-amd64/jdk8u141/9370/hotspot/src/share/vm/prims/methodHandles.cpp, line 1146]
Event: 1,975 Thread 0x00007f8a3800c000 Exception <a 'java/io/FileNotFoundException'> (0x00000000eb79b4a0) thrown at [/HUDSON3/workspace/8-2-build-linux-amd64/jdk8u141/9370/hotspot/src/share/vm/prims/jni.cpp, line 709]
Event: 1,975 Thread 0x00007f8a3800c000 Exception <a 'java/io/FileNotFoundException'> (0x00000000eb79be60) thrown at [/HUDSON3/workspace/8-2-build-linux-amd64/jdk8u141/9370/hotspot/src/share/vm/prims/jni.cpp, line 709]
Event: 6,576 Thread 0x00007f8a38485800 Implicit null exception at 0x00007f8a2952f85b to 0x00007f8a2952ff0d
Event: 11,111 Thread 0x00007f8a00c8c000 Implicit null exception at 0x00007f8a298b8bc0 to 0x00007f8a298b9be1
Event: 11,527 Thread 0x00007f8a38485800 Implicit null exception at 0x00007f8a29368b2f to 0x00007f8a29368b99

Events (10 events):
Event: 15,419 Executing VM operation: RevokeBias done
Event: 15,419 Thread 0x00007f8a38485800 Thread exited: 0x00007f8a38485800
Event: 15,420 loading class java/util/concurrent/ConcurrentHashMap$ValueSpliterator
Event: 15,445 loading class java/util/concurrent/ConcurrentHashMap$ValueSpliterator done
Event: 15,445 loading class com/jogamp/opengl/GL2
Event: 15,445 loading class com/jogamp/opengl/GL2 done
Event: 15,445 loading class com/jogamp/opengl/util/texture/Texture
Event: 15,445 loading class com/jogamp/opengl/util/texture/Texture done
Event: 15,445 loading class com/jogamp/opengl/GL2
Event: 15,445 loading class com/jogamp/opengl/GL2 done


Dynamic libraries:
00400000-00401000 r-xp 00000000 08:05 1705414                            /usr/local/java/jdk1.8.0_141/bin/java
00600000-00601000 rw-p 00000000 08:05 1705414                            /usr/local/java/jdk1.8.0_141/bin/java
0119a000-011bb000 rw-p 00000000 00:00 0                                  [heap]
41104000-411a0000 rw-p 00000000 00:00 0 
41785000-41787000 r-xs 00000000 08:05 11272413                           /tmp/.gld5AFnL (deleted)
41a8a000-41b26000 rw-p 00000000 00:00 0 
c2400000-c4880000 rw-p 00000000 00:00 0 
c4880000-eb700000 ---p 00000000 00:00 0 
eb700000-f7880000 rw-p 00000000 00:00 0 
f7880000-100000000 ---p 00000000 00:00 0 
100000000-100340000 rw-p 00000000 00:00 0 
100340000-140000000 ---p 00000000 00:00 0 
7f89d0357000-7f89d0757000 rw-s a1d34000 00:06 523                        /dev/nvidiactl
7f89d0757000-7f89d0817000 rw-p 00000000 00:00 0 
7f89d0817000-7f89d0957000 ---p 00000000 00:00 0 
7f89d0957000-7f89d0b57000 rw-s 18b5d000 00:06 523                        /dev/nvidiactl
7f89d0b57000-7f89d0d57000 rw-p 00000000 00:00 0 
7f89d0d57000-7f89d1157000 rw-s 0a72e000 00:06 523                        /dev/nvidiactl
7f89d1157000-7f89d1357000 rw-s 066ce000 00:06 523                        /dev/nvidiactl
7f89d1357000-7f89d1598000 rw-p 00000000 00:00 0 
7f89d1648000-7f89d164b000 ---p 00000000 00:00 0 
7f89d164b000-7f89d1949000 rw-p 00000000 00:00 0 
7f89d1949000-7f89d19b2000 r-xp 00000000 08:05 2098515                    /usr/local/java/jdk1.8.0_141/jre/lib/amd64/libt2k.so
7f89d19b2000-7f89d1bb2000 ---p 00069000 08:05 2098515                    /usr/local/java/jdk1.8.0_141/jre/lib/amd64/libt2k.so
7f89d1bb2000-7f89d1bb9000 rw-p 00069000 08:05 2098515                    /usr/local/java/jdk1.8.0_141/jre/lib/amd64/libt2k.so
7f89d1bb9000-7f89d1bc9000 rw-p 00000000 00:00 0 
7f89d1d09000-7f89d1d0c000 ---p 00000000 00:00 0 
7f89d1d0c000-7f89d200a000 rw-p 00000000 00:00 0 
7f89d200a000-7f89d600b000 rw-s 00000000 00:13 7                          /dev/shm/pulse-shm-3767823904
7f89d600b000-7f89da00c000 rw-s 00000000 00:13 24                         /dev/shm/pulse-shm-70422021
7f89da00c000-7f89da00d000 ---p 00000000 00:00 0 
7f89da00d000-7f89da80d000 rw-p 00000000 00:00 0 
7f89da80d000-7f89da837000 r-xp 00000000 08:05 11414085                   /usr/lib/x86_64-linux-gnu/libvorbis.so.0.4.8
7f89da837000-7f89daa37000 ---p 0002a000 08:05 11414085                   /usr/lib/x86_64-linux-gnu/libvorbis.so.0.4.8
7f89daa37000-7f89daa38000 r--p 0002a000 08:05 11414085                   /usr/lib/x86_64-linux-gnu/libvorbis.so.0.4.8
7f89daa38000-7f89daa39000 rw-p 0002b000 08:05 11414085                   /usr/lib/x86_64-linux-gnu/libvorbis.so.0.4.8
7f89daa39000-7f89daa40000 r-xp 00000000 08:05 11413751                   /usr/lib/x86_64-linux-gnu/libogg.so.0.8.2
7f89daa40000-7f89dac40000 ---p 00007000 08:05 11413751                   /usr/lib/x86_64-linux-gnu/libogg.so.0.8.2
7f89dac40000-7f89dac41000 r--p 00007000 08:05 11413751                   /usr/lib/x86_64-linux-gnu/libogg.so.0.8.2
7f89dac41000-7f89dac42000 rw-p 00008000 08:05 11413751                   /usr/lib/x86_64-linux-gnu/libogg.so.0.8.2
7f89dac42000-7f89dacb0000 r-xp 00000000 08:05 1839749                    /lib/x86_64-linux-gnu/libpcre.so.3.13.2
7f89dacb0000-7f89daeb0000 ---p 0006e000 08:05 1839749                    /lib/x86_64-linux-gnu/libpcre.so.3.13.2
7f89daeb0000-7f89daeb1000 r--p 0006e000 08:05 1839749                    /lib/x86_64-linux-gnu/libpcre.so.3.13.2
7f89daeb1000-7f89daeb2000 rw-p 0006f000 08:05 1839749                    /lib/x86_64-linux-gnu/libpcre.so.3.13.2
7f89daeb2000-7f89daec9000 r-xp 00000000 08:05 1836653                    /lib/x86_64-linux-gnu/libresolv-2.23.so
7f89daec9000-7f89db0c9000 ---p 00017000 08:05 1836653                    /lib/x86_64-linux-gnu/libresolv-2.23.so
7f89db0c9000-7f89db0ca000 r--p 00017000 08:05 1836653                    /lib/x86_64-linux-gnu/libresolv-2.23.so
7f89db0ca000-7f89db0cb000 rw-p 00018000 08:05 1836653                    /lib/x86_64-linux-gnu/libresolv-2.23.so
7f89db0cb000-7f89db0cd000 rw-p 00000000 00:00 0 
7f89db0cd000-7f89db15a000 r-xp 00000000 08:05 11414087                   /usr/lib/x86_64-linux-gnu/libvorbisenc.so.2.0.11
7f89db15a000-7f89db359000 ---p 0008d000 08:05 11414087                   /usr/lib/x86_64-linux-gnu/libvorbisenc.so.2.0.11
7f89db359000-7f89db375000 r--p 0008c000 08:05 11414087                   /usr/lib/x86_64-linux-gnu/libvorbisenc.so.2.0.11
7f89db375000-7f89db376000 rw-p 000a8000 08:05 11414087                   /usr/lib/x86_64-linux-gnu/libvorbisenc.so.2.0.11
7f89db376000-7f89db3e9000 r-xp 00000000 08:05 11412614                   /usr/lib/x86_64-linux-gnu/libFLAC.so.8.3.0
7f89db3e9000-7f89db5e9000 ---p 00073000 08:05 11412614                   /usr/lib/x86_64-linux-gnu/libFLAC.so.8.3.0
7f89db5e9000-7f89db5ea000 r--p 00073000 08:05 11412614                   /usr/lib/x86_64-linux-gnu/libFLAC.so.8.3.0
7f89db5ea000-7f89db5eb000 rw-p 00074000 08:05 11412614                   /usr/lib/x86_64-linux-gnu/libFLAC.so.8.3.0
7f89db5eb000-7f89db60c000 r-xp 00000000 08:05 1839687                    /lib/x86_64-linux-gnu/liblzma.so.5.0.0
7f89db60c000-7f89db80b000 ---p 00021000 08:05 1839687                    /lib/x86_64-linux-gnu/liblzma.so.5.0.0
7f89db80b000-7f89db80c000 r--p 00020000 08:05 1839687                    /lib/x86_64-linux-gnu/liblzma.so.5.0.0
7f89db80c000-7f89db80d000 rw-p 00021000 08:05 1839687                    /lib/x86_64-linux-gnu/liblzma.so.5.0.0
7f89db80d000-7f89db82c000 r-xp 00000000 08:05 1839778                    /lib/x86_64-linux-gnu/libselinux.so.1
7f89db82c000-7f89dba2b000 ---p 0001f000 08:05 1839778                    /lib/x86_64-linux-gnu/libselinux.so.1
7f89dba2b000-7f89dba2c000 r--p 0001e000 08:05 1839778                    /lib/x86_64-linux-gnu/libselinux.so.1
7f89dba2c000-7f89dba2d000 rw-p 0001f000 08:05 1839778                    /lib/x86_64-linux-gnu/libselinux.so.1
7f89dba2d000-7f89dba2f000 rw-p 00000000 00:00 0 
7f89dba2f000-7f89dba34000 r-xp 00000000 08:05 11412867                   /usr/lib/x86_64-linux-gnu/libasyncns.so.0.3.1
7f89dba34000-7f89dbc33000 ---p 00005000 08:05 11412867                   /usr/lib/x86_64-linux-gnu/libasyncns.so.0.3.1
7f89dbc33000-7f89dbc34000 r--p 00004000 08:05 11412867                   /usr/lib/x86_64-linux-gnu/libasyncns.so.0.3.1
7f89dbc34000-7f89dbc35000 rw-p 00005000 08:05 11412867                   /usr/lib/x86_64-linux-gnu/libasyncns.so.0.3.1
7f89dbc35000-7f89dbc97000 r-xp 00000000 08:05 11409293                   /usr/lib/x86_64-linux-gnu/libsndfile.so.1.0.25
7f89dbc97000-7f89dbe97000 ---p 00062000 08:05 11409293                   /usr/lib/x86_64-linux-gnu/libsndfile.so.1.0.25
7f89dbe97000-7f89dbe99000 r--p 00062000 08:05 11409293                   /usr/lib/x86_64-linux-gnu/libsndfile.so.1.0.25
7f89dbe99000-7f89dbe9a000 rw-p 00064000 08:05 11409293                   /usr/lib/x86_64-linux-gnu/libsndfile.so.1.0.25
7f89dbe9a000-7f89dbe9e000 rw-p 00000000 00:00 0 
7f89dbe9e000-7f89dbea6000 r-xp 00000000 08:05 1839806                    /lib/x86_64-linux-gnu/libwrap.so.0.7.6
7f89dbea6000-7f89dc0a5000 ---p 00008000 08:05 1839806                    /lib/x86_64-linux-gnu/libwrap.so.0.7.6
7f89dc0a5000-7f89dc0a6000 r--p 00007000 08:05 1839806                    /lib/x86_64-linux-gnu/libwrap.so.0.7.6
7f89dc0a6000-7f89dc0a7000 rw-p 00008000 08:05 1839806                    /lib/x86_64-linux-gnu/libwrap.so.0.7.6
7f89dc0a7000-7f89dc0a8000 rw-p 00000000 00:00 0 
7f89dc0a8000-7f89dc128000 r-xp 00000000 08:05 1840664                    /lib/x86_64-linux-gnu/libsystemd.so.0.14.0
7f89dc128000-7f89dc12b000 r--p 0007f000 08:05 1840664                    /lib/x86_64-linux-gnu/libsystemd.so.0.14.0
7f89dc12b000-7f89dc12c000 rw-p 00082000 08:05 1840664                    /lib/x86_64-linux-gnu/libsystemd.so.0.14.0
7f89dc12c000-7f89dc12d000 rw-p 00000000 00:00 0 
7f89dc12d000-7f89dc177000 r-xp 00000000 08:05 1836611                    /lib/x86_64-linux-gnu/libdbus-1.so.3.14.6
7f89dc177000-7f89dc377000 ---p 0004a000 08:05 1836611                    /lib/x86_64-linux-gnu/libdbus-1.so.3.14.6
7f89dc377000-7f89dc378000 r--p 0004a000 08:05 1836611                    /lib/x86_64-linux-gnu/libdbus-1.so.3.14.6
7f89dc378000-7f89dc379000 rw-p 0004b000 08:05 1836611                    /lib/x86_64-linux-gnu/libdbus-1.so.3.14.6
7f89dc379000-7f89dc3f3000 r-xp 00000000 08:05 11798505                   /usr/lib/x86_64-linux-gnu/pulseaudio/libpulsecommon-8.0.so
7f89dc3f3000-7f89dc5f2000 ---p 0007a000 08:05 11798505                   /usr/lib/x86_64-linux-gnu/pulseaudio/libpulsecommon-8.0.so
7f89dc5f2000-7f89dc5f3000 r--p 00079000 08:05 11798505                   /usr/lib/x86_64-linux-gnu/pulseaudio/libpulsecommon-8.0.so
7f89dc5f3000-7f89dc5f4000 rw-p 0007a000 08:05 11798505                   /usr/lib/x86_64-linux-gnu/pulseaudio/libpulsecommon-8.0.so
7f89dc5f4000-7f89dc5fe000 r-xp 00000000 08:05 1839679                    /lib/x86_64-linux-gnu/libjson-c.so.2.0.0
7f89dc5fe000-7f89dc7fd000 ---p 0000a000 08:05 1839679                    /lib/x86_64-linux-gnu/libjson-c.so.2.0.0
7f89dc7fd000-7f89dc7fe000 r--p 00009000 08:05 1839679                    /lib/x86_64-linux-gnu/libjson-c.so.2.0.0
7f89dc7fe000-7f89dc7ff000 rw-p 0000a000 08:05 1839679                    /lib/x86_64-linux-gnu/libjson-c.so.2.0.0
7f89dc7ff000-7f89dc84d000 r-xp 00000000 08:05 11405634                   /usr/lib/x86_64-linux-gnu/libpulse.so.0.19.0
7f89dc84d000-7f89dca4d000 ---p 0004e000 08:05 11405634                   /usr/lib/x86_64-linux-gnu/libpulse.so.0.19.0
7f89dca4d000-7f89dca4e000 r--p 0004e000 08:05 11405634                   /usr/lib/x86_64-linux-gnu/libpulse.so.0.19.0
7f89dca4e000-7f89dca4f000 rw-p 0004f000 08:05 11405634                   /usr/lib/x86_64-linux-gnu/libpulse.so.0.19.0
7f89dca4f000-7f89dca5d000 r-xp 00000000 08:05 11272414                   /tmp/jogamp_0000/file_cache/jln8222832671990042266/jln892533412928346978/natives/linux-amd64/libjoal.so
7f89dca5d000-7f89dcc5c000 ---p 0000e000 08:05 11272414                   /tmp/jogamp_0000/file_cache/jln8222832671990042266/jln892533412928346978/natives/linux-amd64/libjoal.so
7f89dcc5c000-7f89dcc5d000 rw-p 0000d000 08:05 11272414                   /tmp/jogamp_0000/file_cache/jln8222832671990042266/jln892533412928346978/natives/linux-amd64/libjoal.so
7f89dcc5d000-7f89dccc6000 r-xp 00000000 08:05 11414836                   /usr/lib/x86_64-linux-gnu/libopenal.so.1.16.0
7f89dccc6000-7f89dcec5000 ---p 00069000 08:05 11414836                   /usr/lib/x86_64-linux-gnu/libopenal.so.1.16.0
7f89dcec5000-7f89dcec9000 r--p 00068000 08:05 11414836                   /usr/lib/x86_64-linux-gnu/libopenal.so.1.16.0
7f89dcec9000-7f89dceca000 rw-p 0006c000 08:05 11414836                   /usr/lib/x86_64-linux-gnu/libopenal.so.1.16.0
7f89dceca000-7f89dcecd000 rw-p 00000000 00:00 0 
7f89dcf1b000-7f89dd01b000 rw-s 21344000 00:06 523                        /dev/nvidiactl
7f89dd01b000-7f89dd025000 r-xp 00000000 08:05 11412801                   /usr/lib/x86_64-linux-gnu/libXrandr.so.2.2.0
7f89dd025000-7f89dd224000 ---p 0000a000 08:05 11412801                   /usr/lib/x86_64-linux-gnu/libXrandr.so.2.2.0
7f89dd224000-7f89dd225000 r--p 00009000 08:05 11412801                   /usr/lib/x86_64-linux-gnu/libXrandr.so.2.2.0
7f89dd225000-7f89dd226000 rw-p 0000a000 08:05 11412801                   /usr/lib/x86_64-linux-gnu/libXrandr.so.2.2.0
7f89dd234000-7f89dd274000 rw-s 2bb60000 00:06 523                        /dev/nvidiactl
7f89dd274000-7f89dd285000 r-xp 00000000 08:05 11272412                   /tmp/jogamp_0000/file_cache/jln8222832671990042266/jln892533412928346978/natives/linux-amd64/libnewt.so
7f89dd285000-7f89dd484000 ---p 00011000 08:05 11272412                   /tmp/jogamp_0000/file_cache/jln8222832671990042266/jln892533412928346978/natives/linux-amd64/libnewt.so
7f89dd484000-7f89dd485000 rw-p 00010000 08:05 11272412                   /tmp/jogamp_0000/file_cache/jln8222832671990042266/jln892533412928346978/natives/linux-amd64/libnewt.so
7f89dd485000-7f89dd505000 rw-s 10202000 00:06 523                        /dev/nvidiactl
7f89dd505000-7f89dd507000 r-xp 00000000 08:05 11412793                   /usr/lib/x86_64-linux-gnu/libXinerama.so.1.0.0
7f89dd507000-7f89dd706000 ---p 00002000 08:05 11412793                   /usr/lib/x86_64-linux-gnu/libXinerama.so.1.0.0
7f89dd706000-7f89dd707000 r--p 00001000 08:05 11412793                   /usr/lib/x86_64-linux-gnu/libXinerama.so.1.0.0
7f89dd707000-7f89dd708000 rw-p 00002000 08:05 11412793                   /usr/lib/x86_64-linux-gnu/libXinerama.so.1.0.0
7f89dd708000-7f89dd73f000 r-xp 00000000 08:05 11414039                   /usr/lib/x86_64-linux-gnu/libtxc_dxtn_s2tc.so.0.0.0
7f89dd73f000-7f89dd93e000 ---p 00037000 08:05 11414039                   /usr/lib/x86_64-linux-gnu/libtxc_dxtn_s2tc.so.0.0.0
7f89dd93e000-7f89dd93f000 r--p 00036000 08:05 11414039                   /usr/lib/x86_64-linux-gnu/libtxc_dxtn_s2tc.so.0.0.0
7f89dd93f000-7f89dd940000 rw-p 00037000 08:05 11414039                   /usr/lib/x86_64-linux-gnu/libtxc_dxtn_s2tc.so.0.0.0
7f89dd940000-7f89dd941000 ---p 00000000 00:00 0 
7f89dd941000-7f89de141000 rw-p 00000000 00:00 0 
7f89de141000-7f89de142000 ---p 00000000 00:00 0 
7f89de142000-7f89de942000 rw-p 00000000 00:00 0 
7f89de942000-7f89de955000 r-xp 00000000 08:05 1839616                    /lib/x86_64-linux-gnu/libbsd.so.0.8.2
7f89de955000-7f89deb54000 ---p 00013000 08:05 1839616                    /lib/x86_64-linux-gnu/libbsd.so.0.8.2
7f89deb54000-7f89deb55000 r--p 00012000 08:05 1839616                    /lib/x86_64-linux-gnu/libbsd.so.0.8.2
7f89deb55000-7f89deb56000 rw-p 00013000 08:05 1839616                    /lib/x86_64-linux-gnu/libbsd.so.0.8.2
7f89deb56000-7f89deb57000 rw-p 00000000 00:00 0 
7f89deb57000-7f89deb7c000 r-xp 00000000 08:05 1839792                    /lib/x86_64-linux-gnu/libtinfo.so.5.9
7f89deb7c000-7f89ded7b000 ---p 00025000 08:05 1839792                    /lib/x86_64-linux-gnu/libtinfo.so.5.9
7f89ded7b000-7f89ded7f000 r--p 00024000 08:05 1839792                    /lib/x86_64-linux-gnu/libtinfo.so.5.9
7f89ded7f000-7f89ded80000 rw-p 00028000 08:05 1839792                    /lib/x86_64-linux-gnu/libtinfo.so.5.9
7f89ded80000-7f89dedb1000 r-xp 00000000 08:05 11413116                   /usr/lib/x86_64-linux-gnu/libedit.so.2.0.53
7f89dedb1000-7f89defb1000 ---p 00031000 08:05 11413116                   /usr/lib/x86_64-linux-gnu/libedit.so.2.0.53
7f89defb1000-7f89defb3000 r--p 00031000 08:05 11413116                   /usr/lib/x86_64-linux-gnu/libedit.so.2.0.53
7f89defb3000-7f89defb4000 rw-p 00033000 08:05 11413116                   /usr/lib/x86_64-linux-gnu/libedit.so.2.0.53
7f89defb4000-7f89defb8000 rw-p 00000000 00:00 0 
7f89defb8000-7f89defd1000 r-xp 00000000 08:05 1836596                    /lib/x86_64-linux-gnu/libz.so.1.2.8
7f89defd1000-7f89df1d0000 ---p 00019000 08:05 1836596                    /lib/x86_64-linux-gnu/libz.so.1.2.8
7f89df1d0000-7f89df1d1000 r--p 00018000 08:05 1836596                    /lib/x86_64-linux-gnu/libz.so.1.2.8
7f89df1d1000-7f89df1d2000 rw-p 00019000 08:05 1836596                    /lib/x86_64-linux-gnu/libz.so.1.2.8
7f89df1d2000-7f89df1e4000 r-xp 00000000 08:05 1839664                    /lib/x86_64-linux-gnu/libgpg-error.so.0.17.0
7f89df1e4000-7f89df3e4000 ---p 00012000 08:05 1839664                    /lib/x86_64-linux-gnu/libgpg-error.so.0.17.0
7f89df3e4000-7f89df3e5000 r--p 00012000 08:05 1839664                    /lib/x86_64-linux-gnu/libgpg-error.so.0.17.0
7f89df3e5000-7f89df3e6000 rw-p 00013000 08:05 1839664                    /lib/x86_64-linux-gnu/libgpg-error.so.0.17.0
7f89df3e6000-7f89df560000 r-xp 00000000 08:05 11413561                   /usr/lib/x86_64-linux-gnu/libstdc++.so.6.0.23
7f89df560000-7f89df760000 ---p 0017a000 08:05 11413561                   /usr/lib/x86_64-linux-gnu/libstdc++.so.6.0.23
7f89df760000-7f89df76a000 r--p 0017a000 08:05 11413561                   /usr/lib/x86_64-linux-gnu/libstdc++.so.6.0.23
7f89df76a000-7f89df76c000 rw-p 00184000 08:05 11413561                   /usr/lib/x86_64-linux-gnu/libstdc++.so.6.0.23
7f89df76c000-7f89df770000 rw-p 00000000 00:00 0 
7f89df770000-7f89e1c62000 r-xp 00000000 08:05 11412646                   /usr/lib/x86_64-linux-gnu/libLLVM-3.8.so.1
7f89e1c62000-7f89e1e62000 ---p 024f2000 08:05 11412646                   /usr/lib/x86_64-linux-gnu/libLLVM-3.8.so.1
7f89e1e62000-7f89e2117000 r--p 024f2000 08:05 11412646                   /usr/lib/x86_64-linux-gnu/libLLVM-3.8.so.1
7f89e2117000-7f89e2119000 rw-p 027a7000 08:05 11412646                   /usr/lib/x86_64-linux-gnu/libLLVM-3.8.so.1
7f89e2119000-7f89e2143000 rw-p 00000000 00:00 0 
7f89e2143000-7f89e215a000 r-xp 00000000 08:05 11413121                   /usr/lib/x86_64-linux-gnu/libelf-0.165.so
7f89e215a000-7f89e2359000 ---p 00017000 08:05 11413121                   /usr/lib/x86_64-linux-gnu/libelf-0.165.so
7f89e2359000-7f89e235a000 r--p 00016000 08:05 11413121                   /usr/lib/x86_64-linux-gnu/libelf-0.165.so
7f89e235a000-7f89e235b000 rw-p 00017000 08:05 11413121                   /usr/lib/x86_64-linux-gnu/libelf-0.165.so
7f89e235b000-7f89e2362000 r-xp 00000000 08:05 11408476                   /usr/lib/x86_64-linux-gnu/libdrm_amdgpu.so.1.0.0
7f89e2362000-7f89e2561000 ---p 00007000 08:05 11408476                   /usr/lib/x86_64-linux-gnu/libdrm_amdgpu.so.1.0.0
7f89e2561000-7f89e2562000 r--p 00006000 08:05 11408476                   /usr/lib/x86_64-linux-gnu/libdrm_amdgpu.so.1.0.0
7f89e2562000-7f89e2563000 rw-p 00007000 08:05 11408476                   /usr/lib/x86_64-linux-gnu/libdrm_amdgpu.so.1.0.0
7f89e2563000-7f89e256e000 r-xp 00000000 08:05 11408482                   /usr/lib/x86_64-linux-gnu/libdrm_radeon.so.1.0.1
7f89e256e000-7f89e276d000 ---p 0000b000 08:05 11408482                   /usr/lib/x86_64-linux-gnu/libdrm_radeon.so.1.0.1
7f89e276d000-7f89e276e000 r--p 0000a000 08:05 11408482                   /usr/lib/x86_64-linux-gnu/libdrm_radeon.so.1.0.1
7f89e276e000-7f89e276f000 rw-p 0000b000 08:05 11408482                   /usr/lib/x86_64-linux-gnu/libdrm_radeon.so.1.0.1
7f89e276f000-7f89e2776000 r-xp 00000000 08:05 11408480                   /usr/lib/x86_64-linux-gnu/libdrm_nouveau.so.2.0.0
7f89e2776000-7f89e2975000 ---p 00007000 08:05 11408480                   /usr/lib/x86_64-linux-gnu/libdrm_nouveau.so.2.0.0
7f89e2975000-7f89e2976000 r--p 00006000 08:05 11408480                   /usr/lib/x86_64-linux-gnu/libdrm_nouveau.so.2.0.0
7f89e2976000-7f89e2977000 rw-p 00007000 08:05 11408480                   /usr/lib/x86_64-linux-gnu/libdrm_nouveau.so.2.0.0
7f89e2977000-7f89e2a4f000 r-xp 00000000 08:05 1835377                    /lib/x86_64-linux-gnu/libgcrypt.so.20.0.5
7f89e2a4f000-7f89e2c4e000 ---p 000d8000 08:05 1835377                    /lib/x86_64-linux-gnu/libgcrypt.so.20.0.5
7f89e2c4e000-7f89e2c4f000 r--p 000d7000 08:05 1835377                    /lib/x86_64-linux-gnu/libgcrypt.so.20.0.5
7f89e2c4f000-7f89e2c57000 rw-p 000d8000 08:05 1835377                    /lib/x86_64-linux-gnu/libgcrypt.so.20.0.5
7f89e2c57000-7f89e2c58000 rw-p 00000000 00:00 0 
7f89e2c58000-7f89e3550000 r-xp 00000000 08:05 11798821                   /usr/lib/x86_64-linux-gnu/dri/swrast_dri.so
7f89e3550000-7f89e3750000 ---p 008f8000 08:05 11798821                   /usr/lib/x86_64-linux-gnu/dri/swrast_dri.so
7f89e3750000-7f89e3789000 r--p 008f8000 08:05 11798821                   /usr/lib/x86_64-linux-gnu/dri/swrast_dri.so
7f89e3789000-7f89e3795000 rw-p 00931000 08:05 11798821                   /usr/lib/x86_64-linux-gnu/dri/swrast_dri.so
7f89e3795000-7f89e398c000 rw-p 00000000 00:00 0 
7f89e398c000-7f89e39e8000 r-xp 00000000 08:05 11272407                   /tmp/jogamp_0000/file_cache/jln8222832671990042266/jln892533412928346978/natives/linux-amd64/libjogl_mobile.so
7f89e39e8000-7f89e3be8000 ---p 0005c000 08:05 11272407                   /tmp/jogamp_0000/file_cache/jln8222832671990042266/jln892533412928346978/natives/linux-amd64/libjogl_mobile.so
7f89e3be8000-7f89e3be9000 rw-p 0005c000 08:05 11272407                   /tmp/jogamp_0000/file_cache/jln8222832671990042266/jln892533412928346978/natives/linux-amd64/libjogl_mobile.so
7f89e3be9000-7f89e3bf0000 r-xp 00000000 08:05 11413159                   /usr/lib/x86_64-linux-gnu/libffi.so.6.0.4
7f89e3bf0000-7f89e3def000 ---p 00007000 08:05 11413159                   /usr/lib/x86_64-linux-gnu/libffi.so.6.0.4
7f89e3def000-7f89e3df0000 r--p 00006000 08:05 11413159                   /usr/lib/x86_64-linux-gnu/libffi.so.6.0.4
7f89e3df0000-7f89e3df1000 rw-p 00007000 08:05 11413159                   /usr/lib/x86_64-linux-gnu/libffi.so.6.0.4
7f89e3df1000-7f89e3dff000 r-xp 00000000 08:05 11408638                   /usr/lib/x86_64-linux-gnu/libdrm.so.2.4.0
7f89e3dff000-7f89e3ffe000 ---p 0000e000 08:05 11408638                   /usr/lib/x86_64-linux-gnu/libdrm.so.2.4.0
7f89e3ffe000-7f89e3fff000 r--p 0000d000 08:05 11408638                   /usr/lib/x86_64-linux-gnu/libdrm.so.2.4.0
7f89e3fff000-7f89e4000000 rw-p 0000e000 08:05 11408638                   /usr/lib/x86_64-linux-gnu/libdrm.so.2.4.0
7f89e4000000-7f89e440b000 rw-p 00000000 00:00 0 
7f89e440b000-7f89e8000000 ---p 00000000 00:00 0 
7f89e8010000-7f89e8017000 r--s 00000000 08:05 11802929                   /usr/lib/x86_64-linux-gnu/gconv/gconv-modules.cache
7f89e8017000-7f89e801e000 rw-s 048f2000 00:06 523                        /dev/nvidiactl
7f89e801e000-7f89e803e000 rw-s 58726000 00:06 523                        /dev/nvidiactl
7f89e803e000-7f89e813e000 rw-s bb657000 00:06 523                        /dev/nvidiactl
7f89e813e000-7f89e817e000 rw-s b8952000 00:06 523                        /dev/nvidiactl
7f89e817e000-7f89e81a4000 r-xp 00000000 08:05 1839960                    /lib/x86_64-linux-gnu/libexpat.so.1.6.0
7f89e81a4000-7f89e83a4000 ---p 00026000 08:05 1839960                    /lib/x86_64-linux-gnu/libexpat.so.1.6.0
7f89e83a4000-7f89e83a6000 r--p 00026000 08:05 1839960                    /lib/x86_64-linux-gnu/libexpat.so.1.6.0
7f89e83a6000-7f89e83a7000 rw-p 00028000 08:05 1839960                    /lib/x86_64-linux-gnu/libexpat.so.1.6.0
7f89e83a7000-7f89e83b4000 r-xp 00000000 08:05 11407388                   /usr/lib/x86_64-linux-gnu/libgbm.so.1.0.0
7f89e83b4000-7f89e85b3000 ---p 0000d000 08:05 11407388                   /usr/lib/x86_64-linux-gnu/libgbm.so.1.0.0
7f89e85b3000-7f89e85b4000 r--p 0000c000 08:05 11407388                   /usr/lib/x86_64-linux-gnu/libgbm.so.1.0.0
7f89e85b4000-7f89e85b5000 rw-p 0000d000 08:05 11407388                   /usr/lib/x86_64-linux-gnu/libgbm.so.1.0.0
7f89e85b5000-7f89e85c4000 r-xp 00000000 08:05 11414106                   /usr/lib/x86_64-linux-gnu/libwayland-server.so.0.1.0
7f89e85c4000-7f89e87c3000 ---p 0000f000 08:05 11414106                   /usr/lib/x86_64-linux-gnu/libwayland-server.so.0.1.0
7f89e87c3000-7f89e87c5000 r--p 0000e000 08:05 11414106                   /usr/lib/x86_64-linux-gnu/libwayland-server.so.0.1.0
7f89e87c5000-7f89e87c6000 rw-p 00010000 08:05 11414106                   /usr/lib/x86_64-linux-gnu/libwayland-server.so.0.1.0
7f89e87c6000-7f89e87d2000 r-xp 00000000 08:05 11414100                   /usr/lib/x86_64-linux-gnu/libwayland-client.so.0.3.0
7f89e87d2000-7f89e89d1000 ---p 0000c000 08:05 11414100                   /usr/lib/x86_64-linux-gnu/libwayland-client.so.0.3.0
7f89e89d1000-7f89e89d3000 r--p 0000b000 08:05 11414100                   /usr/lib/x86_64-linux-gnu/libwayland-client.so.0.3.0
7f89e89d3000-7f89e89d4000 rw-p 0000d000 08:05 11414100                   /usr/lib/x86_64-linux-gnu/libwayland-client.so.0.3.0
7f89e89d4000-7f89e89d5000 r-xp 00000000 08:05 11414234                   /usr/lib/x86_64-linux-gnu/libxshmfence.so.1.0.0
7f89e89d5000-7f89e8bd5000 ---p 00001000 08:05 11414234                   /usr/lib/x86_64-linux-gnu/libxshmfence.so.1.0.0
7f89e8bd5000-7f89e8bd6000 r--p 00001000 08:05 11414234                   /usr/lib/x86_64-linux-gnu/libxshmfence.so.1.0.0
7f89e8bd6000-7f89e8bd7000 rw-p 00002000 08:05 11414234                   /usr/lib/x86_64-linux-gnu/libxshmfence.so.1.0.0
7f89e8bd7000-7f89e8bdc000 r-xp 00000000 08:05 11414208                   /usr/lib/x86_64-linux-gnu/libxcb-sync.so.1.0.0
7f89e8bdc000-7f89e8ddc000 ---p 00005000 08:05 11414208                   /usr/lib/x86_64-linux-gnu/libxcb-sync.so.1.0.0
7f89e8ddc000-7f89e8ddd000 r--p 00005000 08:05 11414208                   /usr/lib/x86_64-linux-gnu/libxcb-sync.so.1.0.0
7f89e8ddd000-7f89e8dde000 rw-p 00006000 08:05 11414208                   /usr/lib/x86_64-linux-gnu/libxcb-sync.so.1.0.0
7f89e8dde000-7f89e8de4000 r-xp 00000000 08:05 11414212                   /usr/lib/x86_64-linux-gnu/libxcb-xfixes.so.0.0.0
7f89e8de4000-7f89e8fe4000 ---p 00006000 08:05 11414212                   /usr/lib/x86_64-linux-gnu/libxcb-xfixes.so.0.0.0
7f89e8fe4000-7f89e8fe5000 r--p 00006000 08:05 11414212                   /usr/lib/x86_64-linux-gnu/libxcb-xfixes.so.0.0.0
7f89e8fe5000-7f89e8fe6000 rw-p 00007000 08:05 11414212                   /usr/lib/x86_64-linux-gnu/libxcb-xfixes.so.0.0.0
7f89e8fe6000-7f89e8fe8000 r-xp 00000000 08:05 11414196                   /usr/lib/x86_64-linux-gnu/libxcb-present.so.0.0.0
7f89e8fe8000-7f89e91e7000 ---p 00002000 08:05 11414196                   /usr/lib/x86_64-linux-gnu/libxcb-present.so.0.0.0
7f89e91e7000-7f89e91e8000 r--p 00001000 08:05 11414196                   /usr/lib/x86_64-linux-gnu/libxcb-present.so.0.0.0
7f89e91e8000-7f89e91e9000 rw-p 00002000 08:05 11414196                   /usr/lib/x86_64-linux-gnu/libxcb-present.so.0.0.0
7f89e91e9000-7f89e91eb000 r-xp 00000000 08:05 11414186                   /usr/lib/x86_64-linux-gnu/libxcb-dri3.so.0.0.0
7f89e91eb000-7f89e93ea000 ---p 00002000 08:05 11414186                   /usr/lib/x86_64-linux-gnu/libxcb-dri3.so.0.0.0
7f89e93ea000-7f89e93eb000 r--p 00001000 08:05 11414186                   /usr/lib/x86_64-linux-gnu/libxcb-dri3.so.0.0.0
7f89e93eb000-7f89e93ec000 rw-p 00002000 08:05 11414186                   /usr/lib/x86_64-linux-gnu/libxcb-dri3.so.0.0.0
7f89e93ec000-7f89eadae000 r-xp 00000000 08:05 11540977                   /usr/lib/nvidia-340/libnvidia-glcore.so.340.102
7f89eadae000-7f89eadcc000 rwxp 019c2000 08:05 11540977                   /usr/lib/nvidia-340/libnvidia-glcore.so.340.102
7f89eadcc000-7f89eb24a000 r-xp 019e0000 08:05 11540977                   /usr/lib/nvidia-340/libnvidia-glcore.so.340.102
7f89eb24a000-7f89eb449000 ---p 01e5e000 08:05 11540977                   /usr/lib/nvidia-340/libnvidia-glcore.so.340.102
7f89eb449000-7f89ebfe3000 rw-p 01e5d000 08:05 11540977                   /usr/lib/nvidia-340/libnvidia-glcore.so.340.102
7f89ebfe3000-7f89ec000000 rw-p 00000000 00:00 0 
7f89ec000000-7f89ec3db000 rw-p 00000000 00:00 0 
7f89ec3db000-7f89f0000000 ---p 00000000 00:00 0 
7f89f0000000-7f89f02c4000 rw-p 00000000 00:00 0 
7f89f02c4000-7f89f4000000 ---p 00000000 00:00 0 
7f89f4004000-7f89f4005000 rw-s c0021000 00:06 533                        /dev/nvidia1
7f89f4005000-7f89f4006000 rw-s 46f5a000 00:06 523                        /dev/nvidiactl
7f89f4006000-7f89f4007000 rw-s f3c0e000 00:06 533                        /dev/nvidia1
7f89f4007000-7f89f4008000 rw-s f3641000 00:06 533                        /dev/nvidia1
7f89f4008000-7f89f4009000 rw-s b6679000 00:06 523                        /dev/nvidiactl
7f89f4009000-7f89f400a000 rw-s 03d23000 00:06 523                        /dev/nvidiactl
7f89f400a000-7f89f400c000 rw-s 00000000 08:05 11272413                   /tmp/.gld5AFnL (deleted)
7f89f400c000-7f89f4013000 rw-s b9e9b000 00:06 523                        /dev/nvidiactl
7f89f4013000-7f89f4014000 rw-s c001e000 00:06 533                        /dev/nvidia1
7f89f4014000-7f89f4018000 rw-s 0dc61000 00:06 523                        /dev/nvidiactl
7f89f4018000-7f89f4038000 rw-s ba386000 00:06 523                        /dev/nvidiactl
7f89f4038000-7f89f403b000 ---p 00000000 00:00 0 
7f89f403b000-7f89f4139000 rw-p 00000000 00:00 0 
7f89f4139000-7f89f413d000 r-xp 00000000 08:05 11414184                   /usr/lib/x86_64-linux-gnu/libxcb-dri2.so.0.0.0
7f89f413d000-7f89f433c000 ---p 00004000 08:05 11414184                   /usr/lib/x86_64-linux-gnu/libxcb-dri2.so.0.0.0
7f89f433c000-7f89f433d000 r--p 00003000 08:05 11414184                   /usr/lib/x86_64-linux-gnu/libxcb-dri2.so.0.0.0
7f89f433d000-7f89f433e000 rw-p 00004000 08:05 11414184                   /usr/lib/x86_64-linux-gnu/libxcb-dri2.so.0.0.0
7f89f433e000-7f89f433f000 r-xp 00000000 08:05 11412764                   /usr/lib/x86_64-linux-gnu/libX11-xcb.so.1.0.0
7f89f433f000-7f89f453e000 ---p 00001000 08:05 11412764                   /usr/lib/x86_64-linux-gnu/libX11-xcb.so.1.0.0
7f89f453e000-7f89f453f000 r--p 00000000 08:05 11412764                   /usr/lib/x86_64-linux-gnu/libX11-xcb.so.1.0.0
7f89f453f000-7f89f4540000 rw-p 00001000 08:05 11412764                   /usr/lib/x86_64-linux-gnu/libX11-xcb.so.1.0.0
7f89f4540000-7f89f4571000 r-xp 00000000 08:05 11798822                   /usr/lib/x86_64-linux-gnu/mesa-egl/libEGL.so.1.0.0
7f89f4571000-7f89f4771000 ---p 00031000 08:05 11798822                   /usr/lib/x86_64-linux-gnu/mesa-egl/libEGL.so.1.0.0
7f89f4771000-7f89f4772000 r--p 00031000 08:05 11798822                   /usr/lib/x86_64-linux-gnu/mesa-egl/libEGL.so.1.0.0
7f89f4772000-7f89f4773000 rw-p 00032000 08:05 11798822                   /usr/lib/x86_64-linux-gnu/mesa-egl/libEGL.so.1.0.0
7f89f4773000-7f89f4774000 rw-p 00000000 00:00 0 
7f89f4774000-7f89f479d000 r-xp 00000000 08:05 11408536                   /usr/lib/x86_64-linux-gnu/libglapi.so.0.0.0
7f89f479d000-7f89f499d000 ---p 00029000 08:05 11408536                   /usr/lib/x86_64-linux-gnu/libglapi.so.0.0.0
7f89f499d000-7f89f49a1000 r--p 00029000 08:05 11408536                   /usr/lib/x86_64-linux-gnu/libglapi.so.0.0.0
7f89f49a1000-7f89f49a2000 rw-p 0002d000 08:05 11408536                   /usr/lib/x86_64-linux-gnu/libglapi.so.0.0.0
7f89f49a2000-7f89f49a3000 rw-p 00000000 00:00 0 
7f89f49a3000-7f89f49ab000 r-xp 00000000 08:05 11798546                   /usr/lib/x86_64-linux-gnu/mesa-egl/libGLESv2.so.2.0.0
7f89f49ab000-7f89f4baa000 ---p 00008000 08:05 11798546                   /usr/lib/x86_64-linux-gnu/mesa-egl/libGLESv2.so.2.0.0
7f89f4baa000-7f89f4bab000 r--p 00007000 08:05 11798546                   /usr/lib/x86_64-linux-gnu/mesa-egl/libGLESv2.so.2.0.0
7f89f4bab000-7f89f4bac000 rw-p 00008000 08:05 11798546                   /usr/lib/x86_64-linux-gnu/mesa-egl/libGLESv2.so.2.0.0
7f89f4bac000-7f89f4baf000 ---p 00000000 00:00 0 
7f89f4baf000-7f89f4cad000 rw-p 00000000 00:00 0 
7f89f4cad000-7f89f4d65000 r-xp 00000000 08:05 11272406                   /tmp/jogamp_0000/file_cache/jln8222832671990042266/jln892533412928346978/natives/linux-amd64/libjogl_desktop.so
7f89f4d65000-7f89f4f65000 ---p 000b8000 08:05 11272406                   /tmp/jogamp_0000/file_cache/jln8222832671990042266/jln892533412928346978/natives/linux-amd64/libjogl_desktop.so
7f89f4f65000-7f89f4f66000 rw-p 000b8000 08:05 11272406                   /tmp/jogamp_0000/file_cache/jln8222832671990042266/jln892533412928346978/natives/linux-amd64/libjogl_desktop.so
7f89f4f66000-7f89f4f69000 r-xp 00000000 08:05 11540978                   /usr/lib/nvidia-340/tls/libnvidia-tls.so.340.102
7f89f4f69000-7f89f5168000 ---p 00003000 08:05 11540978                   /usr/lib/nvidia-340/tls/libnvidia-tls.so.340.102
7f89f5168000-7f89f5169000 rw-p 00002000 08:05 11540978                   /usr/lib/nvidia-340/tls/libnvidia-tls.so.340.102
7f89f5169000-7f89f5230000 r-xp 00000000 08:05 11540959                   /usr/lib/nvidia-340/libGL.so.340.102
7f89f5230000-7f89f525f000 rwxp 000c7000 08:05 11540959                   /usr/lib/nvidia-340/libGL.so.340.102
7f89f525f000-7f89f527b000 r-xp 000f6000 08:05 11540959                   /usr/lib/nvidia-340/libGL.so.340.102
7f89f527b000-7f89f547a000 ---p 00112000 08:05 11540959                   /usr/lib/nvidia-340/libGL.so.340.102
7f89f547a000-7f89f549f000 rw-p 00111000 08:05 11540959                   /usr/lib/nvidia-340/libGL.so.340.102
7f89f549f000-7f89f56b5000 rw-p 00000000 00:00 0 
7f89f56b5000-7f89f58b5000 rw-p 00000000 00:00 0 
7f89f58b5000-7f89f58bc000 r-xp 00000000 08:05 11272411                   /tmp/jogamp_0000/file_cache/jln8222832671990042266/jln892533412928346978/natives/linux-amd64/libnativewindow_x11.so
7f89f58bc000-7f89f5abb000 ---p 00007000 08:05 11272411                   /tmp/jogamp_0000/file_cache/jln8222832671990042266/jln892533412928346978/natives/linux-amd64/libnativewindow_x11.so
7f89f5abb000-7f89f5abc000 rw-p 00006000 08:05 11272411                   /tmp/jogamp_0000/file_cache/jln8222832671990042266/jln892533412928346978/natives/linux-amd64/libnativewindow_x11.so
7f89f5abc000-7f89f5abf000 ---p 00000000 00:00 0 
7f89f5abf000-7f89f5bbd000 rw-p 00000000 00:00 0 
7f89f5bbd000-7f89f5bc0000 ---p 00000000 00:00 0 
7f89f5bc0000-7f89f5cbe000 rw-p 00000000 00:00 0 
7f89f5cbe000-7f89f5cc3000 r-xp 00000000 08:05 11412819                   /usr/lib/x86_64-linux-gnu/libXxf86vm.so.1.0.0
7f89f5cc3000-7f89f5ec2000 ---p 00005000 08:05 11412819                   /usr/lib/x86_64-linux-gnu/libXxf86vm.so.1.0.0
7f89f5ec2000-7f89f5ec3000 r--p 00004000 08:05 11412819                   /usr/lib/x86_64-linux-gnu/libXxf86vm.so.1.0.0
7f89f5ec3000-7f89f5ec4000 rw-p 00005000 08:05 11412819                   /usr/lib/x86_64-linux-gnu/libXxf86vm.so.1.0.0
7f89f5ec4000-7f89f5ec6000 r-xp 00000000 08:05 11272410                   /tmp/jogamp_0000/file_cache/jln8222832671990042266/jln892533412928346978/natives/linux-amd64/libnativewindow_awt.so
7f89f5ec6000-7f89f60c5000 ---p 00002000 08:05 11272410                   /tmp/jogamp_0000/file_cache/jln8222832671990042266/jln892533412928346978/natives/linux-amd64/libnativewindow_awt.so
7f89f60c5000-7f89f60c6000 rw-p 00001000 08:05 11272410                   /tmp/jogamp_0000/file_cache/jln8222832671990042266/jln892533412928346978/natives/linux-amd64/libnativewindow_awt.so
7f89f60c6000-7f89f60c7000 r-xp 00000000 08:05 2098491                    /usr/local/java/jdk1.8.0_141/jre/lib/amd64/libjawt.so
7f89f60c7000-7f89f62c6000 ---p 00001000 08:05 2098491                    /usr/local/java/jdk1.8.0_141/jre/lib/amd64/libjawt.so
7f89f62c6000-7f89f62c7000 rw-p 00000000 08:05 2098491                    /usr/local/java/jdk1.8.0_141/jre/lib/amd64/libjawt.so
7f89f62c7000-7f89f62ca000 ---p 00000000 00:00 0 
7f89f62ca000-7f89f63c8000 rw-p 00000000 00:00 0 
7f89f63c8000-7f89f63cd000 r-xp 00000000 08:05 11412785                   /usr/lib/x86_64-linux-gnu/libXfixes.so.3.1.0
7f89f63cd000-7f89f65cc000 ---p 00005000 08:05 11412785                   /usr/lib/x86_64-linux-gnu/libXfixes.so.3.1.0
7f89f65cc000-7f89f65cd000 r--p 00004000 08:05 11412785                   /usr/lib/x86_64-linux-gnu/libXfixes.so.3.1.0
7f89f65cd000-7f89f65ce000 rw-p 00005000 08:05 11412785                   /usr/lib/x86_64-linux-gnu/libXfixes.so.3.1.0
7f89f65ce000-7f89f65d7000 r-xp 00000000 08:05 11412777                   /usr/lib/x86_64-linux-gnu/libXcursor.so.1.0.2
7f89f65d7000-7f89f67d6000 ---p 00009000 08:05 11412777                   /usr/lib/x86_64-linux-gnu/libXcursor.so.1.0.2
7f89f67d6000-7f89f67d7000 r--p 00008000 08:05 11412777                   /usr/lib/x86_64-linux-gnu/libXcursor.so.1.0.2
7f89f67d7000-7f89f67d8000 rw-p 00009000 08:05 11412777                   /usr/lib/x86_64-linux-gnu/libXcursor.so.1.0.2
7f89f67d8000-7f89f67ee000 r-xp 00000000 08:05 1836839                    /lib/x86_64-linux-gnu/libgcc_s.so.1
7f89f67ee000-7f89f69ed000 ---p 00016000 08:05 1836839                    /lib/x86_64-linux-gnu/libgcc_s.so.1
7f89f69ed000-7f89f69ee000 r--p 00015000 08:05 1836839                    /lib/x86_64-linux-gnu/libgcc_s.so.1
7f89f69ee000-7f89f69ef000 rw-p 00016000 08:05 1836839                    /lib/x86_64-linux-gnu/libgcc_s.so.1
7f89f69ef000-7f89f6a54000 r-xp 00000000 08:05 2098429                    /usr/local/java/jdk1.8.0_141/jre/lib/amd64/libfontmanager.so
7f89f6a54000-7f89f6c53000 ---p 00065000 08:05 2098429                    /usr/local/java/jdk1.8.0_141/jre/lib/amd64/libfontmanager.so
7f89f6c53000-7f89f6c58000 rw-p 00064000 08:05 2098429                    /usr/local/java/jdk1.8.0_141/jre/lib/amd64/libfontmanager.so
7f89f6c58000-7f89f6e68000 rw-p 00000000 00:00 0 
7f89f6e68000-7f89f6e6d000 r-xp 00000000 08:05 11412781                   /usr/lib/x86_64-linux-gnu/libXdmcp.so.6.0.0
7f89f6e6d000-7f89f706c000 ---p 00005000 08:05 11412781                   /usr/lib/x86_64-linux-gnu/libXdmcp.so.6.0.0
7f89f706c000-7f89f706d000 r--p 00004000 08:05 11412781                   /usr/lib/x86_64-linux-gnu/libXdmcp.so.6.0.0
7f89f706d000-7f89f706e000 rw-p 00005000 08:05 11412781                   /usr/lib/x86_64-linux-gnu/libXdmcp.so.6.0.0
7f89f706e000-7f89f7070000 r-xp 00000000 08:05 11412770                   /usr/lib/x86_64-linux-gnu/libXau.so.6.0.0
7f89f7070000-7f89f7270000 ---p 00002000 08:05 11412770                   /usr/lib/x86_64-linux-gnu/libXau.so.6.0.0
7f89f7270000-7f89f7271000 r--p 00002000 08:05 11412770                   /usr/lib/x86_64-linux-gnu/libXau.so.6.0.0
7f89f7271000-7f89f7272000 rw-p 00003000 08:05 11412770                   /usr/lib/x86_64-linux-gnu/libXau.so.6.0.0
7f89f7272000-7f89f7293000 r-xp 00000000 08:05 11414216                   /usr/lib/x86_64-linux-gnu/libxcb.so.1.1.0
7f89f7293000-7f89f7492000 ---p 00021000 08:05 11414216                   /usr/lib/x86_64-linux-gnu/libxcb.so.1.1.0
7f89f7492000-7f89f7493000 r--p 00020000 08:05 11414216                   /usr/lib/x86_64-linux-gnu/libxcb.so.1.1.0
7f89f7493000-7f89f7494000 rw-p 00021000 08:05 11414216                   /usr/lib/x86_64-linux-gnu/libxcb.so.1.1.0
7f89f7494000-7f89f74a3000 r-xp 00000000 08:05 11412791                   /usr/lib/x86_64-linux-gnu/libXi.so.6.1.0
7f89f74a3000-7f89f76a2000 ---p 0000f000 08:05 11412791                   /usr/lib/x86_64-linux-gnu/libXi.so.6.1.0
7f89f76a2000-7f89f76a3000 r--p 0000e000 08:05 11412791                   /usr/lib/x86_64-linux-gnu/libXi.so.6.1.0
7f89f76a3000-7f89f76a4000 rw-p 0000f000 08:05 11412791                   /usr/lib/x86_64-linux-gnu/libXi.so.6.1.0
7f89f76a4000-7f89f76a9000 r-xp 00000000 08:05 11412809                   /usr/lib/x86_64-linux-gnu/libXtst.so.6.1.0
7f89f76a9000-7f89f78a8000 ---p 00005000 08:05 11412809                   /usr/lib/x86_64-linux-gnu/libXtst.so.6.1.0
7f89f78a8000-7f89f78a9000 r--p 00004000 08:05 11412809                   /usr/lib/x86_64-linux-gnu/libXtst.so.6.1.0
7f89f78a9000-7f89f78aa000 rw-p 00005000 08:05 11412809                   /usr/lib/x86_64-linux-gnu/libXtst.so.6.1.0
7f89f78aa000-7f89f78b3000 r-xp 00000000 08:05 11412803                   /usr/lib/x86_64-linux-gnu/libXrender.so.1.3.0
7f89f78b3000-7f89f7ab2000 ---p 00009000 08:05 11412803                   /usr/lib/x86_64-linux-gnu/libXrender.so.1.3.0
7f89f7ab2000-7f89f7ab3000 r--p 00008000 08:05 11412803                   /usr/lib/x86_64-linux-gnu/libXrender.so.1.3.0
7f89f7ab3000-7f89f7ab4000 rw-p 00009000 08:05 11412803                   /usr/lib/x86_64-linux-gnu/libXrender.so.1.3.0
7f89f7ab4000-7f89f7be9000 r-xp 00000000 08:05 11412766                   /usr/lib/x86_64-linux-gnu/libX11.so.6.3.0
7f89f7be9000-7f89f7de9000 ---p 00135000 08:05 11412766                   /usr/lib/x86_64-linux-gnu/libX11.so.6.3.0
7f89f7de9000-7f89f7dea000 r--p 00135000 08:05 11412766                   /usr/lib/x86_64-linux-gnu/libX11.so.6.3.0
7f89f7dea000-7f89f7dee000 rw-p 00136000 08:05 11412766                   /usr/lib/x86_64-linux-gnu/libX11.so.6.3.0
7f89f7dee000-7f89f7dff000 r-xp 00000000 08:05 11412783                   /usr/lib/x86_64-linux-gnu/libXext.so.6.4.0
7f89f7dff000-7f89f7ffe000 ---p 00011000 08:05 11412783                   /usr/lib/x86_64-linux-gnu/libXext.so.6.4.0
7f89f7ffe000-7f89f7fff000 r--p 00010000 08:05 11412783                   /usr/lib/x86_64-linux-gnu/libXext.so.6.4.0
7f89f7fff000-7f89f8000000 rw-p 00011000 08:05 11412783                   /usr/lib/x86_64-linux-gnu/libXext.so.6.4.0
7f89f8000000-7f89f8021000 rw-p 00000000 00:00 0 
7f89f8021000-7f89fc000000 ---p 00000000 00:00 0 
7f89fc000000-7f89fc021000 rw-p 00000000 00:00 0 
7f89fc021000-7f8a00000000 ---p 00000000 00:00 0 
7f8a00000000-7f8a01a3d000 rw-p 00000000 00:00 0 
7f8a01a3d000-7f8a04000000 ---p 00000000 00:00 0 
7f8a04000000-7f8a04021000 rw-p 00000000 00:00 0 
7f8a04021000-7f8a08000000 ---p 00000000 00:00 0 
7f8a08000000-7f8a082b7000 rw-p 00000000 00:00 0 
7f8a082b7000-7f8a0c000000 ---p 00000000 00:00 0 
7f8a0c000000-7f8a0c686000 rw-p 00000000 00:00 0 
7f8a0c686000-7f8a10000000 ---p 00000000 00:00 0 
7f8a10000000-7f8a10021000 rw-p 00000000 00:00 0 
7f8a10021000-7f8a14000000 ---p 00000000 00:00 0 
7f8a14000000-7f8a14021000 rw-p 00000000 00:00 0 
7f8a14021000-7f8a18000000 ---p 00000000 00:00 0 
7f8a18000000-7f8a18021000 rw-p 00000000 00:00 0 
7f8a18021000-7f8a1c000000 ---p 00000000 00:00 0 
7f8a1c000000-7f8a1c03b000 rw-p 00000000 00:00 0 
7f8a1c03b000-7f8a20000000 ---p 00000000 00:00 0 
7f8a20000000-7f8a20039000 rw-p 00000000 00:00 0 
7f8a20039000-7f8a24000000 ---p 00000000 00:00 0 
7f8a24000000-7f8a24001000 rw-s 0e709000 00:06 523                        /dev/nvidiactl
7f8a24001000-7f8a24002000 rw-s f3c0c000 00:06 533                        /dev/nvidia1
7f8a24002000-7f8a24003000 rw-s f3641000 00:06 533                        /dev/nvidia1
7f8a24003000-7f8a24004000 rw-s b6679000 00:06 523                        /dev/nvidiactl
7f8a24004000-7f8a24005000 rw-s 1e1c4000 00:06 523                        /dev/nvidiactl
7f8a24005000-7f8a24006000 rw-s f3060000 00:06 533                        /dev/nvidia1
7f8a24006000-7f8a240ba000 rw-s b9432000 00:06 523                        /dev/nvidiactl
7f8a240ba000-7f8a240bb000 rwxp 00000000 00:00 0 
7f8a240bb000-7f8a2410f000 r-xp 00000000 08:05 2098448                    /usr/local/java/jdk1.8.0_141/jre/lib/amd64/libawt_xawt.so
7f8a2410f000-7f8a2430f000 ---p 00054000 08:05 2098448                    /usr/local/java/jdk1.8.0_141/jre/lib/amd64/libawt_xawt.so
7f8a2430f000-7f8a24313000 rw-p 00054000 08:05 2098448                    /usr/local/java/jdk1.8.0_141/jre/lib/amd64/libawt_xawt.so
7f8a24313000-7f8a24314000 rw-p 00000000 00:00 0 
7f8a24314000-7f8a243b6000 r-xp 00000000 08:05 2098521                    /usr/local/java/jdk1.8.0_141/jre/lib/amd64/libawt.so
7f8a243b6000-7f8a245b6000 ---p 000a2000 08:05 2098521                    /usr/local/java/jdk1.8.0_141/jre/lib/amd64/libawt.so
7f8a245b6000-7f8a245c2000 rw-p 000a2000 08:05 2098521                    /usr/local/java/jdk1.8.0_141/jre/lib/amd64/libawt.so
7f8a245c2000-7f8a245e6000 rw-p 00000000 00:00 0 
7f8a245e6000-7f8a245e8000 r-xp 00000000 08:05 11272405                   /tmp/jogamp_0000/file_cache/jln8222832671990042266/jln892533412928346978/natives/linux-amd64/libgluegen-rt.so
7f8a245e8000-7f8a247e7000 ---p 00002000 08:05 11272405                   /tmp/jogamp_0000/file_cache/jln8222832671990042266/jln892533412928346978/natives/linux-amd64/libgluegen-rt.so
7f8a247e7000-7f8a247e8000 rw-p 00001000 08:05 11272405                   /tmp/jogamp_0000/file_cache/jln8222832671990042266/jln892533412928346978/natives/linux-amd64/libgluegen-rt.so
7f8a247e8000-7f8a247eb000 ---p 00000000 00:00 0 
7f8a247eb000-7f8a248e9000 rw-p 00000000 00:00 0 
7f8a248e9000-7f8a248fa000 r-xp 00000000 08:05 2098444                    /usr/local/java/jdk1.8.0_141/jre/lib/amd64/libnio.so
7f8a248fa000-7f8a24af9000 ---p 00011000 08:05 2098444                    /usr/local/java/jdk1.8.0_141/jre/lib/amd64/libnio.so
7f8a24af9000-7f8a24afa000 rw-p 00010000 08:05 2098444                    /usr/local/java/jdk1.8.0_141/jre/lib/amd64/libnio.so
7f8a24afa000-7f8a24dfb000 rw-p 00000000 00:00 0 
7f8a24dfb000-7f8a24e11000 r-xp 00000000 08:05 2097620                    /usr/local/java/jdk1.8.0_141/jre/lib/amd64/libnet.so
7f8a24e11000-7f8a25011000 ---p 00016000 08:05 2097620                    /usr/local/java/jdk1.8.0_141/jre/lib/amd64/libnet.so
7f8a25011000-7f8a25012000 rw-p 00016000 08:05 2097620                    /usr/local/java/jdk1.8.0_141/jre/lib/amd64/libnet.so
7f8a25012000-7f8a25015000 ---p 00000000 00:00 0 
7f8a25015000-7f8a2504b000 rw-p 00000000 00:00 0 
7f8a2504b000-7f8a2504c000 r--p 00000000 00:00 0 
7f8a2504c000-7f8a25051000 r--s 0009a000 08:05 1705440                    /usr/local/java/jdk1.8.0_141/jre/lib/jsse.jar
7f8a25051000-7f8a25251000 rw-p 00000000 00:00 0 
7f8a25251000-7f8a25451000 rw-p 00000000 00:00 0 
7f8a25451000-7f8a2546c000 r--s 001d3000 08:05 2098552                    /usr/local/java/jdk1.8.0_141/jre/lib/ext/nashorn.jar
7f8a2546c000-7f8a25488000 r--s 00393000 08:05 2098560                    /usr/local/java/jdk1.8.0_141/jre/lib/ext/cldrdata.jar
7f8a25488000-7f8a25492000 r--s 00116000 08:05 2098554                    /usr/local/java/jdk1.8.0_141/jre/lib/ext/localedata.jar
7f8a25492000-7f8a25494000 r--s 00015000 00:2b 8912938                    /home/gpaiva/Desktop/projects/code/git/Bitbucket/JOT/lib/Framework-Toolkit-Components-1.0.jar
7f8a25494000-7f8a25496000 r--s 0000d000 00:2b 8912936                    /home/gpaiva/Desktop/projects/code/git/Bitbucket/JOT/lib/Extension-Toolkit-Component-Physics-1.0.jar
7f8a25496000-7f8a25498000 r--s 00013000 00:2b 8912935                    /home/gpaiva/Desktop/projects/code/git/Bitbucket/JOT/lib/Extension-Toolkit-Component-Geometry-1.0.jar
7f8a25498000-7f8a2549b000 r--s 0001a000 00:2b 8912937                    /home/gpaiva/Desktop/projects/code/git/Bitbucket/JOT/lib/Extension-Toolkit-Component-AI-1.0.jar
7f8a2549b000-7f8a2549d000 r--s 00020000 00:2b 8912928                    /home/gpaiva/Desktop/projects/code/git/Bitbucket/JOT/lib/Core-Toolkit-Components-1.0.jar
7f8a2549d000-7f8a2555e000 r--s 00427000 00:2b 9705236                    /home/gpaiva/Desktop/projects/code/git/Bitbucket/JOT/lib/colladabeans-1.4.1.jar
7f8a2555e000-7f8a2559c000 r--s 0025d000 00:2b 9705202                    /home/gpaiva/Desktop/projects/code/git/Bitbucket/JOT/lib/xmlbeans-2.6.0/lib/xbean.jar
7f8a2559c000-7f8a255c0000 r--s 0031e000 00:2b 9702045                    /home/gpaiva/Desktop/projects/code/git/Bitbucket/JOT/lib/jogamp-all-platforms/jar/jogl-all.jar
7f8a255c0000-7f8a255e0000 r--s 002cd000 00:2b 9702051                    /home/gpaiva/Desktop/projects/code/git/Bitbucket/JOT/lib/jogamp-all-platforms/jar/jogl-all-noawt.jar
7f8a255e0000-7f8a255e2000 r--s 00032000 00:2b 9702110                    /home/gpaiva/Desktop/projects/code/git/Bitbucket/JOT/lib/jogamp-all-platforms/jar/jogl-all-noawt-natives-windows-i586.jar
7f8a255e2000-7f8a255e3000 r--s 0003a000 00:2b 9702111                    /home/gpaiva/Desktop/projects/code/git/Bitbucket/JOT/lib/jogamp-all-platforms/jar/jogl-all-noawt-natives-windows-amd64.jar
7f8a255e3000-7f8a255e4000 r--s 0006c000 00:2b 9702161                    /home/gpaiva/Desktop/projects/code/git/Bitbucket/JOT/lib/jogamp-all-platforms/jar/jogl-all-noawt-natives-macosx-universal.jar
7f8a255e4000-7f8a255e6000 r--s 00034000 00:2b 9702083                    /home/gpaiva/Desktop/projects/code/git/Bitbucket/JOT/lib/jogamp-all-platforms/jar/jogl-all-noawt-natives-linux-i586.jar
7f8a255e6000-7f8a255e7000 r--s 00036000 00:2b 9702097                    /home/gpaiva/Desktop/projects/code/git/Bitbucket/JOT/lib/jogamp-all-platforms/jar/jogl-all-noawt-natives-linux-amd64.jar
7f8a255e7000-7f8a255e9000 r--s 00032000 00:2b 9702151                    /home/gpaiva/Desktop/projects/code/git/Bitbucket/JOT/lib/jogamp-all-platforms/jar/jogl-all-natives-windows-i586.jar
7f8a255e9000-7f8a255ea000 r--s 0003a000 00:2b 9702121                    /home/gpaiva/Desktop/projects/code/git/Bitbucket/JOT/lib/jogamp-all-platforms/jar/jogl-all-natives-windows-amd64.jar
7f8a255ea000-7f8a255eb000 r--s 0006c000 00:2b 9702135                    /home/gpaiva/Desktop/projects/code/git/Bitbucket/JOT/lib/jogamp-all-platforms/jar/jogl-all-natives-macosx-universal.jar
7f8a255eb000-7f8a255ed000 r--s 00034000 00:2b 9702071                    /home/gpaiva/Desktop/projects/code/git/Bitbucket/JOT/lib/jogamp-all-platforms/jar/jogl-all-natives-linux-i586.jar
7f8a255ed000-7f8a255ee000 r--s 00036000 00:2b 9702146                    /home/gpaiva/Desktop/projects/code/git/Bitbucket/JOT/lib/jogamp-all-platforms/jar/jogl-all-natives-linux-amd64.jar
7f8a255ee000-7f8a25615000 r--s 001f6000 00:2b 9705159                    /home/gpaiva/Desktop/projects/code/git/Bitbucket/JOT/lib/commons-math/commons-math3-3.6.1.jar
7f8a25615000-7f8a25616000 ---p 00000000 00:00 0 
7f8a25616000-7f8a25716000 rw-p 00000000 00:00 0 
7f8a25716000-7f8a25719000 ---p 00000000 00:00 0 
7f8a25719000-7f8a25817000 rw-p 00000000 00:00 0 
7f8a25817000-7f8a2581a000 ---p 00000000 00:00 0 
7f8a2581a000-7f8a25918000 rw-p 00000000 00:00 0 
7f8a25918000-7f8a2591b000 ---p 00000000 00:00 0 
7f8a2591b000-7f8a25a19000 rw-p 00000000 00:00 0 
7f8a25a19000-7f8a25a1c000 ---p 00000000 00:00 0 
7f8a25a1c000-7f8a25b1a000 rw-p 00000000 00:00 0 
7f8a25b1a000-7f8a25df4000 r--p 00000000 08:05 11403624                   /usr/lib/locale/locale-archive
7f8a25df4000-7f8a25df7000 ---p 00000000 00:00 0 
7f8a25df7000-7f8a25ef5000 rw-p 00000000 00:00 0 
7f8a25ef5000-7f8a25ef8000 ---p 00000000 00:00 0 
7f8a25ef8000-7f8a25ff6000 rw-p 00000000 00:00 0 
7f8a25ff6000-7f8a25ff7000 ---p 00000000 00:00 0 
7f8a25ff7000-7f8a29000000 rw-p 00000000 00:00 0 
7f8a29000000-7f8a299d0000 rwxp 00000000 00:00 0 
7f8a299d0000-7f8a38000000 ---p 00000000 00:00 0 
7f8a38000000-7f8a38b41000 rw-p 00000000 00:00 0 
7f8a38b41000-7f8a3c000000 ---p 00000000 00:00 0 
7f8a3c000000-7f8a3c005000 r--s 00031000 00:2b 9702043                    /home/gpaiva/Desktop/projects/code/git/Bitbucket/JOT/lib/jogamp-all-platforms/jar/jocl.jar
7f8a3c005000-7f8a3c006000 r--s 00003000 00:2b 9702070                    /home/gpaiva/Desktop/projects/code/git/Bitbucket/JOT/lib/jogamp-all-platforms/jar/jocl-natives-windows-i586.jar
7f8a3c006000-7f8a3c007000 r--s 00003000 00:2b 9702072                    /home/gpaiva/Desktop/projects/code/git/Bitbucket/JOT/lib/jogamp-all-platforms/jar/jocl-natives-windows-amd64.jar
7f8a3c007000-7f8a3c008000 r--s 00005000 00:2b 9702149                    /home/gpaiva/Desktop/projects/code/git/Bitbucket/JOT/lib/jogamp-all-platforms/jar/jocl-natives-macosx-universal.jar
7f8a3c008000-7f8a3c009000 r--s 00002000 00:2b 9702061                    /home/gpaiva/Desktop/projects/code/git/Bitbucket/JOT/lib/jogamp-all-platforms/jar/jocl-natives-linux-i586.jar
7f8a3c009000-7f8a3c00a000 r--s 00002000 00:2b 9702064                    /home/gpaiva/Desktop/projects/code/git/Bitbucket/JOT/lib/jogamp-all-platforms/jar/jocl-natives-linux-amd64.jar
7f8a3c00a000-7f8a3c00c000 r--s 0000f000 00:2b 9702042                    /home/gpaiva/Desktop/projects/code/git/Bitbucket/JOT/lib/jogamp-all-platforms/jar/joal.jar
7f8a3c00c000-7f8a3c00d000 r--s 0002b000 00:2b 9702068                    /home/gpaiva/Desktop/projects/code/git/Bitbucket/JOT/lib/jogamp-all-platforms/jar/joal-natives-windows-i586.jar
7f8a3c00d000-7f8a3c00e000 r--s 0002d000 00:2b 9702077                    /home/gpaiva/Desktop/projects/code/git/Bitbucket/JOT/lib/jogamp-all-platforms/jar/joal-natives-windows-amd64.jar
7f8a3c00e000-7f8a3c00f000 r--s 00057000 00:2b 9702148                    /home/gpaiva/Desktop/projects/code/git/Bitbucket/JOT/lib/jogamp-all-platforms/jar/joal-natives-macosx-universal.jar
7f8a3c00f000-7f8a3c010000 r--s 00030000 00:2b 9702060                    /home/gpaiva/Desktop/projects/code/git/Bitbucket/JOT/lib/jogamp-all-platforms/jar/joal-natives-linux-i586.jar
7f8a3c010000-7f8a3c01a000 r--s 000ca000 00:2b 9702047                    /home/gpaiva/Desktop/projects/code/git/Bitbucket/JOT/lib/jogamp-all-platforms/jar/gluegen.jar
7f8a3c01a000-7f8a3c020000 r--s 0004f000 00:2b 9702044                    /home/gpaiva/Desktop/projects/code/git/Bitbucket/JOT/lib/jogamp-all-platforms/jar/gluegen-rt.jar
7f8a3c020000-7f8a3c163000 rw-p 00000000 00:00 0 
7f8a3c163000-7f8a3c33d000 r--s 03d4d000 08:05 1705459                    /usr/local/java/jdk1.8.0_141/jre/lib/rt.jar
7f8a3c33d000-7f8a3c5a1000 rw-p 00000000 00:00 0 
7f8a3c5a1000-7f8a3c5a2000 ---p 00000000 00:00 0 
7f8a3c5a2000-7f8a3c6a2000 rw-p 00000000 00:00 0 
7f8a3c6a2000-7f8a3c6a3000 ---p 00000000 00:00 0 
7f8a3c6a3000-7f8a3c7b6000 rw-p 00000000 00:00 0 
7f8a3c7b6000-7f8a3c8ed000 ---p 00000000 00:00 0 
7f8a3c8ed000-7f8a3c900000 rw-p 00000000 00:00 0 
7f8a3c900000-7f8a3ca36000 ---p 00000000 00:00 0 
7f8a3ca36000-7f8a3ca98000 rw-p 00000000 00:00 0 
7f8a3ca98000-7f8a3cadb000 ---p 00000000 00:00 0 
7f8a3cadb000-7f8a3cb04000 rw-p 00000000 00:00 0 
7f8a3cb04000-7f8a3ce9c000 ---p 00000000 00:00 0 
7f8a3ce9c000-7f8a3ceb6000 r-xp 00000000 08:05 2098437                    /usr/local/java/jdk1.8.0_141/jre/lib/amd64/libzip.so
7f8a3ceb6000-7f8a3d0b6000 ---p 0001a000 08:05 2098437                    /usr/local/java/jdk1.8.0_141/jre/lib/amd64/libzip.so
7f8a3d0b6000-7f8a3d0b7000 rw-p 0001a000 08:05 2098437                    /usr/local/java/jdk1.8.0_141/jre/lib/amd64/libzip.so
7f8a3d0b7000-7f8a3d0c2000 r-xp 00000000 08:05 1836624                    /lib/x86_64-linux-gnu/libnss_files-2.23.so
7f8a3d0c2000-7f8a3d2c1000 ---p 0000b000 08:05 1836624                    /lib/x86_64-linux-gnu/libnss_files-2.23.so
7f8a3d2c1000-7f8a3d2c2000 r--p 0000a000 08:05 1836624                    /lib/x86_64-linux-gnu/libnss_files-2.23.so
7f8a3d2c2000-7f8a3d2c3000 rw-p 0000b000 08:05 1836624                    /lib/x86_64-linux-gnu/libnss_files-2.23.so
7f8a3d2c3000-7f8a3d2c9000 rw-p 00000000 00:00 0 
7f8a3d2c9000-7f8a3d2d4000 r-xp 00000000 08:05 1836638                    /lib/x86_64-linux-gnu/libnss_nis-2.23.so
7f8a3d2d4000-7f8a3d4d3000 ---p 0000b000 08:05 1836638                    /lib/x86_64-linux-gnu/libnss_nis-2.23.so
7f8a3d4d3000-7f8a3d4d4000 r--p 0000a000 08:05 1836638                    /lib/x86_64-linux-gnu/libnss_nis-2.23.so
7f8a3d4d4000-7f8a3d4d5000 rw-p 0000b000 08:05 1836638                    /lib/x86_64-linux-gnu/libnss_nis-2.23.so
7f8a3d4d5000-7f8a3d4eb000 r-xp 00000000 08:05 1835387                    /lib/x86_64-linux-gnu/libnsl-2.23.so
7f8a3d4eb000-7f8a3d6ea000 ---p 00016000 08:05 1835387                    /lib/x86_64-linux-gnu/libnsl-2.23.so
7f8a3d6ea000-7f8a3d6eb000 r--p 00015000 08:05 1835387                    /lib/x86_64-linux-gnu/libnsl-2.23.so
7f8a3d6eb000-7f8a3d6ec000 rw-p 00016000 08:05 1835387                    /lib/x86_64-linux-gnu/libnsl-2.23.so
7f8a3d6ec000-7f8a3d6ee000 rw-p 00000000 00:00 0 
7f8a3d6ee000-7f8a3d6f6000 r-xp 00000000 08:05 1836649                    /lib/x86_64-linux-gnu/libnss_compat-2.23.so
7f8a3d6f6000-7f8a3d8f5000 ---p 00008000 08:05 1836649                    /lib/x86_64-linux-gnu/libnss_compat-2.23.so
7f8a3d8f5000-7f8a3d8f6000 r--p 00007000 08:05 1836649                    /lib/x86_64-linux-gnu/libnss_compat-2.23.so
7f8a3d8f6000-7f8a3d8f7000 rw-p 00008000 08:05 1836649                    /lib/x86_64-linux-gnu/libnss_compat-2.23.so
7f8a3d8f7000-7f8a3d922000 r-xp 00000000 08:05 2098501                    /usr/local/java/jdk1.8.0_141/jre/lib/amd64/libjava.so
7f8a3d922000-7f8a3db21000 ---p 0002b000 08:05 2098501                    /usr/local/java/jdk1.8.0_141/jre/lib/amd64/libjava.so
7f8a3db21000-7f8a3db23000 rw-p 0002a000 08:05 2098501                    /usr/local/java/jdk1.8.0_141/jre/lib/amd64/libjava.so
7f8a3db23000-7f8a3db30000 r-xp 00000000 08:05 2097831                    /usr/local/java/jdk1.8.0_141/jre/lib/amd64/libverify.so
7f8a3db30000-7f8a3dd30000 ---p 0000d000 08:05 2097831                    /usr/local/java/jdk1.8.0_141/jre/lib/amd64/libverify.so
7f8a3dd30000-7f8a3dd32000 rw-p 0000d000 08:05 2097831                    /usr/local/java/jdk1.8.0_141/jre/lib/amd64/libverify.so
7f8a3dd32000-7f8a3dd39000 r-xp 00000000 08:05 1836644                    /lib/x86_64-linux-gnu/librt-2.23.so
7f8a3dd39000-7f8a3df38000 ---p 00007000 08:05 1836644                    /lib/x86_64-linux-gnu/librt-2.23.so
7f8a3df38000-7f8a3df39000 r--p 00006000 08:05 1836644                    /lib/x86_64-linux-gnu/librt-2.23.so
7f8a3df39000-7f8a3df3a000 rw-p 00007000 08:05 1836644                    /lib/x86_64-linux-gnu/librt-2.23.so
7f8a3df3a000-7f8a3e042000 r-xp 00000000 08:05 1836659                    /lib/x86_64-linux-gnu/libm-2.23.so
7f8a3e042000-7f8a3e241000 ---p 00108000 08:05 1836659                    /lib/x86_64-linux-gnu/libm-2.23.so
7f8a3e241000-7f8a3e242000 r--p 00107000 08:05 1836659                    /lib/x86_64-linux-gnu/libm-2.23.so
7f8a3e242000-7f8a3e243000 rw-p 00108000 08:05 1836659                    /lib/x86_64-linux-gnu/libm-2.23.so
7f8a3e243000-7f8a3ef16000 r-xp 00000000 08:05 2098509                    /usr/local/java/jdk1.8.0_141/jre/lib/amd64/server/libjvm.so
7f8a3ef16000-7f8a3f115000 ---p 00cd3000 08:05 2098509                    /usr/local/java/jdk1.8.0_141/jre/lib/amd64/server/libjvm.so
7f8a3f115000-7f8a3f1ef000 rw-p 00cd2000 08:05 2098509                    /usr/local/java/jdk1.8.0_141/jre/lib/amd64/server/libjvm.so
7f8a3f1ef000-7f8a3f23a000 rw-p 00000000 00:00 0 
7f8a3f23a000-7f8a3f3fa000 r-xp 00000000 08:05 1836669                    /lib/x86_64-linux-gnu/libc-2.23.so
7f8a3f3fa000-7f8a3f5fa000 ---p 001c0000 08:05 1836669                    /lib/x86_64-linux-gnu/libc-2.23.so
7f8a3f5fa000-7f8a3f5fe000 r--p 001c0000 08:05 1836669                    /lib/x86_64-linux-gnu/libc-2.23.so
7f8a3f5fe000-7f8a3f600000 rw-p 001c4000 08:05 1836669                    /lib/x86_64-linux-gnu/libc-2.23.so
7f8a3f600000-7f8a3f604000 rw-p 00000000 00:00 0 
7f8a3f604000-7f8a3f607000 r-xp 00000000 08:05 1836648                    /lib/x86_64-linux-gnu/libdl-2.23.so
7f8a3f607000-7f8a3f806000 ---p 00003000 08:05 1836648                    /lib/x86_64-linux-gnu/libdl-2.23.so
7f8a3f806000-7f8a3f807000 r--p 00002000 08:05 1836648                    /lib/x86_64-linux-gnu/libdl-2.23.so
7f8a3f807000-7f8a3f808000 rw-p 00003000 08:05 1836648                    /lib/x86_64-linux-gnu/libdl-2.23.so
7f8a3f808000-7f8a3f81d000 r-xp 00000000 08:05 1584584                    /usr/local/java/jdk1.8.0_141/lib/amd64/jli/libjli.so
7f8a3f81d000-7f8a3fa1d000 ---p 00015000 08:05 1584584                    /usr/local/java/jdk1.8.0_141/lib/amd64/jli/libjli.so
7f8a3fa1d000-7f8a3fa1e000 rw-p 00015000 08:05 1584584                    /usr/local/java/jdk1.8.0_141/lib/amd64/jli/libjli.so
7f8a3fa1e000-7f8a3fa36000 r-xp 00000000 08:05 1836636                    /lib/x86_64-linux-gnu/libpthread-2.23.so
7f8a3fa36000-7f8a3fc35000 ---p 00018000 08:05 1836636                    /lib/x86_64-linux-gnu/libpthread-2.23.so
7f8a3fc35000-7f8a3fc36000 r--p 00017000 08:05 1836636                    /lib/x86_64-linux-gnu/libpthread-2.23.so
7f8a3fc36000-7f8a3fc37000 rw-p 00018000 08:05 1836636                    /lib/x86_64-linux-gnu/libpthread-2.23.so
7f8a3fc37000-7f8a3fc3b000 rw-p 00000000 00:00 0 
7f8a3fc3b000-7f8a3fc61000 r-xp 00000000 08:05 1835389                    /lib/x86_64-linux-gnu/ld-2.23.so
7f8a3fc61000-7f8a3fd0b000 rw-p 00000000 00:00 0 
7f8a3fd0b000-7f8a3fd0e000 ---p 00000000 00:00 0 
7f8a3fd0e000-7f8a3fe10000 rw-p 00000000 00:00 0 
7f8a3fe10000-7f8a3fe11000 r--s 0002e000 00:2b 9702062                    /home/gpaiva/Desktop/projects/code/git/Bitbucket/JOT/lib/jogamp-all-platforms/jar/joal-natives-linux-amd64.jar
7f8a3fe11000-7f8a3fe12000 r--s 00001000 00:2b 9702125                    /home/gpaiva/Desktop/projects/code/git/Bitbucket/JOT/lib/jogamp-all-platforms/jar/gluegen-rt-natives-windows-i586.jar
7f8a3fe12000-7f8a3fe13000 r--s 00001000 00:2b 9702129                    /home/gpaiva/Desktop/projects/code/git/Bitbucket/JOT/lib/jogamp-all-platforms/jar/gluegen-rt-natives-windows-amd64.jar
7f8a3fe13000-7f8a3fe14000 r--s 00001000 00:2b 9702099                    /home/gpaiva/Desktop/projects/code/git/Bitbucket/JOT/lib/jogamp-all-platforms/jar/gluegen-rt-natives-macosx-universal.jar
7f8a3fe14000-7f8a3fe16000 r--s 00000000 00:2b 9702147                    /home/gpaiva/Desktop/projects/code/git/Bitbucket/JOT/lib/jogamp-all-platforms/jar/gluegen-rt-natives-linux-i586.jar
7f8a3fe16000-7f8a3fe18000 r--s 00000000 00:2b 9702116                    /home/gpaiva/Desktop/projects/code/git/Bitbucket/JOT/lib/jogamp-all-platforms/jar/gluegen-rt-natives-linux-amd64.jar
7f8a3fe18000-7f8a3fe54000 rw-p 00000000 00:00 0 
7f8a3fe54000-7f8a3fe5c000 rw-s 00000000 08:05 11272399                   /tmp/hsperfdata_gpaiva/15739
7f8a3fe5c000-7f8a3fe5d000 rw-p 00000000 00:00 0 
7f8a3fe5d000-7f8a3fe5e000 r--p 00000000 00:00 0 
7f8a3fe5e000-7f8a3fe60000 rw-p 00000000 00:00 0 
7f8a3fe60000-7f8a3fe61000 r--p 00025000 08:05 1835389                    /lib/x86_64-linux-gnu/ld-2.23.so
7f8a3fe61000-7f8a3fe62000 rw-p 00026000 08:05 1835389                    /lib/x86_64-linux-gnu/ld-2.23.so
7f8a3fe62000-7f8a3fe63000 rw-p 00000000 00:00 0 
7fff3cdb2000-7fff3cdd4000 rw-p 00000000 00:00 0                          [stack]
7fff3cded000-7fff3cdef000 r--p 00000000 00:00 0                          [vvar]
7fff3cdef000-7fff3cdf1000 r-xp 00000000 00:00 0                          [vdso]
ffffffffff600000-ffffffffff601000 r-xp 00000000 00:00 0                  [vsyscall]

VM Arguments:
jvm_args: -Dfile.encoding=UTF-8 -Djava.util.logging.SimpleFormatter.format=%5$s%6$s%n 
java_command: jot.demo.gui.GameMain pires
java_class_path (initial): /home/gpaiva/Desktop/projects/code/git/Bitbucket/JOT/lib/commons-math/commons-math3-3.6.1.jar:/home/gpaiva/Desktop/projects/code/git/Bitbucket/JOT/lib/jogamp-all-platforms/jar/gluegen-rt-natives-linux-amd64.jar:/home/gpaiva/Desktop/projects/code/git/Bitbucket/JOT/lib/jogamp-all-platforms/jar/gluegen-rt-natives-linux-i586.jar:/home/gpaiva/Desktop/projects/code/git/Bitbucket/JOT/lib/jogamp-all-platforms/jar/gluegen-rt-natives-macosx-universal.jar:/home/gpaiva/Desktop/projects/code/git/Bitbucket/JOT/lib/jogamp-all-platforms/jar/gluegen-rt-natives-windows-amd64.jar:/home/gpaiva/Desktop/projects/code/git/Bitbucket/JOT/lib/jogamp-all-platforms/jar/gluegen-rt-natives-windows-i586.jar:/home/gpaiva/Desktop/projects/code/git/Bitbucket/JOT/lib/jogamp-all-platforms/jar/gluegen-rt.jar:/home/gpaiva/Desktop/projects/code/git/Bitbucket/JOT/lib/jogamp-all-platforms/jar/gluegen.jar:/home/gpaiva/Desktop/projects/code/git/Bitbucket/JOT/lib/jogamp-all-platforms/jar/joal-natives-linux-amd64.jar:/home/gpaiva/Desktop/projects/code/git/Bitbucket/JOT/lib/jogamp-all-platforms/jar/joal-natives-linux-i586.jar:/home/gpaiva/Desktop/projects/code/git/Bitbucket/JOT/lib/jogamp-all-platforms/jar/joal-natives-macosx-universal.jar:/home/gpaiva/Desktop/projects/code/git/Bitbucket/JOT/lib/jogamp-all-platforms/jar/joal-natives-windows-amd64.jar:/home/gpaiva/Desktop/projects/code/git/Bitbucket/JOT/lib/jogamp-all-platforms/jar/joal-natives-windows-i586.jar:/home/gpaiva/Desktop/projects/code/git/Bitbucket/JOT/lib/jogamp-all-platforms/jar/joal.jar:/home/gpaiva/Desktop/projects/code/git/Bitbucket/JOT/lib/jogamp-all-platforms/jar/jocl-natives-linux-amd64.jar:/home/gpaiva/Desktop/projects/code/git/Bitbucket/JOT/lib/jogamp-all-platforms/jar/jocl-natives-linux-i586.jar:/home/gpaiva/Desktop/projects/code/git/Bitbucket/JOT/lib/jogamp-all-platforms/jar/jocl-natives-macosx-universal.jar:/home/gpaiva/Desktop/projects/code/git/Bitbucket/JOT/lib/jogamp-all-platforms/jar/jocl-natives-windows-a
Launcher Type: SUN_STANDARD

Environment Variables:
JAVA_HOME=/usr/local/java/jdk1.8.0_131
JRE_HOME=/usr/local/java/jre1.8.0_131
PATH=/home/gpaiva/bin:/home/gpaiva/.local/bin:/usr/local/sbin:/usr/local/bin:/usr/sbin:/usr/bin:/sbin:/bin:/usr/games:/usr/local/games:/home/gpaiva/omnetpp-5.1/bin:/home/gpaiva/bin:/usr/local/java/jdk1.8.0_131/bin:/home/gpaiva/bin:/usr/local/java/jre1.8.0_131/bin
LD_LIBRARY_PATH=/usr/local/java/jdk1.8.0_141/jre/lib/amd64:/usr/local/java/jdk1.8.0_141/jre/lib/i386:
SHELL=/bin/bash
DISPLAY=:0

Signal Handlers:
SIGSEGV: [libjvm.so+0xacba10], sa_mask[0]=11111111011111111101111111111110, sa_flags=SA_RESTART|SA_SIGINFO
SIGBUS: [libjvm.so+0xacba10], sa_mask[0]=11111111011111111101111111111110, sa_flags=SA_RESTART|SA_SIGINFO
SIGFPE: [libjvm.so+0x924ba0], sa_mask[0]=11111111011111111101111111111110, sa_flags=SA_RESTART|SA_SIGINFO
SIGPIPE: [libjvm.so+0x924ba0], sa_mask[0]=11111111011111111101111111111110, sa_flags=SA_RESTART|SA_SIGINFO
SIGXFSZ: [libjvm.so+0x924ba0], sa_mask[0]=11111111011111111101111111111110, sa_flags=SA_RESTART|SA_SIGINFO
SIGILL: [libjvm.so+0x924ba0], sa_mask[0]=11111111011111111101111111111110, sa_flags=SA_RESTART|SA_SIGINFO
SIGUSR1: SIG_DFL, sa_mask[0]=00000000000000000000000000000000, sa_flags=none
SIGUSR2: [libjvm.so+0x9263e0], sa_mask[0]=00100000000000000000000000000000, sa_flags=SA_RESTART|SA_SIGINFO
SIGHUP: [libjvm.so+0x9277e0], sa_mask[0]=11111111011111111101111111111110, sa_flags=SA_RESTART|SA_SIGINFO
SIGINT: SIG_IGN, sa_mask[0]=00000000000000000000000000000000, sa_flags=none
SIGTERM: [libjvm.so+0x9277e0], sa_mask[0]=11111111011111111101111111111110, sa_flags=SA_RESTART|SA_SIGINFO
SIGQUIT: [libjvm.so+0x9277e0], sa_mask[0]=11111111011111111101111111111110, sa_flags=SA_RESTART|SA_SIGINFO


---------------  S Y S T E M  ---------------

OS:DISTRIB_ID=LinuxMint
DISTRIB_RELEASE=18.2
DISTRIB_CODENAME=sonya
DISTRIB_DESCRIPTION="Linux Mint 18.2 Sonya"

uname:Linux 4.4.0-83-generic #106-Ubuntu SMP Mon Jun 26 17:54:43 UTC 2017 x86_64
libc:glibc 2.23 NPTL 2.23 
rlimit: STACK 8192k, CORE 0k, NPROC 15636, NOFILE 65536, AS infinity
load average:2,59 1,72 1,68

/proc/meminfo:
MemTotal:        4045364 kB
MemFree:          195016 kB
MemAvailable:     631492 kB
Buffers:           35212 kB
Cached:           599740 kB
SwapCached:        44232 kB
Active:          2267048 kB
Inactive:        1213792 kB
Active(anon):    1961376 kB
Inactive(anon):   909300 kB
Active(file):     305672 kB
Inactive(file):   304492 kB
Unevictable:          48 kB
Mlocked:              48 kB
SwapTotal:       3998204 kB
SwapFree:        2669648 kB
Dirty:             34292 kB
Writeback:             0 kB
AnonPages:       2830192 kB
Mapped:           255584 kB
Shmem:             24548 kB
Slab:             127776 kB
SReclaimable:      62968 kB
SUnreclaim:        64808 kB
KernelStack:       11792 kB
PageTables:        50392 kB
NFS_Unstable:          0 kB
Bounce:                0 kB
WritebackTmp:          0 kB
CommitLimit:     6020884 kB
Committed_AS:    8790368 kB
VmallocTotal:   34359738367 kB
VmallocUsed:           0 kB
VmallocChunk:          0 kB
HardwareCorrupted:     0 kB
AnonHugePages:    942080 kB
CmaTotal:              0 kB
CmaFree:               0 kB
HugePages_Total:       0
HugePages_Free:        0
HugePages_Rsvd:        0
HugePages_Surp:        0
Hugepagesize:       2048 kB
DirectMap4k:     1903424 kB
DirectMap2M:     2289664 kB


CPU:total 2 (initial active 2) (2 cores per cpu, 1 threads per core) family 6 model 23 stepping 6, cmov, cx8, fxsr, mmx, sse, sse2, sse3, ssse3, sse4.1, tsc

/proc/cpuinfo:
processor	: 0
vendor_id	: GenuineIntel
cpu family	: 6
model		: 23
model name	: Intel(R) Core(TM)2 Duo CPU     T9300  @ 2.50GHz
stepping	: 6
microcode	: 0x60c
cpu MHz		: 2401.000
cache size	: 6144 KB
physical id	: 0
siblings	: 2
core id		: 0
cpu cores	: 2
apicid		: 0
initial apicid	: 0
fpu		: yes
fpu_exception	: yes
cpuid level	: 10
wp		: yes
flags		: fpu vme de pse tsc msr pae mce cx8 apic sep mtrr pge mca cmov pat pse36 clflush dts acpi mmx fxsr sse sse2 ss ht tm pbe syscall nx lm constant_tsc arch_perfmon pebs bts rep_good nopl aperfmperf pni dtes64 monitor ds_cpl vmx est tm2 ssse3 cx16 xtpr pdcm sse4_1 lahf_lm tpr_shadow vnmi flexpriority dtherm ida
bugs		:
bogomips	: 4987.79
clflush size	: 64
cache_alignment	: 64
address sizes	: 36 bits physical, 48 bits virtual
power management:

processor	: 1
vendor_id	: GenuineIntel
cpu family	: 6
model		: 23
model name	: Intel(R) Core(TM)2 Duo CPU     T9300  @ 2.50GHz
stepping	: 6
microcode	: 0x60c
cpu MHz		: 2401.000
cache size	: 6144 KB
physical id	: 0
siblings	: 2
core id		: 1
cpu cores	: 2
apicid		: 1
initial apicid	: 1
fpu		: yes
fpu_exception	: yes
cpuid level	: 10
wp		: yes
flags		: fpu vme de pse tsc msr pae mce cx8 apic sep mtrr pge mca cmov pat pse36 clflush dts acpi mmx fxsr sse sse2 ss ht tm pbe syscall nx lm constant_tsc arch_perfmon pebs bts rep_good nopl aperfmperf pni dtes64 monitor ds_cpl vmx est tm2 ssse3 cx16 xtpr pdcm sse4_1 lahf_lm tpr_shadow vnmi flexpriority dtherm ida
bugs		:
bogomips	: 4987.79
clflush size	: 64
cache_alignment	: 64
address sizes	: 36 bits physical, 48 bits virtual
power management:



Memory: 4k page, physical 4045364k(195016k free), swap 3998204k(2669648k free)

vm_info: Java HotSpot(TM) 64-Bit Server VM (25.141-b15) for linux-amd64 JRE (1.8.0_141-b15), built on Jul 12 2017 04:21:34 by "java_re" with gcc 4.3.0 20080428 (Red Hat 4.3.0-8)

time: Mon Jul 24 00:28:08 2017
elapsed time: 15 seconds (0d 0h 0m 15s)

