#
# A fatal error has been detected by the Java Runtime Environment:
#
#  SIGSEGV (0xb) at pc=0x00007f49a5996bc9, pid=29400, tid=0x00007f4985ea7700
#
# JRE version: Java(TM) SE Runtime Environment (8.0_144-b01) (build 1.8.0_144-b01)
# Java VM: Java HotSpot(TM) 64-Bit Server VM (25.144-b01 mixed mode linux-amd64 compressed oops)
# Problematic frame:
# C  [libGL.so.1+0xd7bc9]
#
# Failed to write core dump. Core dumps have been disabled. To enable core dumping, try "ulimit -c unlimited" before starting Java again
#
# If you would like to submit a bug report, please visit:
#   http://bugreport.java.com/bugreport/crash.jsp
# The crash happened outside the Java Virtual Machine in native code.
# See problematic frame for where to report the bug.
#

---------------  T H R E A D  ---------------

Current thread (0x00007f49bca2e000):  JavaThread "Thread-3" [_thread_in_native, id=29552, stack(0x00007f4985da7000,0x00007f4985ea8000)]

siginfo: si_signo: 11 (SIGSEGV), si_code: 1 (SEGV_MAPERR), si_addr: 0x00000000000008b8

Registers:
RAX=0x0000000000000000, RBX=0x00007f49a5e14158, RCX=0x00000000ebd7c438, RDX=0x0000000000000001
RSP=0x00007f4985ea6378, RBP=0x00007f4985ea63c0, RSI=0x00000000ebd7c438, RDI=0x0000000000000001
R8 =0x0000000000000001, R9 =0x0000000000000000, R10=0x00007f49e1015548, R11=0x00007f49f606dfa0
R12=0x0000000000000000, R13=0x00007f49a5e14158, R14=0x00007f4985ea6498, R15=0x00007f49bca2e000
RIP=0x00007f49a5996bc9, EFLAGS=0x0000000000010246, CSGSFS=0x0000000000000033, ERR=0x0000000000000004
  TRAPNO=0x000000000000000e

Top of Stack: (sp=0x00007f4985ea6378)
0x00007f4985ea6378:   00007f49a54621fd 00007f49bca2e000
0x00007f4985ea6388:   00007f00bca2e000 00007f4985ea6488
0x00007f4985ea6398:   0000000100000000 00007f4985ea6498
0x00007f4985ea63a8:   00007f49bca2e1f8 00007f49a5996bc0
0x00007f4985ea63b8:   00000000ebd7c438 00007f4985ea6448
0x00007f4985ea63c8:   00007f49e1015574 00007f49a5996bc0
0x00007f4985ea63d8:   00007f49bca2e000 00007f49a5e14158
0x00007f4985ea63e8:   0000000000000000 00007f4985ea6448
0x00007f4985ea63f8:   00007f49e1015307 00007f49e10152c2
0x00007f4985ea6408:   00007f4985ea6408 00007f49a5e14158
0x00007f4985ea6418:   00007f4985ea6498 00007f49a5f0b028
0x00007f4985ea6428:   0000000000000000 00007f49a5e14158
0x00007f4985ea6438:   0000000000000000 00007f4985ea6468
0x00007f4985ea6448:   00007f4985ea64e0 00007f49e1007ffd
0x00007f4985ea6458:   0000000000000000 00007f49e1011278
0x00007f4985ea6468:   00007f49a5996bc0 00007f4985ea6518
0x00007f4985ea6478:   0000000000000000 0000000000000000
0x00007f4985ea6488:   00000000ebd7c428 0000000000000001
0x00007f4985ea6498:   00000000c2a38610 00007f4985ea64a0
0x00007f4985ea64a8:   00007f49a5e1425b 00007f4985ea6518
0x00007f4985ea64b8:   00007f49a5f0b028 0000000000000000
0x00007f4985ea64c8:   00007f49a5e14270 00007f4985ea6468
0x00007f4985ea64d8:   00007f4985ea6500 00007f4985ea6560
0x00007f4985ea64e8:   00007f49e1008042 00007f49a5996bc0
0x00007f4985ea64f8:   0000000000000000 0000000000000000
0x00007f4985ea6508:   00000000ebd7c428 0000000000000001
0x00007f4985ea6518:   00000000c2a38610 00007f4985ea6520
0x00007f4985ea6528:   00007f498668202d 00007f4985ea6578
0x00007f4985ea6538:   00007f4986684428 00007f4986692e50
0x00007f4985ea6548:   00007f4986682048 00007f4985ea6500
0x00007f4985ea6558:   00007f4985ea6570 00007f4985ea65c0
0x00007f4985ea6568:   00007f49e1007ffd 00000000c2a38610 

Instructions: (pc=0x00007f49a5996bc9)
0x00007f49a5996ba9:   00 0f 1f 80 00 00 00 00 66 66 66 66 66 66 2e 0f
0x00007f49a5996bb9:   1f 84 00 00 00 00 00 64 48 8b 04 25 78 ff ff ff
0x00007f49a5996bc9:   ff a0 b8 08 00 00 cc cc cc cc cc cc cc cc cc cc
0x00007f49a5996bd9:   cc cc cc cc cc cc cc 1b 4c 01 d8 ff a0 b8 08 00 

Register to memory mapping:

RAX=0x0000000000000000 is an unknown value
RBX={method} {0x00007f49a5e14158} 'dispatch_glDeleteTextures1' '(ILjava/lang/Object;IZJ)V' in 'jogamp/opengl/gl4/GL4bcImpl'
RCX=0x00000000ebd7c438 is an oop

[error occurred during error reporting (printing register info), id 0xb]

Stack: [0x00007f4985da7000,0x00007f4985ea8000],  sp=0x00007f4985ea6378,  free space=1020k
Native frames: (J=compiled Java code, j=interpreted, Vv=VM code, C=native code)
C  [libGL.so.1+0xd7bc9]
j  jogamp.opengl.gl4.GL4bcImpl.dispatch_glDeleteTextures1(ILjava/lang/Object;IZJ)V+0
j  jogamp.opengl.gl4.GL4bcImpl.glDeleteTextures(I[II)V+107
j  com.jogamp.opengl.util.texture.Texture.destroy(Lcom/jogamp/opengl/GL;)V+21
j  jot.manager.SceneManager.lambda$dispose$0(Lcom/jogamp/opengl/GL2;Lcom/jogamp/opengl/util/texture/Texture;)V+2
j  jot.manager.SceneManager$$Lambda$33.accept(Ljava/lang/Object;)V+8
j  java.util.concurrent.ConcurrentHashMap$ValueSpliterator.forEachRemaining(Ljava/util/function/Consumer;)V+26
j  java.util.stream.ReferencePipeline$Head.forEach(Ljava/util/function/Consumer;)V+12
j  jot.manager.SceneManager.dispose(Lcom/jogamp/opengl/GL2;)V+17
j  jot.gui.Game.lambda$gameShutdown$0()V+29
j  jot.gui.Game$$Lambda$32.run()V+4
j  java.lang.Thread.run()V+11
v  ~StubRoutines::call_stub
V  [libjvm.so+0x693e96]  JavaCalls::call_helper(JavaValue*, methodHandle*, JavaCallArguments*, Thread*)+0x1056
V  [libjvm.so+0x6943a1]  JavaCalls::call_virtual(JavaValue*, KlassHandle, Symbol*, Symbol*, JavaCallArguments*, Thread*)+0x321
V  [libjvm.so+0x694847]  JavaCalls::call_virtual(JavaValue*, Handle, KlassHandle, Symbol*, Symbol*, Thread*)+0x47
V  [libjvm.so+0x72fbd0]  thread_entry(JavaThread*, Thread*)+0xa0
V  [libjvm.so+0xa79753]  JavaThread::thread_main_inner()+0x103
V  [libjvm.so+0xa7989c]  JavaThread::run()+0x11c
V  [libjvm.so+0x92a338]  java_start(Thread*)+0x108
C  [libpthread.so.0+0x76ba]  start_thread+0xca

Java frames: (J=compiled Java code, j=interpreted, Vv=VM code)
j  jogamp.opengl.gl4.GL4bcImpl.dispatch_glDeleteTextures1(ILjava/lang/Object;IZJ)V+0
j  jogamp.opengl.gl4.GL4bcImpl.glDeleteTextures(I[II)V+107
j  com.jogamp.opengl.util.texture.Texture.destroy(Lcom/jogamp/opengl/GL;)V+21
j  jot.manager.SceneManager.lambda$dispose$0(Lcom/jogamp/opengl/GL2;Lcom/jogamp/opengl/util/texture/Texture;)V+2
j  jot.manager.SceneManager$$Lambda$33.accept(Ljava/lang/Object;)V+8
j  java.util.concurrent.ConcurrentHashMap$ValueSpliterator.forEachRemaining(Ljava/util/function/Consumer;)V+26
j  java.util.stream.ReferencePipeline$Head.forEach(Ljava/util/function/Consumer;)V+12
j  jot.manager.SceneManager.dispose(Lcom/jogamp/opengl/GL2;)V+17
j  jot.gui.Game.lambda$gameShutdown$0()V+29
j  jot.gui.Game$$Lambda$32.run()V+4
j  java.lang.Thread.run()V+11
v  ~StubRoutines::call_stub

---------------  P R O C E S S  ---------------

Java Threads: ( => current thread )
=>0x00007f49bca2e000 JavaThread "Thread-3" [_thread_in_native, id=29552, stack(0x00007f4985da7000,0x00007f4985ea8000)]
  0x00007f49f000c000 JavaThread "DestroyJavaVM" [_thread_blocked, id=29404, stack(0x00007f49f716e000,0x00007f49f726f000)]
  0x00007f49f0530800 JavaThread "main-Display-.x11_:0-1-EDT-1" daemon [_thread_blocked, id=29455, stack(0x00007f49917ed000,0x00007f49918ee000)]
  0x00007f49f03c3000 JavaThread "main-SharedResourceRunner" daemon [_thread_blocked, id=29434, stack(0x00007f49a6313000,0x00007f49a6414000)]
  0x00007f49f00e5000 JavaThread "main-SharedResourceRunner" daemon [_thread_blocked, id=29433, stack(0x00007f49a6212000,0x00007f49a6313000)]
  0x00007f49f06a5000 JavaThread "AWT-XAWT" daemon [_thread_in_native, id=29430, stack(0x00007f49a6a1d000,0x00007f49a6b1e000)]
  0x00007f49f0686800 JavaThread "Java2D Disposer" daemon [_thread_blocked, id=29429, stack(0x00007f49acefe000,0x00007f49acfff000)]
  0x00007f49f05f4800 JavaThread "process reaper" daemon [_thread_blocked, id=29417, stack(0x00007f49dc477000,0x00007f49dc4b0000)]
  0x00007f49f00e7000 JavaThread "Service Thread" daemon [_thread_blocked, id=29413, stack(0x00007f49dcb8a000,0x00007f49dcc8b000)]
  0x00007f49f00ba800 JavaThread "C1 CompilerThread1" daemon [_thread_blocked, id=29412, stack(0x00007f49dcc8b000,0x00007f49dcd8c000)]
  0x00007f49f00b7800 JavaThread "C2 CompilerThread0" daemon [_thread_blocked, id=29411, stack(0x00007f49dcd8c000,0x00007f49dce8d000)]
  0x00007f49f00b3800 JavaThread "Signal Dispatcher" daemon [_thread_blocked, id=29410, stack(0x00007f49dce8d000,0x00007f49dcf8e000)]
  0x00007f49f0081800 JavaThread "Finalizer" daemon [_thread_blocked, id=29409, stack(0x00007f49dd268000,0x00007f49dd369000)]
  0x00007f49f007d000 JavaThread "Reference Handler" daemon [_thread_blocked, id=29408, stack(0x00007f49dd369000,0x00007f49dd46a000)]

Other Threads:
  0x00007f49f0075800 VMThread [stack: 0x00007f49dd46a000,0x00007f49dd56b000] [id=29407]
  0x00007f49f00ea800 WatcherThread [stack: 0x00007f49dca89000,0x00007f49dcb8a000] [id=29414]

VM state:not at safepoint (normal execution)

VM Mutex/Monitor currently owned by a thread: None

Heap:
 PSYoungGen      total 34304K, used 9325K [0x00000000eb700000, 0x00000000ef180000, 0x0000000100000000)
  eden space 31744K, 21% used [0x00000000eb700000,0x00000000ebda0990,0x00000000ed600000)
  from space 2560K, 99% used [0x00000000ed600000,0x00000000ed87ab60,0x00000000ed880000)
  to   space 8192K, 0% used [0x00000000ee980000,0x00000000ee980000,0x00000000ef180000)
 ParOldGen       total 38912K, used 10818K [0x00000000c2400000, 0x00000000c4a00000, 0x00000000eb700000)
  object space 38912K, 27% used [0x00000000c2400000,0x00000000c2e90a58,0x00000000c4a00000)
 Metaspace       used 26921K, capacity 27582K, committed 27776K, reserved 1073152K
  class space    used 2912K, capacity 3186K, committed 3200K, reserved 1048576K

Card table byte_map: [0x00007f49f4110000,0x00007f49f42ff000] byte_map_base: 0x00007f49f3afe000

Marking Bits: (ParMarkBitMap*) 0x00007f49f666fdc0
 Begin Bits: [0x00007f49deb15000, 0x00007f49dfa85000)
 End Bits:   [0x00007f49dfa85000, 0x00007f49e09f5000)

Polling page: 0x00007f49f72c0000

CodeCache: size=245760Kb used=9183Kb max_used=9191Kb free=236576Kb
 bounds [0x00007f49e1000000, 0x00007f49e1910000, 0x00007f49f0000000]
 total_blobs=3656 nmethods=2595 adapters=975
 compilation: enabled

Compilation events (10 events):
Event: 25,887 Thread 0x00007f49f00ba800 2743       3       com.jogamp.opengl.util.awt.TextureRenderer::draw3DRect (190 bytes)
Event: 25,887 Thread 0x00007f49f00ba800 nmethod 2743 0x00007f49e18fd910 code [0x00007f49e18fdba0, 0x00007f49e18fe9b8]
Event: 25,903 Thread 0x00007f49f00b7800 2744       4       jogamp.opengl.gl4.GL4bcImpl::glMaterialfv (108 bytes)
Event: 25,905 Thread 0x00007f49f00b7800 nmethod 2744 0x00007f49e1901e10 code [0x00007f49e1901f60, 0x00007f49e19020a8]
Event: 26,103 Thread 0x00007f49f00ba800 2745       3       java.text.DigitList::shouldRoundUp (417 bytes)
Event: 26,104 Thread 0x00007f49f00ba800 nmethod 2745 0x00007f49e1900750 code [0x00007f49e19009a0, 0x00007f49e19017c8]
Event: 26,272 Thread 0x00007f49f00ba800 2746       3       java.awt.font.FontRenderContext::getAntiAliasingHint (27 bytes)
Event: 26,273 Thread 0x00007f49f00ba800 nmethod 2746 0x00007f49e1900210 code [0x00007f49e1900380, 0x00007f49e1900690]
Event: 26,675 Thread 0x00007f49f00b7800 2747       4       java.util.LinkedList$ListItr::next (56 bytes)
Event: 26,676 Thread 0x00007f49f00b7800 nmethod 2747 0x00007f49e18ffe90 code [0x00007f49e18fffe0, 0x00007f49e19000f8]

GC Heap History (10 events):
Event: 2,756 GC heap before
{Heap before GC invocations=2 (full 0):
 PSYoungGen      total 18432K, used 18430K [0x00000000eb700000, 0x00000000edb00000, 0x0000000100000000)
  eden space 15872K, 100% used [0x00000000eb700000,0x00000000ec680000,0x00000000ec680000)
  from space 2560K, 99% used [0x00000000ec680000,0x00000000ec8ff8b8,0x00000000ec900000)
  to   space 2560K, 0% used [0x00000000ed880000,0x00000000ed880000,0x00000000edb00000)
 ParOldGen       total 42496K, used 1183K [0x00000000c2400000, 0x00000000c4d80000, 0x00000000eb700000)
  object space 42496K, 2% used [0x00000000c2400000,0x00000000c2527ce8,0x00000000c4d80000)
 Metaspace       used 13136K, capacity 13688K, committed 13824K, reserved 1060864K
  class space    used 1495K, capacity 1757K, committed 1792K, reserved 1048576K
Event: 2,776 GC heap after
Heap after GC invocations=2 (full 0):
 PSYoungGen      total 34304K, used 2544K [0x00000000eb700000, 0x00000000edb00000, 0x0000000100000000)
  eden space 31744K, 0% used [0x00000000eb700000,0x00000000eb700000,0x00000000ed600000)
  from space 2560K, 99% used [0x00000000ed880000,0x00000000edafc010,0x00000000edb00000)
  to   space 2560K, 0% used [0x00000000ed600000,0x00000000ed600000,0x00000000ed880000)
 ParOldGen       total 42496K, used 3621K [0x00000000c2400000, 0x00000000c4d80000, 0x00000000eb700000)
  object space 42496K, 8% used [0x00000000c2400000,0x00000000c27895c0,0x00000000c4d80000)
 Metaspace       used 13136K, capacity 13688K, committed 13824K, reserved 1060864K
  class space    used 1495K, capacity 1757K, committed 1792K, reserved 1048576K
}
Event: 14,697 GC heap before
{Heap before GC invocations=3 (full 0):
 PSYoungGen      total 34304K, used 27377K [0x00000000eb700000, 0x00000000edb00000, 0x0000000100000000)
  eden space 31744K, 78% used [0x00000000eb700000,0x00000000ecf40648,0x00000000ed600000)
  from space 2560K, 99% used [0x00000000ed880000,0x00000000edafc010,0x00000000edb00000)
  to   space 2560K, 0% used [0x00000000ed600000,0x00000000ed600000,0x00000000ed880000)
 ParOldGen       total 42496K, used 3621K [0x00000000c2400000, 0x00000000c4d80000, 0x00000000eb700000)
  object space 42496K, 8% used [0x00000000c2400000,0x00000000c27895c0,0x00000000c4d80000)
 Metaspace       used 20402K, capacity 21004K, committed 21248K, reserved 1069056K
  class space    used 2161K, capacity 2462K, committed 2560K, reserved 1048576K
Event: 14,736 GC heap after
Heap after GC invocations=3 (full 0):
 PSYoungGen      total 34304K, used 2544K [0x00000000eb700000, 0x00000000edb00000, 0x0000000100000000)
  eden space 31744K, 0% used [0x00000000eb700000,0x00000000eb700000,0x00000000ed600000)
  from space 2560K, 99% used [0x00000000ed600000,0x00000000ed87c030,0x00000000ed880000)
  to   space 2560K, 0% used [0x00000000ed880000,0x00000000ed880000,0x00000000edb00000)
 ParOldGen       total 42496K, used 8799K [0x00000000c2400000, 0x00000000c4d80000, 0x00000000eb700000)
  object space 42496K, 20% used [0x00000000c2400000,0x00000000c2c97e58,0x00000000c4d80000)
 Metaspace       used 20402K, capacity 21004K, committed 21248K, reserved 1069056K
  class space    used 2161K, capacity 2462K, committed 2560K, reserved 1048576K
}
Event: 14,736 GC heap before
{Heap before GC invocations=4 (full 1):
 PSYoungGen      total 34304K, used 2544K [0x00000000eb700000, 0x00000000edb00000, 0x0000000100000000)
  eden space 31744K, 0% used [0x00000000eb700000,0x00000000eb700000,0x00000000ed600000)
  from space 2560K, 99% used [0x00000000ed600000,0x00000000ed87c030,0x00000000ed880000)
  to   space 2560K, 0% used [0x00000000ed880000,0x00000000ed880000,0x00000000edb00000)
 ParOldGen       total 42496K, used 8799K [0x00000000c2400000, 0x00000000c4d80000, 0x00000000eb700000)
  object space 42496K, 20% used [0x00000000c2400000,0x00000000c2c97e58,0x00000000c4d80000)
 Metaspace       used 20402K, capacity 21004K, committed 21248K, reserved 1069056K
  class space    used 2161K, capacity 2462K, committed 2560K, reserved 1048576K
Event: 14,959 GC heap after
Heap after GC invocations=4 (full 1):
 PSYoungGen      total 34304K, used 0K [0x00000000eb700000, 0x00000000edb00000, 0x0000000100000000)
  eden space 31744K, 0% used [0x00000000eb700000,0x00000000eb700000,0x00000000ed600000)
  from space 2560K, 0% used [0x00000000ed600000,0x00000000ed600000,0x00000000ed880000)
  to   space 2560K, 0% used [0x00000000ed880000,0x00000000ed880000,0x00000000edb00000)
 ParOldGen       total 38912K, used 7485K [0x00000000c2400000, 0x00000000c4a00000, 0x00000000eb700000)
  object space 38912K, 19% used [0x00000000c2400000,0x00000000c2b4f648,0x00000000c4a00000)
 Metaspace       used 20393K, capacity 20994K, committed 21248K, reserved 1069056K
  class space    used 2160K, capacity 2460K, committed 2560K, reserved 1048576K
}
Event: 17,280 GC heap before
{Heap before GC invocations=5 (full 1):
 PSYoungGen      total 34304K, used 31744K [0x00000000eb700000, 0x00000000edb00000, 0x0000000100000000)
  eden space 31744K, 100% used [0x00000000eb700000,0x00000000ed600000,0x00000000ed600000)
  from space 2560K, 0% used [0x00000000ed600000,0x00000000ed600000,0x00000000ed880000)
  to   space 2560K, 0% used [0x00000000ed880000,0x00000000ed880000,0x00000000edb00000)
 ParOldGen       total 38912K, used 7485K [0x00000000c2400000, 0x00000000c4a00000, 0x00000000eb700000)
  object space 38912K, 19% used [0x00000000c2400000,0x00000000c2b4f648,0x00000000c4a00000)
 Metaspace       used 23987K, capacity 24586K, committed 24960K, reserved 1071104K
  class space    used 2547K, capacity 2846K, committed 2944K, reserved 1048576K
Event: 17,292 GC heap after
Heap after GC invocations=5 (full 1):
 PSYoungGen      total 34304K, used 2541K [0x00000000eb700000, 0x00000000ee680000, 0x0000000100000000)
  eden space 31744K, 0% used [0x00000000eb700000,0x00000000eb700000,0x00000000ed600000)
  from space 2560K, 99% used [0x00000000ed880000,0x00000000edafb688,0x00000000edb00000)
  to   space 2560K, 0% used [0x00000000ed600000,0x00000000ed600000,0x00000000ed880000)
 ParOldGen       total 38912K, used 8135K [0x00000000c2400000, 0x00000000c4a00000, 0x00000000eb700000)
  object space 38912K, 20% used [0x00000000c2400000,0x00000000c2bf1ce8,0x00000000c4a00000)
 Metaspace       used 23987K, capacity 24586K, committed 24960K, reserved 1071104K
  class space    used 2547K, capacity 2846K, committed 2944K, reserved 1048576K
}
Event: 22,561 GC heap before
{Heap before GC invocations=6 (full 1):
 PSYoungGen      total 34304K, used 34285K [0x00000000eb700000, 0x00000000ee680000, 0x0000000100000000)
  eden space 31744K, 100% used [0x00000000eb700000,0x00000000ed600000,0x00000000ed600000)
  from space 2560K, 99% used [0x00000000ed880000,0x00000000edafb688,0x00000000edb00000)
  to   space 2560K, 0% used [0x00000000ed600000,0x00000000ed600000,0x00000000ed880000)
 ParOldGen       total 38912K, used 8135K [0x00000000c2400000, 0x00000000c4a00000, 0x00000000eb700000)
  object space 38912K, 20% used [0x00000000c2400000,0x00000000c2bf1ce8,0x00000000c4a00000)
 Metaspace       used 26751K, capacity 27372K, committed 27520K, reserved 1073152K
  class space    used 2908K, capacity 3183K, committed 3200K, reserved 1048576K
Event: 22,606 GC heap after
Heap after GC invocations=6 (full 1):
 PSYoungGen      total 34304K, used 2538K [0x00000000eb700000, 0x00000000ef180000, 0x0000000100000000)
  eden space 31744K, 0% used [0x00000000eb700000,0x00000000eb700000,0x00000000ed600000)
  from space 2560K, 99% used [0x00000000ed600000,0x00000000ed87ab60,0x00000000ed880000)
  to   space 8192K, 0% used [0x00000000ee980000,0x00000000ee980000,0x00000000ef180000)
 ParOldGen       total 38912K, used 10818K [0x00000000c2400000, 0x00000000c4a00000, 0x00000000eb700000)
  object space 38912K, 27% used [0x00000000c2400000,0x00000000c2e90a58,0x00000000c4a00000)
 Metaspace       used 26751K, capacity 27372K, committed 27520K, reserved 1073152K
  class space    used 2908K, capacity 3183K, committed 3200K, reserved 1048576K
}

Deoptimization events (10 events):
Event: 17,456 Thread 0x00007f49f0855000 Uncommon trap: reason=unstable_if action=reinterpret pc=0x00007f49e163aac4 method=java.io.DataInputStream.readUTF(Ljava/io/DataInput;)Ljava/lang/String; @ 112
Event: 17,782 Thread 0x00007f49f0855000 Uncommon trap: reason=unstable_if action=reinterpret pc=0x00007f49e16871c0 method=org.apache.xmlbeans.impl.values.XmlObjectBase.has_store()Z @ 7
Event: 17,801 Thread 0x00007f49f0855000 Uncommon trap: reason=unstable_if action=reinterpret pc=0x00007f49e1687438 method=org.apache.xmlbeans.impl.values.XmlObjectBase.check_dated()V @ 8
Event: 19,846 Thread 0x00007f49f0855000 Uncommon trap: reason=predicate action=maybe_recompile pc=0x00007f49e180adfc method=java.util.Arrays.fill([Ljava/lang/Object;Ljava/lang/Object;)V @ 10
Event: 19,863 Thread 0x00007f49f0855000 Uncommon trap: reason=array_check action=maybe_recompile pc=0x00007f49e1805948 method=java.util.Arrays.fill([Ljava/lang/Object;Ljava/lang/Object;)V @ 13
Event: 20,309 Thread 0x00007f49f0855000 Uncommon trap: reason=unstable_if action=reinterpret pc=0x00007f49e1808750 method=sun.misc.FloatingDecimal$BinaryToASCIIBuffer.dtoa(IJIZ)V @ 986
Event: 21,627 Thread 0x00007f49f0855000 Uncommon trap: reason=unstable_if action=reinterpret pc=0x00007f49e1350ca8 method=java.util.HashMap.hash(Ljava/lang/Object;)I @ 1
Event: 26,254 Thread 0x00007f49f0855000 Uncommon trap: reason=unstable_if action=reinterpret pc=0x00007f49e1781f44 method=java.util.ArrayList.remove(I)Ljava/lang/Object; @ 31
Event: 26,727 Thread 0x00007f49f0855000 Uncommon trap: reason=unstable_if action=reinterpret pc=0x00007f49e18e6230 method=jot.io.device.handlers.KeyBoard.isDetecting(Ljava/lang/String;)Z @ 75
Event: 26,727 Thread 0x00007f49f0855000 Uncommon trap: reason=unstable_if action=reinterpret pc=0x00007f49e11184a0 method=java.util.Formatter.parse(Ljava/lang/String;)[Ljava/util/Formatter$FormatString; @ 38

Internal exceptions (10 events):
Event: 2,008 Thread 0x00007f49f000c000 Exception <a 'java/lang/NoClassDefFoundError': jot/util/ExtensionAIOptions> (0x00000000ec2708a0) thrown at [/HUDSON3/workspace/8-2-build-linux-amd64/jdk8u144/9417/hotspot/src/share/vm/oops/constantPool.cpp, line 235]
Event: 2,008 Thread 0x00007f49f000c000 Exception <a 'java/lang/NoClassDefFoundError': jot/util/ExtensionAIOptions> (0x00000000ec270b08) thrown at [/HUDSON3/workspace/8-2-build-linux-amd64/jdk8u144/9417/hotspot/src/share/vm/oops/constantPool.cpp, line 235]
Event: 2,008 Thread 0x00007f49f000c000 Exception <a 'java/lang/NoClassDefFoundError': jot/util/ExtensionAIOptions> (0x00000000ec270d70) thrown at [/HUDSON3/workspace/8-2-build-linux-amd64/jdk8u144/9417/hotspot/src/share/vm/oops/constantPool.cpp, line 235]
Event: 2,008 Thread 0x00007f49f000c000 Exception <a 'java/lang/NoClassDefFoundError': jot/util/ExtensionAIOptions> (0x00000000ec270fd8) thrown at [/HUDSON3/workspace/8-2-build-linux-amd64/jdk8u144/9417/hotspot/src/share/vm/oops/constantPool.cpp, line 235]
Event: 2,008 Thread 0x00007f49f000c000 Exception <a 'java/lang/NoClassDefFoundError': jot/util/ExtensionAIOptions> (0x00000000ec271240) thrown at [/HUDSON3/workspace/8-2-build-linux-amd64/jdk8u144/9417/hotspot/src/share/vm/oops/constantPool.cpp, line 235]
Event: 2,008 Thread 0x00007f49f000c000 Exception <a 'java/lang/NoClassDefFoundError': jot/util/ExtensionAIOptions> (0x00000000ec2714a8) thrown at [/HUDSON3/workspace/8-2-build-linux-amd64/jdk8u144/9417/hotspot/src/share/vm/oops/constantPool.cpp, line 235]
Event: 2,008 Thread 0x00007f49f000c000 Exception <a 'java/lang/NoClassDefFoundError': jot/util/ExtensionAIOptions> (0x00000000ec271710) thrown at [/HUDSON3/workspace/8-2-build-linux-amd64/jdk8u144/9417/hotspot/src/share/vm/oops/constantPool.cpp, line 235]
Event: 2,726 Thread 0x00007f49f000c000 Exception <a 'java/io/FileNotFoundException'> (0x00000000ec65d518) thrown at [/HUDSON3/workspace/8-2-build-linux-amd64/jdk8u144/9417/hotspot/src/share/vm/prims/jni.cpp, line 709]
Event: 2,726 Thread 0x00007f49f000c000 Exception <a 'java/io/FileNotFoundException'> (0x00000000ec65ded8) thrown at [/HUDSON3/workspace/8-2-build-linux-amd64/jdk8u144/9417/hotspot/src/share/vm/prims/jni.cpp, line 709]
Event: 21,627 Thread 0x00007f49f0855000 Implicit null exception at 0x00007f49e1350c2f to 0x00007f49e1350c99

Events (10 events):
Event: 26,778 Executing VM operation: RevokeBias done
Event: 26,778 loading class java/util/concurrent/ConcurrentHashMap$ValueSpliterator
Event: 26,778 Thread 0x00007f49f0855000 Thread exited: 0x00007f49f0855000
Event: 26,791 loading class java/util/concurrent/ConcurrentHashMap$ValueSpliterator done
Event: 26,791 loading class com/jogamp/opengl/GL2
Event: 26,791 loading class com/jogamp/opengl/GL2 done
Event: 26,791 loading class com/jogamp/opengl/util/texture/Texture
Event: 26,791 loading class com/jogamp/opengl/util/texture/Texture done
Event: 26,791 loading class com/jogamp/opengl/GL2
Event: 26,791 loading class com/jogamp/opengl/GL2 done


Dynamic libraries:
00400000-00401000 r-xp 00000000 08:05 3148066                            /usr/local/java/jdk1.8.0_144/bin/java
00600000-00601000 rw-p 00000000 08:05 3148066                            /usr/local/java/jdk1.8.0_144/bin/java
00c34000-00c55000 rw-p 00000000 00:00 0                                  [heap]
407b4000-40850000 rw-p 00000000 00:00 0 
408ba000-40956000 rw-p 00000000 00:00 0 
40dac000-40dae000 r-xs 00000000 08:05 11272366                           /tmp/.glwLlIjk (deleted)
c2400000-c4a00000 rw-p 00000000 00:00 0 
c4a00000-eb700000 ---p 00000000 00:00 0 
eb700000-ef180000 rw-p 00000000 00:00 0 
ef180000-100000000 ---p 00000000 00:00 0 
100000000-100320000 rw-p 00000000 00:00 0 
100320000-140000000 ---p 00000000 00:00 0 
7f4984acd000-7f4984ecd000 rw-s 13919a000 00:06 523                       /dev/nvidiactl
7f4984ecd000-7f49850cd000 rw-p 00000000 00:00 0 
7f49850cd000-7f49852cd000 rw-p 00000000 00:00 0 
7f49852cd000-7f49854b6000 rw-p 00000000 00:00 0 
7f49854b6000-7f49858b6000 rw-s 5df9c000 00:06 523                        /dev/nvidiactl
7f49858b6000-7f4985af7000 rw-p 00000000 00:00 0 
7f4985af7000-7f4985cf7000 rw-s 6d842000 00:06 523                        /dev/nvidiactl
7f4985da7000-7f4985daa000 ---p 00000000 00:00 0 
7f4985daa000-7f4985ea8000 rw-p 00000000 00:00 0 
7f4985ea8000-7f49860a8000 rw-s 1390ff000 00:06 523                       /dev/nvidiactl
7f49860a8000-7f4986111000 r-xp 00000000 08:05 3277887                    /usr/local/java/jdk1.8.0_144/jre/lib/amd64/libt2k.so
7f4986111000-7f4986311000 ---p 00069000 08:05 3277887                    /usr/local/java/jdk1.8.0_144/jre/lib/amd64/libt2k.so
7f4986311000-7f4986318000 rw-p 00069000 08:05 3277887                    /usr/local/java/jdk1.8.0_144/jre/lib/amd64/libt2k.so
7f4986318000-7f4986328000 rw-p 00000000 00:00 0 
7f4986328000-7f4986428000 rw-s 13a75f000 00:06 523                       /dev/nvidiactl
7f4986428000-7f498642b000 ---p 00000000 00:00 0 
7f498642b000-7f4986729000 rw-p 00000000 00:00 0 
7f4986729000-7f498672a000 ---p 00000000 00:00 0 
7f498672a000-7f498682a000 rw-p 00000000 00:00 0 
7f498682a000-7f498a82b000 rw-s 00000000 00:13 6                          /dev/shm/pulse-shm-340349428
7f498a82b000-7f498e82c000 rw-s 00000000 00:13 9                          /dev/shm/pulse-shm-3457594427
7f498e82c000-7f498e82d000 ---p 00000000 00:00 0 
7f498e82d000-7f498f02d000 rw-p 00000000 00:00 0 
7f498f02d000-7f498f057000 r-xp 00000000 08:05 11414085                   /usr/lib/x86_64-linux-gnu/libvorbis.so.0.4.8
7f498f057000-7f498f257000 ---p 0002a000 08:05 11414085                   /usr/lib/x86_64-linux-gnu/libvorbis.so.0.4.8
7f498f257000-7f498f258000 r--p 0002a000 08:05 11414085                   /usr/lib/x86_64-linux-gnu/libvorbis.so.0.4.8
7f498f258000-7f498f259000 rw-p 0002b000 08:05 11414085                   /usr/lib/x86_64-linux-gnu/libvorbis.so.0.4.8
7f498f259000-7f498f260000 r-xp 00000000 08:05 11413751                   /usr/lib/x86_64-linux-gnu/libogg.so.0.8.2
7f498f260000-7f498f460000 ---p 00007000 08:05 11413751                   /usr/lib/x86_64-linux-gnu/libogg.so.0.8.2
7f498f460000-7f498f461000 r--p 00007000 08:05 11413751                   /usr/lib/x86_64-linux-gnu/libogg.so.0.8.2
7f498f461000-7f498f462000 rw-p 00008000 08:05 11413751                   /usr/lib/x86_64-linux-gnu/libogg.so.0.8.2
7f498f462000-7f498f4d0000 r-xp 00000000 08:05 1839749                    /lib/x86_64-linux-gnu/libpcre.so.3.13.2
7f498f4d0000-7f498f6d0000 ---p 0006e000 08:05 1839749                    /lib/x86_64-linux-gnu/libpcre.so.3.13.2
7f498f6d0000-7f498f6d1000 r--p 0006e000 08:05 1839749                    /lib/x86_64-linux-gnu/libpcre.so.3.13.2
7f498f6d1000-7f498f6d2000 rw-p 0006f000 08:05 1839749                    /lib/x86_64-linux-gnu/libpcre.so.3.13.2
7f498f6d2000-7f498f6e9000 r-xp 00000000 08:05 1836653                    /lib/x86_64-linux-gnu/libresolv-2.23.so
7f498f6e9000-7f498f8e9000 ---p 00017000 08:05 1836653                    /lib/x86_64-linux-gnu/libresolv-2.23.so
7f498f8e9000-7f498f8ea000 r--p 00017000 08:05 1836653                    /lib/x86_64-linux-gnu/libresolv-2.23.so
7f498f8ea000-7f498f8eb000 rw-p 00018000 08:05 1836653                    /lib/x86_64-linux-gnu/libresolv-2.23.so
7f498f8eb000-7f498f8ed000 rw-p 00000000 00:00 0 
7f498f8ed000-7f498f97a000 r-xp 00000000 08:05 11414087                   /usr/lib/x86_64-linux-gnu/libvorbisenc.so.2.0.11
7f498f97a000-7f498fb79000 ---p 0008d000 08:05 11414087                   /usr/lib/x86_64-linux-gnu/libvorbisenc.so.2.0.11
7f498fb79000-7f498fb95000 r--p 0008c000 08:05 11414087                   /usr/lib/x86_64-linux-gnu/libvorbisenc.so.2.0.11
7f498fb95000-7f498fb96000 rw-p 000a8000 08:05 11414087                   /usr/lib/x86_64-linux-gnu/libvorbisenc.so.2.0.11
7f498fb96000-7f498fc09000 r-xp 00000000 08:05 11412614                   /usr/lib/x86_64-linux-gnu/libFLAC.so.8.3.0
7f498fc09000-7f498fe09000 ---p 00073000 08:05 11412614                   /usr/lib/x86_64-linux-gnu/libFLAC.so.8.3.0
7f498fe09000-7f498fe0a000 r--p 00073000 08:05 11412614                   /usr/lib/x86_64-linux-gnu/libFLAC.so.8.3.0
7f498fe0a000-7f498fe0b000 rw-p 00074000 08:05 11412614                   /usr/lib/x86_64-linux-gnu/libFLAC.so.8.3.0
7f498fe0b000-7f498fe2c000 r-xp 00000000 08:05 1839687                    /lib/x86_64-linux-gnu/liblzma.so.5.0.0
7f498fe2c000-7f499002b000 ---p 00021000 08:05 1839687                    /lib/x86_64-linux-gnu/liblzma.so.5.0.0
7f499002b000-7f499002c000 r--p 00020000 08:05 1839687                    /lib/x86_64-linux-gnu/liblzma.so.5.0.0
7f499002c000-7f499002d000 rw-p 00021000 08:05 1839687                    /lib/x86_64-linux-gnu/liblzma.so.5.0.0
7f499002d000-7f499004c000 r-xp 00000000 08:05 1839778                    /lib/x86_64-linux-gnu/libselinux.so.1
7f499004c000-7f499024b000 ---p 0001f000 08:05 1839778                    /lib/x86_64-linux-gnu/libselinux.so.1
7f499024b000-7f499024c000 r--p 0001e000 08:05 1839778                    /lib/x86_64-linux-gnu/libselinux.so.1
7f499024c000-7f499024d000 rw-p 0001f000 08:05 1839778                    /lib/x86_64-linux-gnu/libselinux.so.1
7f499024d000-7f499024f000 rw-p 00000000 00:00 0 
7f499024f000-7f4990254000 r-xp 00000000 08:05 11412867                   /usr/lib/x86_64-linux-gnu/libasyncns.so.0.3.1
7f4990254000-7f4990453000 ---p 00005000 08:05 11412867                   /usr/lib/x86_64-linux-gnu/libasyncns.so.0.3.1
7f4990453000-7f4990454000 r--p 00004000 08:05 11412867                   /usr/lib/x86_64-linux-gnu/libasyncns.so.0.3.1
7f4990454000-7f4990455000 rw-p 00005000 08:05 11412867                   /usr/lib/x86_64-linux-gnu/libasyncns.so.0.3.1
7f4990455000-7f49904b7000 r-xp 00000000 08:05 11409293                   /usr/lib/x86_64-linux-gnu/libsndfile.so.1.0.25
7f49904b7000-7f49906b7000 ---p 00062000 08:05 11409293                   /usr/lib/x86_64-linux-gnu/libsndfile.so.1.0.25
7f49906b7000-7f49906b9000 r--p 00062000 08:05 11409293                   /usr/lib/x86_64-linux-gnu/libsndfile.so.1.0.25
7f49906b9000-7f49906ba000 rw-p 00064000 08:05 11409293                   /usr/lib/x86_64-linux-gnu/libsndfile.so.1.0.25
7f49906ba000-7f49906be000 rw-p 00000000 00:00 0 
7f49906be000-7f49906c6000 r-xp 00000000 08:05 1839806                    /lib/x86_64-linux-gnu/libwrap.so.0.7.6
7f49906c6000-7f49908c5000 ---p 00008000 08:05 1839806                    /lib/x86_64-linux-gnu/libwrap.so.0.7.6
7f49908c5000-7f49908c6000 r--p 00007000 08:05 1839806                    /lib/x86_64-linux-gnu/libwrap.so.0.7.6
7f49908c6000-7f49908c7000 rw-p 00008000 08:05 1839806                    /lib/x86_64-linux-gnu/libwrap.so.0.7.6
7f49908c7000-7f49908c8000 rw-p 00000000 00:00 0 
7f49908c8000-7f4990948000 r-xp 00000000 08:05 1840664                    /lib/x86_64-linux-gnu/libsystemd.so.0.14.0
7f4990948000-7f499094b000 r--p 0007f000 08:05 1840664                    /lib/x86_64-linux-gnu/libsystemd.so.0.14.0
7f499094b000-7f499094c000 rw-p 00082000 08:05 1840664                    /lib/x86_64-linux-gnu/libsystemd.so.0.14.0
7f499094c000-7f499094d000 rw-p 00000000 00:00 0 
7f499094d000-7f4990997000 r-xp 00000000 08:05 1836611                    /lib/x86_64-linux-gnu/libdbus-1.so.3.14.6
7f4990997000-7f4990b97000 ---p 0004a000 08:05 1836611                    /lib/x86_64-linux-gnu/libdbus-1.so.3.14.6
7f4990b97000-7f4990b98000 r--p 0004a000 08:05 1836611                    /lib/x86_64-linux-gnu/libdbus-1.so.3.14.6
7f4990b98000-7f4990b99000 rw-p 0004b000 08:05 1836611                    /lib/x86_64-linux-gnu/libdbus-1.so.3.14.6
7f4990b99000-7f4990c13000 r-xp 00000000 08:05 11798505                   /usr/lib/x86_64-linux-gnu/pulseaudio/libpulsecommon-8.0.so
7f4990c13000-7f4990e12000 ---p 0007a000 08:05 11798505                   /usr/lib/x86_64-linux-gnu/pulseaudio/libpulsecommon-8.0.so
7f4990e12000-7f4990e13000 r--p 00079000 08:05 11798505                   /usr/lib/x86_64-linux-gnu/pulseaudio/libpulsecommon-8.0.so
7f4990e13000-7f4990e14000 rw-p 0007a000 08:05 11798505                   /usr/lib/x86_64-linux-gnu/pulseaudio/libpulsecommon-8.0.so
7f4990e14000-7f4990e1e000 r-xp 00000000 08:05 1839679                    /lib/x86_64-linux-gnu/libjson-c.so.2.0.0
7f4990e1e000-7f499101d000 ---p 0000a000 08:05 1839679                    /lib/x86_64-linux-gnu/libjson-c.so.2.0.0
7f499101d000-7f499101e000 r--p 00009000 08:05 1839679                    /lib/x86_64-linux-gnu/libjson-c.so.2.0.0
7f499101e000-7f499101f000 rw-p 0000a000 08:05 1839679                    /lib/x86_64-linux-gnu/libjson-c.so.2.0.0
7f499101f000-7f499106d000 r-xp 00000000 08:05 11405634                   /usr/lib/x86_64-linux-gnu/libpulse.so.0.19.0
7f499106d000-7f499126d000 ---p 0004e000 08:05 11405634                   /usr/lib/x86_64-linux-gnu/libpulse.so.0.19.0
7f499126d000-7f499126e000 r--p 0004e000 08:05 11405634                   /usr/lib/x86_64-linux-gnu/libpulse.so.0.19.0
7f499126e000-7f499126f000 rw-p 0004f000 08:05 11405634                   /usr/lib/x86_64-linux-gnu/libpulse.so.0.19.0
7f499126f000-7f499127d000 r-xp 00000000 08:05 11272394                   /tmp/jogamp_0000/file_cache/jln6073832757940865905/jln2323569685956224514/natives/linux-amd64/libjoal.so
7f499127d000-7f499147c000 ---p 0000e000 08:05 11272394                   /tmp/jogamp_0000/file_cache/jln6073832757940865905/jln2323569685956224514/natives/linux-amd64/libjoal.so
7f499147c000-7f499147d000 rw-p 0000d000 08:05 11272394                   /tmp/jogamp_0000/file_cache/jln6073832757940865905/jln2323569685956224514/natives/linux-amd64/libjoal.so
7f499147d000-7f49914e6000 r-xp 00000000 08:05 11414836                   /usr/lib/x86_64-linux-gnu/libopenal.so.1.16.0
7f49914e6000-7f49916e5000 ---p 00069000 08:05 11414836                   /usr/lib/x86_64-linux-gnu/libopenal.so.1.16.0
7f49916e5000-7f49916e9000 r--p 00068000 08:05 11414836                   /usr/lib/x86_64-linux-gnu/libopenal.so.1.16.0
7f49916e9000-7f49916ea000 rw-p 0006c000 08:05 11414836                   /usr/lib/x86_64-linux-gnu/libopenal.so.1.16.0
7f49916ea000-7f49916ed000 rw-p 00000000 00:00 0 
7f49916ed000-7f49917ed000 rw-s 110195000 00:06 523                       /dev/nvidiactl
7f49917ed000-7f49917f0000 ---p 00000000 00:00 0 
7f49917f0000-7f49918ee000 rw-p 00000000 00:00 0 
7f49918ee000-7f49918f8000 r-xp 00000000 08:05 11412801                   /usr/lib/x86_64-linux-gnu/libXrandr.so.2.2.0
7f49918f8000-7f4991af7000 ---p 0000a000 08:05 11412801                   /usr/lib/x86_64-linux-gnu/libXrandr.so.2.2.0
7f4991af7000-7f4991af8000 r--p 00009000 08:05 11412801                   /usr/lib/x86_64-linux-gnu/libXrandr.so.2.2.0
7f4991af8000-7f4991af9000 rw-p 0000a000 08:05 11412801                   /usr/lib/x86_64-linux-gnu/libXrandr.so.2.2.0
7f4991b47000-7f4991b58000 r-xp 00000000 08:05 11272353                   /tmp/jogamp_0000/file_cache/jln6073832757940865905/jln2323569685956224514/natives/linux-amd64/libnewt.so
7f4991b58000-7f4991d57000 ---p 00011000 08:05 11272353                   /tmp/jogamp_0000/file_cache/jln6073832757940865905/jln2323569685956224514/natives/linux-amd64/libnewt.so
7f4991d57000-7f4991d58000 rw-p 00010000 08:05 11272353                   /tmp/jogamp_0000/file_cache/jln6073832757940865905/jln2323569685956224514/natives/linux-amd64/libnewt.so
7f4991d58000-7f4991e58000 rw-s 360f9000 00:06 523                        /dev/nvidiactl
7f4991e58000-7f4991e5a000 r-xp 00000000 08:05 11412793                   /usr/lib/x86_64-linux-gnu/libXinerama.so.1.0.0
7f4991e5a000-7f4992059000 ---p 00002000 08:05 11412793                   /usr/lib/x86_64-linux-gnu/libXinerama.so.1.0.0
7f4992059000-7f499205a000 r--p 00001000 08:05 11412793                   /usr/lib/x86_64-linux-gnu/libXinerama.so.1.0.0
7f499205a000-7f499205b000 rw-p 00002000 08:05 11412793                   /usr/lib/x86_64-linux-gnu/libXinerama.so.1.0.0
7f499205b000-7f4992092000 r-xp 00000000 08:05 11414039                   /usr/lib/x86_64-linux-gnu/libtxc_dxtn_s2tc.so.0.0.0
7f4992092000-7f4992291000 ---p 00037000 08:05 11414039                   /usr/lib/x86_64-linux-gnu/libtxc_dxtn_s2tc.so.0.0.0
7f4992291000-7f4992292000 r--p 00036000 08:05 11414039                   /usr/lib/x86_64-linux-gnu/libtxc_dxtn_s2tc.so.0.0.0
7f4992292000-7f4992293000 rw-p 00037000 08:05 11414039                   /usr/lib/x86_64-linux-gnu/libtxc_dxtn_s2tc.so.0.0.0
7f4992293000-7f4992294000 ---p 00000000 00:00 0 
7f4992294000-7f4992a94000 rw-p 00000000 00:00 0 
7f4992a94000-7f4992a95000 ---p 00000000 00:00 0 
7f4992a95000-7f4993295000 rw-p 00000000 00:00 0 
7f4993295000-7f49932a8000 r-xp 00000000 08:05 1839616                    /lib/x86_64-linux-gnu/libbsd.so.0.8.2
7f49932a8000-7f49934a7000 ---p 00013000 08:05 1839616                    /lib/x86_64-linux-gnu/libbsd.so.0.8.2
7f49934a7000-7f49934a8000 r--p 00012000 08:05 1839616                    /lib/x86_64-linux-gnu/libbsd.so.0.8.2
7f49934a8000-7f49934a9000 rw-p 00013000 08:05 1839616                    /lib/x86_64-linux-gnu/libbsd.so.0.8.2
7f49934a9000-7f49934aa000 rw-p 00000000 00:00 0 
7f49934aa000-7f49934cf000 r-xp 00000000 08:05 1839792                    /lib/x86_64-linux-gnu/libtinfo.so.5.9
7f49934cf000-7f49936ce000 ---p 00025000 08:05 1839792                    /lib/x86_64-linux-gnu/libtinfo.so.5.9
7f49936ce000-7f49936d2000 r--p 00024000 08:05 1839792                    /lib/x86_64-linux-gnu/libtinfo.so.5.9
7f49936d2000-7f49936d3000 rw-p 00028000 08:05 1839792                    /lib/x86_64-linux-gnu/libtinfo.so.5.9
7f49936d3000-7f4993704000 r-xp 00000000 08:05 11413116                   /usr/lib/x86_64-linux-gnu/libedit.so.2.0.53
7f4993704000-7f4993904000 ---p 00031000 08:05 11413116                   /usr/lib/x86_64-linux-gnu/libedit.so.2.0.53
7f4993904000-7f4993906000 r--p 00031000 08:05 11413116                   /usr/lib/x86_64-linux-gnu/libedit.so.2.0.53
7f4993906000-7f4993907000 rw-p 00033000 08:05 11413116                   /usr/lib/x86_64-linux-gnu/libedit.so.2.0.53
7f4993907000-7f499390b000 rw-p 00000000 00:00 0 
7f499390b000-7f4993924000 r-xp 00000000 08:05 1836596                    /lib/x86_64-linux-gnu/libz.so.1.2.8
7f4993924000-7f4993b23000 ---p 00019000 08:05 1836596                    /lib/x86_64-linux-gnu/libz.so.1.2.8
7f4993b23000-7f4993b24000 r--p 00018000 08:05 1836596                    /lib/x86_64-linux-gnu/libz.so.1.2.8
7f4993b24000-7f4993b25000 rw-p 00019000 08:05 1836596                    /lib/x86_64-linux-gnu/libz.so.1.2.8
7f4993b25000-7f4993b37000 r-xp 00000000 08:05 1839664                    /lib/x86_64-linux-gnu/libgpg-error.so.0.17.0
7f4993b37000-7f4993d37000 ---p 00012000 08:05 1839664                    /lib/x86_64-linux-gnu/libgpg-error.so.0.17.0
7f4993d37000-7f4993d38000 r--p 00012000 08:05 1839664                    /lib/x86_64-linux-gnu/libgpg-error.so.0.17.0
7f4993d38000-7f4993d39000 rw-p 00013000 08:05 1839664                    /lib/x86_64-linux-gnu/libgpg-error.so.0.17.0
7f4993d39000-7f4993eb3000 r-xp 00000000 08:05 11413561                   /usr/lib/x86_64-linux-gnu/libstdc++.so.6.0.23
7f4993eb3000-7f49940b3000 ---p 0017a000 08:05 11413561                   /usr/lib/x86_64-linux-gnu/libstdc++.so.6.0.23
7f49940b3000-7f49940bd000 r--p 0017a000 08:05 11413561                   /usr/lib/x86_64-linux-gnu/libstdc++.so.6.0.23
7f49940bd000-7f49940bf000 rw-p 00184000 08:05 11413561                   /usr/lib/x86_64-linux-gnu/libstdc++.so.6.0.23
7f49940bf000-7f49940c3000 rw-p 00000000 00:00 0 
7f49940c3000-7f49965b5000 r-xp 00000000 08:05 11412646                   /usr/lib/x86_64-linux-gnu/libLLVM-3.8.so.1
7f49965b5000-7f49967b5000 ---p 024f2000 08:05 11412646                   /usr/lib/x86_64-linux-gnu/libLLVM-3.8.so.1
7f49967b5000-7f4996a6a000 r--p 024f2000 08:05 11412646                   /usr/lib/x86_64-linux-gnu/libLLVM-3.8.so.1
7f4996a6a000-7f4996a6c000 rw-p 027a7000 08:05 11412646                   /usr/lib/x86_64-linux-gnu/libLLVM-3.8.so.1
7f4996a6c000-7f4996a96000 rw-p 00000000 00:00 0 
7f4996a96000-7f4996aad000 r-xp 00000000 08:05 11413121                   /usr/lib/x86_64-linux-gnu/libelf-0.165.so
7f4996aad000-7f4996cac000 ---p 00017000 08:05 11413121                   /usr/lib/x86_64-linux-gnu/libelf-0.165.so
7f4996cac000-7f4996cad000 r--p 00016000 08:05 11413121                   /usr/lib/x86_64-linux-gnu/libelf-0.165.so
7f4996cad000-7f4996cae000 rw-p 00017000 08:05 11413121                   /usr/lib/x86_64-linux-gnu/libelf-0.165.so
7f4996cae000-7f4996cb7000 r-xp 00000000 08:05 11408914                   /usr/lib/x86_64-linux-gnu/libdrm_amdgpu.so.1.0.0
7f4996cb7000-7f4996eb6000 ---p 00009000 08:05 11408914                   /usr/lib/x86_64-linux-gnu/libdrm_amdgpu.so.1.0.0
7f4996eb6000-7f4996eb7000 r--p 00008000 08:05 11408914                   /usr/lib/x86_64-linux-gnu/libdrm_amdgpu.so.1.0.0
7f4996eb7000-7f4996eb8000 rw-p 00009000 08:05 11408914                   /usr/lib/x86_64-linux-gnu/libdrm_amdgpu.so.1.0.0
7f4996eb8000-7f4996ec3000 r-xp 00000000 08:05 11408904                   /usr/lib/x86_64-linux-gnu/libdrm_radeon.so.1.0.1
7f4996ec3000-7f49970c2000 ---p 0000b000 08:05 11408904                   /usr/lib/x86_64-linux-gnu/libdrm_radeon.so.1.0.1
7f49970c2000-7f49970c3000 r--p 0000a000 08:05 11408904                   /usr/lib/x86_64-linux-gnu/libdrm_radeon.so.1.0.1
7f49970c3000-7f49970c4000 rw-p 0000b000 08:05 11408904                   /usr/lib/x86_64-linux-gnu/libdrm_radeon.so.1.0.1
7f49970c4000-7f49970cb000 r-xp 00000000 08:05 11408908                   /usr/lib/x86_64-linux-gnu/libdrm_nouveau.so.2.0.0
7f49970cb000-7f49972ca000 ---p 00007000 08:05 11408908                   /usr/lib/x86_64-linux-gnu/libdrm_nouveau.so.2.0.0
7f49972ca000-7f49972cb000 r--p 00006000 08:05 11408908                   /usr/lib/x86_64-linux-gnu/libdrm_nouveau.so.2.0.0
7f49972cb000-7f49972cc000 rw-p 00007000 08:05 11408908                   /usr/lib/x86_64-linux-gnu/libdrm_nouveau.so.2.0.0
7f49972cc000-7f4997bc4000 r-xp 00000000 08:05 11798821                   /usr/lib/x86_64-linux-gnu/dri/swrast_dri.so
7f4997bc4000-7f4997dc4000 ---p 008f8000 08:05 11798821                   /usr/lib/x86_64-linux-gnu/dri/swrast_dri.so
7f4997dc4000-7f4997dfd000 r--p 008f8000 08:05 11798821                   /usr/lib/x86_64-linux-gnu/dri/swrast_dri.so
7f4997dfd000-7f4997e09000 rw-p 00931000 08:05 11798821                   /usr/lib/x86_64-linux-gnu/dri/swrast_dri.so
7f4997e09000-7f4998000000 rw-p 00000000 00:00 0 
7f4998000000-7f499868d000 rw-p 00000000 00:00 0 
7f499868d000-7f499c000000 ---p 00000000 00:00 0 
7f499c03a000-7f499c112000 r-xp 00000000 08:05 1835377                    /lib/x86_64-linux-gnu/libgcrypt.so.20.0.5
7f499c112000-7f499c311000 ---p 000d8000 08:05 1835377                    /lib/x86_64-linux-gnu/libgcrypt.so.20.0.5
7f499c311000-7f499c312000 r--p 000d7000 08:05 1835377                    /lib/x86_64-linux-gnu/libgcrypt.so.20.0.5
7f499c312000-7f499c31a000 rw-p 000d8000 08:05 1835377                    /lib/x86_64-linux-gnu/libgcrypt.so.20.0.5
7f499c31a000-7f499c31b000 rw-p 00000000 00:00 0 
7f499c31b000-7f499c377000 r-xp 00000000 08:05 11272332                   /tmp/jogamp_0000/file_cache/jln6073832757940865905/jln2323569685956224514/natives/linux-amd64/libjogl_mobile.so
7f499c377000-7f499c577000 ---p 0005c000 08:05 11272332                   /tmp/jogamp_0000/file_cache/jln6073832757940865905/jln2323569685956224514/natives/linux-amd64/libjogl_mobile.so
7f499c577000-7f499c578000 rw-p 0005c000 08:05 11272332                   /tmp/jogamp_0000/file_cache/jln6073832757940865905/jln2323569685956224514/natives/linux-amd64/libjogl_mobile.so
7f499c578000-7f499c57f000 r-xp 00000000 08:05 11413159                   /usr/lib/x86_64-linux-gnu/libffi.so.6.0.4
7f499c57f000-7f499c77e000 ---p 00007000 08:05 11413159                   /usr/lib/x86_64-linux-gnu/libffi.so.6.0.4
7f499c77e000-7f499c77f000 r--p 00006000 08:05 11413159                   /usr/lib/x86_64-linux-gnu/libffi.so.6.0.4
7f499c77f000-7f499c780000 rw-p 00007000 08:05 11413159                   /usr/lib/x86_64-linux-gnu/libffi.so.6.0.4
7f499c780000-7f499c790000 r-xp 00000000 08:05 11408932                   /usr/lib/x86_64-linux-gnu/libdrm.so.2.4.0
7f499c790000-7f499c98f000 ---p 00010000 08:05 11408932                   /usr/lib/x86_64-linux-gnu/libdrm.so.2.4.0
7f499c98f000-7f499c990000 r--p 0000f000 08:05 11408932                   /usr/lib/x86_64-linux-gnu/libdrm.so.2.4.0
7f499c990000-7f499c991000 rw-p 00010000 08:05 11408932                   /usr/lib/x86_64-linux-gnu/libdrm.so.2.4.0
7f499c991000-7f499c9b7000 r-xp 00000000 08:05 1839960                    /lib/x86_64-linux-gnu/libexpat.so.1.6.0
7f499c9b7000-7f499cbb7000 ---p 00026000 08:05 1839960                    /lib/x86_64-linux-gnu/libexpat.so.1.6.0
7f499cbb7000-7f499cbb9000 r--p 00026000 08:05 1839960                    /lib/x86_64-linux-gnu/libexpat.so.1.6.0
7f499cbb9000-7f499cbba000 rw-p 00028000 08:05 1839960                    /lib/x86_64-linux-gnu/libexpat.so.1.6.0
7f499cbba000-7f499cbc7000 r-xp 00000000 08:05 11407388                   /usr/lib/x86_64-linux-gnu/libgbm.so.1.0.0
7f499cbc7000-7f499cdc6000 ---p 0000d000 08:05 11407388                   /usr/lib/x86_64-linux-gnu/libgbm.so.1.0.0
7f499cdc6000-7f499cdc7000 r--p 0000c000 08:05 11407388                   /usr/lib/x86_64-linux-gnu/libgbm.so.1.0.0
7f499cdc7000-7f499cdc8000 rw-p 0000d000 08:05 11407388                   /usr/lib/x86_64-linux-gnu/libgbm.so.1.0.0
7f499cdc8000-7f499cdd8000 r-xp 00000000 08:05 11407520                   /usr/lib/x86_64-linux-gnu/libwayland-server.so.0.1.0
7f499cdd8000-7f499cfd7000 ---p 00010000 08:05 11407520                   /usr/lib/x86_64-linux-gnu/libwayland-server.so.0.1.0
7f499cfd7000-7f499cfd9000 r--p 0000f000 08:05 11407520                   /usr/lib/x86_64-linux-gnu/libwayland-server.so.0.1.0
7f499cfd9000-7f499cfda000 rw-p 00011000 08:05 11407520                   /usr/lib/x86_64-linux-gnu/libwayland-server.so.0.1.0
7f499cfda000-7f499cfe6000 r-xp 00000000 08:05 11403363                   /usr/lib/x86_64-linux-gnu/libwayland-client.so.0.3.0
7f499cfe6000-7f499d1e6000 ---p 0000c000 08:05 11403363                   /usr/lib/x86_64-linux-gnu/libwayland-client.so.0.3.0
7f499d1e6000-7f499d1e8000 r--p 0000c000 08:05 11403363                   /usr/lib/x86_64-linux-gnu/libwayland-client.so.0.3.0
7f499d1e8000-7f499d1e9000 rw-p 0000e000 08:05 11403363                   /usr/lib/x86_64-linux-gnu/libwayland-client.so.0.3.0
7f499d1e9000-7f499d1ea000 r-xp 00000000 08:05 11414234                   /usr/lib/x86_64-linux-gnu/libxshmfence.so.1.0.0
7f499d1ea000-7f499d3ea000 ---p 00001000 08:05 11414234                   /usr/lib/x86_64-linux-gnu/libxshmfence.so.1.0.0
7f499d3ea000-7f499d3eb000 r--p 00001000 08:05 11414234                   /usr/lib/x86_64-linux-gnu/libxshmfence.so.1.0.0
7f499d3eb000-7f499d3ec000 rw-p 00002000 08:05 11414234                   /usr/lib/x86_64-linux-gnu/libxshmfence.so.1.0.0
7f499d3ec000-7f499edae000 r-xp 00000000 08:05 11540977                   /usr/lib/nvidia-340/libnvidia-glcore.so.340.102
7f499edae000-7f499edcc000 rwxp 019c2000 08:05 11540977                   /usr/lib/nvidia-340/libnvidia-glcore.so.340.102
7f499edcc000-7f499f24a000 r-xp 019e0000 08:05 11540977                   /usr/lib/nvidia-340/libnvidia-glcore.so.340.102
7f499f24a000-7f499f449000 ---p 01e5e000 08:05 11540977                   /usr/lib/nvidia-340/libnvidia-glcore.so.340.102
7f499f449000-7f499ffe3000 rw-p 01e5d000 08:05 11540977                   /usr/lib/nvidia-340/libnvidia-glcore.so.340.102
7f499ffe3000-7f49a0000000 rw-p 00000000 00:00 0 
7f49a0000000-7f49a0305000 rw-p 00000000 00:00 0 
7f49a0305000-7f49a4000000 ---p 00000000 00:00 0 
7f49a4007000-7f49a4047000 rw-s 13980c000 00:06 523                       /dev/nvidiactl
7f49a4047000-7f49a40c7000 rw-s 40b0d000 00:06 523                        /dev/nvidiactl
7f49a40c7000-7f49a417b000 rw-s b7417000 00:06 523                        /dev/nvidiactl
7f49a417b000-7f49a4180000 r-xp 00000000 08:05 11414208                   /usr/lib/x86_64-linux-gnu/libxcb-sync.so.1.0.0
7f49a4180000-7f49a4380000 ---p 00005000 08:05 11414208                   /usr/lib/x86_64-linux-gnu/libxcb-sync.so.1.0.0
7f49a4380000-7f49a4381000 r--p 00005000 08:05 11414208                   /usr/lib/x86_64-linux-gnu/libxcb-sync.so.1.0.0
7f49a4381000-7f49a4382000 rw-p 00006000 08:05 11414208                   /usr/lib/x86_64-linux-gnu/libxcb-sync.so.1.0.0
7f49a4382000-7f49a4388000 r-xp 00000000 08:05 11414212                   /usr/lib/x86_64-linux-gnu/libxcb-xfixes.so.0.0.0
7f49a4388000-7f49a4588000 ---p 00006000 08:05 11414212                   /usr/lib/x86_64-linux-gnu/libxcb-xfixes.so.0.0.0
7f49a4588000-7f49a4589000 r--p 00006000 08:05 11414212                   /usr/lib/x86_64-linux-gnu/libxcb-xfixes.so.0.0.0
7f49a4589000-7f49a458a000 rw-p 00007000 08:05 11414212                   /usr/lib/x86_64-linux-gnu/libxcb-xfixes.so.0.0.0
7f49a458a000-7f49a458c000 r-xp 00000000 08:05 11414196                   /usr/lib/x86_64-linux-gnu/libxcb-present.so.0.0.0
7f49a458c000-7f49a478b000 ---p 00002000 08:05 11414196                   /usr/lib/x86_64-linux-gnu/libxcb-present.so.0.0.0
7f49a478b000-7f49a478c000 r--p 00001000 08:05 11414196                   /usr/lib/x86_64-linux-gnu/libxcb-present.so.0.0.0
7f49a478c000-7f49a478d000 rw-p 00002000 08:05 11414196                   /usr/lib/x86_64-linux-gnu/libxcb-present.so.0.0.0
7f49a478d000-7f49a478f000 r-xp 00000000 08:05 11414186                   /usr/lib/x86_64-linux-gnu/libxcb-dri3.so.0.0.0
7f49a478f000-7f49a498e000 ---p 00002000 08:05 11414186                   /usr/lib/x86_64-linux-gnu/libxcb-dri3.so.0.0.0
7f49a498e000-7f49a498f000 r--p 00001000 08:05 11414186                   /usr/lib/x86_64-linux-gnu/libxcb-dri3.so.0.0.0
7f49a498f000-7f49a4990000 rw-p 00002000 08:05 11414186                   /usr/lib/x86_64-linux-gnu/libxcb-dri3.so.0.0.0
7f49a4990000-7f49a4994000 r-xp 00000000 08:05 11414184                   /usr/lib/x86_64-linux-gnu/libxcb-dri2.so.0.0.0
7f49a4994000-7f49a4b93000 ---p 00004000 08:05 11414184                   /usr/lib/x86_64-linux-gnu/libxcb-dri2.so.0.0.0
7f49a4b93000-7f49a4b94000 r--p 00003000 08:05 11414184                   /usr/lib/x86_64-linux-gnu/libxcb-dri2.so.0.0.0
7f49a4b94000-7f49a4b95000 rw-p 00004000 08:05 11414184                   /usr/lib/x86_64-linux-gnu/libxcb-dri2.so.0.0.0
7f49a4b95000-7f49a4b96000 r-xp 00000000 08:05 11412764                   /usr/lib/x86_64-linux-gnu/libX11-xcb.so.1.0.0
7f49a4b96000-7f49a4d95000 ---p 00001000 08:05 11412764                   /usr/lib/x86_64-linux-gnu/libX11-xcb.so.1.0.0
7f49a4d95000-7f49a4d96000 r--p 00000000 08:05 11412764                   /usr/lib/x86_64-linux-gnu/libX11-xcb.so.1.0.0
7f49a4d96000-7f49a4d97000 rw-p 00001000 08:05 11412764                   /usr/lib/x86_64-linux-gnu/libX11-xcb.so.1.0.0
7f49a4d97000-7f49a4dc8000 r-xp 00000000 08:05 11798822                   /usr/lib/x86_64-linux-gnu/mesa-egl/libEGL.so.1.0.0
7f49a4dc8000-7f49a4fc8000 ---p 00031000 08:05 11798822                   /usr/lib/x86_64-linux-gnu/mesa-egl/libEGL.so.1.0.0
7f49a4fc8000-7f49a4fc9000 r--p 00031000 08:05 11798822                   /usr/lib/x86_64-linux-gnu/mesa-egl/libEGL.so.1.0.0
7f49a4fc9000-7f49a4fca000 rw-p 00032000 08:05 11798822                   /usr/lib/x86_64-linux-gnu/mesa-egl/libEGL.so.1.0.0
7f49a4fca000-7f49a4fcb000 rw-p 00000000 00:00 0 
7f49a4fcb000-7f49a4ff4000 r-xp 00000000 08:05 11408536                   /usr/lib/x86_64-linux-gnu/libglapi.so.0.0.0
7f49a4ff4000-7f49a51f4000 ---p 00029000 08:05 11408536                   /usr/lib/x86_64-linux-gnu/libglapi.so.0.0.0
7f49a51f4000-7f49a51f8000 r--p 00029000 08:05 11408536                   /usr/lib/x86_64-linux-gnu/libglapi.so.0.0.0
7f49a51f8000-7f49a51f9000 rw-p 0002d000 08:05 11408536                   /usr/lib/x86_64-linux-gnu/libglapi.so.0.0.0
7f49a51f9000-7f49a51fa000 rw-p 00000000 00:00 0 
7f49a51fa000-7f49a5202000 r-xp 00000000 08:05 11798546                   /usr/lib/x86_64-linux-gnu/mesa-egl/libGLESv2.so.2.0.0
7f49a5202000-7f49a5401000 ---p 00008000 08:05 11798546                   /usr/lib/x86_64-linux-gnu/mesa-egl/libGLESv2.so.2.0.0
7f49a5401000-7f49a5402000 r--p 00007000 08:05 11798546                   /usr/lib/x86_64-linux-gnu/mesa-egl/libGLESv2.so.2.0.0
7f49a5402000-7f49a5403000 rw-p 00008000 08:05 11798546                   /usr/lib/x86_64-linux-gnu/mesa-egl/libGLESv2.so.2.0.0
7f49a5403000-7f49a54bb000 r-xp 00000000 08:05 11272331                   /tmp/jogamp_0000/file_cache/jln6073832757940865905/jln2323569685956224514/natives/linux-amd64/libjogl_desktop.so
7f49a54bb000-7f49a56bb000 ---p 000b8000 08:05 11272331                   /tmp/jogamp_0000/file_cache/jln6073832757940865905/jln2323569685956224514/natives/linux-amd64/libjogl_desktop.so
7f49a56bb000-7f49a56bc000 rw-p 000b8000 08:05 11272331                   /tmp/jogamp_0000/file_cache/jln6073832757940865905/jln2323569685956224514/natives/linux-amd64/libjogl_desktop.so
7f49a56bc000-7f49a56bf000 r-xp 00000000 08:05 11540978                   /usr/lib/nvidia-340/tls/libnvidia-tls.so.340.102
7f49a56bf000-7f49a58be000 ---p 00003000 08:05 11540978                   /usr/lib/nvidia-340/tls/libnvidia-tls.so.340.102
7f49a58be000-7f49a58bf000 rw-p 00002000 08:05 11540978                   /usr/lib/nvidia-340/tls/libnvidia-tls.so.340.102
7f49a58bf000-7f49a5986000 r-xp 00000000 08:05 11540959                   /usr/lib/nvidia-340/libGL.so.340.102
7f49a5986000-7f49a59b5000 rwxp 000c7000 08:05 11540959                   /usr/lib/nvidia-340/libGL.so.340.102
7f49a59b5000-7f49a59d1000 r-xp 000f6000 08:05 11540959                   /usr/lib/nvidia-340/libGL.so.340.102
7f49a59d1000-7f49a5bd0000 ---p 00112000 08:05 11540959                   /usr/lib/nvidia-340/libGL.so.340.102
7f49a5bd0000-7f49a5bf5000 rw-p 00111000 08:05 11540959                   /usr/lib/nvidia-340/libGL.so.340.102
7f49a5bf5000-7f49a5e0b000 rw-p 00000000 00:00 0 
7f49a5e0b000-7f49a600b000 rw-p 00000000 00:00 0 
7f49a600b000-7f49a6012000 r-xp 00000000 08:05 11272340                   /tmp/jogamp_0000/file_cache/jln6073832757940865905/jln2323569685956224514/natives/linux-amd64/libnativewindow_x11.so
7f49a6012000-7f49a6211000 ---p 00007000 08:05 11272340                   /tmp/jogamp_0000/file_cache/jln6073832757940865905/jln2323569685956224514/natives/linux-amd64/libnativewindow_x11.so
7f49a6211000-7f49a6212000 rw-p 00006000 08:05 11272340                   /tmp/jogamp_0000/file_cache/jln6073832757940865905/jln2323569685956224514/natives/linux-amd64/libnativewindow_x11.so
7f49a6212000-7f49a6215000 ---p 00000000 00:00 0 
7f49a6215000-7f49a6313000 rw-p 00000000 00:00 0 
7f49a6313000-7f49a6316000 ---p 00000000 00:00 0 
7f49a6316000-7f49a6414000 rw-p 00000000 00:00 0 
7f49a6414000-7f49a6419000 r-xp 00000000 08:05 11412819                   /usr/lib/x86_64-linux-gnu/libXxf86vm.so.1.0.0
7f49a6419000-7f49a6618000 ---p 00005000 08:05 11412819                   /usr/lib/x86_64-linux-gnu/libXxf86vm.so.1.0.0
7f49a6618000-7f49a6619000 r--p 00004000 08:05 11412819                   /usr/lib/x86_64-linux-gnu/libXxf86vm.so.1.0.0
7f49a6619000-7f49a661a000 rw-p 00005000 08:05 11412819                   /usr/lib/x86_64-linux-gnu/libXxf86vm.so.1.0.0
7f49a661a000-7f49a661c000 r-xp 00000000 08:05 11272337                   /tmp/jogamp_0000/file_cache/jln6073832757940865905/jln2323569685956224514/natives/linux-amd64/libnativewindow_awt.so
7f49a661c000-7f49a681b000 ---p 00002000 08:05 11272337                   /tmp/jogamp_0000/file_cache/jln6073832757940865905/jln2323569685956224514/natives/linux-amd64/libnativewindow_awt.so
7f49a681b000-7f49a681c000 rw-p 00001000 08:05 11272337                   /tmp/jogamp_0000/file_cache/jln6073832757940865905/jln2323569685956224514/natives/linux-amd64/libnativewindow_awt.so
7f49a681c000-7f49a681d000 r-xp 00000000 08:05 3277878                    /usr/local/java/jdk1.8.0_144/jre/lib/amd64/libjawt.so
7f49a681d000-7f49a6a1c000 ---p 00001000 08:05 3277878                    /usr/local/java/jdk1.8.0_144/jre/lib/amd64/libjawt.so
7f49a6a1c000-7f49a6a1d000 rw-p 00000000 08:05 3277878                    /usr/local/java/jdk1.8.0_144/jre/lib/amd64/libjawt.so
7f49a6a1d000-7f49a6a20000 ---p 00000000 00:00 0 
7f49a6a20000-7f49a6b1e000 rw-p 00000000 00:00 0 
7f49a6b1e000-7f49a6b23000 r-xp 00000000 08:05 11412785                   /usr/lib/x86_64-linux-gnu/libXfixes.so.3.1.0
7f49a6b23000-7f49a6d22000 ---p 00005000 08:05 11412785                   /usr/lib/x86_64-linux-gnu/libXfixes.so.3.1.0
7f49a6d22000-7f49a6d23000 r--p 00004000 08:05 11412785                   /usr/lib/x86_64-linux-gnu/libXfixes.so.3.1.0
7f49a6d23000-7f49a6d24000 rw-p 00005000 08:05 11412785                   /usr/lib/x86_64-linux-gnu/libXfixes.so.3.1.0
7f49a6d24000-7f49a6d2d000 r-xp 00000000 08:05 11412777                   /usr/lib/x86_64-linux-gnu/libXcursor.so.1.0.2
7f49a6d2d000-7f49a6f2c000 ---p 00009000 08:05 11412777                   /usr/lib/x86_64-linux-gnu/libXcursor.so.1.0.2
7f49a6f2c000-7f49a6f2d000 r--p 00008000 08:05 11412777                   /usr/lib/x86_64-linux-gnu/libXcursor.so.1.0.2
7f49a6f2d000-7f49a6f2e000 rw-p 00009000 08:05 11412777                   /usr/lib/x86_64-linux-gnu/libXcursor.so.1.0.2
7f49a6f2e000-7f49a6f44000 r-xp 00000000 08:05 1836839                    /lib/x86_64-linux-gnu/libgcc_s.so.1
7f49a6f44000-7f49a7143000 ---p 00016000 08:05 1836839                    /lib/x86_64-linux-gnu/libgcc_s.so.1
7f49a7143000-7f49a7144000 r--p 00015000 08:05 1836839                    /lib/x86_64-linux-gnu/libgcc_s.so.1
7f49a7144000-7f49a7145000 rw-p 00016000 08:05 1836839                    /lib/x86_64-linux-gnu/libgcc_s.so.1
7f49a7145000-7f49a71aa000 r-xp 00000000 08:05 3277847                    /usr/local/java/jdk1.8.0_144/jre/lib/amd64/libfontmanager.so
7f49a71aa000-7f49a73a9000 ---p 00065000 08:05 3277847                    /usr/local/java/jdk1.8.0_144/jre/lib/amd64/libfontmanager.so
7f49a73a9000-7f49a73ae000 rw-p 00064000 08:05 3277847                    /usr/local/java/jdk1.8.0_144/jre/lib/amd64/libfontmanager.so
7f49a73ae000-7f49a75be000 rw-p 00000000 00:00 0 
7f49a75be000-7f49a75c3000 r-xp 00000000 08:05 11412781                   /usr/lib/x86_64-linux-gnu/libXdmcp.so.6.0.0
7f49a75c3000-7f49a77c2000 ---p 00005000 08:05 11412781                   /usr/lib/x86_64-linux-gnu/libXdmcp.so.6.0.0
7f49a77c2000-7f49a77c3000 r--p 00004000 08:05 11412781                   /usr/lib/x86_64-linux-gnu/libXdmcp.so.6.0.0
7f49a77c3000-7f49a77c4000 rw-p 00005000 08:05 11412781                   /usr/lib/x86_64-linux-gnu/libXdmcp.so.6.0.0
7f49a77c4000-7f49a77c6000 r-xp 00000000 08:05 11412770                   /usr/lib/x86_64-linux-gnu/libXau.so.6.0.0
7f49a77c6000-7f49a79c6000 ---p 00002000 08:05 11412770                   /usr/lib/x86_64-linux-gnu/libXau.so.6.0.0
7f49a79c6000-7f49a79c7000 r--p 00002000 08:05 11412770                   /usr/lib/x86_64-linux-gnu/libXau.so.6.0.0
7f49a79c7000-7f49a79c8000 rw-p 00003000 08:05 11412770                   /usr/lib/x86_64-linux-gnu/libXau.so.6.0.0
7f49a79c8000-7f49a79e9000 r-xp 00000000 08:05 11414216                   /usr/lib/x86_64-linux-gnu/libxcb.so.1.1.0
7f49a79e9000-7f49a7be8000 ---p 00021000 08:05 11414216                   /usr/lib/x86_64-linux-gnu/libxcb.so.1.1.0
7f49a7be8000-7f49a7be9000 r--p 00020000 08:05 11414216                   /usr/lib/x86_64-linux-gnu/libxcb.so.1.1.0
7f49a7be9000-7f49a7bea000 rw-p 00021000 08:05 11414216                   /usr/lib/x86_64-linux-gnu/libxcb.so.1.1.0
7f49a7bea000-7f49a7bf9000 r-xp 00000000 08:05 11412791                   /usr/lib/x86_64-linux-gnu/libXi.so.6.1.0
7f49a7bf9000-7f49a7df8000 ---p 0000f000 08:05 11412791                   /usr/lib/x86_64-linux-gnu/libXi.so.6.1.0
7f49a7df8000-7f49a7df9000 r--p 0000e000 08:05 11412791                   /usr/lib/x86_64-linux-gnu/libXi.so.6.1.0
7f49a7df9000-7f49a7dfa000 rw-p 0000f000 08:05 11412791                   /usr/lib/x86_64-linux-gnu/libXi.so.6.1.0
7f49a7dfa000-7f49a7dff000 r-xp 00000000 08:05 11412809                   /usr/lib/x86_64-linux-gnu/libXtst.so.6.1.0
7f49a7dff000-7f49a7ffe000 ---p 00005000 08:05 11412809                   /usr/lib/x86_64-linux-gnu/libXtst.so.6.1.0
7f49a7ffe000-7f49a7fff000 r--p 00004000 08:05 11412809                   /usr/lib/x86_64-linux-gnu/libXtst.so.6.1.0
7f49a7fff000-7f49a8000000 rw-p 00005000 08:05 11412809                   /usr/lib/x86_64-linux-gnu/libXtst.so.6.1.0
7f49a8000000-7f49a8021000 rw-p 00000000 00:00 0 
7f49a8021000-7f49ac000000 ---p 00000000 00:00 0 
7f49ac01b000-7f49ac03b000 rw-s 137ae9000 00:06 523                       /dev/nvidiactl
7f49ac03b000-7f49ac07b000 rw-s 2a230000 00:06 523                        /dev/nvidiactl
7f49ac07b000-7f49ac084000 r-xp 00000000 08:05 11412803                   /usr/lib/x86_64-linux-gnu/libXrender.so.1.3.0
7f49ac084000-7f49ac283000 ---p 00009000 08:05 11412803                   /usr/lib/x86_64-linux-gnu/libXrender.so.1.3.0
7f49ac283000-7f49ac284000 r--p 00008000 08:05 11412803                   /usr/lib/x86_64-linux-gnu/libXrender.so.1.3.0
7f49ac284000-7f49ac285000 rw-p 00009000 08:05 11412803                   /usr/lib/x86_64-linux-gnu/libXrender.so.1.3.0
7f49ac285000-7f49ac3ba000 r-xp 00000000 08:05 11412766                   /usr/lib/x86_64-linux-gnu/libX11.so.6.3.0
7f49ac3ba000-7f49ac5ba000 ---p 00135000 08:05 11412766                   /usr/lib/x86_64-linux-gnu/libX11.so.6.3.0
7f49ac5ba000-7f49ac5bb000 r--p 00135000 08:05 11412766                   /usr/lib/x86_64-linux-gnu/libX11.so.6.3.0
7f49ac5bb000-7f49ac5bf000 rw-p 00136000 08:05 11412766                   /usr/lib/x86_64-linux-gnu/libX11.so.6.3.0
7f49ac5bf000-7f49ac5d0000 r-xp 00000000 08:05 11412783                   /usr/lib/x86_64-linux-gnu/libXext.so.6.4.0
7f49ac5d0000-7f49ac7cf000 ---p 00011000 08:05 11412783                   /usr/lib/x86_64-linux-gnu/libXext.so.6.4.0
7f49ac7cf000-7f49ac7d0000 r--p 00010000 08:05 11412783                   /usr/lib/x86_64-linux-gnu/libXext.so.6.4.0
7f49ac7d0000-7f49ac7d1000 rw-p 00011000 08:05 11412783                   /usr/lib/x86_64-linux-gnu/libXext.so.6.4.0
7f49ac7d1000-7f49ac825000 r-xp 00000000 08:05 3277855                    /usr/local/java/jdk1.8.0_144/jre/lib/amd64/libawt_xawt.so
7f49ac825000-7f49aca25000 ---p 00054000 08:05 3277855                    /usr/local/java/jdk1.8.0_144/jre/lib/amd64/libawt_xawt.so
7f49aca25000-7f49aca29000 rw-p 00054000 08:05 3277855                    /usr/local/java/jdk1.8.0_144/jre/lib/amd64/libawt_xawt.so
7f49aca29000-7f49aca2a000 rw-p 00000000 00:00 0 
7f49aca2a000-7f49acacc000 r-xp 00000000 08:05 3277891                    /usr/local/java/jdk1.8.0_144/jre/lib/amd64/libawt.so
7f49acacc000-7f49acccc000 ---p 000a2000 08:05 3277891                    /usr/local/java/jdk1.8.0_144/jre/lib/amd64/libawt.so
7f49acccc000-7f49accd8000 rw-p 000a2000 08:05 3277891                    /usr/local/java/jdk1.8.0_144/jre/lib/amd64/libawt.so
7f49accd8000-7f49accfc000 rw-p 00000000 00:00 0 
7f49accfc000-7f49accfe000 r-xp 00000000 08:05 11272408                   /tmp/jogamp_0000/file_cache/jln6073832757940865905/jln2323569685956224514/natives/linux-amd64/libgluegen-rt.so
7f49accfe000-7f49acefd000 ---p 00002000 08:05 11272408                   /tmp/jogamp_0000/file_cache/jln6073832757940865905/jln2323569685956224514/natives/linux-amd64/libgluegen-rt.so
7f49acefd000-7f49acefe000 rw-p 00001000 08:05 11272408                   /tmp/jogamp_0000/file_cache/jln6073832757940865905/jln2323569685956224514/natives/linux-amd64/libgluegen-rt.so
7f49acefe000-7f49acf01000 ---p 00000000 00:00 0 
7f49acf01000-7f49b0000000 rw-p 00000000 00:00 0 
7f49b0000000-7f49b0021000 rw-p 00000000 00:00 0 
7f49b0021000-7f49b4000000 ---p 00000000 00:00 0 
7f49b4000000-7f49b4021000 rw-p 00000000 00:00 0 
7f49b4021000-7f49b8000000 ---p 00000000 00:00 0 
7f49b8000000-7f49b8e19000 rw-p 00000000 00:00 0 
7f49b8e19000-7f49bc000000 ---p 00000000 00:00 0 
7f49bc000000-7f49bccda000 rw-p 00000000 00:00 0 
7f49bccda000-7f49c0000000 ---p 00000000 00:00 0 
7f49c0000000-7f49c0021000 rw-p 00000000 00:00 0 
7f49c0021000-7f49c4000000 ---p 00000000 00:00 0 
7f49c4000000-7f49c45c3000 rw-p 00000000 00:00 0 
7f49c45c3000-7f49c8000000 ---p 00000000 00:00 0 
7f49c8000000-7f49c8021000 rw-p 00000000 00:00 0 
7f49c8021000-7f49cc000000 ---p 00000000 00:00 0 
7f49cc000000-7f49cc021000 rw-p 00000000 00:00 0 
7f49cc021000-7f49d0000000 ---p 00000000 00:00 0 
7f49d0000000-7f49d0021000 rw-p 00000000 00:00 0 
7f49d0021000-7f49d4000000 ---p 00000000 00:00 0 
7f49d4000000-7f49d4021000 rw-p 00000000 00:00 0 
7f49d4021000-7f49d8000000 ---p 00000000 00:00 0 
7f49d8000000-7f49d8021000 rw-p 00000000 00:00 0 
7f49d8021000-7f49dc000000 ---p 00000000 00:00 0 
7f49dc006000-7f49dc00d000 r--s 00000000 08:05 11802929                   /usr/lib/x86_64-linux-gnu/gconv/gconv-modules.cache
7f49dc00d000-7f49dc014000 rw-s 138985000 00:06 523                       /dev/nvidiactl
7f49dc014000-7f49dc015000 rw-s c0018000 00:06 534                        /dev/nvidia1
7f49dc015000-7f49dc016000 rw-s 1100c5000 00:06 523                       /dev/nvidiactl
7f49dc016000-7f49dc017000 rw-s f3c08000 00:06 534                        /dev/nvidia1
7f49dc017000-7f49dc018000 rw-s f3641000 00:06 534                        /dev/nvidia1
7f49dc018000-7f49dc019000 rw-s 2a2d4000 00:06 523                        /dev/nvidiactl
7f49dc019000-7f49dc01a000 rw-s 1399c9000 00:06 523                       /dev/nvidiactl
7f49dc01a000-7f49dc01c000 rw-s 00000000 08:05 11272366                   /tmp/.glwLlIjk (deleted)
7f49dc01c000-7f49dc023000 rw-s 350a8000 00:06 523                        /dev/nvidiactl
7f49dc023000-7f49dc024000 rw-s c0015000 00:06 534                        /dev/nvidia1
7f49dc024000-7f49dc025000 rw-s 227f2000 00:06 523                        /dev/nvidiactl
7f49dc025000-7f49dc029000 rw-s 990e0000 00:06 523                        /dev/nvidiactl
7f49dc029000-7f49dc02a000 rw-s f3c06000 00:06 534                        /dev/nvidia1
7f49dc02a000-7f49dc04a000 rw-s 49688000 00:06 523                        /dev/nvidiactl
7f49dc04a000-7f49dc04b000 rw-s f3641000 00:06 534                        /dev/nvidia1
7f49dc04b000-7f49dc04c000 rw-s 2a2d4000 00:06 523                        /dev/nvidiactl
7f49dc04c000-7f49dc04d000 rw-s 5dd2a000 00:06 523                        /dev/nvidiactl
7f49dc04d000-7f49dc04e000 rw-s f3060000 00:06 534                        /dev/nvidia1
7f49dc04e000-7f49dc04f000 rwxp 00000000 00:00 0 
7f49dc04f000-7f49dc060000 r-xp 00000000 08:05 3277853                    /usr/local/java/jdk1.8.0_144/jre/lib/amd64/libnio.so
7f49dc060000-7f49dc25f000 ---p 00011000 08:05 3277853                    /usr/local/java/jdk1.8.0_144/jre/lib/amd64/libnio.so
7f49dc25f000-7f49dc260000 rw-p 00010000 08:05 3277853                    /usr/local/java/jdk1.8.0_144/jre/lib/amd64/libnio.so
7f49dc260000-7f49dc276000 r-xp 00000000 08:05 3277828                    /usr/local/java/jdk1.8.0_144/jre/lib/amd64/libnet.so
7f49dc276000-7f49dc476000 ---p 00016000 08:05 3277828                    /usr/local/java/jdk1.8.0_144/jre/lib/amd64/libnet.so
7f49dc476000-7f49dc477000 rw-p 00016000 08:05 3277828                    /usr/local/java/jdk1.8.0_144/jre/lib/amd64/libnet.so
7f49dc477000-7f49dc47a000 ---p 00000000 00:00 0 
7f49dc47a000-7f49dc4b0000 rw-p 00000000 00:00 0 
7f49dc4b0000-7f49dc4b1000 r--p 00000000 00:00 0 
7f49dc4b1000-7f49dc4b6000 r--s 0009a000 08:05 1978199                    /usr/local/java/jdk1.8.0_144/jre/lib/jsse.jar
7f49dc4b6000-7f49dc6b6000 rw-p 00000000 00:00 0 
7f49dc6b6000-7f49dc8b6000 rw-p 00000000 00:00 0 
7f49dc8b6000-7f49dc8d1000 r--s 001d3000 08:05 3277904                    /usr/local/java/jdk1.8.0_144/jre/lib/ext/nashorn.jar
7f49dc8d1000-7f49dc8ed000 r--s 00393000 08:05 3277908                    /usr/local/java/jdk1.8.0_144/jre/lib/ext/cldrdata.jar
7f49dc8ed000-7f49dc8f7000 r--s 00116000 08:05 3277905                    /usr/local/java/jdk1.8.0_144/jre/lib/ext/localedata.jar
7f49dc8f7000-7f49dc8f9000 r--s 00014000 00:2b 8652635                    /home/gpaiva/Desktop/projects/code/git/GitHub/JOT/lib/Framework-Toolkit-Components-1.0.jar
7f49dc8f9000-7f49dc8fb000 r--s 0000d000 00:2b 8652633                    /home/gpaiva/Desktop/projects/code/git/GitHub/JOT/lib/Extension-Toolkit-Component-Physics-1.0.jar
7f49dc8fb000-7f49dc8fd000 r--s 00013000 00:2b 8652632                    /home/gpaiva/Desktop/projects/code/git/GitHub/JOT/lib/Extension-Toolkit-Component-Geometry-1.0.jar
7f49dc8fd000-7f49dc900000 r--s 00020000 00:2b 8652629                    /home/gpaiva/Desktop/projects/code/git/GitHub/JOT/lib/Core-Toolkit-Components-1.0.jar
7f49dc900000-7f49dc9c1000 r--s 00427000 00:2b 8657450                    /home/gpaiva/Desktop/projects/code/git/GitHub/JOT/lib/colladabeans-1.4.1.jar
7f49dc9c1000-7f49dc9ff000 r--s 0025d000 00:2b 8657125                    /home/gpaiva/Desktop/projects/code/git/GitHub/JOT/lib/xmlbeans-2.6.0/lib/xbean.jar
7f49dc9ff000-7f49dca23000 r--s 0031e000 00:2b 8652766                    /home/gpaiva/Desktop/projects/code/git/GitHub/JOT/lib/jogamp-all-platforms/jar/jogl-all.jar
7f49dca23000-7f49dca43000 r--s 002cd000 00:2b 8652772                    /home/gpaiva/Desktop/projects/code/git/GitHub/JOT/lib/jogamp-all-platforms/jar/jogl-all-noawt.jar
7f49dca43000-7f49dca45000 r--s 00032000 00:2b 8652832                    /home/gpaiva/Desktop/projects/code/git/GitHub/JOT/lib/jogamp-all-platforms/jar/jogl-all-noawt-natives-windows-i586.jar
7f49dca45000-7f49dca46000 r--s 0003a000 00:2b 8652833                    /home/gpaiva/Desktop/projects/code/git/GitHub/JOT/lib/jogamp-all-platforms/jar/jogl-all-noawt-natives-windows-amd64.jar
7f49dca46000-7f49dca47000 r--s 0006c000 00:2b 8652883                    /home/gpaiva/Desktop/projects/code/git/GitHub/JOT/lib/jogamp-all-platforms/jar/jogl-all-noawt-natives-macosx-universal.jar
7f49dca47000-7f49dca49000 r--s 00034000 00:2b 8652804                    /home/gpaiva/Desktop/projects/code/git/GitHub/JOT/lib/jogamp-all-platforms/jar/jogl-all-noawt-natives-linux-i586.jar
7f49dca49000-7f49dca4a000 r--s 00036000 00:2b 8652818                    /home/gpaiva/Desktop/projects/code/git/GitHub/JOT/lib/jogamp-all-platforms/jar/jogl-all-noawt-natives-linux-amd64.jar
7f49dca4a000-7f49dca4c000 r--s 00032000 00:2b 8652873                    /home/gpaiva/Desktop/projects/code/git/GitHub/JOT/lib/jogamp-all-platforms/jar/jogl-all-natives-windows-i586.jar
7f49dca4c000-7f49dca4d000 r--s 0003a000 00:2b 8652843                    /home/gpaiva/Desktop/projects/code/git/GitHub/JOT/lib/jogamp-all-platforms/jar/jogl-all-natives-windows-amd64.jar
7f49dca4d000-7f49dca4e000 r--s 0006c000 00:2b 8652857                    /home/gpaiva/Desktop/projects/code/git/GitHub/JOT/lib/jogamp-all-platforms/jar/jogl-all-natives-macosx-universal.jar
7f49dca4e000-7f49dca50000 r--s 00034000 00:2b 8652792                    /home/gpaiva/Desktop/projects/code/git/GitHub/JOT/lib/jogamp-all-platforms/jar/jogl-all-natives-linux-i586.jar
7f49dca50000-7f49dca51000 r--s 00036000 00:2b 8652868                    /home/gpaiva/Desktop/projects/code/git/GitHub/JOT/lib/jogamp-all-platforms/jar/jogl-all-natives-linux-amd64.jar
7f49dca51000-7f49dca56000 r--s 00031000 00:2b 8652764                    /home/gpaiva/Desktop/projects/code/git/GitHub/JOT/lib/jogamp-all-platforms/jar/jocl.jar
7f49dca56000-7f49dca57000 r--s 00003000 00:2b 8652791                    /home/gpaiva/Desktop/projects/code/git/GitHub/JOT/lib/jogamp-all-platforms/jar/jocl-natives-windows-i586.jar
7f49dca57000-7f49dca58000 r--s 00003000 00:2b 8652793                    /home/gpaiva/Desktop/projects/code/git/GitHub/JOT/lib/jogamp-all-platforms/jar/jocl-natives-windows-amd64.jar
7f49dca58000-7f49dca62000 r--s 000ca000 00:2b 8652768                    /home/gpaiva/Desktop/projects/code/git/GitHub/JOT/lib/jogamp-all-platforms/jar/gluegen.jar
7f49dca62000-7f49dca89000 r--s 001f6000 00:2b 8654923                    /home/gpaiva/Desktop/projects/code/git/GitHub/JOT/lib/commons-math/commons-math3-3.6.1.jar
7f49dca89000-7f49dca8a000 ---p 00000000 00:00 0 
7f49dca8a000-7f49dcb8a000 rw-p 00000000 00:00 0 
7f49dcb8a000-7f49dcb8d000 ---p 00000000 00:00 0 
7f49dcb8d000-7f49dcc8b000 rw-p 00000000 00:00 0 
7f49dcc8b000-7f49dcc8e000 ---p 00000000 00:00 0 
7f49dcc8e000-7f49dcd8c000 rw-p 00000000 00:00 0 
7f49dcd8c000-7f49dcd8f000 ---p 00000000 00:00 0 
7f49dcd8f000-7f49dce8d000 rw-p 00000000 00:00 0 
7f49dce8d000-7f49dce90000 ---p 00000000 00:00 0 
7f49dce90000-7f49dcf8e000 rw-p 00000000 00:00 0 
7f49dcf8e000-7f49dd268000 r--p 00000000 08:05 11403624                   /usr/lib/locale/locale-archive
7f49dd268000-7f49dd26b000 ---p 00000000 00:00 0 
7f49dd26b000-7f49dd369000 rw-p 00000000 00:00 0 
7f49dd369000-7f49dd36c000 ---p 00000000 00:00 0 
7f49dd36c000-7f49dd46a000 rw-p 00000000 00:00 0 
7f49dd46a000-7f49dd46b000 ---p 00000000 00:00 0 
7f49dd46b000-7f49dded7000 rw-p 00000000 00:00 0 
7f49dded7000-7f49de0b1000 r--s 03d4d000 08:05 1978207                    /usr/local/java/jdk1.8.0_144/jre/lib/rt.jar
7f49de0b1000-7f49e09f5000 rw-p 00000000 00:00 0 
7f49e09f5000-7f49e09f6000 ---p 00000000 00:00 0 
7f49e09f6000-7f49e0b09000 rw-p 00000000 00:00 0 
7f49e0b09000-7f49e0c40000 ---p 00000000 00:00 0 
7f49e0c40000-7f49e0c65000 rw-p 00000000 00:00 0 
7f49e0c65000-7f49e1000000 ---p 00000000 00:00 0 
7f49e1000000-7f49e1910000 rwxp 00000000 00:00 0 
7f49e1910000-7f49f0000000 ---p 00000000 00:00 0 
7f49f0000000-7f49f09c7000 rw-p 00000000 00:00 0 
7f49f09c7000-7f49f4000000 ---p 00000000 00:00 0 
7f49f4000000-7f49f4001000 r--s 00005000 00:2b 8652871                    /home/gpaiva/Desktop/projects/code/git/GitHub/JOT/lib/jogamp-all-platforms/jar/jocl-natives-macosx-universal.jar
7f49f4001000-7f49f4002000 r--s 00002000 00:2b 8652782                    /home/gpaiva/Desktop/projects/code/git/GitHub/JOT/lib/jogamp-all-platforms/jar/jocl-natives-linux-i586.jar
7f49f4002000-7f49f4003000 r--s 00002000 00:2b 8652785                    /home/gpaiva/Desktop/projects/code/git/GitHub/JOT/lib/jogamp-all-platforms/jar/jocl-natives-linux-amd64.jar
7f49f4003000-7f49f4005000 r--s 0000f000 00:2b 8652763                    /home/gpaiva/Desktop/projects/code/git/GitHub/JOT/lib/jogamp-all-platforms/jar/joal.jar
7f49f4005000-7f49f4006000 r--s 0002b000 00:2b 8652789                    /home/gpaiva/Desktop/projects/code/git/GitHub/JOT/lib/jogamp-all-platforms/jar/joal-natives-windows-i586.jar
7f49f4006000-7f49f4007000 r--s 0002d000 00:2b 8652798                    /home/gpaiva/Desktop/projects/code/git/GitHub/JOT/lib/jogamp-all-platforms/jar/joal-natives-windows-amd64.jar
7f49f4007000-7f49f4008000 r--s 00057000 00:2b 8652870                    /home/gpaiva/Desktop/projects/code/git/GitHub/JOT/lib/jogamp-all-platforms/jar/joal-natives-macosx-universal.jar
7f49f4008000-7f49f4009000 r--s 00030000 00:2b 8652781                    /home/gpaiva/Desktop/projects/code/git/GitHub/JOT/lib/jogamp-all-platforms/jar/joal-natives-linux-i586.jar
7f49f4009000-7f49f400f000 r--s 0004f000 00:2b 8652765                    /home/gpaiva/Desktop/projects/code/git/GitHub/JOT/lib/jogamp-all-platforms/jar/gluegen-rt.jar
7f49f400f000-7f49f4010000 ---p 00000000 00:00 0 
7f49f4010000-7f49f4123000 rw-p 00000000 00:00 0 
7f49f4123000-7f49f4259000 ---p 00000000 00:00 0 
7f49f4259000-7f49f4277000 rw-p 00000000 00:00 0 
7f49f4277000-7f49f42fe000 ---p 00000000 00:00 0 
7f49f42fe000-7f49f42ff000 rw-p 00000000 00:00 0 
7f49f42ff000-7f49f4319000 r-xp 00000000 08:05 3277851                    /usr/local/java/jdk1.8.0_144/jre/lib/amd64/libzip.so
7f49f4319000-7f49f4519000 ---p 0001a000 08:05 3277851                    /usr/local/java/jdk1.8.0_144/jre/lib/amd64/libzip.so
7f49f4519000-7f49f451a000 rw-p 0001a000 08:05 3277851                    /usr/local/java/jdk1.8.0_144/jre/lib/amd64/libzip.so
7f49f451a000-7f49f4525000 r-xp 00000000 08:05 1836624                    /lib/x86_64-linux-gnu/libnss_files-2.23.so
7f49f4525000-7f49f4724000 ---p 0000b000 08:05 1836624                    /lib/x86_64-linux-gnu/libnss_files-2.23.so
7f49f4724000-7f49f4725000 r--p 0000a000 08:05 1836624                    /lib/x86_64-linux-gnu/libnss_files-2.23.so
7f49f4725000-7f49f4726000 rw-p 0000b000 08:05 1836624                    /lib/x86_64-linux-gnu/libnss_files-2.23.so
7f49f4726000-7f49f472c000 rw-p 00000000 00:00 0 
7f49f472c000-7f49f4737000 r-xp 00000000 08:05 1836638                    /lib/x86_64-linux-gnu/libnss_nis-2.23.so
7f49f4737000-7f49f4936000 ---p 0000b000 08:05 1836638                    /lib/x86_64-linux-gnu/libnss_nis-2.23.so
7f49f4936000-7f49f4937000 r--p 0000a000 08:05 1836638                    /lib/x86_64-linux-gnu/libnss_nis-2.23.so
7f49f4937000-7f49f4938000 rw-p 0000b000 08:05 1836638                    /lib/x86_64-linux-gnu/libnss_nis-2.23.so
7f49f4938000-7f49f494e000 r-xp 00000000 08:05 1835387                    /lib/x86_64-linux-gnu/libnsl-2.23.so
7f49f494e000-7f49f4b4d000 ---p 00016000 08:05 1835387                    /lib/x86_64-linux-gnu/libnsl-2.23.so
7f49f4b4d000-7f49f4b4e000 r--p 00015000 08:05 1835387                    /lib/x86_64-linux-gnu/libnsl-2.23.so
7f49f4b4e000-7f49f4b4f000 rw-p 00016000 08:05 1835387                    /lib/x86_64-linux-gnu/libnsl-2.23.so
7f49f4b4f000-7f49f4b51000 rw-p 00000000 00:00 0 
7f49f4b51000-7f49f4b59000 r-xp 00000000 08:05 1836649                    /lib/x86_64-linux-gnu/libnss_compat-2.23.so
7f49f4b59000-7f49f4d58000 ---p 00008000 08:05 1836649                    /lib/x86_64-linux-gnu/libnss_compat-2.23.so
7f49f4d58000-7f49f4d59000 r--p 00007000 08:05 1836649                    /lib/x86_64-linux-gnu/libnss_compat-2.23.so
7f49f4d59000-7f49f4d5a000 rw-p 00008000 08:05 1836649                    /lib/x86_64-linux-gnu/libnss_compat-2.23.so
7f49f4d5a000-7f49f4d85000 r-xp 00000000 08:05 3277880                    /usr/local/java/jdk1.8.0_144/jre/lib/amd64/libjava.so
7f49f4d85000-7f49f4f84000 ---p 0002b000 08:05 3277880                    /usr/local/java/jdk1.8.0_144/jre/lib/amd64/libjava.so
7f49f4f84000-7f49f4f86000 rw-p 0002a000 08:05 3277880                    /usr/local/java/jdk1.8.0_144/jre/lib/amd64/libjava.so
7f49f4f86000-7f49f4f93000 r-xp 00000000 08:05 3277829                    /usr/local/java/jdk1.8.0_144/jre/lib/amd64/libverify.so
7f49f4f93000-7f49f5193000 ---p 0000d000 08:05 3277829                    /usr/local/java/jdk1.8.0_144/jre/lib/amd64/libverify.so
7f49f5193000-7f49f5195000 rw-p 0000d000 08:05 3277829                    /usr/local/java/jdk1.8.0_144/jre/lib/amd64/libverify.so
7f49f5195000-7f49f519c000 r-xp 00000000 08:05 1836644                    /lib/x86_64-linux-gnu/librt-2.23.so
7f49f519c000-7f49f539b000 ---p 00007000 08:05 1836644                    /lib/x86_64-linux-gnu/librt-2.23.so
7f49f539b000-7f49f539c000 r--p 00006000 08:05 1836644                    /lib/x86_64-linux-gnu/librt-2.23.so
7f49f539c000-7f49f539d000 rw-p 00007000 08:05 1836644                    /lib/x86_64-linux-gnu/librt-2.23.so
7f49f539d000-7f49f54a5000 r-xp 00000000 08:05 1836659                    /lib/x86_64-linux-gnu/libm-2.23.so
7f49f54a5000-7f49f56a4000 ---p 00108000 08:05 1836659                    /lib/x86_64-linux-gnu/libm-2.23.so
7f49f56a4000-7f49f56a5000 r--p 00107000 08:05 1836659                    /lib/x86_64-linux-gnu/libm-2.23.so
7f49f56a5000-7f49f56a6000 rw-p 00108000 08:05 1836659                    /lib/x86_64-linux-gnu/libm-2.23.so
7f49f56a6000-7f49f6379000 r-xp 00000000 08:05 3277884                    /usr/local/java/jdk1.8.0_144/jre/lib/amd64/server/libjvm.so
7f49f6379000-7f49f6578000 ---p 00cd3000 08:05 3277884                    /usr/local/java/jdk1.8.0_144/jre/lib/amd64/server/libjvm.so
7f49f6578000-7f49f6652000 rw-p 00cd2000 08:05 3277884                    /usr/local/java/jdk1.8.0_144/jre/lib/amd64/server/libjvm.so
7f49f6652000-7f49f669d000 rw-p 00000000 00:00 0 
7f49f669d000-7f49f685d000 r-xp 00000000 08:05 1836669                    /lib/x86_64-linux-gnu/libc-2.23.so
7f49f685d000-7f49f6a5d000 ---p 001c0000 08:05 1836669                    /lib/x86_64-linux-gnu/libc-2.23.so
7f49f6a5d000-7f49f6a61000 r--p 001c0000 08:05 1836669                    /lib/x86_64-linux-gnu/libc-2.23.so
7f49f6a61000-7f49f6a63000 rw-p 001c4000 08:05 1836669                    /lib/x86_64-linux-gnu/libc-2.23.so
7f49f6a63000-7f49f6a67000 rw-p 00000000 00:00 0 
7f49f6a67000-7f49f6a6a000 r-xp 00000000 08:05 1836648                    /lib/x86_64-linux-gnu/libdl-2.23.so
7f49f6a6a000-7f49f6c69000 ---p 00003000 08:05 1836648                    /lib/x86_64-linux-gnu/libdl-2.23.so
7f49f6c69000-7f49f6c6a000 r--p 00002000 08:05 1836648                    /lib/x86_64-linux-gnu/libdl-2.23.so
7f49f6c6a000-7f49f6c6b000 rw-p 00003000 08:05 1836648                    /lib/x86_64-linux-gnu/libdl-2.23.so
7f49f6c6b000-7f49f6c80000 r-xp 00000000 08:05 2493435                    /usr/local/java/jdk1.8.0_144/lib/amd64/jli/libjli.so
7f49f6c80000-7f49f6e80000 ---p 00015000 08:05 2493435                    /usr/local/java/jdk1.8.0_144/lib/amd64/jli/libjli.so
7f49f6e80000-7f49f6e81000 rw-p 00015000 08:05 2493435                    /usr/local/java/jdk1.8.0_144/lib/amd64/jli/libjli.so
7f49f6e81000-7f49f6e99000 r-xp 00000000 08:05 1836636                    /lib/x86_64-linux-gnu/libpthread-2.23.so
7f49f6e99000-7f49f7098000 ---p 00018000 08:05 1836636                    /lib/x86_64-linux-gnu/libpthread-2.23.so
7f49f7098000-7f49f7099000 r--p 00017000 08:05 1836636                    /lib/x86_64-linux-gnu/libpthread-2.23.so
7f49f7099000-7f49f709a000 rw-p 00018000 08:05 1836636                    /lib/x86_64-linux-gnu/libpthread-2.23.so
7f49f709a000-7f49f709e000 rw-p 00000000 00:00 0 
7f49f709e000-7f49f70c4000 r-xp 00000000 08:05 1835389                    /lib/x86_64-linux-gnu/ld-2.23.so
7f49f70c4000-7f49f716e000 rw-p 00000000 00:00 0 
7f49f716e000-7f49f7171000 ---p 00000000 00:00 0 
7f49f7171000-7f49f7273000 rw-p 00000000 00:00 0 
7f49f7273000-7f49f7274000 r--s 0002e000 00:2b 8652783                    /home/gpaiva/Desktop/projects/code/git/GitHub/JOT/lib/jogamp-all-platforms/jar/joal-natives-linux-amd64.jar
7f49f7274000-7f49f7275000 r--s 00001000 00:2b 8652847                    /home/gpaiva/Desktop/projects/code/git/GitHub/JOT/lib/jogamp-all-platforms/jar/gluegen-rt-natives-windows-i586.jar
7f49f7275000-7f49f7276000 r--s 00001000 00:2b 8652851                    /home/gpaiva/Desktop/projects/code/git/GitHub/JOT/lib/jogamp-all-platforms/jar/gluegen-rt-natives-windows-amd64.jar
7f49f7276000-7f49f7277000 r--s 00001000 00:2b 8652820                    /home/gpaiva/Desktop/projects/code/git/GitHub/JOT/lib/jogamp-all-platforms/jar/gluegen-rt-natives-macosx-universal.jar
7f49f7277000-7f49f7279000 r--s 00000000 00:2b 8652869                    /home/gpaiva/Desktop/projects/code/git/GitHub/JOT/lib/jogamp-all-platforms/jar/gluegen-rt-natives-linux-i586.jar
7f49f7279000-7f49f727b000 r--s 00000000 00:2b 8652838                    /home/gpaiva/Desktop/projects/code/git/GitHub/JOT/lib/jogamp-all-platforms/jar/gluegen-rt-natives-linux-amd64.jar
7f49f727b000-7f49f72b7000 rw-p 00000000 00:00 0 
7f49f72b7000-7f49f72bf000 rw-s 00000000 08:05 11272364                   /tmp/hsperfdata_gpaiva/29400
7f49f72bf000-7f49f72c0000 rw-p 00000000 00:00 0 
7f49f72c0000-7f49f72c1000 r--p 00000000 00:00 0 
7f49f72c1000-7f49f72c3000 rw-p 00000000 00:00 0 
7f49f72c3000-7f49f72c4000 r--p 00025000 08:05 1835389                    /lib/x86_64-linux-gnu/ld-2.23.so
7f49f72c4000-7f49f72c5000 rw-p 00026000 08:05 1835389                    /lib/x86_64-linux-gnu/ld-2.23.so
7f49f72c5000-7f49f72c6000 rw-p 00000000 00:00 0 
7fffea0fb000-7fffea11d000 rw-p 00000000 00:00 0                          [stack]
7fffea179000-7fffea17b000 r--p 00000000 00:00 0                          [vvar]
7fffea17b000-7fffea17d000 r-xp 00000000 00:00 0                          [vdso]
ffffffffff600000-ffffffffff601000 r-xp 00000000 00:00 0                  [vsyscall]

VM Arguments:
jvm_args: -Dfile.encoding=UTF-8 -Djava.util.logging.SimpleFormatter.format=%5$s%6$s%n 
java_command: jot.demo.gui.GameMain Tim
java_class_path (initial): /home/gpaiva/Desktop/projects/code/git/GitHub/JOT/lib/commons-math/commons-math3-3.6.1.jar:/home/gpaiva/Desktop/projects/code/git/GitHub/JOT/lib/jogamp-all-platforms/jar/gluegen-rt-natives-linux-amd64.jar:/home/gpaiva/Desktop/projects/code/git/GitHub/JOT/lib/jogamp-all-platforms/jar/gluegen-rt-natives-linux-i586.jar:/home/gpaiva/Desktop/projects/code/git/GitHub/JOT/lib/jogamp-all-platforms/jar/gluegen-rt-natives-macosx-universal.jar:/home/gpaiva/Desktop/projects/code/git/GitHub/JOT/lib/jogamp-all-platforms/jar/gluegen-rt-natives-windows-amd64.jar:/home/gpaiva/Desktop/projects/code/git/GitHub/JOT/lib/jogamp-all-platforms/jar/gluegen-rt-natives-windows-i586.jar:/home/gpaiva/Desktop/projects/code/git/GitHub/JOT/lib/jogamp-all-platforms/jar/gluegen-rt.jar:/home/gpaiva/Desktop/projects/code/git/GitHub/JOT/lib/jogamp-all-platforms/jar/gluegen.jar:/home/gpaiva/Desktop/projects/code/git/GitHub/JOT/lib/jogamp-all-platforms/jar/joal-natives-linux-amd64.jar:/home/gpaiva/Desktop/projects/code/git/GitHub/JOT/lib/jogamp-all-platforms/jar/joal-natives-linux-i586.jar:/home/gpaiva/Desktop/projects/code/git/GitHub/JOT/lib/jogamp-all-platforms/jar/joal-natives-macosx-universal.jar:/home/gpaiva/Desktop/projects/code/git/GitHub/JOT/lib/jogamp-all-platforms/jar/joal-natives-windows-amd64.jar:/home/gpaiva/Desktop/projects/code/git/GitHub/JOT/lib/jogamp-all-platforms/jar/joal-natives-windows-i586.jar:/home/gpaiva/Desktop/projects/code/git/GitHub/JOT/lib/jogamp-all-platforms/jar/joal.jar:/home/gpaiva/Desktop/projects/code/git/GitHub/JOT/lib/jogamp-all-platforms/jar/jocl-natives-linux-amd64.jar:/home/gpaiva/Desktop/projects/code/git/GitHub/JOT/lib/jogamp-all-platforms/jar/jocl-natives-linux-i586.jar:/home/gpaiva/Desktop/projects/code/git/GitHub/JOT/lib/jogamp-all-platforms/jar/jocl-natives-macosx-universal.jar:/home/gpaiva/Desktop/projects/code/git/GitHub/JOT/lib/jogamp-all-platforms/jar/jocl-natives-windows-amd64.jar:/home/gpaiva/Desktop/projects/code/git/GitHub
Launcher Type: SUN_STANDARD

Environment Variables:
JAVA_HOME=/usr/local/java/jdk1.8.0_144
JRE_HOME=/usr/local/java/jre1.8.0_144
PATH=/home/gpaiva/bin:/home/gpaiva/.local/bin:/usr/local/sbin:/usr/local/bin:/usr/sbin:/usr/bin:/sbin:/bin:/usr/games:/usr/local/games:/home/gpaiva/omnetpp-5.1/bin:/home/gpaiva/bin:/usr/local/java/jdk1.8.0_144/bin:/home/gpaiva/bin:/usr/local/java/jre1.8.0_144/bin
LD_LIBRARY_PATH=/usr/local/java/jdk1.8.0_144/jre/lib/amd64:/usr/local/java/jdk1.8.0_144/jre/lib/i386:
SHELL=/bin/bash
DISPLAY=:0

Signal Handlers:
SIGSEGV: [libjvm.so+0xacba10], sa_mask[0]=11111111011111111101111111111110, sa_flags=SA_RESTART|SA_SIGINFO
SIGBUS: [libjvm.so+0xacba10], sa_mask[0]=11111111011111111101111111111110, sa_flags=SA_RESTART|SA_SIGINFO
SIGFPE: [libjvm.so+0x924ba0], sa_mask[0]=11111111011111111101111111111110, sa_flags=SA_RESTART|SA_SIGINFO
SIGPIPE: [libjvm.so+0x924ba0], sa_mask[0]=11111111011111111101111111111110, sa_flags=SA_RESTART|SA_SIGINFO
SIGXFSZ: [libjvm.so+0x924ba0], sa_mask[0]=11111111011111111101111111111110, sa_flags=SA_RESTART|SA_SIGINFO
SIGILL: [libjvm.so+0x924ba0], sa_mask[0]=11111111011111111101111111111110, sa_flags=SA_RESTART|SA_SIGINFO
SIGUSR1: SIG_DFL, sa_mask[0]=00000000000000000000000000000000, sa_flags=none
SIGUSR2: [libjvm.so+0x9263e0], sa_mask[0]=00100000000000000000000000000000, sa_flags=SA_RESTART|SA_SIGINFO
SIGHUP: [libjvm.so+0x9277e0], sa_mask[0]=11111111011111111101111111111110, sa_flags=SA_RESTART|SA_SIGINFO
SIGINT: SIG_IGN, sa_mask[0]=00000000000000000000000000000000, sa_flags=none
SIGTERM: [libjvm.so+0x9277e0], sa_mask[0]=11111111011111111101111111111110, sa_flags=SA_RESTART|SA_SIGINFO
SIGQUIT: [libjvm.so+0x9277e0], sa_mask[0]=11111111011111111101111111111110, sa_flags=SA_RESTART|SA_SIGINFO


---------------  S Y S T E M  ---------------

OS:DISTRIB_ID=LinuxMint
DISTRIB_RELEASE=18.2
DISTRIB_CODENAME=sonya
DISTRIB_DESCRIPTION="Linux Mint 18.2 Sonya"

uname:Linux 4.4.0-89-generic #112-Ubuntu SMP Mon Jul 31 19:38:41 UTC 2017 x86_64
libc:glibc 2.23 NPTL 2.23 
rlimit: STACK 8192k, CORE 0k, NPROC 15636, NOFILE 1048576, AS infinity
load average:3,38 2,53 1,71

/proc/meminfo:
MemTotal:        4045356 kB
MemFree:          118716 kB
MemAvailable:     931236 kB
Buffers:           29284 kB
Cached:           965676 kB
SwapCached:        31036 kB
Active:          2224588 kB
Inactive:        1341944 kB
Active(anon):    1734988 kB
Inactive(anon):   854592 kB
Active(file):     489600 kB
Inactive(file):   487352 kB
Unevictable:          32 kB
Mlocked:              32 kB
SwapTotal:       3998204 kB
SwapFree:        3434864 kB
Dirty:               716 kB
Writeback:             0 kB
AnonPages:       2565376 kB
Mapped:           169236 kB
Shmem:             17824 kB
Slab:             153472 kB
SReclaimable:      81480 kB
SUnreclaim:        71992 kB
KernelStack:        9152 kB
PageTables:        35824 kB
NFS_Unstable:          0 kB
Bounce:                0 kB
WritebackTmp:          0 kB
CommitLimit:     6020880 kB
Committed_AS:    6280140 kB
VmallocTotal:   34359738367 kB
VmallocUsed:           0 kB
VmallocChunk:          0 kB
HardwareCorrupted:     0 kB
AnonHugePages:   1036288 kB
CmaTotal:              0 kB
CmaFree:               0 kB
HugePages_Total:       0
HugePages_Free:        0
HugePages_Rsvd:        0
HugePages_Surp:        0
Hugepagesize:       2048 kB
DirectMap4k:     1157952 kB
DirectMap2M:     3035136 kB


CPU:total 2 (initial active 2) (2 cores per cpu, 1 threads per core) family 6 model 23 stepping 6, cmov, cx8, fxsr, mmx, sse, sse2, sse3, ssse3, sse4.1, tsc

/proc/cpuinfo:
processor	: 0
vendor_id	: GenuineIntel
cpu family	: 6
model		: 23
model name	: Intel(R) Core(TM)2 Duo CPU     T9300  @ 2.50GHz
stepping	: 6
microcode	: 0x60c
cpu MHz		: 2401.000
cache size	: 6144 KB
physical id	: 0
siblings	: 2
core id		: 0
cpu cores	: 2
apicid		: 0
initial apicid	: 0
fpu		: yes
fpu_exception	: yes
cpuid level	: 10
wp		: yes
flags		: fpu vme de pse tsc msr pae mce cx8 apic sep mtrr pge mca cmov pat pse36 clflush dts acpi mmx fxsr sse sse2 ss ht tm pbe syscall nx lm constant_tsc arch_perfmon pebs bts rep_good nopl aperfmperf pni dtes64 monitor ds_cpl vmx est tm2 ssse3 cx16 xtpr pdcm sse4_1 lahf_lm tpr_shadow vnmi flexpriority dtherm ida
bugs		:
bogomips	: 4987.48
clflush size	: 64
cache_alignment	: 64
address sizes	: 36 bits physical, 48 bits virtual
power management:

processor	: 1
vendor_id	: GenuineIntel
cpu family	: 6
model		: 23
model name	: Intel(R) Core(TM)2 Duo CPU     T9300  @ 2.50GHz
stepping	: 6
microcode	: 0x60c
cpu MHz		: 2401.000
cache size	: 6144 KB
physical id	: 0
siblings	: 2
core id		: 1
cpu cores	: 2
apicid		: 1
initial apicid	: 1
fpu		: yes
fpu_exception	: yes
cpuid level	: 10
wp		: yes
flags		: fpu vme de pse tsc msr pae mce cx8 apic sep mtrr pge mca cmov pat pse36 clflush dts acpi mmx fxsr sse sse2 ss ht tm pbe syscall nx lm constant_tsc arch_perfmon pebs bts rep_good nopl aperfmperf pni dtes64 monitor ds_cpl vmx est tm2 ssse3 cx16 xtpr pdcm sse4_1 lahf_lm tpr_shadow vnmi flexpriority dtherm ida
bugs		:
bogomips	: 4987.48
clflush size	: 64
cache_alignment	: 64
address sizes	: 36 bits physical, 48 bits virtual
power management:



Memory: 4k page, physical 4045356k(118716k free), swap 3998204k(3434864k free)

vm_info: Java HotSpot(TM) 64-Bit Server VM (25.144-b01) for linux-amd64 JRE (1.8.0_144-b01), built on Jul 21 2017 21:57:33 by "java_re" with gcc 4.3.0 20080428 (Red Hat 4.3.0-8)

time: Tue Aug 15 23:09:07 2017
elapsed time: 27 seconds (0d 0h 0m 27s)

