#
# A fatal error has been detected by the Java Runtime Environment:
#
#  SIGSEGV (0xb) at pc=0x00007f3d424d3bc9, pid=14220, tid=0x00007f3d21650700
#
# JRE version: Java(TM) SE Runtime Environment (8.0_144-b01) (build 1.8.0_144-b01)
# Java VM: Java HotSpot(TM) 64-Bit Server VM (25.144-b01 mixed mode linux-amd64 compressed oops)
# Problematic frame:
# C  [libGL.so.1+0xd7bc9]
#
# Failed to write core dump. Core dumps have been disabled. To enable core dumping, try "ulimit -c unlimited" before starting Java again
#
# If you would like to submit a bug report, please visit:
#   http://bugreport.java.com/bugreport/crash.jsp
# The crash happened outside the Java Virtual Machine in native code.
# See problematic frame for where to report the bug.
#

---------------  T H R E A D  ---------------

Current thread (0x00007f3d5c17a800):  JavaThread "Thread-3" [_thread_in_native, id=14409, stack(0x00007f3d21550000,0x00007f3d21651000)]

siginfo: si_signo: 11 (SIGSEGV), si_code: 1 (SEGV_MAPERR), si_addr: 0x00000000000008b8

Registers:
RAX=0x0000000000000000, RBX=0x00007f3d439550c8, RCX=0x00000000ebcd9120, RDX=0x0000000000000001
RSP=0x00007f3d2164f4e8, RBP=0x00007f3d2164f530, RSI=0x00000000ebcd9120, RDI=0x0000000000000001
R8 =0x0000000000000001, R9 =0x0000000000000000, R10=0x00007f3d7d015548, R11=0x00007f3d92a03fa0
R12=0x0000000000000000, R13=0x00007f3d439550c8, R14=0x00007f3d2164f608, R15=0x00007f3d5c17a800
RIP=0x00007f3d424d3bc9, EFLAGS=0x0000000000010246, CSGSFS=0x0000000000000033, ERR=0x0000000000000004
  TRAPNO=0x000000000000000e

Top of Stack: (sp=0x00007f3d2164f4e8)
0x00007f3d2164f4e8:   00007f3d41f9f1fd 00007f3d5c17a800
0x00007f3d2164f4f8:   00007f005c17a800 00007f3d2164f5f8
0x00007f3d2164f508:   0000000100000000 00007f3d2164f608
0x00007f3d2164f518:   00007f3d5c17a9f8 00007f3d424d3bc0
0x00007f3d2164f528:   00000000ebcd9120 00007f3d2164f5b8
0x00007f3d2164f538:   00007f3d7d015574 00007f3d424d3bc0
0x00007f3d2164f548:   00007f3d5c17a800 00007f3d439550c8
0x00007f3d2164f558:   0000000000000000 00007f3d2164f5b8
0x00007f3d2164f568:   00007f3d7d015307 00007f3d7d0152c2
0x00007f3d2164f578:   00007f3d2164f578 00007f3d439550c8
0x00007f3d2164f588:   00007f3d2164f608 00007f3d42838028
0x00007f3d2164f598:   0000000000000000 00007f3d439550c8
0x00007f3d2164f5a8:   0000000000000000 00007f3d2164f5d8
0x00007f3d2164f5b8:   00007f3d2164f650 00007f3d7d007ffd
0x00007f3d2164f5c8:   0000000000000000 00007f3d7d011278
0x00007f3d2164f5d8:   00007f3d424d3bc0 00007f3d2164f688
0x00007f3d2164f5e8:   0000000000000000 0000000000000000
0x00007f3d2164f5f8:   00000000ebcd9110 0000000000000001
0x00007f3d2164f608:   00000000c293dea0 00007f3d2164f610
0x00007f3d2164f618:   00007f3d439551cb 00007f3d2164f688
0x00007f3d2164f628:   00007f3d42838028 0000000000000000
0x00007f3d2164f638:   00007f3d439551e0 00007f3d2164f5d8
0x00007f3d2164f648:   00007f3d2164f670 00007f3d2164f6d0
0x00007f3d2164f658:   00007f3d7d008042 00007f3d424d3bc0
0x00007f3d2164f668:   0000000000000000 0000000000000000
0x00007f3d2164f678:   00000000ebcd9110 0000000000000001
0x00007f3d2164f688:   00000000c293dea0 00007f3d2164f690
0x00007f3d2164f698:   00007f3d22f13925 00007f3d2164f6e8
0x00007f3d2164f6a8:   00007f3d22f15d20 00007f3d21e3a758
0x00007f3d2164f6b8:   00007f3d22f13940 00007f3d2164f670
0x00007f3d2164f6c8:   00007f3d2164f6e0 00007f3d2164f730
0x00007f3d2164f6d8:   00007f3d7d007ffd 00000000c293dea0 

Instructions: (pc=0x00007f3d424d3bc9)
0x00007f3d424d3ba9:   00 0f 1f 80 00 00 00 00 66 66 66 66 66 66 2e 0f
0x00007f3d424d3bb9:   1f 84 00 00 00 00 00 64 48 8b 04 25 78 ff ff ff
0x00007f3d424d3bc9:   ff a0 b8 08 00 00 cc cc cc cc cc cc cc cc cc cc
0x00007f3d424d3bd9:   cc cc cc cc cc cc cc 1b 4c 01 d8 ff a0 b8 08 00 

Register to memory mapping:

RAX=0x0000000000000000 is an unknown value
RBX={method} {0x00007f3d439550c8} 'dispatch_glDeleteTextures1' '(ILjava/lang/Object;IZJ)V' in 'jogamp/opengl/gl4/GL4bcImpl'
RCX=0x00000000ebcd9120 is an oop

[error occurred during error reporting (printing register info), id 0xb]

Stack: [0x00007f3d21550000,0x00007f3d21651000],  sp=0x00007f3d2164f4e8,  free space=1021k
Native frames: (J=compiled Java code, j=interpreted, Vv=VM code, C=native code)
C  [libGL.so.1+0xd7bc9]
j  jogamp.opengl.gl4.GL4bcImpl.dispatch_glDeleteTextures1(ILjava/lang/Object;IZJ)V+0
j  jogamp.opengl.gl4.GL4bcImpl.glDeleteTextures(I[II)V+107
j  com.jogamp.opengl.util.texture.Texture.destroy(Lcom/jogamp/opengl/GL;)V+21
j  jot.manager.SceneManager.lambda$dispose$0(Lcom/jogamp/opengl/GL2;Lcom/jogamp/opengl/util/texture/Texture;)V+2
j  jot.manager.SceneManager$$Lambda$33.accept(Ljava/lang/Object;)V+8
j  java.util.concurrent.ConcurrentHashMap$ValueSpliterator.forEachRemaining(Ljava/util/function/Consumer;)V+26
J 2384 C1 java.util.stream.ReferencePipeline$Head.forEach(Ljava/util/function/Consumer;)V (26 bytes) @ 0x00007f3d7d7cd2ec [0x00007f3d7d7ccd40+0x5ac]
j  jot.manager.SceneManager.dispose(Lcom/jogamp/opengl/GL2;)V+17
j  jot.gui.Game.lambda$gameShutdown$0()V+29
j  jot.gui.Game$$Lambda$32.run()V+4
j  java.lang.Thread.run()V+11
v  ~StubRoutines::call_stub
V  [libjvm.so+0x693e96]  JavaCalls::call_helper(JavaValue*, methodHandle*, JavaCallArguments*, Thread*)+0x1056
V  [libjvm.so+0x6943a1]  JavaCalls::call_virtual(JavaValue*, KlassHandle, Symbol*, Symbol*, JavaCallArguments*, Thread*)+0x321
V  [libjvm.so+0x694847]  JavaCalls::call_virtual(JavaValue*, Handle, KlassHandle, Symbol*, Symbol*, Thread*)+0x47
V  [libjvm.so+0x72fbd0]  thread_entry(JavaThread*, Thread*)+0xa0
V  [libjvm.so+0xa79753]  JavaThread::thread_main_inner()+0x103
V  [libjvm.so+0xa7989c]  JavaThread::run()+0x11c
V  [libjvm.so+0x92a338]  java_start(Thread*)+0x108
C  [libpthread.so.0+0x76ba]  start_thread+0xca

Java frames: (J=compiled Java code, j=interpreted, Vv=VM code)
j  jogamp.opengl.gl4.GL4bcImpl.dispatch_glDeleteTextures1(ILjava/lang/Object;IZJ)V+0
j  jogamp.opengl.gl4.GL4bcImpl.glDeleteTextures(I[II)V+107
j  com.jogamp.opengl.util.texture.Texture.destroy(Lcom/jogamp/opengl/GL;)V+21
j  jot.manager.SceneManager.lambda$dispose$0(Lcom/jogamp/opengl/GL2;Lcom/jogamp/opengl/util/texture/Texture;)V+2
j  jot.manager.SceneManager$$Lambda$33.accept(Ljava/lang/Object;)V+8
j  java.util.concurrent.ConcurrentHashMap$ValueSpliterator.forEachRemaining(Ljava/util/function/Consumer;)V+26
J 2384 C1 java.util.stream.ReferencePipeline$Head.forEach(Ljava/util/function/Consumer;)V (26 bytes) @ 0x00007f3d7d7cd2ec [0x00007f3d7d7ccd40+0x5ac]
j  jot.manager.SceneManager.dispose(Lcom/jogamp/opengl/GL2;)V+17
j  jot.gui.Game.lambda$gameShutdown$0()V+29
j  jot.gui.Game$$Lambda$32.run()V+4
j  java.lang.Thread.run()V+11
v  ~StubRoutines::call_stub

---------------  P R O C E S S  ---------------

Java Threads: ( => current thread )
=>0x00007f3d5c17a800 JavaThread "Thread-3" [_thread_in_native, id=14409, stack(0x00007f3d21550000,0x00007f3d21651000)]
  0x00007f3d8c00c000 JavaThread "DestroyJavaVM" [_thread_blocked, id=14222, stack(0x00007f3d93b04000,0x00007f3d93c05000)]
  0x00007f3d8c8ee800 JavaThread "main-Display-.x11_:0-1-EDT-1" daemon [_thread_blocked, id=14257, stack(0x00007f3d2dfbd000,0x00007f3d2e0be000)]
  0x00007f3d8c73c800 JavaThread "main-SharedResourceRunner" daemon [_thread_blocked, id=14254, stack(0x00007f3d40084000,0x00007f3d40185000)]
  0x00007f3d8c719800 JavaThread "main-SharedResourceRunner" daemon [_thread_blocked, id=14253, stack(0x00007f3d41c3f000,0x00007f3d41d40000)]
  0x00007f3d8c674000 JavaThread "AWT-XAWT" daemon [_thread_in_native, id=14250, stack(0x00007f3d740b3000,0x00007f3d741b4000)]
  0x00007f3d8c655800 JavaThread "Java2D Disposer" daemon [_thread_blocked, id=14249, stack(0x00007f3d748e1000,0x00007f3d749e2000)]
  0x00007f3d8c5cd800 JavaThread "process reaper" daemon [_thread_blocked, id=14245, stack(0x00007f3d74e0a000,0x00007f3d74e43000)]
  0x00007f3d8c0bd000 JavaThread "Service Thread" daemon [_thread_blocked, id=14241, stack(0x00007f3d7543c000,0x00007f3d7553d000)]
  0x00007f3d8c0ba800 JavaThread "C1 CompilerThread1" daemon [_thread_blocked, id=14240, stack(0x00007f3d7553d000,0x00007f3d7563e000)]
  0x00007f3d8c0b7800 JavaThread "C2 CompilerThread0" daemon [_thread_blocked, id=14239, stack(0x00007f3d7563e000,0x00007f3d7573f000)]
  0x00007f3d8c0b3800 JavaThread "Signal Dispatcher" daemon [_thread_blocked, id=14238, stack(0x00007f3d7573f000,0x00007f3d75840000)]
  0x00007f3d8c081800 JavaThread "Finalizer" daemon [_thread_blocked, id=14237, stack(0x00007f3d75b1a000,0x00007f3d75c1b000)]
  0x00007f3d8c07d000 JavaThread "Reference Handler" daemon [_thread_blocked, id=14230, stack(0x00007f3d75c1b000,0x00007f3d75d1c000)]

Other Threads:
  0x00007f3d8c075800 VMThread [stack: 0x00007f3d75d1c000,0x00007f3d75e1d000] [id=14227]
  0x00007f3d8c0c0800 WatcherThread [stack: 0x00007f3d7533b000,0x00007f3d7543c000] [id=14242]

VM state:not at safepoint (normal execution)

VM Mutex/Monitor currently owned by a thread: None

Heap:
 PSYoungGen      total 61440K, used 10187K [0x00000000eb700000, 0x00000000f0080000, 0x0000000100000000)
  eden space 54784K, 11% used [0x00000000eb700000,0x00000000ebd30de0,0x00000000eec80000)
  from space 6656K, 57% used [0x00000000eec80000,0x00000000ef041e68,0x00000000ef300000)
  to   space 6656K, 0% used [0x00000000efa00000,0x00000000efa00000,0x00000000f0080000)
 ParOldGen       total 36352K, used 8098K [0x00000000c2400000, 0x00000000c4780000, 0x00000000eb700000)
  object space 36352K, 22% used [0x00000000c2400000,0x00000000c2be8830,0x00000000c4780000)
 Metaspace       used 26955K, capacity 27582K, committed 27776K, reserved 1073152K
  class space    used 2912K, capacity 3186K, committed 3200K, reserved 1048576K

Card table byte_map: [0x00007f3d906e6000,0x00007f3d908d5000] byte_map_base: 0x00007f3d900d4000

Marking Bits: (ParMarkBitMap*) 0x00007f3d93005dc0
 Begin Bits: [0x00007f3d76120000, 0x00007f3d77090000)
 End Bits:   [0x00007f3d77090000, 0x00007f3d78000000)

Polling page: 0x00007f3d93c56000

CodeCache: size=245760Kb used=10040Kb max_used=10046Kb free=235719Kb
 bounds [0x00007f3d7d000000, 0x00007f3d7d9e0000, 0x00007f3d8c000000]
 total_blobs=3861 nmethods=2801 adapters=975
 compilation: enabled

Compilation events (10 events):
Event: 57,874 Thread 0x00007f3d8c0b7800 2852   !   4       jogamp.newt.driver.x11.DisplayDriver::dispatchMessagesNative (66 bytes)
Event: 57,883 Thread 0x00007f3d8c0b7800 nmethod 2852 0x00007f3d7d9d4d50 code [0x00007f3d7d9d4f20, 0x00007f3d7d9d5788]
Event: 57,884 Thread 0x00007f3d8c0b7800 2853       4       jogamp.newt.DisplayImpl$7::run (8 bytes)
Event: 57,886 Thread 0x00007f3d8c0b7800 nmethod 2853 0x00007f3d7d9d4990 code [0x00007f3d7d9d4ae0, 0x00007f3d7d9d4bc8]
Event: 58,488 Thread 0x00007f3d8c0b7800 2854       4       java.util.stream.Sink$ChainedReference::end (10 bytes)
Event: 58,489 Thread 0x00007f3d8c0b7800 nmethod 2854 0x00007f3d7d9d4610 code [0x00007f3d7d9d4760, 0x00007f3d7d9d47f8]
Event: 58,526 Thread 0x00007f3d8c0ba800 2855       1       java.awt.Font::getSize (5 bytes)
Event: 58,526 Thread 0x00007f3d8c0ba800 nmethod 2855 0x00007f3d7d9d0010 code [0x00007f3d7d9d0160, 0x00007f3d7d9d0270]
Event: 58,557 Thread 0x00007f3d8c0ba800 2856       3       java.nio.ByteBuffer::array (35 bytes)
Event: 58,558 Thread 0x00007f3d8c0ba800 nmethod 2856 0x00007f3d7d9cfa10 code [0x00007f3d7d9cfba0, 0x00007f3d7d9cfeb8]

GC Heap History (10 events):
Event: 4,416 GC heap before
{Heap before GC invocations=6 (full 1):
 PSYoungGen      total 34304K, used 31714K [0x00000000eb700000, 0x00000000edb00000, 0x0000000100000000)
  eden space 31744K, 99% used [0x00000000eb700000,0x00000000ed5f8ad0,0x00000000ed600000)
  from space 2560K, 0% used [0x00000000ed880000,0x00000000ed880000,0x00000000edb00000)
  to   space 2560K, 0% used [0x00000000ed600000,0x00000000ed600000,0x00000000ed880000)
 ParOldGen       total 36352K, used 7476K [0x00000000c2400000, 0x00000000c4780000, 0x00000000eb700000)
  object space 36352K, 20% used [0x00000000c2400000,0x00000000c2b4d288,0x00000000c4780000)
 Metaspace       used 23715K, capacity 24294K, committed 24576K, reserved 1071104K
  class space    used 2548K, capacity 2814K, committed 2816K, reserved 1048576K
Event: 4,424 GC heap after
Heap after GC invocations=6 (full 1):
 PSYoungGen      total 34304K, used 2533K [0x00000000eb700000, 0x00000000ef100000, 0x0000000100000000)
  eden space 31744K, 0% used [0x00000000eb700000,0x00000000eb700000,0x00000000ed600000)
  from space 2560K, 98% used [0x00000000ed600000,0x00000000ed879550,0x00000000ed880000)
  to   space 7168K, 0% used [0x00000000eea00000,0x00000000eea00000,0x00000000ef100000)
 ParOldGen       total 36352K, used 8090K [0x00000000c2400000, 0x00000000c4780000, 0x00000000eb700000)
  object space 36352K, 22% used [0x00000000c2400000,0x00000000c2be6830,0x00000000c4780000)
 Metaspace       used 23715K, capacity 24294K, committed 24576K, reserved 1071104K
  class space    used 2548K, capacity 2814K, committed 2816K, reserved 1048576K
}
Event: 8,829 GC heap before
{Heap before GC invocations=7 (full 1):
 PSYoungGen      total 34304K, used 34277K [0x00000000eb700000, 0x00000000ef100000, 0x0000000100000000)
  eden space 31744K, 100% used [0x00000000eb700000,0x00000000ed600000,0x00000000ed600000)
  from space 2560K, 98% used [0x00000000ed600000,0x00000000ed879550,0x00000000ed880000)
  to   space 7168K, 0% used [0x00000000eea00000,0x00000000eea00000,0x00000000ef100000)
 ParOldGen       total 36352K, used 8090K [0x00000000c2400000, 0x00000000c4780000, 0x00000000eb700000)
  object space 36352K, 22% used [0x00000000c2400000,0x00000000c2be6830,0x00000000c4780000)
 Metaspace       used 26676K, capacity 27372K, committed 27520K, reserved 1073152K
  class space    used 2907K, capacity 3183K, committed 3200K, reserved 1048576K
Event: 8,850 GC heap after
Heap after GC invocations=7 (full 1):
 PSYoungGen      total 49152K, used 5232K [0x00000000eb700000, 0x00000000eef80000, 0x0000000100000000)
  eden space 43520K, 0% used [0x00000000eb700000,0x00000000eb700000,0x00000000ee180000)
  from space 5632K, 92% used [0x00000000eea00000,0x00000000eef1c0a0,0x00000000eef80000)
  to   space 7168K, 0% used [0x00000000ee180000,0x00000000ee180000,0x00000000ee880000)
 ParOldGen       total 36352K, used 8090K [0x00000000c2400000, 0x00000000c4780000, 0x00000000eb700000)
  object space 36352K, 22% used [0x00000000c2400000,0x00000000c2be6830,0x00000000c4780000)
 Metaspace       used 26676K, capacity 27372K, committed 27520K, reserved 1073152K
  class space    used 2907K, capacity 3183K, committed 3200K, reserved 1048576K
}
Event: 22,827 GC heap before
{Heap before GC invocations=8 (full 1):
 PSYoungGen      total 49152K, used 48752K [0x00000000eb700000, 0x00000000eef80000, 0x0000000100000000)
  eden space 43520K, 100% used [0x00000000eb700000,0x00000000ee180000,0x00000000ee180000)
  from space 5632K, 92% used [0x00000000eea00000,0x00000000eef1c0a0,0x00000000eef80000)
  to   space 7168K, 0% used [0x00000000ee180000,0x00000000ee180000,0x00000000ee880000)
 ParOldGen       total 36352K, used 8090K [0x00000000c2400000, 0x00000000c4780000, 0x00000000eb700000)
  object space 36352K, 22% used [0x00000000c2400000,0x00000000c2be6830,0x00000000c4780000)
 Metaspace       used 26907K, capacity 27564K, committed 27776K, reserved 1073152K
  class space    used 2908K, capacity 3183K, committed 3200K, reserved 1048576K
Event: 22,839 GC heap after
Heap after GC invocations=8 (full 1):
 PSYoungGen      total 50688K, used 3824K [0x00000000eb700000, 0x00000000efc80000, 0x0000000100000000)
  eden space 43520K, 0% used [0x00000000eb700000,0x00000000eb700000,0x00000000ee180000)
  from space 7168K, 53% used [0x00000000ee180000,0x00000000ee53c010,0x00000000ee880000)
  to   space 7168K, 0% used [0x00000000ef580000,0x00000000ef580000,0x00000000efc80000)
 ParOldGen       total 36352K, used 8098K [0x00000000c2400000, 0x00000000c4780000, 0x00000000eb700000)
  object space 36352K, 22% used [0x00000000c2400000,0x00000000c2be8830,0x00000000c4780000)
 Metaspace       used 26907K, capacity 27564K, committed 27776K, reserved 1073152K
  class space    used 2908K, capacity 3183K, committed 3200K, reserved 1048576K
}
Event: 37,281 GC heap before
{Heap before GC invocations=9 (full 1):
 PSYoungGen      total 50688K, used 47344K [0x00000000eb700000, 0x00000000efc80000, 0x0000000100000000)
  eden space 43520K, 100% used [0x00000000eb700000,0x00000000ee180000,0x00000000ee180000)
  from space 7168K, 53% used [0x00000000ee180000,0x00000000ee53c010,0x00000000ee880000)
  to   space 7168K, 0% used [0x00000000ef580000,0x00000000ef580000,0x00000000efc80000)
 ParOldGen       total 36352K, used 8098K [0x00000000c2400000, 0x00000000c4780000, 0x00000000eb700000)
  object space 36352K, 22% used [0x00000000c2400000,0x00000000c2be8830,0x00000000c4780000)
 Metaspace       used 26923K, capacity 27564K, committed 27776K, reserved 1073152K
  class space    used 2908K, capacity 3183K, committed 3200K, reserved 1048576K
Event: 37,299 GC heap after
Heap after GC invocations=9 (full 1):
 PSYoungGen      total 58880K, used 3819K [0x00000000eb700000, 0x00000000ef980000, 0x0000000100000000)
  eden space 54784K, 0% used [0x00000000eb700000,0x00000000eb700000,0x00000000eec80000)
  from space 4096K, 93% used [0x00000000ef580000,0x00000000ef93aea0,0x00000000ef980000)
  to   space 6656K, 0% used [0x00000000eec80000,0x00000000eec80000,0x00000000ef300000)
 ParOldGen       total 36352K, used 8098K [0x00000000c2400000, 0x00000000c4780000, 0x00000000eb700000)
  object space 36352K, 22% used [0x00000000c2400000,0x00000000c2be8830,0x00000000c4780000)
 Metaspace       used 26923K, capacity 27564K, committed 27776K, reserved 1073152K
  class space    used 2908K, capacity 3183K, committed 3200K, reserved 1048576K
}
Event: 56,590 GC heap before
{Heap before GC invocations=10 (full 1):
 PSYoungGen      total 58880K, used 58603K [0x00000000eb700000, 0x00000000ef980000, 0x0000000100000000)
  eden space 54784K, 100% used [0x00000000eb700000,0x00000000eec80000,0x00000000eec80000)
  from space 4096K, 93% used [0x00000000ef580000,0x00000000ef93aea0,0x00000000ef980000)
  to   space 6656K, 0% used [0x00000000eec80000,0x00000000eec80000,0x00000000ef300000)
 ParOldGen       total 36352K, used 8098K [0x00000000c2400000, 0x00000000c4780000, 0x00000000eb700000)
  object space 36352K, 22% used [0x00000000c2400000,0x00000000c2be8830,0x00000000c4780000)
 Metaspace       used 26943K, capacity 27570K, committed 27776K, reserved 1073152K
  class space    used 2910K, capacity 3184K, committed 3200K, reserved 1048576K
Event: 56,601 GC heap after
Heap after GC invocations=10 (full 1):
 PSYoungGen      total 61440K, used 3847K [0x00000000eb700000, 0x00000000f0080000, 0x0000000100000000)
  eden space 54784K, 0% used [0x00000000eb700000,0x00000000eb700000,0x00000000eec80000)
  from space 6656K, 57% used [0x00000000eec80000,0x00000000ef041e68,0x00000000ef300000)
  to   space 6656K, 0% used [0x00000000efa00000,0x00000000efa00000,0x00000000f0080000)
 ParOldGen       total 36352K, used 8098K [0x00000000c2400000, 0x00000000c4780000, 0x00000000eb700000)
  object space 36352K, 22% used [0x00000000c2400000,0x00000000c2be8830,0x00000000c4780000)
 Metaspace       used 26943K, capacity 27570K, committed 27776K, reserved 1073152K
  class space    used 2910K, capacity 3184K, committed 3200K, reserved 1048576K
}

Deoptimization events (10 events):
Event: 15,351 Thread 0x00007f3d8c965800 Uncommon trap: reason=unstable_if action=reinterpret pc=0x00007f3d7d92e628 method=sun.misc.FloatingDecimal$BinaryToASCIIBuffer.dtoa(IJIZ)V @ 1056
Event: 54,190 Thread 0x00007f3d8c965800 Uncommon trap: reason=unstable_if action=reinterpret pc=0x00007f3d7d9c2380 method=jot.io.device.handlers.KeyBoard.isContinuouslyDetecting(Ljava/lang/String;)Z @ 71
Event: 54,193 Thread 0x00007f3d8c965800 Uncommon trap: reason=bimorphic action=maybe_recompile pc=0x00007f3d7d942940 method=java.util.stream.ReferencePipeline$2$1.accept(Ljava/lang/Object;)V @ 8
Event: 54,193 Thread 0x00007f3d8c965800 Uncommon trap: reason=bimorphic action=maybe_recompile pc=0x00007f3d7d942940 method=java.util.stream.ReferencePipeline$2$1.accept(Ljava/lang/Object;)V @ 8
Event: 54,207 Thread 0x00007f3d8c965800 Uncommon trap: reason=bimorphic action=maybe_recompile pc=0x00007f3d7d99ca00 method=java.util.stream.ReferencePipeline$2$1.accept(Ljava/lang/Object;)V @ 8
Event: 54,207 Thread 0x00007f3d8c965800 Uncommon trap: reason=bimorphic action=maybe_recompile pc=0x00007f3d7d942940 method=java.util.stream.ReferencePipeline$2$1.accept(Ljava/lang/Object;)V @ 8
Event: 54,236 Thread 0x00007f3d8c965800 Uncommon trap: reason=bimorphic action=maybe_recompile pc=0x00007f3d7d99ca00 method=java.util.stream.ReferencePipeline$2$1.accept(Ljava/lang/Object;)V @ 8
Event: 58,557 Thread 0x00007f3d8c965800 Uncommon trap: reason=unstable_if action=reinterpret pc=0x00007f3d7d92bac8 method=jot.io.device.handlers.KeyBoard.isDetecting(Ljava/lang/String;)Z @ 75
Event: 58,557 Thread 0x00007f3d8c965800 Uncommon trap: reason=unstable_if action=reinterpret pc=0x00007f3d7d83ccfc method=java.util.Formatter.parse(Ljava/lang/String;)[Ljava/util/Formatter$FormatString; @ 38
Event: 58,575 Thread 0x00007f3d5c17a800 Uncommon trap: reason=bimorphic action=maybe_recompile pc=0x00007f3d7d94bf74 method=java.util.stream.StreamOpFlag.fromCharacteristics(Ljava/util/Spliterator;)I @ 1

Internal exceptions (10 events):
Event: 1,443 Thread 0x00007f3d8c00c000 Exception <a 'java/lang/NoClassDefFoundError': jot/util/ExtensionAIOptions> (0x00000000ec275be8) thrown at [/HUDSON3/workspace/8-2-build-linux-amd64/jdk8u144/9417/hotspot/src/share/vm/oops/constantPool.cpp, line 235]
Event: 1,443 Thread 0x00007f3d8c00c000 Exception <a 'java/lang/NoClassDefFoundError': jot/util/ExtensionAIOptions> (0x00000000ec275e50) thrown at [/HUDSON3/workspace/8-2-build-linux-amd64/jdk8u144/9417/hotspot/src/share/vm/oops/constantPool.cpp, line 235]
Event: 1,443 Thread 0x00007f3d8c00c000 Exception <a 'java/lang/NoClassDefFoundError': jot/util/ExtensionAIOptions> (0x00000000ec2760b8) thrown at [/HUDSON3/workspace/8-2-build-linux-amd64/jdk8u144/9417/hotspot/src/share/vm/oops/constantPool.cpp, line 235]
Event: 1,443 Thread 0x00007f3d8c00c000 Exception <a 'java/lang/NoClassDefFoundError': jot/util/ExtensionAIOptions> (0x00000000ec276320) thrown at [/HUDSON3/workspace/8-2-build-linux-amd64/jdk8u144/9417/hotspot/src/share/vm/oops/constantPool.cpp, line 235]
Event: 1,443 Thread 0x00007f3d8c00c000 Exception <a 'java/lang/NoClassDefFoundError': jot/util/ExtensionAIOptions> (0x00000000ec276588) thrown at [/HUDSON3/workspace/8-2-build-linux-amd64/jdk8u144/9417/hotspot/src/share/vm/oops/constantPool.cpp, line 235]
Event: 1,443 Thread 0x00007f3d8c00c000 Exception <a 'java/lang/NoClassDefFoundError': jot/util/ExtensionAIOptions> (0x00000000ec2767f0) thrown at [/HUDSON3/workspace/8-2-build-linux-amd64/jdk8u144/9417/hotspot/src/share/vm/oops/constantPool.cpp, line 235]
Event: 1,443 Thread 0x00007f3d8c00c000 Exception <a 'java/lang/NoClassDefFoundError': jot/util/ExtensionAIOptions> (0x00000000ec276a58) thrown at [/HUDSON3/workspace/8-2-build-linux-amd64/jdk8u144/9417/hotspot/src/share/vm/oops/constantPool.cpp, line 235]
Event: 1,647 Thread 0x00007f3d8c00c000 Exception <a 'java/io/FileNotFoundException'> (0x00000000ec666618) thrown at [/HUDSON3/workspace/8-2-build-linux-amd64/jdk8u144/9417/hotspot/src/share/vm/prims/jni.cpp, line 709]
Event: 1,647 Thread 0x00007f3d8c00c000 Exception <a 'java/io/FileNotFoundException'> (0x00000000ec666fd8) thrown at [/HUDSON3/workspace/8-2-build-linux-amd64/jdk8u144/9417/hotspot/src/share/vm/prims/jni.cpp, line 709]
Event: 8,616 Thread 0x00007f3d8c965800 Implicit null exception at 0x00007f3d7d31f06f to 0x00007f3d7d31f0d9

Events (10 events):
Event: 58,575 loading class java/util/concurrent/ConcurrentHashMap$ValueSpliterator done
Event: 58,575 Thread 0x00007f3d5c17a800 Uncommon trap: trap_request=0xffffffc6 fr.pc=0x00007f3d7d94bf74
Event: 58,575 Thread 0x00007f3d5c17a800 DEOPT PACKING pc=0x00007f3d7d94bf74 sp=0x00007f3d2164f7f0
Event: 58,575 Thread 0x00007f3d5c17a800 DEOPT UNPACKING pc=0x00007f3d7d004f69 sp=0x00007f3d2164f7a8 mode 2
Event: 58,575 loading class com/jogamp/opengl/GL2
Event: 58,575 loading class com/jogamp/opengl/GL2 done
Event: 58,575 loading class com/jogamp/opengl/util/texture/Texture
Event: 58,575 loading class com/jogamp/opengl/util/texture/Texture done
Event: 58,575 loading class com/jogamp/opengl/GL2
Event: 58,575 loading class com/jogamp/opengl/GL2 done


Dynamic libraries:
00400000-00401000 r-xp 00000000 08:05 3148066                            /usr/local/java/jdk1.8.0_144/bin/java
00600000-00601000 rw-p 00000000 08:05 3148066                            /usr/local/java/jdk1.8.0_144/bin/java
014bd000-014de000 rw-p 00000000 00:00 0                                  [heap]
40046000-400e2000 rw-p 00000000 00:00 0 
404de000-404e0000 r-xs 00000000 08:05 11272393                           /tmp/.glGuFaZ5 (deleted)
40564000-40600000 rw-p 00000000 00:00 0 
c2400000-c4780000 rw-p 00000000 00:00 0 
c4780000-eb700000 ---p 00000000 00:00 0 
eb700000-f0080000 rw-p 00000000 00:00 0 
f0080000-100000000 ---p 00000000 00:00 0 
100000000-100320000 rw-p 00000000 00:00 0 
100320000-140000000 ---p 00000000 00:00 0 
7f3d21550000-7f3d21553000 ---p 00000000 00:00 0 
7f3d21553000-7f3d21651000 rw-p 00000000 00:00 0 
7f3d21651000-7f3d216ba000 r-xp 00000000 08:05 3277887                    /usr/local/java/jdk1.8.0_144/jre/lib/amd64/libt2k.so
7f3d216ba000-7f3d218ba000 ---p 00069000 08:05 3277887                    /usr/local/java/jdk1.8.0_144/jre/lib/amd64/libt2k.so
7f3d218ba000-7f3d218c1000 rw-p 00069000 08:05 3277887                    /usr/local/java/jdk1.8.0_144/jre/lib/amd64/libt2k.so
7f3d218c1000-7f3d218d1000 rw-p 00000000 00:00 0 
7f3d218d1000-7f3d21cd1000 rw-s 40b33000 00:06 523                        /dev/nvidiactl
7f3d21cd1000-7f3d21ed1000 rw-p 00000000 00:00 0 
7f3d21ed1000-7f3d220d1000 rw-p 00000000 00:00 0 
7f3d220d1000-7f3d222ba000 rw-p 00000000 00:00 0 
7f3d222ba000-7f3d226ba000 rw-s 57264000 00:06 523                        /dev/nvidiactl
7f3d226ba000-7f3d228fb000 rw-p 00000000 00:00 0 
7f3d228fb000-7f3d22afb000 rw-s 19c5d000 00:06 523                        /dev/nvidiactl
7f3d22bac000-7f3d22dac000 rw-s 6f5e8000 00:06 523                        /dev/nvidiactl
7f3d22dac000-7f3d22fac000 rw-p 00000000 00:00 0 
7f3d22fac000-7f3d26fad000 rw-s 00000000 00:13 6                          /dev/shm/pulse-shm-340349428
7f3d26fad000-7f3d2afae000 rw-s 00000000 00:13 9                          /dev/shm/pulse-shm-3547992654
7f3d2afae000-7f3d2afaf000 ---p 00000000 00:00 0 
7f3d2afaf000-7f3d2b7af000 rw-p 00000000 00:00 0 
7f3d2b7af000-7f3d2b7d9000 r-xp 00000000 08:05 11414085                   /usr/lib/x86_64-linux-gnu/libvorbis.so.0.4.8
7f3d2b7d9000-7f3d2b9d9000 ---p 0002a000 08:05 11414085                   /usr/lib/x86_64-linux-gnu/libvorbis.so.0.4.8
7f3d2b9d9000-7f3d2b9da000 r--p 0002a000 08:05 11414085                   /usr/lib/x86_64-linux-gnu/libvorbis.so.0.4.8
7f3d2b9da000-7f3d2b9db000 rw-p 0002b000 08:05 11414085                   /usr/lib/x86_64-linux-gnu/libvorbis.so.0.4.8
7f3d2b9db000-7f3d2b9e2000 r-xp 00000000 08:05 11413751                   /usr/lib/x86_64-linux-gnu/libogg.so.0.8.2
7f3d2b9e2000-7f3d2bbe2000 ---p 00007000 08:05 11413751                   /usr/lib/x86_64-linux-gnu/libogg.so.0.8.2
7f3d2bbe2000-7f3d2bbe3000 r--p 00007000 08:05 11413751                   /usr/lib/x86_64-linux-gnu/libogg.so.0.8.2
7f3d2bbe3000-7f3d2bbe4000 rw-p 00008000 08:05 11413751                   /usr/lib/x86_64-linux-gnu/libogg.so.0.8.2
7f3d2bbe4000-7f3d2bc52000 r-xp 00000000 08:05 1839749                    /lib/x86_64-linux-gnu/libpcre.so.3.13.2
7f3d2bc52000-7f3d2be52000 ---p 0006e000 08:05 1839749                    /lib/x86_64-linux-gnu/libpcre.so.3.13.2
7f3d2be52000-7f3d2be53000 r--p 0006e000 08:05 1839749                    /lib/x86_64-linux-gnu/libpcre.so.3.13.2
7f3d2be53000-7f3d2be54000 rw-p 0006f000 08:05 1839749                    /lib/x86_64-linux-gnu/libpcre.so.3.13.2
7f3d2be54000-7f3d2be6b000 r-xp 00000000 08:05 1836653                    /lib/x86_64-linux-gnu/libresolv-2.23.so
7f3d2be6b000-7f3d2c06b000 ---p 00017000 08:05 1836653                    /lib/x86_64-linux-gnu/libresolv-2.23.so
7f3d2c06b000-7f3d2c06c000 r--p 00017000 08:05 1836653                    /lib/x86_64-linux-gnu/libresolv-2.23.so
7f3d2c06c000-7f3d2c06d000 rw-p 00018000 08:05 1836653                    /lib/x86_64-linux-gnu/libresolv-2.23.so
7f3d2c06d000-7f3d2c06f000 rw-p 00000000 00:00 0 
7f3d2c06f000-7f3d2c0fc000 r-xp 00000000 08:05 11414087                   /usr/lib/x86_64-linux-gnu/libvorbisenc.so.2.0.11
7f3d2c0fc000-7f3d2c2fb000 ---p 0008d000 08:05 11414087                   /usr/lib/x86_64-linux-gnu/libvorbisenc.so.2.0.11
7f3d2c2fb000-7f3d2c317000 r--p 0008c000 08:05 11414087                   /usr/lib/x86_64-linux-gnu/libvorbisenc.so.2.0.11
7f3d2c317000-7f3d2c318000 rw-p 000a8000 08:05 11414087                   /usr/lib/x86_64-linux-gnu/libvorbisenc.so.2.0.11
7f3d2c318000-7f3d2c38b000 r-xp 00000000 08:05 11412614                   /usr/lib/x86_64-linux-gnu/libFLAC.so.8.3.0
7f3d2c38b000-7f3d2c58b000 ---p 00073000 08:05 11412614                   /usr/lib/x86_64-linux-gnu/libFLAC.so.8.3.0
7f3d2c58b000-7f3d2c58c000 r--p 00073000 08:05 11412614                   /usr/lib/x86_64-linux-gnu/libFLAC.so.8.3.0
7f3d2c58c000-7f3d2c58d000 rw-p 00074000 08:05 11412614                   /usr/lib/x86_64-linux-gnu/libFLAC.so.8.3.0
7f3d2c58d000-7f3d2c5ae000 r-xp 00000000 08:05 1839687                    /lib/x86_64-linux-gnu/liblzma.so.5.0.0
7f3d2c5ae000-7f3d2c7ad000 ---p 00021000 08:05 1839687                    /lib/x86_64-linux-gnu/liblzma.so.5.0.0
7f3d2c7ad000-7f3d2c7ae000 r--p 00020000 08:05 1839687                    /lib/x86_64-linux-gnu/liblzma.so.5.0.0
7f3d2c7ae000-7f3d2c7af000 rw-p 00021000 08:05 1839687                    /lib/x86_64-linux-gnu/liblzma.so.5.0.0
7f3d2c7af000-7f3d2c7ce000 r-xp 00000000 08:05 1839778                    /lib/x86_64-linux-gnu/libselinux.so.1
7f3d2c7ce000-7f3d2c9cd000 ---p 0001f000 08:05 1839778                    /lib/x86_64-linux-gnu/libselinux.so.1
7f3d2c9cd000-7f3d2c9ce000 r--p 0001e000 08:05 1839778                    /lib/x86_64-linux-gnu/libselinux.so.1
7f3d2c9ce000-7f3d2c9cf000 rw-p 0001f000 08:05 1839778                    /lib/x86_64-linux-gnu/libselinux.so.1
7f3d2c9cf000-7f3d2c9d1000 rw-p 00000000 00:00 0 
7f3d2c9d1000-7f3d2c9d6000 r-xp 00000000 08:05 11412867                   /usr/lib/x86_64-linux-gnu/libasyncns.so.0.3.1
7f3d2c9d6000-7f3d2cbd5000 ---p 00005000 08:05 11412867                   /usr/lib/x86_64-linux-gnu/libasyncns.so.0.3.1
7f3d2cbd5000-7f3d2cbd6000 r--p 00004000 08:05 11412867                   /usr/lib/x86_64-linux-gnu/libasyncns.so.0.3.1
7f3d2cbd6000-7f3d2cbd7000 rw-p 00005000 08:05 11412867                   /usr/lib/x86_64-linux-gnu/libasyncns.so.0.3.1
7f3d2cbd7000-7f3d2cc39000 r-xp 00000000 08:05 11409293                   /usr/lib/x86_64-linux-gnu/libsndfile.so.1.0.25
7f3d2cc39000-7f3d2ce39000 ---p 00062000 08:05 11409293                   /usr/lib/x86_64-linux-gnu/libsndfile.so.1.0.25
7f3d2ce39000-7f3d2ce3b000 r--p 00062000 08:05 11409293                   /usr/lib/x86_64-linux-gnu/libsndfile.so.1.0.25
7f3d2ce3b000-7f3d2ce3c000 rw-p 00064000 08:05 11409293                   /usr/lib/x86_64-linux-gnu/libsndfile.so.1.0.25
7f3d2ce3c000-7f3d2ce40000 rw-p 00000000 00:00 0 
7f3d2ce40000-7f3d2ce48000 r-xp 00000000 08:05 1839806                    /lib/x86_64-linux-gnu/libwrap.so.0.7.6
7f3d2ce48000-7f3d2d047000 ---p 00008000 08:05 1839806                    /lib/x86_64-linux-gnu/libwrap.so.0.7.6
7f3d2d047000-7f3d2d048000 r--p 00007000 08:05 1839806                    /lib/x86_64-linux-gnu/libwrap.so.0.7.6
7f3d2d048000-7f3d2d049000 rw-p 00008000 08:05 1839806                    /lib/x86_64-linux-gnu/libwrap.so.0.7.6
7f3d2d049000-7f3d2d04a000 rw-p 00000000 00:00 0 
7f3d2d04a000-7f3d2d0ca000 r-xp 00000000 08:05 1840664                    /lib/x86_64-linux-gnu/libsystemd.so.0.14.0
7f3d2d0ca000-7f3d2d0cd000 r--p 0007f000 08:05 1840664                    /lib/x86_64-linux-gnu/libsystemd.so.0.14.0
7f3d2d0cd000-7f3d2d0ce000 rw-p 00082000 08:05 1840664                    /lib/x86_64-linux-gnu/libsystemd.so.0.14.0
7f3d2d0ce000-7f3d2d0cf000 rw-p 00000000 00:00 0 
7f3d2d0cf000-7f3d2d119000 r-xp 00000000 08:05 1836611                    /lib/x86_64-linux-gnu/libdbus-1.so.3.14.6
7f3d2d119000-7f3d2d319000 ---p 0004a000 08:05 1836611                    /lib/x86_64-linux-gnu/libdbus-1.so.3.14.6
7f3d2d319000-7f3d2d31a000 r--p 0004a000 08:05 1836611                    /lib/x86_64-linux-gnu/libdbus-1.so.3.14.6
7f3d2d31a000-7f3d2d31b000 rw-p 0004b000 08:05 1836611                    /lib/x86_64-linux-gnu/libdbus-1.so.3.14.6
7f3d2d31b000-7f3d2d395000 r-xp 00000000 08:05 11798505                   /usr/lib/x86_64-linux-gnu/pulseaudio/libpulsecommon-8.0.so
7f3d2d395000-7f3d2d594000 ---p 0007a000 08:05 11798505                   /usr/lib/x86_64-linux-gnu/pulseaudio/libpulsecommon-8.0.so
7f3d2d594000-7f3d2d595000 r--p 00079000 08:05 11798505                   /usr/lib/x86_64-linux-gnu/pulseaudio/libpulsecommon-8.0.so
7f3d2d595000-7f3d2d596000 rw-p 0007a000 08:05 11798505                   /usr/lib/x86_64-linux-gnu/pulseaudio/libpulsecommon-8.0.so
7f3d2d596000-7f3d2d5a0000 r-xp 00000000 08:05 1839679                    /lib/x86_64-linux-gnu/libjson-c.so.2.0.0
7f3d2d5a0000-7f3d2d79f000 ---p 0000a000 08:05 1839679                    /lib/x86_64-linux-gnu/libjson-c.so.2.0.0
7f3d2d79f000-7f3d2d7a0000 r--p 00009000 08:05 1839679                    /lib/x86_64-linux-gnu/libjson-c.so.2.0.0
7f3d2d7a0000-7f3d2d7a1000 rw-p 0000a000 08:05 1839679                    /lib/x86_64-linux-gnu/libjson-c.so.2.0.0
7f3d2d7a1000-7f3d2d7ef000 r-xp 00000000 08:05 11405634                   /usr/lib/x86_64-linux-gnu/libpulse.so.0.19.0
7f3d2d7ef000-7f3d2d9ef000 ---p 0004e000 08:05 11405634                   /usr/lib/x86_64-linux-gnu/libpulse.so.0.19.0
7f3d2d9ef000-7f3d2d9f0000 r--p 0004e000 08:05 11405634                   /usr/lib/x86_64-linux-gnu/libpulse.so.0.19.0
7f3d2d9f0000-7f3d2d9f1000 rw-p 0004f000 08:05 11405634                   /usr/lib/x86_64-linux-gnu/libpulse.so.0.19.0
7f3d2d9f1000-7f3d2d9ff000 r-xp 00000000 08:05 11272394                   /tmp/jogamp_0000/file_cache/jln7277618533493601734/jln7594190873707418411/natives/linux-amd64/libjoal.so
7f3d2d9ff000-7f3d2dbfe000 ---p 0000e000 08:05 11272394                   /tmp/jogamp_0000/file_cache/jln7277618533493601734/jln7594190873707418411/natives/linux-amd64/libjoal.so
7f3d2dbfe000-7f3d2dbff000 rw-p 0000d000 08:05 11272394                   /tmp/jogamp_0000/file_cache/jln7277618533493601734/jln7594190873707418411/natives/linux-amd64/libjoal.so
7f3d2dbff000-7f3d2dc68000 r-xp 00000000 08:05 11414836                   /usr/lib/x86_64-linux-gnu/libopenal.so.1.16.0
7f3d2dc68000-7f3d2de67000 ---p 00069000 08:05 11414836                   /usr/lib/x86_64-linux-gnu/libopenal.so.1.16.0
7f3d2de67000-7f3d2de6b000 r--p 00068000 08:05 11414836                   /usr/lib/x86_64-linux-gnu/libopenal.so.1.16.0
7f3d2de6b000-7f3d2de6c000 rw-p 0006c000 08:05 11414836                   /usr/lib/x86_64-linux-gnu/libopenal.so.1.16.0
7f3d2de6c000-7f3d2de6f000 rw-p 00000000 00:00 0 
7f3d2debd000-7f3d2dfbd000 rw-s 1fad7000 00:06 523                        /dev/nvidiactl
7f3d2dfbd000-7f3d2dfc0000 ---p 00000000 00:00 0 
7f3d2dfc0000-7f3d2e0be000 rw-p 00000000 00:00 0 
7f3d2e0be000-7f3d2e0c8000 r-xp 00000000 08:05 11412801                   /usr/lib/x86_64-linux-gnu/libXrandr.so.2.2.0
7f3d2e0c8000-7f3d2e2c7000 ---p 0000a000 08:05 11412801                   /usr/lib/x86_64-linux-gnu/libXrandr.so.2.2.0
7f3d2e2c7000-7f3d2e2c8000 r--p 00009000 08:05 11412801                   /usr/lib/x86_64-linux-gnu/libXrandr.so.2.2.0
7f3d2e2c8000-7f3d2e2c9000 rw-p 0000a000 08:05 11412801                   /usr/lib/x86_64-linux-gnu/libXrandr.so.2.2.0
7f3d2e2c9000-7f3d2e2da000 r-xp 00000000 08:05 11272392                   /tmp/jogamp_0000/file_cache/jln7277618533493601734/jln7594190873707418411/natives/linux-amd64/libnewt.so
7f3d2e2da000-7f3d2e4d9000 ---p 00011000 08:05 11272392                   /tmp/jogamp_0000/file_cache/jln7277618533493601734/jln7594190873707418411/natives/linux-amd64/libnewt.so
7f3d2e4d9000-7f3d2e4da000 rw-p 00010000 08:05 11272392                   /tmp/jogamp_0000/file_cache/jln7277618533493601734/jln7594190873707418411/natives/linux-amd64/libnewt.so
7f3d2e4da000-7f3d2e5da000 rw-s 137bea000 00:06 523                       /dev/nvidiactl
7f3d2e5da000-7f3d2e68e000 rw-s b7417000 00:06 523                        /dev/nvidiactl
7f3d2e68e000-7f3d2e690000 r-xp 00000000 08:05 11412793                   /usr/lib/x86_64-linux-gnu/libXinerama.so.1.0.0
7f3d2e690000-7f3d2e88f000 ---p 00002000 08:05 11412793                   /usr/lib/x86_64-linux-gnu/libXinerama.so.1.0.0
7f3d2e88f000-7f3d2e890000 r--p 00001000 08:05 11412793                   /usr/lib/x86_64-linux-gnu/libXinerama.so.1.0.0
7f3d2e890000-7f3d2e891000 rw-p 00002000 08:05 11412793                   /usr/lib/x86_64-linux-gnu/libXinerama.so.1.0.0
7f3d2e891000-7f3d2e8c8000 r-xp 00000000 08:05 11414039                   /usr/lib/x86_64-linux-gnu/libtxc_dxtn_s2tc.so.0.0.0
7f3d2e8c8000-7f3d2eac7000 ---p 00037000 08:05 11414039                   /usr/lib/x86_64-linux-gnu/libtxc_dxtn_s2tc.so.0.0.0
7f3d2eac7000-7f3d2eac8000 r--p 00036000 08:05 11414039                   /usr/lib/x86_64-linux-gnu/libtxc_dxtn_s2tc.so.0.0.0
7f3d2eac8000-7f3d2eac9000 rw-p 00037000 08:05 11414039                   /usr/lib/x86_64-linux-gnu/libtxc_dxtn_s2tc.so.0.0.0
7f3d2eac9000-7f3d2eaca000 ---p 00000000 00:00 0 
7f3d2eaca000-7f3d2f2ca000 rw-p 00000000 00:00 0 
7f3d2f2ca000-7f3d2f2cb000 ---p 00000000 00:00 0 
7f3d2f2cb000-7f3d2facb000 rw-p 00000000 00:00 0 
7f3d2facb000-7f3d2fade000 r-xp 00000000 08:05 1839616                    /lib/x86_64-linux-gnu/libbsd.so.0.8.2
7f3d2fade000-7f3d2fcdd000 ---p 00013000 08:05 1839616                    /lib/x86_64-linux-gnu/libbsd.so.0.8.2
7f3d2fcdd000-7f3d2fcde000 r--p 00012000 08:05 1839616                    /lib/x86_64-linux-gnu/libbsd.so.0.8.2
7f3d2fcde000-7f3d2fcdf000 rw-p 00013000 08:05 1839616                    /lib/x86_64-linux-gnu/libbsd.so.0.8.2
7f3d2fcdf000-7f3d2fce0000 rw-p 00000000 00:00 0 
7f3d2fce0000-7f3d2fd05000 r-xp 00000000 08:05 1839792                    /lib/x86_64-linux-gnu/libtinfo.so.5.9
7f3d2fd05000-7f3d2ff04000 ---p 00025000 08:05 1839792                    /lib/x86_64-linux-gnu/libtinfo.so.5.9
7f3d2ff04000-7f3d2ff08000 r--p 00024000 08:05 1839792                    /lib/x86_64-linux-gnu/libtinfo.so.5.9
7f3d2ff08000-7f3d2ff09000 rw-p 00028000 08:05 1839792                    /lib/x86_64-linux-gnu/libtinfo.so.5.9
7f3d2ff09000-7f3d2ff3a000 r-xp 00000000 08:05 11413116                   /usr/lib/x86_64-linux-gnu/libedit.so.2.0.53
7f3d2ff3a000-7f3d3013a000 ---p 00031000 08:05 11413116                   /usr/lib/x86_64-linux-gnu/libedit.so.2.0.53
7f3d3013a000-7f3d3013c000 r--p 00031000 08:05 11413116                   /usr/lib/x86_64-linux-gnu/libedit.so.2.0.53
7f3d3013c000-7f3d3013d000 rw-p 00033000 08:05 11413116                   /usr/lib/x86_64-linux-gnu/libedit.so.2.0.53
7f3d3013d000-7f3d30141000 rw-p 00000000 00:00 0 
7f3d30141000-7f3d3015a000 r-xp 00000000 08:05 1836596                    /lib/x86_64-linux-gnu/libz.so.1.2.8
7f3d3015a000-7f3d30359000 ---p 00019000 08:05 1836596                    /lib/x86_64-linux-gnu/libz.so.1.2.8
7f3d30359000-7f3d3035a000 r--p 00018000 08:05 1836596                    /lib/x86_64-linux-gnu/libz.so.1.2.8
7f3d3035a000-7f3d3035b000 rw-p 00019000 08:05 1836596                    /lib/x86_64-linux-gnu/libz.so.1.2.8
7f3d3035b000-7f3d3036d000 r-xp 00000000 08:05 1839664                    /lib/x86_64-linux-gnu/libgpg-error.so.0.17.0
7f3d3036d000-7f3d3056d000 ---p 00012000 08:05 1839664                    /lib/x86_64-linux-gnu/libgpg-error.so.0.17.0
7f3d3056d000-7f3d3056e000 r--p 00012000 08:05 1839664                    /lib/x86_64-linux-gnu/libgpg-error.so.0.17.0
7f3d3056e000-7f3d3056f000 rw-p 00013000 08:05 1839664                    /lib/x86_64-linux-gnu/libgpg-error.so.0.17.0
7f3d3056f000-7f3d306e9000 r-xp 00000000 08:05 11413561                   /usr/lib/x86_64-linux-gnu/libstdc++.so.6.0.23
7f3d306e9000-7f3d308e9000 ---p 0017a000 08:05 11413561                   /usr/lib/x86_64-linux-gnu/libstdc++.so.6.0.23
7f3d308e9000-7f3d308f3000 r--p 0017a000 08:05 11413561                   /usr/lib/x86_64-linux-gnu/libstdc++.so.6.0.23
7f3d308f3000-7f3d308f5000 rw-p 00184000 08:05 11413561                   /usr/lib/x86_64-linux-gnu/libstdc++.so.6.0.23
7f3d308f5000-7f3d308f9000 rw-p 00000000 00:00 0 
7f3d308f9000-7f3d32deb000 r-xp 00000000 08:05 11412646                   /usr/lib/x86_64-linux-gnu/libLLVM-3.8.so.1
7f3d32deb000-7f3d32feb000 ---p 024f2000 08:05 11412646                   /usr/lib/x86_64-linux-gnu/libLLVM-3.8.so.1
7f3d32feb000-7f3d332a0000 r--p 024f2000 08:05 11412646                   /usr/lib/x86_64-linux-gnu/libLLVM-3.8.so.1
7f3d332a0000-7f3d332a2000 rw-p 027a7000 08:05 11412646                   /usr/lib/x86_64-linux-gnu/libLLVM-3.8.so.1
7f3d332a2000-7f3d332cc000 rw-p 00000000 00:00 0 
7f3d332cc000-7f3d33bc4000 r-xp 00000000 08:05 11798821                   /usr/lib/x86_64-linux-gnu/dri/swrast_dri.so
7f3d33bc4000-7f3d33dc4000 ---p 008f8000 08:05 11798821                   /usr/lib/x86_64-linux-gnu/dri/swrast_dri.so
7f3d33dc4000-7f3d33dfd000 r--p 008f8000 08:05 11798821                   /usr/lib/x86_64-linux-gnu/dri/swrast_dri.so
7f3d33dfd000-7f3d33e09000 rw-p 00931000 08:05 11798821                   /usr/lib/x86_64-linux-gnu/dri/swrast_dri.so
7f3d33e09000-7f3d34000000 rw-p 00000000 00:00 0 
7f3d34000000-7f3d34409000 rw-p 00000000 00:00 0 
7f3d34409000-7f3d38000000 ---p 00000000 00:00 0 
7f3d38036000-7f3d3804d000 r-xp 00000000 08:05 11413121                   /usr/lib/x86_64-linux-gnu/libelf-0.165.so
7f3d3804d000-7f3d3824c000 ---p 00017000 08:05 11413121                   /usr/lib/x86_64-linux-gnu/libelf-0.165.so
7f3d3824c000-7f3d3824d000 r--p 00016000 08:05 11413121                   /usr/lib/x86_64-linux-gnu/libelf-0.165.so
7f3d3824d000-7f3d3824e000 rw-p 00017000 08:05 11413121                   /usr/lib/x86_64-linux-gnu/libelf-0.165.so
7f3d3824e000-7f3d38257000 r-xp 00000000 08:05 11408914                   /usr/lib/x86_64-linux-gnu/libdrm_amdgpu.so.1.0.0
7f3d38257000-7f3d38456000 ---p 00009000 08:05 11408914                   /usr/lib/x86_64-linux-gnu/libdrm_amdgpu.so.1.0.0
7f3d38456000-7f3d38457000 r--p 00008000 08:05 11408914                   /usr/lib/x86_64-linux-gnu/libdrm_amdgpu.so.1.0.0
7f3d38457000-7f3d38458000 rw-p 00009000 08:05 11408914                   /usr/lib/x86_64-linux-gnu/libdrm_amdgpu.so.1.0.0
7f3d38458000-7f3d38463000 r-xp 00000000 08:05 11408904                   /usr/lib/x86_64-linux-gnu/libdrm_radeon.so.1.0.1
7f3d38463000-7f3d38662000 ---p 0000b000 08:05 11408904                   /usr/lib/x86_64-linux-gnu/libdrm_radeon.so.1.0.1
7f3d38662000-7f3d38663000 r--p 0000a000 08:05 11408904                   /usr/lib/x86_64-linux-gnu/libdrm_radeon.so.1.0.1
7f3d38663000-7f3d38664000 rw-p 0000b000 08:05 11408904                   /usr/lib/x86_64-linux-gnu/libdrm_radeon.so.1.0.1
7f3d38664000-7f3d3866b000 r-xp 00000000 08:05 11408908                   /usr/lib/x86_64-linux-gnu/libdrm_nouveau.so.2.0.0
7f3d3866b000-7f3d3886a000 ---p 00007000 08:05 11408908                   /usr/lib/x86_64-linux-gnu/libdrm_nouveau.so.2.0.0
7f3d3886a000-7f3d3886b000 r--p 00006000 08:05 11408908                   /usr/lib/x86_64-linux-gnu/libdrm_nouveau.so.2.0.0
7f3d3886b000-7f3d3886c000 rw-p 00007000 08:05 11408908                   /usr/lib/x86_64-linux-gnu/libdrm_nouveau.so.2.0.0
7f3d3886c000-7f3d38944000 r-xp 00000000 08:05 1835377                    /lib/x86_64-linux-gnu/libgcrypt.so.20.0.5
7f3d38944000-7f3d38b43000 ---p 000d8000 08:05 1835377                    /lib/x86_64-linux-gnu/libgcrypt.so.20.0.5
7f3d38b43000-7f3d38b44000 r--p 000d7000 08:05 1835377                    /lib/x86_64-linux-gnu/libgcrypt.so.20.0.5
7f3d38b44000-7f3d38b4c000 rw-p 000d8000 08:05 1835377                    /lib/x86_64-linux-gnu/libgcrypt.so.20.0.5
7f3d38b4c000-7f3d38b4d000 rw-p 00000000 00:00 0 
7f3d38b4d000-7f3d38ba9000 r-xp 00000000 08:05 11272353                   /tmp/jogamp_0000/file_cache/jln7277618533493601734/jln7594190873707418411/natives/linux-amd64/libjogl_mobile.so
7f3d38ba9000-7f3d38da9000 ---p 0005c000 08:05 11272353                   /tmp/jogamp_0000/file_cache/jln7277618533493601734/jln7594190873707418411/natives/linux-amd64/libjogl_mobile.so
7f3d38da9000-7f3d38daa000 rw-p 0005c000 08:05 11272353                   /tmp/jogamp_0000/file_cache/jln7277618533493601734/jln7594190873707418411/natives/linux-amd64/libjogl_mobile.so
7f3d38daa000-7f3d38db1000 r-xp 00000000 08:05 11413159                   /usr/lib/x86_64-linux-gnu/libffi.so.6.0.4
7f3d38db1000-7f3d38fb0000 ---p 00007000 08:05 11413159                   /usr/lib/x86_64-linux-gnu/libffi.so.6.0.4
7f3d38fb0000-7f3d38fb1000 r--p 00006000 08:05 11413159                   /usr/lib/x86_64-linux-gnu/libffi.so.6.0.4
7f3d38fb1000-7f3d38fb2000 rw-p 00007000 08:05 11413159                   /usr/lib/x86_64-linux-gnu/libffi.so.6.0.4
7f3d38fb2000-7f3d38fc2000 r-xp 00000000 08:05 11408932                   /usr/lib/x86_64-linux-gnu/libdrm.so.2.4.0
7f3d38fc2000-7f3d391c1000 ---p 00010000 08:05 11408932                   /usr/lib/x86_64-linux-gnu/libdrm.so.2.4.0
7f3d391c1000-7f3d391c2000 r--p 0000f000 08:05 11408932                   /usr/lib/x86_64-linux-gnu/libdrm.so.2.4.0
7f3d391c2000-7f3d391c3000 rw-p 00010000 08:05 11408932                   /usr/lib/x86_64-linux-gnu/libdrm.so.2.4.0
7f3d391c3000-7f3d391e9000 r-xp 00000000 08:05 1839960                    /lib/x86_64-linux-gnu/libexpat.so.1.6.0
7f3d391e9000-7f3d393e9000 ---p 00026000 08:05 1839960                    /lib/x86_64-linux-gnu/libexpat.so.1.6.0
7f3d393e9000-7f3d393eb000 r--p 00026000 08:05 1839960                    /lib/x86_64-linux-gnu/libexpat.so.1.6.0
7f3d393eb000-7f3d393ec000 rw-p 00028000 08:05 1839960                    /lib/x86_64-linux-gnu/libexpat.so.1.6.0
7f3d393ec000-7f3d3adae000 r-xp 00000000 08:05 11540977                   /usr/lib/nvidia-340/libnvidia-glcore.so.340.102
7f3d3adae000-7f3d3adcc000 rwxp 019c2000 08:05 11540977                   /usr/lib/nvidia-340/libnvidia-glcore.so.340.102
7f3d3adcc000-7f3d3b24a000 r-xp 019e0000 08:05 11540977                   /usr/lib/nvidia-340/libnvidia-glcore.so.340.102
7f3d3b24a000-7f3d3b449000 ---p 01e5e000 08:05 11540977                   /usr/lib/nvidia-340/libnvidia-glcore.so.340.102
7f3d3b449000-7f3d3bfe3000 rw-p 01e5d000 08:05 11540977                   /usr/lib/nvidia-340/libnvidia-glcore.so.340.102
7f3d3bfe3000-7f3d3c000000 rw-p 00000000 00:00 0 
7f3d3c000000-7f3d3c3d8000 rw-p 00000000 00:00 0 
7f3d3c3d8000-7f3d40000000 ---p 00000000 00:00 0 
7f3d40004000-7f3d40084000 rw-s 0a5e0000 00:06 523                        /dev/nvidiactl
7f3d40084000-7f3d40087000 ---p 00000000 00:00 0 
7f3d40087000-7f3d40185000 rw-p 00000000 00:00 0 
7f3d40185000-7f3d40192000 r-xp 00000000 08:05 11407388                   /usr/lib/x86_64-linux-gnu/libgbm.so.1.0.0
7f3d40192000-7f3d40391000 ---p 0000d000 08:05 11407388                   /usr/lib/x86_64-linux-gnu/libgbm.so.1.0.0
7f3d40391000-7f3d40392000 r--p 0000c000 08:05 11407388                   /usr/lib/x86_64-linux-gnu/libgbm.so.1.0.0
7f3d40392000-7f3d40393000 rw-p 0000d000 08:05 11407388                   /usr/lib/x86_64-linux-gnu/libgbm.so.1.0.0
7f3d40393000-7f3d403a3000 r-xp 00000000 08:05 11407520                   /usr/lib/x86_64-linux-gnu/libwayland-server.so.0.1.0
7f3d403a3000-7f3d405a2000 ---p 00010000 08:05 11407520                   /usr/lib/x86_64-linux-gnu/libwayland-server.so.0.1.0
7f3d405a2000-7f3d405a4000 r--p 0000f000 08:05 11407520                   /usr/lib/x86_64-linux-gnu/libwayland-server.so.0.1.0
7f3d405a4000-7f3d405a5000 rw-p 00011000 08:05 11407520                   /usr/lib/x86_64-linux-gnu/libwayland-server.so.0.1.0
7f3d405a5000-7f3d405b1000 r-xp 00000000 08:05 11403363                   /usr/lib/x86_64-linux-gnu/libwayland-client.so.0.3.0
7f3d405b1000-7f3d407b1000 ---p 0000c000 08:05 11403363                   /usr/lib/x86_64-linux-gnu/libwayland-client.so.0.3.0
7f3d407b1000-7f3d407b3000 r--p 0000c000 08:05 11403363                   /usr/lib/x86_64-linux-gnu/libwayland-client.so.0.3.0
7f3d407b3000-7f3d407b4000 rw-p 0000e000 08:05 11403363                   /usr/lib/x86_64-linux-gnu/libwayland-client.so.0.3.0
7f3d407b4000-7f3d407b5000 r-xp 00000000 08:05 11414234                   /usr/lib/x86_64-linux-gnu/libxshmfence.so.1.0.0
7f3d407b5000-7f3d409b5000 ---p 00001000 08:05 11414234                   /usr/lib/x86_64-linux-gnu/libxshmfence.so.1.0.0
7f3d409b5000-7f3d409b6000 r--p 00001000 08:05 11414234                   /usr/lib/x86_64-linux-gnu/libxshmfence.so.1.0.0
7f3d409b6000-7f3d409b7000 rw-p 00002000 08:05 11414234                   /usr/lib/x86_64-linux-gnu/libxshmfence.so.1.0.0
7f3d409b7000-7f3d409bc000 r-xp 00000000 08:05 11414208                   /usr/lib/x86_64-linux-gnu/libxcb-sync.so.1.0.0
7f3d409bc000-7f3d40bbc000 ---p 00005000 08:05 11414208                   /usr/lib/x86_64-linux-gnu/libxcb-sync.so.1.0.0
7f3d40bbc000-7f3d40bbd000 r--p 00005000 08:05 11414208                   /usr/lib/x86_64-linux-gnu/libxcb-sync.so.1.0.0
7f3d40bbd000-7f3d40bbe000 rw-p 00006000 08:05 11414208                   /usr/lib/x86_64-linux-gnu/libxcb-sync.so.1.0.0
7f3d40bbe000-7f3d40bc4000 r-xp 00000000 08:05 11414212                   /usr/lib/x86_64-linux-gnu/libxcb-xfixes.so.0.0.0
7f3d40bc4000-7f3d40dc4000 ---p 00006000 08:05 11414212                   /usr/lib/x86_64-linux-gnu/libxcb-xfixes.so.0.0.0
7f3d40dc4000-7f3d40dc5000 r--p 00006000 08:05 11414212                   /usr/lib/x86_64-linux-gnu/libxcb-xfixes.so.0.0.0
7f3d40dc5000-7f3d40dc6000 rw-p 00007000 08:05 11414212                   /usr/lib/x86_64-linux-gnu/libxcb-xfixes.so.0.0.0
7f3d40dc6000-7f3d40dc8000 r-xp 00000000 08:05 11414196                   /usr/lib/x86_64-linux-gnu/libxcb-present.so.0.0.0
7f3d40dc8000-7f3d40fc7000 ---p 00002000 08:05 11414196                   /usr/lib/x86_64-linux-gnu/libxcb-present.so.0.0.0
7f3d40fc7000-7f3d40fc8000 r--p 00001000 08:05 11414196                   /usr/lib/x86_64-linux-gnu/libxcb-present.so.0.0.0
7f3d40fc8000-7f3d40fc9000 rw-p 00002000 08:05 11414196                   /usr/lib/x86_64-linux-gnu/libxcb-present.so.0.0.0
7f3d40fc9000-7f3d40fcb000 r-xp 00000000 08:05 11414186                   /usr/lib/x86_64-linux-gnu/libxcb-dri3.so.0.0.0
7f3d40fcb000-7f3d411ca000 ---p 00002000 08:05 11414186                   /usr/lib/x86_64-linux-gnu/libxcb-dri3.so.0.0.0
7f3d411ca000-7f3d411cb000 r--p 00001000 08:05 11414186                   /usr/lib/x86_64-linux-gnu/libxcb-dri3.so.0.0.0
7f3d411cb000-7f3d411cc000 rw-p 00002000 08:05 11414186                   /usr/lib/x86_64-linux-gnu/libxcb-dri3.so.0.0.0
7f3d411cc000-7f3d411d0000 r-xp 00000000 08:05 11414184                   /usr/lib/x86_64-linux-gnu/libxcb-dri2.so.0.0.0
7f3d411d0000-7f3d413cf000 ---p 00004000 08:05 11414184                   /usr/lib/x86_64-linux-gnu/libxcb-dri2.so.0.0.0
7f3d413cf000-7f3d413d0000 r--p 00003000 08:05 11414184                   /usr/lib/x86_64-linux-gnu/libxcb-dri2.so.0.0.0
7f3d413d0000-7f3d413d1000 rw-p 00004000 08:05 11414184                   /usr/lib/x86_64-linux-gnu/libxcb-dri2.so.0.0.0
7f3d413d1000-7f3d413d2000 r-xp 00000000 08:05 11412764                   /usr/lib/x86_64-linux-gnu/libX11-xcb.so.1.0.0
7f3d413d2000-7f3d415d1000 ---p 00001000 08:05 11412764                   /usr/lib/x86_64-linux-gnu/libX11-xcb.so.1.0.0
7f3d415d1000-7f3d415d2000 r--p 00000000 08:05 11412764                   /usr/lib/x86_64-linux-gnu/libX11-xcb.so.1.0.0
7f3d415d2000-7f3d415d3000 rw-p 00001000 08:05 11412764                   /usr/lib/x86_64-linux-gnu/libX11-xcb.so.1.0.0
7f3d415d3000-7f3d41604000 r-xp 00000000 08:05 11798822                   /usr/lib/x86_64-linux-gnu/mesa-egl/libEGL.so.1.0.0
7f3d41604000-7f3d41804000 ---p 00031000 08:05 11798822                   /usr/lib/x86_64-linux-gnu/mesa-egl/libEGL.so.1.0.0
7f3d41804000-7f3d41805000 r--p 00031000 08:05 11798822                   /usr/lib/x86_64-linux-gnu/mesa-egl/libEGL.so.1.0.0
7f3d41805000-7f3d41806000 rw-p 00032000 08:05 11798822                   /usr/lib/x86_64-linux-gnu/mesa-egl/libEGL.so.1.0.0
7f3d41806000-7f3d41807000 rw-p 00000000 00:00 0 
7f3d41807000-7f3d41830000 r-xp 00000000 08:05 11408536                   /usr/lib/x86_64-linux-gnu/libglapi.so.0.0.0
7f3d41830000-7f3d41a30000 ---p 00029000 08:05 11408536                   /usr/lib/x86_64-linux-gnu/libglapi.so.0.0.0
7f3d41a30000-7f3d41a34000 r--p 00029000 08:05 11408536                   /usr/lib/x86_64-linux-gnu/libglapi.so.0.0.0
7f3d41a34000-7f3d41a35000 rw-p 0002d000 08:05 11408536                   /usr/lib/x86_64-linux-gnu/libglapi.so.0.0.0
7f3d41a35000-7f3d41a36000 rw-p 00000000 00:00 0 
7f3d41a36000-7f3d41a3e000 r-xp 00000000 08:05 11798546                   /usr/lib/x86_64-linux-gnu/mesa-egl/libGLESv2.so.2.0.0
7f3d41a3e000-7f3d41c3d000 ---p 00008000 08:05 11798546                   /usr/lib/x86_64-linux-gnu/mesa-egl/libGLESv2.so.2.0.0
7f3d41c3d000-7f3d41c3e000 r--p 00007000 08:05 11798546                   /usr/lib/x86_64-linux-gnu/mesa-egl/libGLESv2.so.2.0.0
7f3d41c3e000-7f3d41c3f000 rw-p 00008000 08:05 11798546                   /usr/lib/x86_64-linux-gnu/mesa-egl/libGLESv2.so.2.0.0
7f3d41c3f000-7f3d41c42000 ---p 00000000 00:00 0 
7f3d41c42000-7f3d41f40000 rw-p 00000000 00:00 0 
7f3d41f40000-7f3d41ff8000 r-xp 00000000 08:05 11272340                   /tmp/jogamp_0000/file_cache/jln7277618533493601734/jln7594190873707418411/natives/linux-amd64/libjogl_desktop.so
7f3d41ff8000-7f3d421f8000 ---p 000b8000 08:05 11272340                   /tmp/jogamp_0000/file_cache/jln7277618533493601734/jln7594190873707418411/natives/linux-amd64/libjogl_desktop.so
7f3d421f8000-7f3d421f9000 rw-p 000b8000 08:05 11272340                   /tmp/jogamp_0000/file_cache/jln7277618533493601734/jln7594190873707418411/natives/linux-amd64/libjogl_desktop.so
7f3d421f9000-7f3d421fc000 r-xp 00000000 08:05 11540978                   /usr/lib/nvidia-340/tls/libnvidia-tls.so.340.102
7f3d421fc000-7f3d423fb000 ---p 00003000 08:05 11540978                   /usr/lib/nvidia-340/tls/libnvidia-tls.so.340.102
7f3d423fb000-7f3d423fc000 rw-p 00002000 08:05 11540978                   /usr/lib/nvidia-340/tls/libnvidia-tls.so.340.102
7f3d423fc000-7f3d424c3000 r-xp 00000000 08:05 11540959                   /usr/lib/nvidia-340/libGL.so.340.102
7f3d424c3000-7f3d424f2000 rwxp 000c7000 08:05 11540959                   /usr/lib/nvidia-340/libGL.so.340.102
7f3d424f2000-7f3d4250e000 r-xp 000f6000 08:05 11540959                   /usr/lib/nvidia-340/libGL.so.340.102
7f3d4250e000-7f3d4270d000 ---p 00112000 08:05 11540959                   /usr/lib/nvidia-340/libGL.so.340.102
7f3d4270d000-7f3d42732000 rw-p 00111000 08:05 11540959                   /usr/lib/nvidia-340/libGL.so.340.102
7f3d42732000-7f3d42948000 rw-p 00000000 00:00 0 
7f3d42948000-7f3d4294f000 r-xp 00000000 08:05 11272371                   /tmp/jogamp_0000/file_cache/jln7277618533493601734/jln7594190873707418411/natives/linux-amd64/libnativewindow_x11.so
7f3d4294f000-7f3d42b4e000 ---p 00007000 08:05 11272371                   /tmp/jogamp_0000/file_cache/jln7277618533493601734/jln7594190873707418411/natives/linux-amd64/libnativewindow_x11.so
7f3d42b4e000-7f3d42b4f000 rw-p 00006000 08:05 11272371                   /tmp/jogamp_0000/file_cache/jln7277618533493601734/jln7594190873707418411/natives/linux-amd64/libnativewindow_x11.so
7f3d42b4f000-7f3d42b52000 ---p 00000000 00:00 0 
7f3d42b52000-7f3d42c50000 rw-p 00000000 00:00 0 
7f3d42c50000-7f3d42c53000 ---p 00000000 00:00 0 
7f3d42c53000-7f3d42d51000 rw-p 00000000 00:00 0 
7f3d42d51000-7f3d42d56000 r-xp 00000000 08:05 11412819                   /usr/lib/x86_64-linux-gnu/libXxf86vm.so.1.0.0
7f3d42d56000-7f3d42f55000 ---p 00005000 08:05 11412819                   /usr/lib/x86_64-linux-gnu/libXxf86vm.so.1.0.0
7f3d42f55000-7f3d42f56000 r--p 00004000 08:05 11412819                   /usr/lib/x86_64-linux-gnu/libXxf86vm.so.1.0.0
7f3d42f56000-7f3d42f57000 rw-p 00005000 08:05 11412819                   /usr/lib/x86_64-linux-gnu/libXxf86vm.so.1.0.0
7f3d42f57000-7f3d42f59000 r-xp 00000000 08:05 11272370                   /tmp/jogamp_0000/file_cache/jln7277618533493601734/jln7594190873707418411/natives/linux-amd64/libnativewindow_awt.so
7f3d42f59000-7f3d43158000 ---p 00002000 08:05 11272370                   /tmp/jogamp_0000/file_cache/jln7277618533493601734/jln7594190873707418411/natives/linux-amd64/libnativewindow_awt.so
7f3d43158000-7f3d43159000 rw-p 00001000 08:05 11272370                   /tmp/jogamp_0000/file_cache/jln7277618533493601734/jln7594190873707418411/natives/linux-amd64/libnativewindow_awt.so
7f3d43159000-7f3d4315a000 r-xp 00000000 08:05 3277878                    /usr/local/java/jdk1.8.0_144/jre/lib/amd64/libjawt.so
7f3d4315a000-7f3d43359000 ---p 00001000 08:05 3277878                    /usr/local/java/jdk1.8.0_144/jre/lib/amd64/libjawt.so
7f3d43359000-7f3d4335a000 rw-p 00000000 08:05 3277878                    /usr/local/java/jdk1.8.0_144/jre/lib/amd64/libjawt.so
7f3d4335a000-7f3d4335f000 r-xp 00000000 08:05 11412785                   /usr/lib/x86_64-linux-gnu/libXfixes.so.3.1.0
7f3d4335f000-7f3d4355e000 ---p 00005000 08:05 11412785                   /usr/lib/x86_64-linux-gnu/libXfixes.so.3.1.0
7f3d4355e000-7f3d4355f000 r--p 00004000 08:05 11412785                   /usr/lib/x86_64-linux-gnu/libXfixes.so.3.1.0
7f3d4355f000-7f3d43560000 rw-p 00005000 08:05 11412785                   /usr/lib/x86_64-linux-gnu/libXfixes.so.3.1.0
7f3d43560000-7f3d43569000 r-xp 00000000 08:05 11412777                   /usr/lib/x86_64-linux-gnu/libXcursor.so.1.0.2
7f3d43569000-7f3d43768000 ---p 00009000 08:05 11412777                   /usr/lib/x86_64-linux-gnu/libXcursor.so.1.0.2
7f3d43768000-7f3d43769000 r--p 00008000 08:05 11412777                   /usr/lib/x86_64-linux-gnu/libXcursor.so.1.0.2
7f3d43769000-7f3d4376a000 rw-p 00009000 08:05 11412777                   /usr/lib/x86_64-linux-gnu/libXcursor.so.1.0.2
7f3d4376a000-7f3d4396a000 rw-p 00000000 00:00 0 
7f3d4396a000-7f3d43980000 r-xp 00000000 08:05 1836839                    /lib/x86_64-linux-gnu/libgcc_s.so.1
7f3d43980000-7f3d43b7f000 ---p 00016000 08:05 1836839                    /lib/x86_64-linux-gnu/libgcc_s.so.1
7f3d43b7f000-7f3d43b80000 r--p 00015000 08:05 1836839                    /lib/x86_64-linux-gnu/libgcc_s.so.1
7f3d43b80000-7f3d43b81000 rw-p 00016000 08:05 1836839                    /lib/x86_64-linux-gnu/libgcc_s.so.1
7f3d43b81000-7f3d43be6000 r-xp 00000000 08:05 3277847                    /usr/local/java/jdk1.8.0_144/jre/lib/amd64/libfontmanager.so
7f3d43be6000-7f3d43de5000 ---p 00065000 08:05 3277847                    /usr/local/java/jdk1.8.0_144/jre/lib/amd64/libfontmanager.so
7f3d43de5000-7f3d43dea000 rw-p 00064000 08:05 3277847                    /usr/local/java/jdk1.8.0_144/jre/lib/amd64/libfontmanager.so
7f3d43dea000-7f3d43dfa000 rw-p 00000000 00:00 0 
7f3d43dfa000-7f3d43dff000 r-xp 00000000 08:05 11412781                   /usr/lib/x86_64-linux-gnu/libXdmcp.so.6.0.0
7f3d43dff000-7f3d43ffe000 ---p 00005000 08:05 11412781                   /usr/lib/x86_64-linux-gnu/libXdmcp.so.6.0.0
7f3d43ffe000-7f3d43fff000 r--p 00004000 08:05 11412781                   /usr/lib/x86_64-linux-gnu/libXdmcp.so.6.0.0
7f3d43fff000-7f3d44000000 rw-p 00005000 08:05 11412781                   /usr/lib/x86_64-linux-gnu/libXdmcp.so.6.0.0
7f3d44000000-7f3d44305000 rw-p 00000000 00:00 0 
7f3d44305000-7f3d48000000 ---p 00000000 00:00 0 
7f3d48000000-7f3d48021000 rw-p 00000000 00:00 0 
7f3d48021000-7f3d4c000000 ---p 00000000 00:00 0 
7f3d4c02d000-7f3d4c06d000 rw-s 8f921000 00:06 523                        /dev/nvidiactl
7f3d4c06d000-7f3d4c06f000 r-xp 00000000 08:05 11412770                   /usr/lib/x86_64-linux-gnu/libXau.so.6.0.0
7f3d4c06f000-7f3d4c26f000 ---p 00002000 08:05 11412770                   /usr/lib/x86_64-linux-gnu/libXau.so.6.0.0
7f3d4c26f000-7f3d4c270000 r--p 00002000 08:05 11412770                   /usr/lib/x86_64-linux-gnu/libXau.so.6.0.0
7f3d4c270000-7f3d4c271000 rw-p 00003000 08:05 11412770                   /usr/lib/x86_64-linux-gnu/libXau.so.6.0.0
7f3d4c271000-7f3d4c292000 r-xp 00000000 08:05 11414216                   /usr/lib/x86_64-linux-gnu/libxcb.so.1.1.0
7f3d4c292000-7f3d4c491000 ---p 00021000 08:05 11414216                   /usr/lib/x86_64-linux-gnu/libxcb.so.1.1.0
7f3d4c491000-7f3d4c492000 r--p 00020000 08:05 11414216                   /usr/lib/x86_64-linux-gnu/libxcb.so.1.1.0
7f3d4c492000-7f3d4c493000 rw-p 00021000 08:05 11414216                   /usr/lib/x86_64-linux-gnu/libxcb.so.1.1.0
7f3d4c493000-7f3d4c4a2000 r-xp 00000000 08:05 11412791                   /usr/lib/x86_64-linux-gnu/libXi.so.6.1.0
7f3d4c4a2000-7f3d4c6a1000 ---p 0000f000 08:05 11412791                   /usr/lib/x86_64-linux-gnu/libXi.so.6.1.0
7f3d4c6a1000-7f3d4c6a2000 r--p 0000e000 08:05 11412791                   /usr/lib/x86_64-linux-gnu/libXi.so.6.1.0
7f3d4c6a2000-7f3d4c6a3000 rw-p 0000f000 08:05 11412791                   /usr/lib/x86_64-linux-gnu/libXi.so.6.1.0
7f3d4c6a3000-7f3d4c6a8000 r-xp 00000000 08:05 11412809                   /usr/lib/x86_64-linux-gnu/libXtst.so.6.1.0
7f3d4c6a8000-7f3d4c8a7000 ---p 00005000 08:05 11412809                   /usr/lib/x86_64-linux-gnu/libXtst.so.6.1.0
7f3d4c8a7000-7f3d4c8a8000 r--p 00004000 08:05 11412809                   /usr/lib/x86_64-linux-gnu/libXtst.so.6.1.0
7f3d4c8a8000-7f3d4c8a9000 rw-p 00005000 08:05 11412809                   /usr/lib/x86_64-linux-gnu/libXtst.so.6.1.0
7f3d4c8a9000-7f3d4c8b2000 r-xp 00000000 08:05 11412803                   /usr/lib/x86_64-linux-gnu/libXrender.so.1.3.0
7f3d4c8b2000-7f3d4cab1000 ---p 00009000 08:05 11412803                   /usr/lib/x86_64-linux-gnu/libXrender.so.1.3.0
7f3d4cab1000-7f3d4cab2000 r--p 00008000 08:05 11412803                   /usr/lib/x86_64-linux-gnu/libXrender.so.1.3.0
7f3d4cab2000-7f3d4cab3000 rw-p 00009000 08:05 11412803                   /usr/lib/x86_64-linux-gnu/libXrender.so.1.3.0
7f3d4cab3000-7f3d4cbe8000 r-xp 00000000 08:05 11412766                   /usr/lib/x86_64-linux-gnu/libX11.so.6.3.0
7f3d4cbe8000-7f3d4cde8000 ---p 00135000 08:05 11412766                   /usr/lib/x86_64-linux-gnu/libX11.so.6.3.0
7f3d4cde8000-7f3d4cde9000 r--p 00135000 08:05 11412766                   /usr/lib/x86_64-linux-gnu/libX11.so.6.3.0
7f3d4cde9000-7f3d4cded000 rw-p 00136000 08:05 11412766                   /usr/lib/x86_64-linux-gnu/libX11.so.6.3.0
7f3d4cded000-7f3d4cdfe000 r-xp 00000000 08:05 11412783                   /usr/lib/x86_64-linux-gnu/libXext.so.6.4.0
7f3d4cdfe000-7f3d4cffd000 ---p 00011000 08:05 11412783                   /usr/lib/x86_64-linux-gnu/libXext.so.6.4.0
7f3d4cffd000-7f3d4cffe000 r--p 00010000 08:05 11412783                   /usr/lib/x86_64-linux-gnu/libXext.so.6.4.0
7f3d4cffe000-7f3d4cfff000 rw-p 00011000 08:05 11412783                   /usr/lib/x86_64-linux-gnu/libXext.so.6.4.0
7f3d4cfff000-7f3d50000000 rw-p 00000000 00:00 0 
7f3d50000000-7f3d50021000 rw-p 00000000 00:00 0 
7f3d50021000-7f3d54000000 ---p 00000000 00:00 0 
7f3d54000000-7f3d54021000 rw-p 00000000 00:00 0 
7f3d54021000-7f3d58000000 ---p 00000000 00:00 0 
7f3d58000000-7f3d58f75000 rw-p 00000000 00:00 0 
7f3d58f75000-7f3d5c000000 ---p 00000000 00:00 0 
7f3d5c000000-7f3d5d36a000 rw-p 00000000 00:00 0 
7f3d5d36a000-7f3d60000000 ---p 00000000 00:00 0 
7f3d60000000-7f3d60021000 rw-p 00000000 00:00 0 
7f3d60021000-7f3d64000000 ---p 00000000 00:00 0 
7f3d64000000-7f3d64021000 rw-p 00000000 00:00 0 
7f3d64021000-7f3d68000000 ---p 00000000 00:00 0 
7f3d68000000-7f3d68021000 rw-p 00000000 00:00 0 
7f3d68021000-7f3d6c000000 ---p 00000000 00:00 0 
7f3d6c000000-7f3d6c021000 rw-p 00000000 00:00 0 
7f3d6c021000-7f3d70000000 ---p 00000000 00:00 0 
7f3d70000000-7f3d70025000 rw-p 00000000 00:00 0 
7f3d70025000-7f3d74000000 ---p 00000000 00:00 0 
7f3d7400d000-7f3d74014000 r--s 00000000 08:05 11802929                   /usr/lib/x86_64-linux-gnu/gconv/gconv-modules.cache
7f3d74014000-7f3d7401b000 rw-s 3632c000 00:06 523                        /dev/nvidiactl
7f3d7401b000-7f3d7401c000 rw-s c0018000 00:06 534                        /dev/nvidia1
7f3d7401c000-7f3d7401d000 rw-s 1fa0b000 00:06 523                        /dev/nvidiactl
7f3d7401d000-7f3d7401e000 rw-s f3c08000 00:06 534                        /dev/nvidia1
7f3d7401e000-7f3d7403e000 rw-s 14f8d000 00:06 523                        /dev/nvidiactl
7f3d7403e000-7f3d7403f000 rw-s f3641000 00:06 534                        /dev/nvidia1
7f3d7403f000-7f3d74040000 rw-s 2a2d4000 00:06 523                        /dev/nvidiactl
7f3d74040000-7f3d74041000 rw-s 9dd33000 00:06 523                        /dev/nvidiactl
7f3d74041000-7f3d74043000 rw-s 00000000 08:05 11272393                   /tmp/.glGuFaZ5 (deleted)
7f3d74043000-7f3d7404a000 rw-s 13947f000 00:06 523                       /dev/nvidiactl
7f3d7404a000-7f3d7404b000 rw-s c0015000 00:06 534                        /dev/nvidia1
7f3d7404b000-7f3d7404c000 rw-s 13a2ff000 00:06 523                       /dev/nvidiactl
7f3d7404c000-7f3d74050000 rw-s 11b7a6000 00:06 523                       /dev/nvidiactl
7f3d74050000-7f3d74051000 rw-s f3c06000 00:06 534                        /dev/nvidia1
7f3d74051000-7f3d74091000 rw-s 101617000 00:06 523                       /dev/nvidiactl
7f3d74091000-7f3d740b1000 rw-s 139425000 00:06 523                       /dev/nvidiactl
7f3d740b1000-7f3d740b2000 rw-s f3641000 00:06 534                        /dev/nvidia1
7f3d740b2000-7f3d740b3000 rw-s 2a2d4000 00:06 523                        /dev/nvidiactl
7f3d740b3000-7f3d740b6000 ---p 00000000 00:00 0 
7f3d740b6000-7f3d741b4000 rw-p 00000000 00:00 0 
7f3d741b4000-7f3d74208000 r-xp 00000000 08:05 3277855                    /usr/local/java/jdk1.8.0_144/jre/lib/amd64/libawt_xawt.so
7f3d74208000-7f3d74408000 ---p 00054000 08:05 3277855                    /usr/local/java/jdk1.8.0_144/jre/lib/amd64/libawt_xawt.so
7f3d74408000-7f3d7440c000 rw-p 00054000 08:05 3277855                    /usr/local/java/jdk1.8.0_144/jre/lib/amd64/libawt_xawt.so
7f3d7440c000-7f3d7440d000 rw-p 00000000 00:00 0 
7f3d7440d000-7f3d744af000 r-xp 00000000 08:05 3277891                    /usr/local/java/jdk1.8.0_144/jre/lib/amd64/libawt.so
7f3d744af000-7f3d746af000 ---p 000a2000 08:05 3277891                    /usr/local/java/jdk1.8.0_144/jre/lib/amd64/libawt.so
7f3d746af000-7f3d746bb000 rw-p 000a2000 08:05 3277891                    /usr/local/java/jdk1.8.0_144/jre/lib/amd64/libawt.so
7f3d746bb000-7f3d746df000 rw-p 00000000 00:00 0 
7f3d746df000-7f3d746e1000 r-xp 00000000 08:05 11272337                   /tmp/jogamp_0000/file_cache/jln7277618533493601734/jln7594190873707418411/natives/linux-amd64/libgluegen-rt.so
7f3d746e1000-7f3d748e0000 ---p 00002000 08:05 11272337                   /tmp/jogamp_0000/file_cache/jln7277618533493601734/jln7594190873707418411/natives/linux-amd64/libgluegen-rt.so
7f3d748e0000-7f3d748e1000 rw-p 00001000 08:05 11272337                   /tmp/jogamp_0000/file_cache/jln7277618533493601734/jln7594190873707418411/natives/linux-amd64/libgluegen-rt.so
7f3d748e1000-7f3d748e4000 ---p 00000000 00:00 0 
7f3d748e4000-7f3d749e2000 rw-p 00000000 00:00 0 
7f3d749e2000-7f3d749f3000 r-xp 00000000 08:05 3277853                    /usr/local/java/jdk1.8.0_144/jre/lib/amd64/libnio.so
7f3d749f3000-7f3d74bf2000 ---p 00011000 08:05 3277853                    /usr/local/java/jdk1.8.0_144/jre/lib/amd64/libnio.so
7f3d74bf2000-7f3d74bf3000 rw-p 00010000 08:05 3277853                    /usr/local/java/jdk1.8.0_144/jre/lib/amd64/libnio.so
7f3d74bf3000-7f3d74c09000 r-xp 00000000 08:05 3277828                    /usr/local/java/jdk1.8.0_144/jre/lib/amd64/libnet.so
7f3d74c09000-7f3d74e09000 ---p 00016000 08:05 3277828                    /usr/local/java/jdk1.8.0_144/jre/lib/amd64/libnet.so
7f3d74e09000-7f3d74e0a000 rw-p 00016000 08:05 3277828                    /usr/local/java/jdk1.8.0_144/jre/lib/amd64/libnet.so
7f3d74e0a000-7f3d74e0d000 ---p 00000000 00:00 0 
7f3d74e0d000-7f3d75043000 rw-p 00000000 00:00 0 
7f3d75043000-7f3d75243000 rw-p 00000000 00:00 0 
7f3d75243000-7f3d7525e000 r--s 001d3000 08:05 3277904                    /usr/local/java/jdk1.8.0_144/jre/lib/ext/nashorn.jar
7f3d7525e000-7f3d7527a000 r--s 00393000 08:05 3277908                    /usr/local/java/jdk1.8.0_144/jre/lib/ext/cldrdata.jar
7f3d7527a000-7f3d7533b000 r--s 00427000 00:2b 9705236                    /home/gpaiva/Desktop/projects/code/git/Bitbucket/JOT/lib/colladabeans-1.4.1.jar
7f3d7533b000-7f3d7533c000 ---p 00000000 00:00 0 
7f3d7533c000-7f3d7543c000 rw-p 00000000 00:00 0 
7f3d7543c000-7f3d7543f000 ---p 00000000 00:00 0 
7f3d7543f000-7f3d7553d000 rw-p 00000000 00:00 0 
7f3d7553d000-7f3d75540000 ---p 00000000 00:00 0 
7f3d75540000-7f3d7563e000 rw-p 00000000 00:00 0 
7f3d7563e000-7f3d75641000 ---p 00000000 00:00 0 
7f3d75641000-7f3d7573f000 rw-p 00000000 00:00 0 
7f3d7573f000-7f3d75742000 ---p 00000000 00:00 0 
7f3d75742000-7f3d75840000 rw-p 00000000 00:00 0 
7f3d75840000-7f3d75b1a000 r--p 00000000 08:05 11403624                   /usr/lib/locale/locale-archive
7f3d75b1a000-7f3d75b1d000 ---p 00000000 00:00 0 
7f3d75b1d000-7f3d75c1b000 rw-p 00000000 00:00 0 
7f3d75c1b000-7f3d75c1e000 ---p 00000000 00:00 0 
7f3d75c1e000-7f3d75d1c000 rw-p 00000000 00:00 0 
7f3d75d1c000-7f3d75d1d000 ---p 00000000 00:00 0 
7f3d75d1d000-7f3d78000000 rw-p 00000000 00:00 0 
7f3d78000000-7f3d78021000 rw-p 00000000 00:00 0 
7f3d78021000-7f3d7c000000 ---p 00000000 00:00 0 
7f3d7c000000-7f3d7c001000 rw-s 10f5ec000 00:06 523                       /dev/nvidiactl
7f3d7c001000-7f3d7c002000 rw-s f3060000 00:06 534                        /dev/nvidia1
7f3d7c002000-7f3d7c003000 rwxp 00000000 00:00 0 
7f3d7c003000-7f3d7c004000 r--p 00000000 00:00 0 
7f3d7c004000-7f3d7c009000 r--s 0009a000 08:05 1978199                    /usr/local/java/jdk1.8.0_144/jre/lib/jsse.jar
7f3d7c009000-7f3d7c013000 r--s 00116000 08:05 3277905                    /usr/local/java/jdk1.8.0_144/jre/lib/ext/localedata.jar
7f3d7c013000-7f3d7c015000 r--s 00015000 00:2b 8912912                    /home/gpaiva/Desktop/projects/code/git/Bitbucket/JOT/lib/Framework-Toolkit-Components-1.0.jar
7f3d7c015000-7f3d7c017000 r--s 0000d000 00:2b 8912936                    /home/gpaiva/Desktop/projects/code/git/Bitbucket/JOT/lib/Extension-Toolkit-Component-Physics-1.0.jar
7f3d7c017000-7f3d7c019000 r--s 00013000 00:2b 8912935                    /home/gpaiva/Desktop/projects/code/git/Bitbucket/JOT/lib/Extension-Toolkit-Component-Geometry-1.0.jar
7f3d7c019000-7f3d7c01c000 r--s 00020000 00:2b 8912913                    /home/gpaiva/Desktop/projects/code/git/Bitbucket/JOT/lib/Core-Toolkit-Components-1.0.jar
7f3d7c01c000-7f3d7c05a000 r--s 0025d000 00:2b 9705202                    /home/gpaiva/Desktop/projects/code/git/Bitbucket/JOT/lib/xmlbeans-2.6.0/lib/xbean.jar
7f3d7c05a000-7f3d7c07e000 r--s 0031e000 00:2b 9702045                    /home/gpaiva/Desktop/projects/code/git/Bitbucket/JOT/lib/jogamp-all-platforms/jar/jogl-all.jar
7f3d7c07e000-7f3d7c09e000 r--s 002cd000 00:2b 9702051                    /home/gpaiva/Desktop/projects/code/git/Bitbucket/JOT/lib/jogamp-all-platforms/jar/jogl-all-noawt.jar
7f3d7c09e000-7f3d7c0a0000 r--s 00032000 00:2b 9702110                    /home/gpaiva/Desktop/projects/code/git/Bitbucket/JOT/lib/jogamp-all-platforms/jar/jogl-all-noawt-natives-windows-i586.jar
7f3d7c0a0000-7f3d7c0a1000 r--s 0003a000 00:2b 9702111                    /home/gpaiva/Desktop/projects/code/git/Bitbucket/JOT/lib/jogamp-all-platforms/jar/jogl-all-noawt-natives-windows-amd64.jar
7f3d7c0a1000-7f3d7c0a2000 r--s 0006c000 00:2b 9702161                    /home/gpaiva/Desktop/projects/code/git/Bitbucket/JOT/lib/jogamp-all-platforms/jar/jogl-all-noawt-natives-macosx-universal.jar
7f3d7c0a2000-7f3d7c0a4000 r--s 00034000 00:2b 9702083                    /home/gpaiva/Desktop/projects/code/git/Bitbucket/JOT/lib/jogamp-all-platforms/jar/jogl-all-noawt-natives-linux-i586.jar
7f3d7c0a4000-7f3d7c0a5000 r--s 00036000 00:2b 9702097                    /home/gpaiva/Desktop/projects/code/git/Bitbucket/JOT/lib/jogamp-all-platforms/jar/jogl-all-noawt-natives-linux-amd64.jar
7f3d7c0a5000-7f3d7c0a7000 r--s 00032000 00:2b 9702151                    /home/gpaiva/Desktop/projects/code/git/Bitbucket/JOT/lib/jogamp-all-platforms/jar/jogl-all-natives-windows-i586.jar
7f3d7c0a7000-7f3d7c0a8000 r--s 0003a000 00:2b 9702121                    /home/gpaiva/Desktop/projects/code/git/Bitbucket/JOT/lib/jogamp-all-platforms/jar/jogl-all-natives-windows-amd64.jar
7f3d7c0a8000-7f3d7c0a9000 r--s 0006c000 00:2b 9702135                    /home/gpaiva/Desktop/projects/code/git/Bitbucket/JOT/lib/jogamp-all-platforms/jar/jogl-all-natives-macosx-universal.jar
7f3d7c0a9000-7f3d7c0ab000 r--s 00034000 00:2b 9702071                    /home/gpaiva/Desktop/projects/code/git/Bitbucket/JOT/lib/jogamp-all-platforms/jar/jogl-all-natives-linux-i586.jar
7f3d7c0ab000-7f3d7c0ac000 r--s 00036000 00:2b 9702146                    /home/gpaiva/Desktop/projects/code/git/Bitbucket/JOT/lib/jogamp-all-platforms/jar/jogl-all-natives-linux-amd64.jar
7f3d7c0ac000-7f3d7c0b1000 r--s 00031000 00:2b 9702043                    /home/gpaiva/Desktop/projects/code/git/Bitbucket/JOT/lib/jogamp-all-platforms/jar/jocl.jar
7f3d7c0b1000-7f3d7c0b2000 r--s 00003000 00:2b 9702070                    /home/gpaiva/Desktop/projects/code/git/Bitbucket/JOT/lib/jogamp-all-platforms/jar/jocl-natives-windows-i586.jar
7f3d7c0b2000-7f3d7c0b3000 r--s 00003000 00:2b 9702072                    /home/gpaiva/Desktop/projects/code/git/Bitbucket/JOT/lib/jogamp-all-platforms/jar/jocl-natives-windows-amd64.jar
7f3d7c0b3000-7f3d7c0b4000 r--s 00005000 00:2b 9702149                    /home/gpaiva/Desktop/projects/code/git/Bitbucket/JOT/lib/jogamp-all-platforms/jar/jocl-natives-macosx-universal.jar
7f3d7c0b4000-7f3d7c0b5000 r--s 00002000 00:2b 9702061                    /home/gpaiva/Desktop/projects/code/git/Bitbucket/JOT/lib/jogamp-all-platforms/jar/jocl-natives-linux-i586.jar
7f3d7c0b5000-7f3d7c0b6000 r--s 00002000 00:2b 9702064                    /home/gpaiva/Desktop/projects/code/git/Bitbucket/JOT/lib/jogamp-all-platforms/jar/jocl-natives-linux-amd64.jar
7f3d7c0b6000-7f3d7c0b8000 r--s 0000f000 00:2b 9702042                    /home/gpaiva/Desktop/projects/code/git/Bitbucket/JOT/lib/jogamp-all-platforms/jar/joal.jar
7f3d7c0b8000-7f3d7c0df000 r--s 001f6000 00:2b 9705159                    /home/gpaiva/Desktop/projects/code/git/Bitbucket/JOT/lib/commons-math/commons-math3-3.6.1.jar
7f3d7c0df000-7f3d7c626000 rw-p 00000000 00:00 0 
7f3d7c626000-7f3d7c800000 r--s 03d4d000 08:05 1978207                    /usr/local/java/jdk1.8.0_144/jre/lib/rt.jar
7f3d7c800000-7f3d7d000000 rw-p 00000000 00:00 0 
7f3d7d000000-7f3d7d9e0000 rwxp 00000000 00:00 0 
7f3d7d9e0000-7f3d8c000000 ---p 00000000 00:00 0 
7f3d8c000000-7f3d8cb0b000 rw-p 00000000 00:00 0 
7f3d8cb0b000-7f3d90000000 ---p 00000000 00:00 0 
7f3d90000000-7f3d90001000 r--s 0002b000 00:2b 9702068                    /home/gpaiva/Desktop/projects/code/git/Bitbucket/JOT/lib/jogamp-all-platforms/jar/joal-natives-windows-i586.jar
7f3d90001000-7f3d90002000 r--s 0002d000 00:2b 9702077                    /home/gpaiva/Desktop/projects/code/git/Bitbucket/JOT/lib/jogamp-all-platforms/jar/joal-natives-windows-amd64.jar
7f3d90002000-7f3d90003000 r--s 00057000 00:2b 9702148                    /home/gpaiva/Desktop/projects/code/git/Bitbucket/JOT/lib/jogamp-all-platforms/jar/joal-natives-macosx-universal.jar
7f3d90003000-7f3d90004000 r--s 00030000 00:2b 9702060                    /home/gpaiva/Desktop/projects/code/git/Bitbucket/JOT/lib/jogamp-all-platforms/jar/joal-natives-linux-i586.jar
7f3d90004000-7f3d9000e000 r--s 000ca000 00:2b 9702047                    /home/gpaiva/Desktop/projects/code/git/Bitbucket/JOT/lib/jogamp-all-platforms/jar/gluegen.jar
7f3d9000e000-7f3d90014000 r--s 0004f000 00:2b 9702044                    /home/gpaiva/Desktop/projects/code/git/Bitbucket/JOT/lib/jogamp-all-platforms/jar/gluegen-rt.jar
7f3d90014000-7f3d9039a000 rw-p 00000000 00:00 0 
7f3d9039a000-7f3d9039b000 ---p 00000000 00:00 0 
7f3d9039b000-7f3d9049b000 rw-p 00000000 00:00 0 
7f3d9049b000-7f3d9049c000 ---p 00000000 00:00 0 
7f3d9049c000-7f3d905ae000 rw-p 00000000 00:00 0 
7f3d905ae000-7f3d906e6000 ---p 00000000 00:00 0 
7f3d906e6000-7f3d906f8000 rw-p 00000000 00:00 0 
7f3d906f8000-7f3d9082f000 ---p 00000000 00:00 0 
7f3d9082f000-7f3d90855000 rw-p 00000000 00:00 0 
7f3d90855000-7f3d908d4000 ---p 00000000 00:00 0 
7f3d908d4000-7f3d908fd000 rw-p 00000000 00:00 0 
7f3d908fd000-7f3d90c95000 ---p 00000000 00:00 0 
7f3d90c95000-7f3d90caf000 r-xp 00000000 08:05 3277851                    /usr/local/java/jdk1.8.0_144/jre/lib/amd64/libzip.so
7f3d90caf000-7f3d90eaf000 ---p 0001a000 08:05 3277851                    /usr/local/java/jdk1.8.0_144/jre/lib/amd64/libzip.so
7f3d90eaf000-7f3d90eb0000 rw-p 0001a000 08:05 3277851                    /usr/local/java/jdk1.8.0_144/jre/lib/amd64/libzip.so
7f3d90eb0000-7f3d90ebb000 r-xp 00000000 08:05 1836624                    /lib/x86_64-linux-gnu/libnss_files-2.23.so
7f3d90ebb000-7f3d910ba000 ---p 0000b000 08:05 1836624                    /lib/x86_64-linux-gnu/libnss_files-2.23.so
7f3d910ba000-7f3d910bb000 r--p 0000a000 08:05 1836624                    /lib/x86_64-linux-gnu/libnss_files-2.23.so
7f3d910bb000-7f3d910bc000 rw-p 0000b000 08:05 1836624                    /lib/x86_64-linux-gnu/libnss_files-2.23.so
7f3d910bc000-7f3d910c2000 rw-p 00000000 00:00 0 
7f3d910c2000-7f3d910cd000 r-xp 00000000 08:05 1836638                    /lib/x86_64-linux-gnu/libnss_nis-2.23.so
7f3d910cd000-7f3d912cc000 ---p 0000b000 08:05 1836638                    /lib/x86_64-linux-gnu/libnss_nis-2.23.so
7f3d912cc000-7f3d912cd000 r--p 0000a000 08:05 1836638                    /lib/x86_64-linux-gnu/libnss_nis-2.23.so
7f3d912cd000-7f3d912ce000 rw-p 0000b000 08:05 1836638                    /lib/x86_64-linux-gnu/libnss_nis-2.23.so
7f3d912ce000-7f3d912e4000 r-xp 00000000 08:05 1835387                    /lib/x86_64-linux-gnu/libnsl-2.23.so
7f3d912e4000-7f3d914e3000 ---p 00016000 08:05 1835387                    /lib/x86_64-linux-gnu/libnsl-2.23.so
7f3d914e3000-7f3d914e4000 r--p 00015000 08:05 1835387                    /lib/x86_64-linux-gnu/libnsl-2.23.so
7f3d914e4000-7f3d914e5000 rw-p 00016000 08:05 1835387                    /lib/x86_64-linux-gnu/libnsl-2.23.so
7f3d914e5000-7f3d914e7000 rw-p 00000000 00:00 0 
7f3d914e7000-7f3d914ef000 r-xp 00000000 08:05 1836649                    /lib/x86_64-linux-gnu/libnss_compat-2.23.so
7f3d914ef000-7f3d916ee000 ---p 00008000 08:05 1836649                    /lib/x86_64-linux-gnu/libnss_compat-2.23.so
7f3d916ee000-7f3d916ef000 r--p 00007000 08:05 1836649                    /lib/x86_64-linux-gnu/libnss_compat-2.23.so
7f3d916ef000-7f3d916f0000 rw-p 00008000 08:05 1836649                    /lib/x86_64-linux-gnu/libnss_compat-2.23.so
7f3d916f0000-7f3d9171b000 r-xp 00000000 08:05 3277880                    /usr/local/java/jdk1.8.0_144/jre/lib/amd64/libjava.so
7f3d9171b000-7f3d9191a000 ---p 0002b000 08:05 3277880                    /usr/local/java/jdk1.8.0_144/jre/lib/amd64/libjava.so
7f3d9191a000-7f3d9191c000 rw-p 0002a000 08:05 3277880                    /usr/local/java/jdk1.8.0_144/jre/lib/amd64/libjava.so
7f3d9191c000-7f3d91929000 r-xp 00000000 08:05 3277829                    /usr/local/java/jdk1.8.0_144/jre/lib/amd64/libverify.so
7f3d91929000-7f3d91b29000 ---p 0000d000 08:05 3277829                    /usr/local/java/jdk1.8.0_144/jre/lib/amd64/libverify.so
7f3d91b29000-7f3d91b2b000 rw-p 0000d000 08:05 3277829                    /usr/local/java/jdk1.8.0_144/jre/lib/amd64/libverify.so
7f3d91b2b000-7f3d91b32000 r-xp 00000000 08:05 1836644                    /lib/x86_64-linux-gnu/librt-2.23.so
7f3d91b32000-7f3d91d31000 ---p 00007000 08:05 1836644                    /lib/x86_64-linux-gnu/librt-2.23.so
7f3d91d31000-7f3d91d32000 r--p 00006000 08:05 1836644                    /lib/x86_64-linux-gnu/librt-2.23.so
7f3d91d32000-7f3d91d33000 rw-p 00007000 08:05 1836644                    /lib/x86_64-linux-gnu/librt-2.23.so
7f3d91d33000-7f3d91e3b000 r-xp 00000000 08:05 1836659                    /lib/x86_64-linux-gnu/libm-2.23.so
7f3d91e3b000-7f3d9203a000 ---p 00108000 08:05 1836659                    /lib/x86_64-linux-gnu/libm-2.23.so
7f3d9203a000-7f3d9203b000 r--p 00107000 08:05 1836659                    /lib/x86_64-linux-gnu/libm-2.23.so
7f3d9203b000-7f3d9203c000 rw-p 00108000 08:05 1836659                    /lib/x86_64-linux-gnu/libm-2.23.so
7f3d9203c000-7f3d92d0f000 r-xp 00000000 08:05 3277884                    /usr/local/java/jdk1.8.0_144/jre/lib/amd64/server/libjvm.so
7f3d92d0f000-7f3d92f0e000 ---p 00cd3000 08:05 3277884                    /usr/local/java/jdk1.8.0_144/jre/lib/amd64/server/libjvm.so
7f3d92f0e000-7f3d92fe8000 rw-p 00cd2000 08:05 3277884                    /usr/local/java/jdk1.8.0_144/jre/lib/amd64/server/libjvm.so
7f3d92fe8000-7f3d93033000 rw-p 00000000 00:00 0 
7f3d93033000-7f3d931f3000 r-xp 00000000 08:05 1836669                    /lib/x86_64-linux-gnu/libc-2.23.so
7f3d931f3000-7f3d933f3000 ---p 001c0000 08:05 1836669                    /lib/x86_64-linux-gnu/libc-2.23.so
7f3d933f3000-7f3d933f7000 r--p 001c0000 08:05 1836669                    /lib/x86_64-linux-gnu/libc-2.23.so
7f3d933f7000-7f3d933f9000 rw-p 001c4000 08:05 1836669                    /lib/x86_64-linux-gnu/libc-2.23.so
7f3d933f9000-7f3d933fd000 rw-p 00000000 00:00 0 
7f3d933fd000-7f3d93400000 r-xp 00000000 08:05 1836648                    /lib/x86_64-linux-gnu/libdl-2.23.so
7f3d93400000-7f3d935ff000 ---p 00003000 08:05 1836648                    /lib/x86_64-linux-gnu/libdl-2.23.so
7f3d935ff000-7f3d93600000 r--p 00002000 08:05 1836648                    /lib/x86_64-linux-gnu/libdl-2.23.so
7f3d93600000-7f3d93601000 rw-p 00003000 08:05 1836648                    /lib/x86_64-linux-gnu/libdl-2.23.so
7f3d93601000-7f3d93616000 r-xp 00000000 08:05 2493435                    /usr/local/java/jdk1.8.0_144/lib/amd64/jli/libjli.so
7f3d93616000-7f3d93816000 ---p 00015000 08:05 2493435                    /usr/local/java/jdk1.8.0_144/lib/amd64/jli/libjli.so
7f3d93816000-7f3d93817000 rw-p 00015000 08:05 2493435                    /usr/local/java/jdk1.8.0_144/lib/amd64/jli/libjli.so
7f3d93817000-7f3d9382f000 r-xp 00000000 08:05 1836636                    /lib/x86_64-linux-gnu/libpthread-2.23.so
7f3d9382f000-7f3d93a2e000 ---p 00018000 08:05 1836636                    /lib/x86_64-linux-gnu/libpthread-2.23.so
7f3d93a2e000-7f3d93a2f000 r--p 00017000 08:05 1836636                    /lib/x86_64-linux-gnu/libpthread-2.23.so
7f3d93a2f000-7f3d93a30000 rw-p 00018000 08:05 1836636                    /lib/x86_64-linux-gnu/libpthread-2.23.so
7f3d93a30000-7f3d93a34000 rw-p 00000000 00:00 0 
7f3d93a34000-7f3d93a5a000 r-xp 00000000 08:05 1835389                    /lib/x86_64-linux-gnu/ld-2.23.so
7f3d93a5a000-7f3d93b04000 rw-p 00000000 00:00 0 
7f3d93b04000-7f3d93b07000 ---p 00000000 00:00 0 
7f3d93b07000-7f3d93c09000 rw-p 00000000 00:00 0 
7f3d93c09000-7f3d93c0a000 r--s 0002e000 00:2b 9702062                    /home/gpaiva/Desktop/projects/code/git/Bitbucket/JOT/lib/jogamp-all-platforms/jar/joal-natives-linux-amd64.jar
7f3d93c0a000-7f3d93c0b000 r--s 00001000 00:2b 9702125                    /home/gpaiva/Desktop/projects/code/git/Bitbucket/JOT/lib/jogamp-all-platforms/jar/gluegen-rt-natives-windows-i586.jar
7f3d93c0b000-7f3d93c0c000 r--s 00001000 00:2b 9702129                    /home/gpaiva/Desktop/projects/code/git/Bitbucket/JOT/lib/jogamp-all-platforms/jar/gluegen-rt-natives-windows-amd64.jar
7f3d93c0c000-7f3d93c0d000 r--s 00001000 00:2b 9702099                    /home/gpaiva/Desktop/projects/code/git/Bitbucket/JOT/lib/jogamp-all-platforms/jar/gluegen-rt-natives-macosx-universal.jar
7f3d93c0d000-7f3d93c0f000 r--s 00000000 00:2b 9702147                    /home/gpaiva/Desktop/projects/code/git/Bitbucket/JOT/lib/jogamp-all-platforms/jar/gluegen-rt-natives-linux-i586.jar
7f3d93c0f000-7f3d93c11000 r--s 00000000 00:2b 9702116                    /home/gpaiva/Desktop/projects/code/git/Bitbucket/JOT/lib/jogamp-all-platforms/jar/gluegen-rt-natives-linux-amd64.jar
7f3d93c11000-7f3d93c4d000 rw-p 00000000 00:00 0 
7f3d93c4d000-7f3d93c55000 rw-s 00000000 08:05 11272364                   /tmp/hsperfdata_gpaiva/14220
7f3d93c55000-7f3d93c56000 rw-p 00000000 00:00 0 
7f3d93c56000-7f3d93c57000 r--p 00000000 00:00 0 
7f3d93c57000-7f3d93c59000 rw-p 00000000 00:00 0 
7f3d93c59000-7f3d93c5a000 r--p 00025000 08:05 1835389                    /lib/x86_64-linux-gnu/ld-2.23.so
7f3d93c5a000-7f3d93c5b000 rw-p 00026000 08:05 1835389                    /lib/x86_64-linux-gnu/ld-2.23.so
7f3d93c5b000-7f3d93c5c000 rw-p 00000000 00:00 0 
7fffa01f8000-7fffa021a000 rw-p 00000000 00:00 0                          [stack]
7fffa0312000-7fffa0314000 r--p 00000000 00:00 0                          [vvar]
7fffa0314000-7fffa0316000 r-xp 00000000 00:00 0                          [vdso]
ffffffffff600000-ffffffffff601000 r-xp 00000000 00:00 0                  [vsyscall]

VM Arguments:
jvm_args: -Dfile.encoding=UTF-8 -Djava.util.logging.SimpleFormatter.format=%5$s%6$s%n 
java_command: jot.demo.gui.GameMain Tim
java_class_path (initial): /home/gpaiva/Desktop/projects/code/git/Bitbucket/JOT/lib/commons-math/commons-math3-3.6.1.jar:/home/gpaiva/Desktop/projects/code/git/Bitbucket/JOT/lib/jogamp-all-platforms/jar/gluegen-rt-natives-linux-amd64.jar:/home/gpaiva/Desktop/projects/code/git/Bitbucket/JOT/lib/jogamp-all-platforms/jar/gluegen-rt-natives-linux-i586.jar:/home/gpaiva/Desktop/projects/code/git/Bitbucket/JOT/lib/jogamp-all-platforms/jar/gluegen-rt-natives-macosx-universal.jar:/home/gpaiva/Desktop/projects/code/git/Bitbucket/JOT/lib/jogamp-all-platforms/jar/gluegen-rt-natives-windows-amd64.jar:/home/gpaiva/Desktop/projects/code/git/Bitbucket/JOT/lib/jogamp-all-platforms/jar/gluegen-rt-natives-windows-i586.jar:/home/gpaiva/Desktop/projects/code/git/Bitbucket/JOT/lib/jogamp-all-platforms/jar/gluegen-rt.jar:/home/gpaiva/Desktop/projects/code/git/Bitbucket/JOT/lib/jogamp-all-platforms/jar/gluegen.jar:/home/gpaiva/Desktop/projects/code/git/Bitbucket/JOT/lib/jogamp-all-platforms/jar/joal-natives-linux-amd64.jar:/home/gpaiva/Desktop/projects/code/git/Bitbucket/JOT/lib/jogamp-all-platforms/jar/joal-natives-linux-i586.jar:/home/gpaiva/Desktop/projects/code/git/Bitbucket/JOT/lib/jogamp-all-platforms/jar/joal-natives-macosx-universal.jar:/home/gpaiva/Desktop/projects/code/git/Bitbucket/JOT/lib/jogamp-all-platforms/jar/joal-natives-windows-amd64.jar:/home/gpaiva/Desktop/projects/code/git/Bitbucket/JOT/lib/jogamp-all-platforms/jar/joal-natives-windows-i586.jar:/home/gpaiva/Desktop/projects/code/git/Bitbucket/JOT/lib/jogamp-all-platforms/jar/joal.jar:/home/gpaiva/Desktop/projects/code/git/Bitbucket/JOT/lib/jogamp-all-platforms/jar/jocl-natives-linux-amd64.jar:/home/gpaiva/Desktop/projects/code/git/Bitbucket/JOT/lib/jogamp-all-platforms/jar/jocl-natives-linux-i586.jar:/home/gpaiva/Desktop/projects/code/git/Bitbucket/JOT/lib/jogamp-all-platforms/jar/jocl-natives-macosx-universal.jar:/home/gpaiva/Desktop/projects/code/git/Bitbucket/JOT/lib/jogamp-all-platforms/jar/jocl-natives-windows-a
Launcher Type: SUN_STANDARD

Environment Variables:
JAVA_HOME=/usr/local/java/jdk1.8.0_144
JRE_HOME=/usr/local/java/jre1.8.0_144
PATH=/home/gpaiva/bin:/home/gpaiva/.local/bin:/usr/local/sbin:/usr/local/bin:/usr/sbin:/usr/bin:/sbin:/bin:/usr/games:/usr/local/games:/home/gpaiva/omnetpp-5.1/bin:/home/gpaiva/bin:/usr/local/java/jdk1.8.0_144/bin:/home/gpaiva/bin:/usr/local/java/jre1.8.0_144/bin
LD_LIBRARY_PATH=/usr/local/java/jdk1.8.0_144/jre/lib/amd64:/usr/local/java/jdk1.8.0_144/jre/lib/i386:
SHELL=/bin/bash
DISPLAY=:0

Signal Handlers:
SIGSEGV: [libjvm.so+0xacba10], sa_mask[0]=11111111011111111101111111111110, sa_flags=SA_RESTART|SA_SIGINFO
SIGBUS: [libjvm.so+0xacba10], sa_mask[0]=11111111011111111101111111111110, sa_flags=SA_RESTART|SA_SIGINFO
SIGFPE: [libjvm.so+0x924ba0], sa_mask[0]=11111111011111111101111111111110, sa_flags=SA_RESTART|SA_SIGINFO
SIGPIPE: [libjvm.so+0x924ba0], sa_mask[0]=11111111011111111101111111111110, sa_flags=SA_RESTART|SA_SIGINFO
SIGXFSZ: [libjvm.so+0x924ba0], sa_mask[0]=11111111011111111101111111111110, sa_flags=SA_RESTART|SA_SIGINFO
SIGILL: [libjvm.so+0x924ba0], sa_mask[0]=11111111011111111101111111111110, sa_flags=SA_RESTART|SA_SIGINFO
SIGUSR1: SIG_DFL, sa_mask[0]=00000000000000000000000000000000, sa_flags=none
SIGUSR2: [libjvm.so+0x9263e0], sa_mask[0]=00100000000000000000000000000000, sa_flags=SA_RESTART|SA_SIGINFO
SIGHUP: [libjvm.so+0x9277e0], sa_mask[0]=11111111011111111101111111111110, sa_flags=SA_RESTART|SA_SIGINFO
SIGINT: SIG_IGN, sa_mask[0]=00000000000000000000000000000000, sa_flags=none
SIGTERM: [libjvm.so+0x9277e0], sa_mask[0]=11111111011111111101111111111110, sa_flags=SA_RESTART|SA_SIGINFO
SIGQUIT: [libjvm.so+0x9277e0], sa_mask[0]=11111111011111111101111111111110, sa_flags=SA_RESTART|SA_SIGINFO


---------------  S Y S T E M  ---------------

OS:DISTRIB_ID=LinuxMint
DISTRIB_RELEASE=18.2
DISTRIB_CODENAME=sonya
DISTRIB_DESCRIPTION="Linux Mint 18.2 Sonya"

uname:Linux 4.4.0-89-generic #112-Ubuntu SMP Mon Jul 31 19:38:41 UTC 2017 x86_64
libc:glibc 2.23 NPTL 2.23 
rlimit: STACK 8192k, CORE 0k, NPROC 15636, NOFILE 1048576, AS infinity
load average:1,18 1,50 1,67

/proc/meminfo:
MemTotal:        4045356 kB
MemFree:          631396 kB
MemAvailable:    1407664 kB
Buffers:           48884 kB
Cached:           907684 kB
SwapCached:        29628 kB
Active:          1983020 kB
Inactive:        1108832 kB
Active(anon):    1317756 kB
Inactive(anon):   833780 kB
Active(file):     665264 kB
Inactive(file):   275052 kB
Unevictable:          32 kB
Mlocked:              32 kB
SwapTotal:       3998204 kB
SwapFree:        3433132 kB
Dirty:                96 kB
Writeback:             0 kB
AnonPages:       2129848 kB
Mapped:           178884 kB
Shmem:             16204 kB
Slab:             150560 kB
SReclaimable:      82244 kB
SUnreclaim:        68316 kB
KernelStack:        8624 kB
PageTables:        34760 kB
NFS_Unstable:          0 kB
Bounce:                0 kB
WritebackTmp:          0 kB
CommitLimit:     6020880 kB
Committed_AS:    5611568 kB
VmallocTotal:   34359738367 kB
VmallocUsed:           0 kB
VmallocChunk:          0 kB
HardwareCorrupted:     0 kB
AnonHugePages:    993280 kB
CmaTotal:              0 kB
CmaFree:               0 kB
HugePages_Total:       0
HugePages_Free:        0
HugePages_Rsvd:        0
HugePages_Surp:        0
Hugepagesize:       2048 kB
DirectMap4k:     1157952 kB
DirectMap2M:     3035136 kB


CPU:total 2 (initial active 2) (2 cores per cpu, 1 threads per core) family 6 model 23 stepping 6, cmov, cx8, fxsr, mmx, sse, sse2, sse3, ssse3, sse4.1, tsc

/proc/cpuinfo:
processor	: 0
vendor_id	: GenuineIntel
cpu family	: 6
model		: 23
model name	: Intel(R) Core(TM)2 Duo CPU     T9300  @ 2.50GHz
stepping	: 6
microcode	: 0x60c
cpu MHz		: 2401.000
cache size	: 6144 KB
physical id	: 0
siblings	: 2
core id		: 0
cpu cores	: 2
apicid		: 0
initial apicid	: 0
fpu		: yes
fpu_exception	: yes
cpuid level	: 10
wp		: yes
flags		: fpu vme de pse tsc msr pae mce cx8 apic sep mtrr pge mca cmov pat pse36 clflush dts acpi mmx fxsr sse sse2 ss ht tm pbe syscall nx lm constant_tsc arch_perfmon pebs bts rep_good nopl aperfmperf pni dtes64 monitor ds_cpl vmx est tm2 ssse3 cx16 xtpr pdcm sse4_1 lahf_lm tpr_shadow vnmi flexpriority dtherm ida
bugs		:
bogomips	: 4987.48
clflush size	: 64
cache_alignment	: 64
address sizes	: 36 bits physical, 48 bits virtual
power management:

processor	: 1
vendor_id	: GenuineIntel
cpu family	: 6
model		: 23
model name	: Intel(R) Core(TM)2 Duo CPU     T9300  @ 2.50GHz
stepping	: 6
microcode	: 0x60c
cpu MHz		: 2401.000
cache size	: 6144 KB
physical id	: 0
siblings	: 2
core id		: 1
cpu cores	: 2
apicid		: 1
initial apicid	: 1
fpu		: yes
fpu_exception	: yes
cpuid level	: 10
wp		: yes
flags		: fpu vme de pse tsc msr pae mce cx8 apic sep mtrr pge mca cmov pat pse36 clflush dts acpi mmx fxsr sse sse2 ss ht tm pbe syscall nx lm constant_tsc arch_perfmon pebs bts rep_good nopl aperfmperf pni dtes64 monitor ds_cpl vmx est tm2 ssse3 cx16 xtpr pdcm sse4_1 lahf_lm tpr_shadow vnmi flexpriority dtherm ida
bugs		:
bogomips	: 4987.48
clflush size	: 64
cache_alignment	: 64
address sizes	: 36 bits physical, 48 bits virtual
power management:



Memory: 4k page, physical 4045356k(631272k free), swap 3998204k(3433132k free)

vm_info: Java HotSpot(TM) 64-Bit Server VM (25.144-b01) for linux-amd64 JRE (1.8.0_144-b01), built on Jul 21 2017 21:57:33 by "java_re" with gcc 4.3.0 20080428 (Red Hat 4.3.0-8)

time: Tue Aug 15 21:43:38 2017
elapsed time: 58 seconds (0d 0h 0m 58s)

